spk_ver/v00/v0000	SES146	1.01351	15.0948	14.0813
spk_ver/v00/v0001	SES002	-7.50275	6.46769	13.9704
spk_ver/v00/v0002	SES002	-4.29576	9.84196	14.1377
spk_ver/v00/v0003	SES002	-9.28364	4.43207	13.7157
spk_ver/v00/v0004	SES002	-3.38466	10.5109	13.8956
spk_ver/v00/v0005	SES002	-4.29126	8.94137	13.2326
spk_ver/v00/v0006	SES002	-5.18388	10.5432	15.7271
spk_ver/v00/v0007	SES002	-4.66293	8.26211	12.925
spk_ver/v00/v0008	SES146	0.886996	14.2578	13.3708
spk_ver/v00/v0009	SES002	-1.70637	14.5421	16.2485
spk_ver/v00/v0010	SES002	-5.48878	7.50803	12.9968
spk_ver/v00/v0011	SES002	-2.35653	10.2324	12.5889
spk_ver/v00/v0012	SES002	-4.14579	12.5145	16.6602
spk_ver/v00/v0013	SES002	-4.24685	11.793	16.0399
spk_ver/v00/v0014	SES002	-1.28494	13.8665	15.1514
spk_ver/v00/v0015	SES002	-2.42052	12.6995	15.12
spk_ver/v00/v0016	SES275	0.616788	14.3441	13.7273
spk_ver/v00/v0017	SES002	-1.05254	14.151	15.2035
spk_ver/v00/v0018	SES002	-7.58338	5.43097	13.0143
spk_ver/v00/v0019	SES002	-2.59627	11.8659	14.4621
spk_ver/v00/v0020	SES002	-6.5673	6.98773	13.555
spk_ver/v00/v0021	SES002	-5.02493	8.78766	13.8126
spk_ver/v00/v0022	SES002	-2.92746	12.0424	14.9698
spk_ver/v00/v0023	SES002	-6.47243	10.0642	16.5367
spk_ver/v00/v0024	SES002	-7.2712	6.46369	13.7349
spk_ver/v00/v0025	SES002	-5.26479	9.60512	14.8699
spk_ver/v00/v0026	SES002	-4.75201	9.96585	14.7179
spk_ver/v00/v0027	SES129	1.36228	15.6955	14.3332
spk_ver/v00/v0028	SES007	-2.35572	12.9409	15.2966
spk_ver/v00/v0029	SES083	-0.128424	16.1721	16.3005
spk_ver/v00/v0030	SES019	2.74106	16.5957	13.8547
spk_ver/v00/v0031	SES007	-1.99198	12.432	14.424
spk_ver/v00/v0032	SES270	1.3489	15.5456	14.1967
spk_ver/v00/v0033	SES007	-2.57158	11.822	14.3935
spk_ver/v00/v0034	SES007	-2.41442	11.3099	13.7243
spk_ver/v00/v0035	SES007	-1.32425	14.5497	15.8739
spk_ver/v00/v0036	SES007	-2.66953	9.53981	12.2093
spk_ver/v00/v0037	SES007	-3.51887	11.729	15.2479
spk_ver/v00/v0038	SES259	2.86788	18.3921	15.5242
spk_ver/v00/v0039	SES007	-3.41693	8.73817	12.1551
spk_ver/v00/v0040	SES007	-4.25899	12.7484	17.0074
spk_ver/v00/v0041	SES007	-1.99126	12.2609	14.2521
spk_ver/v00/v0042	SES007	-1.80947	10.1691	11.9785
spk_ver/v00/v0043	SES007	-1.50555	12.3677	13.8732
spk_ver/v00/v0044	SES007	-3.29643	14.135	17.4314
spk_ver/v00/v0045	SES007	-1.85629	14.0543	15.9106
spk_ver/v00/v0046	SES007	-1.93366	13.2041	15.1378
spk_ver/v00/v0047	SES172	0.260276	15.351	15.0908
spk_ver/v00/v0048	SES105	1.76478	15.561	13.7962
spk_ver/v00/v0049	SES007	-1.42101	14.6273	16.0483
spk_ver/v00/v0050	SES292	-0.488298	14.7576	15.2459
spk_ver/v00/v0051	SES007	-1.49219	13.1063	14.5985
spk_ver/v00/v0052	SES068	0.94696	17.1652	16.2182
spk_ver/v00/v0053	SES008	-1.55648	14.6926	16.2491
spk_ver/v00/v0054	SES008	-2.46947	11.4927	13.9621
spk_ver/v00/v0055	SES008	-2.06339	12.9204	14.9838
spk_ver/v00/v0056	SES008	-5.36931	9.17467	14.544
spk_ver/v00/v0057	SES008	-4.38674	10.9714	15.3582
spk_ver/v00/v0058	SES083	0.621735	16.185	15.5633
spk_ver/v00/v0059	SES158	2.19512	16.389	14.1939
spk_ver/v00/v0060	SES008	-3.04041	11.1815	14.2219
spk_ver/v00/v0061	SES101	-0.0260735	15.3877	15.4138
spk_ver/v00/v0062	SES008	-3.21625	11.1167	14.333
spk_ver/v00/v0063	SES008	-3.09285	12.094	15.1869
spk_ver/v00/v0064	SES117	1.91667	15.4497	13.533
spk_ver/v00/v0065	SES149	1.7503	17.9054	16.1551
spk_ver/v00/v0066	SES008	0.598491	16.0516	15.4531
spk_ver/v00/v0067	SES008	-2.52918	10.813	13.3422
spk_ver/v00/v0068	SES162	2.01239	15.423	13.4106
spk_ver/v00/v0069	SES008	-6.59601	8.14829	14.7443
spk_ver/v00/v0070	SES008	-0.754521	14.8396	15.5941
spk_ver/v00/v0071	SES008	-3.05035	12.361	15.4114
spk_ver/v00/v0072	SES008	-1.54209	15.5872	17.1293
spk_ver/v00/v0073	SES008	-2.6356	13.3075	15.9431
spk_ver/v00/v0074	SES008	-3.98814	10.0813	14.0694
spk_ver/v00/v0075	SES008	-6.89816	6.33666	13.2348
spk_ver/v00/v0076	SES167	1.70625	16.9565	15.2503
spk_ver/v00/v0077	SES008	-2.13084	13.9527	16.0835
spk_ver/v00/v0078	SES177	1.18049	16.7185	15.5381
spk_ver/v00/v0079	SES008	-1.26673	13.0221	14.2888
spk_ver/v00/v0080	SES008	-2.86771	11.7014	14.5691
spk_ver/v00/v0081	SES008	-5.54699	7.20654	12.7535
spk_ver/v00/v0082	SES008	-3.279	12.0568	15.3358
spk_ver/v00/v0083	SES008	-5.77198	6.80447	12.5764
spk_ver/v00/v0084	SES144	1.34413	16.4537	15.1095
spk_ver/v00/v0085	SES008	-2.44698	12.3691	14.8161
spk_ver/v00/v0086	SES008	-2.72244	14.086	16.8084
spk_ver/v00/v0087	SES008	-5.03123	9.28873	14.32
spk_ver/v00/v0088	SES008	-1.50559	15.281	16.7866
spk_ver/v00/v0089	SES008	-2.2596	11.1477	13.4073
spk_ver/v00/v0090	SES142	2.74888	15.7835	13.0346
spk_ver/v00/v0091	SES008	-4.3867	10.8031	15.1898
spk_ver/v00/v0092	SES158	1.09544	14.6743	13.5788
spk_ver/v00/v0093	SES014	-3.04534	13.0186	16.0639
spk_ver/v00/v0094	SES014	-4.91554	7.25827	12.1738
spk_ver/v00/v0095	SES014	-1.36526	15.0291	16.3944
spk_ver/v00/v0096	SES014	-9.23435	4.36768	13.602
spk_ver/v00/v0097	SES014	-1.71639	11.7434	13.4598
spk_ver/v00/v0098	SES014	-2.00595	14.1918	16.1977
spk_ver/v00/v0099	SES014	-3.54227	10.2066	13.7488
spk_ver/v01/v0100	SES127	0.65418	15.841	15.1868
spk_ver/v01/v0101	SES014	-6.35616	6.64066	12.9968
spk_ver/v01/v0102	SES014	-5.86629	7.92057	13.7869
spk_ver/v01/v0103	SES014	-7.05822	6.69502	13.7532
spk_ver/v01/v0104	SES014	-6.99757	7.43028	14.4279
spk_ver/v01/v0105	SES014	-4.77631	7.69007	12.4664
spk_ver/v01/v0106	SES014	-3.55545	10.1124	13.6678
spk_ver/v01/v0107	SES014	-7.14732	9.1492	16.2965
spk_ver/v01/v0108	SES014	-7.23749	6.39656	13.6341
spk_ver/v01/v0109	SES014	-3.69592	9.16116	12.8571
spk_ver/v01/v0110	SES014	-4.15644	9.36641	13.5229
spk_ver/v01/v0111	SES014	-1.98438	14.0821	16.0665
spk_ver/v01/v0112	SES014	-4.85511	10.6723	15.5274
spk_ver/v01/v0113	SES104	0.319453	15.4065	15.087
spk_ver/v01/v0114	SES082	1.24206	17.235	15.993
spk_ver/v01/v0115	SES087	1.41218	16.1542	14.742
spk_ver/v01/v0116	SES014	-1.95858	12.6393	14.5979
spk_ver/v01/v0117	SES177	0.145329	14.998	14.8527
spk_ver/v01/v0118	SES014	-4.06539	8.91771	12.9831
spk_ver/v01/v0119	SES014	-1.46849	13.7318	15.2003
spk_ver/v01/v0120	SES014	-6.8117	7.72991	14.5416
spk_ver/v01/v0121	SES146	0.358824	15.2659	14.907
spk_ver/v01/v0122	SES014	2.23749	19.0323	16.7948
spk_ver/v01/v0123	SES014	-2.96245	12.764	15.7264
spk_ver/v01/v0124	SES014	-10.3864	4.4121	14.7985
spk_ver/v01/v0125	SES014	-5.36707	9.32221	14.6893
spk_ver/v01/v0126	SES016	-2.73243	11.9125	14.6449
spk_ver/v01/v0127	SES016	-3.4407	9.51342	12.9541
spk_ver/v01/v0128	SES106	2.526	16.9174	14.3914
spk_ver/v01/v0129	SES016	-4.34224	11.2868	15.6291
spk_ver/v01/v0130	SES016	-2.76137	11.9672	14.7286
spk_ver/v01/v0131	SES016	-4.88605	9.26946	14.1555
spk_ver/v01/v0132	SES016	-3.04451	12.08	15.1245
spk_ver/v01/v0133	SES016	-2.7746	13.1646	15.9392
spk_ver/v01/v0134	SES016	-2.08987	13.5091	15.5989
spk_ver/v01/v0135	SES016	-4.81558	10.1804	14.996
spk_ver/v01/v0136	SES016	-4.33378	9.41125	13.745
spk_ver/v01/v0137	SES007	1.11543	14.9526	13.8371
spk_ver/v01/v0138	SES016	-1.38218	13.9943	15.3765
spk_ver/v01/v0139	SES016	-1.93812	13.5656	15.5037
spk_ver/v01/v0140	SES016	2.06486	17.7406	15.6757
spk_ver/v01/v0141	SES016	-8.59096	2.9349	11.5259
spk_ver/v01/v0142	SES016	-6.40674	8.52075	14.9275
spk_ver/v01/v0143	SES016	-5.62267	7.07926	12.7019
spk_ver/v01/v0144	SES016	-4.15227	11.4406	15.5929
spk_ver/v01/v0145	SES016	-6.39994	6.23315	12.6331
spk_ver/v01/v0146	SES016	-1.71721	13.7421	15.4593
spk_ver/v01/v0147	SES016	-1.97001	13.5363	15.5063
spk_ver/v01/v0148	SES127	0.74557	15.4632	14.7176
spk_ver/v01/v0149	SES016	-4.10275	10.4733	14.5761
spk_ver/v01/v0150	SES016	-3.05085	12.1627	15.2135
spk_ver/v01/v0151	SES147	1.44055	14.5568	13.1163
spk_ver/v01/v0152	SES016	-2.05568	12.4596	14.5153
spk_ver/v01/v0153	SES104	1.81987	18.0735	16.2536
spk_ver/v01/v0154	SES016	-4.39856	9.69698	14.0955
spk_ver/v01/v0155	SES016	-3.23549	10.1912	13.4267
spk_ver/v01/v0156	SES019	-1.33711	11.871	13.2081
spk_ver/v01/v0157	SES019	-3.74664	12.8546	16.6012
spk_ver/v01/v0158	SES019	-0.902493	13.9122	14.8147
spk_ver/v01/v0159	SES007	0.442441	14.9803	14.5378
spk_ver/v01/v0160	SES019	-3.06273	12.8088	15.8716
spk_ver/v01/v0161	SES019	-4.5872	9.03965	13.6269
spk_ver/v01/v0162	SES019	-4.63511	11.9677	16.6028
spk_ver/v01/v0163	SES189	1.44932	15.5337	14.0844
spk_ver/v01/v0164	SES019	-3.0253	12.4029	15.4282
spk_ver/v01/v0165	SES019	-1.26313	11.051	12.3142
spk_ver/v01/v0166	SES019	-5.32544	10.9447	16.2701
spk_ver/v01/v0167	SES019	-5.59462	8.49237	14.087
spk_ver/v01/v0168	SES019	-2.75114	8.21673	10.9679
spk_ver/v01/v0169	SES019	-5.10417	8.77584	13.88
spk_ver/v01/v0170	SES270	1.17659	15.48	14.3034
spk_ver/v01/v0171	SES019	-2.98071	11.6976	14.6783
spk_ver/v01/v0172	SES019	-5.6203	8.47273	14.093
spk_ver/v01/v0173	SES206	1.26828	16.2637	14.9954
spk_ver/v01/v0174	SES019	-2.98611	10.3556	13.3418
spk_ver/v01/v0175	SES014	2.20473	18.9155	16.7107
spk_ver/v01/v0176	SES019	-5.35241	10.4795	15.8319
spk_ver/v01/v0177	SES120	1.3958	15.0978	13.702
spk_ver/v01/v0178	SES019	-2.34099	10.352	12.693
spk_ver/v01/v0179	SES019	-6.84251	10.2187	17.0613
spk_ver/v01/v0180	SES175	0.821663	15.1792	14.3576
spk_ver/v01/v0181	SES019	-5.55122	8.29598	13.8472
spk_ver/v01/v0182	SES019	-5.13279	11.2357	16.3685
spk_ver/v01/v0183	SES029	-2.49483	12.5827	15.0776
spk_ver/v01/v0184	SES029	-6.04752	8.83233	14.8799
spk_ver/v01/v0185	SES029	-2.23875	13.4717	15.7105
spk_ver/v01/v0186	SES068	0.950865	17.0863	16.1354
spk_ver/v01/v0187	SES029	-4.51017	10.2421	14.7523
spk_ver/v01/v0188	SES029	-3.3123	13.0143	16.3266
spk_ver/v01/v0189	SES149	2.62333	18.5131	15.8898
spk_ver/v01/v0190	SES029	-3.94839	12.3153	16.2637
spk_ver/v01/v0191	SES029	-3.87403	10.4879	14.3619
spk_ver/v01/v0192	SES183	1.30141	16.5945	15.2931
spk_ver/v01/v0193	SES029	-2.01004	12.8296	14.8396
spk_ver/v01/v0194	SES016	2.24962	17.5378	15.2882
spk_ver/v01/v0195	SES029	-3.13874	12.0184	15.1572
spk_ver/v01/v0196	SES029	-1.54381	12.612	14.1558
spk_ver/v01/v0197	SES029	-4.69668	11.3372	16.0339
spk_ver/v01/v0198	SES146	1.0458	14.8977	13.8519
spk_ver/v01/v0199	SES029	-3.42527	9.21992	12.6452
spk_ver/v02/v0200	SES029	-1.95438	13.0941	15.0484
spk_ver/v02/v0201	SES068	0.9664	17.1757	16.2093
spk_ver/v02/v0202	SES148	2.32895	15.8084	13.4795
spk_ver/v02/v0203	SES029	-3.26407	11.547	14.8111
spk_ver/v02/v0204	SES029	-1.30875	13.3923	14.7011
spk_ver/v02/v0205	SES060	1.20476	18.0227	16.818
spk_ver/v02/v0206	SES127	2.54385	18.4718	15.928
spk_ver/v02/v0207	SES029	-4.00844	10.4892	14.4976
spk_ver/v02/v0208	SES048	2.09664	15.487	13.3904
spk_ver/v02/v0209	SES029	-1.73059	13.477	15.2076
spk_ver/v02/v0210	SES029	-3.2068	11.1503	14.357
spk_ver/v02/v0211	SES029	-3.79809	11.7676	15.5657
spk_ver/v02/v0212	SES042	-7.20351	6.27926	13.4828
spk_ver/v02/v0213	SES085	1.35626	16.1521	14.7958
spk_ver/v02/v0214	SES206	1.70413	17.4443	15.7402
spk_ver/v02/v0215	SES144	0.597093	15.1816	14.5845
spk_ver/v02/v0216	SES042	-3.44731	11.5159	14.9632
spk_ver/v02/v0217	SES042	-2.38132	7.30114	9.68246
spk_ver/v02/v0218	SES042	-2.55877	13.0765	15.6353
spk_ver/v02/v0219	SES206	1.34734	18.1103	16.763
spk_ver/v02/v0220	SES019	4.27925	17.9737	13.6945
spk_ver/v02/v0221	SES007	0.524088	15.6065	15.0825
spk_ver/v02/v0222	SES042	-7.78794	6.08115	13.8691
spk_ver/v02/v0223	SES147	1.544	14.4515	12.9075
spk_ver/v02/v0224	SES105	1.6235	15.3471	13.7236
spk_ver/v02/v0225	SES042	-2.46059	12.3896	14.8502
spk_ver/v02/v0226	SES275	1.45688	15.6968	14.2399
spk_ver/v02/v0227	SES042	-4.88919	9.04994	13.9391
spk_ver/v02/v0228	SES042	-5.79055	9.81061	15.6012
spk_ver/v02/v0229	SES042	-5.37584	10.8406	16.2164
spk_ver/v02/v0230	SES085	0.960144	17.9475	16.9874
spk_ver/v02/v0231	SES014	2.60953	19.7622	17.1526
spk_ver/v02/v0232	SES042	-1.54907	14.0202	15.5693
spk_ver/v02/v0233	SES048	-4.78217	10.7238	15.5059
spk_ver/v02/v0234	SES048	-3.46102	11.4394	14.9005
spk_ver/v02/v0235	SES029	1.13102	16.7161	15.5851
spk_ver/v02/v0236	SES048	-2.81712	13.3132	16.1303
spk_ver/v02/v0237	SES048	-4.75286	9.53246	14.2853
spk_ver/v02/v0238	SES048	-2.60866	12.7446	15.3532
spk_ver/v02/v0239	SES060	1.67233	17.647	15.9747
spk_ver/v02/v0240	SES048	-4.32407	9.75784	14.0819
spk_ver/v02/v0241	SES048	-2.41714	13.0116	15.4287
spk_ver/v02/v0242	SES189	3.30073	15.8085	12.5078
spk_ver/v02/v0243	SES162	1.22433	15.4762	14.2518
spk_ver/v02/v0244	SES048	-6.07201	10.1376	16.2096
spk_ver/v02/v0245	SES048	-4.50903	9.78963	14.2987
spk_ver/v02/v0246	SES048	-4.30626	11.0943	15.4005
spk_ver/v02/v0247	SES048	-5.96938	6.88309	12.8525
spk_ver/v02/v0248	SES226	2.57621	17.4941	14.9179
spk_ver/v02/v0249	SES048	-1.92449	12.3317	14.2562
spk_ver/v02/v0250	SES048	-3.31736	10.7542	14.0715
spk_ver/v02/v0251	SES048	-5.23229	8.14202	13.3743
spk_ver/v02/v0252	SES060	-4.23319	8.82092	13.0541
spk_ver/v02/v0253	SES060	-6.14636	8.39833	14.5447
spk_ver/v02/v0254	SES259	2.7634	18.2612	15.4978
spk_ver/v02/v0255	SES060	-4.87956	8.79193	13.6715
spk_ver/v02/v0256	SES202	1.27062	15.034	13.7634
spk_ver/v02/v0257	SES148	1.16357	16.2566	15.093
spk_ver/v02/v0258	SES060	-5.16004	6.1117	11.2717
spk_ver/v02/v0259	SES060	-2.24765	13.7225	15.9702
spk_ver/v02/v0260	SES060	-3.09336	12.4295	15.5229
spk_ver/v02/v0261	SES099	2.71552	17.3275	14.612
spk_ver/v02/v0262	SES060	-2.73095	12.1696	14.9005
spk_ver/v02/v0263	SES060	-3.02211	13.7048	16.727
spk_ver/v02/v0264	SES292	0.168509	15.259	15.0905
spk_ver/v02/v0265	SES060	-1.59093	13.0903	14.6812
spk_ver/v02/v0266	SES060	-6.86853	6.66648	13.535
spk_ver/v02/v0267	SES060	-6.43019	7.31671	13.7469
spk_ver/v02/v0268	SES060	-6.46206	5.3298	11.7919
spk_ver/v02/v0269	SES127	1.23513	16.9561	15.7209
spk_ver/v02/v0270	SES060	-3.86608	10.6574	14.5235
spk_ver/v02/v0271	SES060	-1.46704	14.6986	16.1656
spk_ver/v02/v0272	SES060	-4.59616	7.82803	12.4242
spk_ver/v02/v0273	SES087	1.41068	16.3988	14.9881
spk_ver/v02/v0274	SES146	1.01912	14.3976	13.3785
spk_ver/v02/v0275	SES060	-4.36482	9.51039	13.8752
spk_ver/v02/v0276	SES002	2.14826	17.105	14.9568
spk_ver/v02/v0277	SES060	-1.84249	14.0569	15.8994
spk_ver/v02/v0278	SES060	-4.42944	9.33732	13.7668
spk_ver/v02/v0279	SES060	-5.39899	9.97988	15.3789
spk_ver/v02/v0280	SES129	2.67916	17.1068	14.4277
spk_ver/v02/v0281	SES162	1.3654	15.7527	14.3873
spk_ver/v02/v0282	SES060	-3.33581	11.25	14.5858
spk_ver/v02/v0283	SES060	-3.27647	12.693	15.9695
spk_ver/v02/v0284	SES062	-4.16614	7.86257	12.0287
spk_ver/v02/v0285	SES062	-6.20833	8.5127	14.721
spk_ver/v02/v0286	SES120	0.0769005	13.3478	13.2709
spk_ver/v02/v0287	SES062	-3.7314	10.6289	14.3603
spk_ver/v02/v0288	SES062	-4.19734	10.0523	14.2497
spk_ver/v02/v0289	SES062	-3.4521	12.1934	15.6455
spk_ver/v02/v0290	SES062	-1.76559	13.4844	15.25
spk_ver/v02/v0291	SES275	0.65303	14.9153	14.2623
spk_ver/v02/v0292	SES062	-2.81285	11.8763	14.6892
spk_ver/v02/v0293	SES062	-3.73145	11.1956	14.927
spk_ver/v02/v0294	SES062	-4.36844	10.8833	15.2517
spk_ver/v02/v0295	SES062	-2.01591	11.9766	13.9925
spk_ver/v02/v0296	SES062	-3.2448	11.6379	14.8827
spk_ver/v02/v0297	SES062	-5.29677	9.22231	14.5191
spk_ver/v02/v0298	SES062	-2.92944	10.8118	13.7413
spk_ver/v02/v0299	SES062	-2.21872	12.9811	15.1999
spk_ver/v03/v0300	SES062	-3.03608	11.5936	14.6296
spk_ver/v03/v0301	SES062	-1.93693	13.5292	15.4662
spk_ver/v03/v0302	SES172	0.489292	17.1115	16.6222
spk_ver/v03/v0303	SES062	-2.37861	12.8235	15.2021
spk_ver/v03/v0304	SES062	-3.57647	10.5495	14.1259
spk_ver/v03/v0305	SES062	-2.85454	11.8785	14.7331
spk_ver/v03/v0306	SES062	-3.54328	9.19133	12.7346
spk_ver/v03/v0307	SES062	-3.476	11.974	15.45
spk_ver/v03/v0308	SES062	-2.96796	11.2705	14.2385
spk_ver/v03/v0309	SES062	-3.11451	8.95246	12.067
spk_ver/v03/v0310	SES125	1.43684	17.8167	16.3798
spk_ver/v03/v0311	SES062	-2.33562	12.811	15.1467
spk_ver/v03/v0312	SES062	-5.02462	8.62649	13.6511
spk_ver/v03/v0313	SES062	-2.57353	11.7374	14.3109
spk_ver/v03/v0314	SES068	-3.57904	11.5112	15.0903
spk_ver/v03/v0315	SES068	-2.964	12.5352	15.4992
spk_ver/v03/v0316	SES068	-2.56905	11.6737	14.2427
spk_ver/v03/v0317	SES068	-1.95969	11.6694	13.629
spk_ver/v03/v0318	SES068	-3.57427	12.8251	16.3994
spk_ver/v03/v0319	SES068	-6.3996	6.58264	12.9822
spk_ver/v03/v0320	SES068	-1.56341	13.7377	15.3011
spk_ver/v03/v0321	SES068	-1.42678	13.0208	14.4476
spk_ver/v03/v0322	SES068	-1.00496	12.7582	13.7632
spk_ver/v03/v0323	SES068	-2.01591	13.5022	15.5181
spk_ver/v03/v0324	SES144	0.911252	13.9567	13.0454
spk_ver/v03/v0325	SES068	-2.23164	13.505	15.7366
spk_ver/v03/v0326	SES068	-0.498805	15.1857	15.6845
spk_ver/v03/v0327	SES068	-1.87836	13.4268	15.3051
spk_ver/v03/v0328	SES068	-5.34066	8.35462	13.6953
spk_ver/v03/v0329	SES068	-2.68548	12.622	15.3075
spk_ver/v03/v0330	SES180	0.310016	14.9869	14.6769
spk_ver/v03/v0331	SES068	-0.657932	14.2145	14.8724
spk_ver/v03/v0332	SES275	1.63062	16.126	14.4954
spk_ver/v03/v0333	SES062	1.57656	19.0713	17.4948
spk_ver/v03/v0334	SES270	1.52335	15.2401	13.7168
spk_ver/v03/v0335	SES068	-6.0764	6.11188	12.1883
spk_ver/v03/v0336	SES068	-1.26123	15.9204	17.1816
spk_ver/v03/v0337	SES068	-2.53284	11.6777	14.2105
spk_ver/v03/v0338	SES068	-2.71751	10.7943	13.5118
spk_ver/v03/v0339	SES068	-1.55761	13.3151	14.8727
spk_ver/v03/v0340	SES068	-1.79595	11.8812	13.6771
spk_ver/v03/v0341	SES016	1.50307	18.0928	16.5898
spk_ver/v03/v0342	SES068	-2.21171	11.5275	13.7392
spk_ver/v03/v0343	SES068	-2.60555	11.5393	14.1449
spk_ver/v03/v0344	SES125	1.63352	16.8049	15.1714
spk_ver/v03/v0345	SES187	0.958439	16.4173	15.4589
spk_ver/v03/v0346	SES068	-3.17519	12.1403	15.3155
spk_ver/v03/v0347	SES143	1.47618	15.2794	13.8032
spk_ver/v03/v0348	SES292	0.758952	15.9208	15.1618
spk_ver/v03/v0349	SES082	-4.99711	10.5673	15.5644
spk_ver/v03/v0350	SES101	0.785576	16.5634	15.7778
spk_ver/v03/v0351	SES082	-0.863524	13.2942	14.1577
spk_ver/v03/v0352	SES082	-2.1636	10.6986	12.8622
spk_ver/v03/v0353	SES082	-3.27666	11.4387	14.7153
spk_ver/v03/v0354	SES082	-8.06662	5.13468	13.2013
spk_ver/v03/v0355	SES083	0.766405	17.1975	16.4311
spk_ver/v03/v0356	SES082	-3.05847	10.7735	13.832
spk_ver/v03/v0357	SES082	-4.42204	9.74812	14.1702
spk_ver/v03/v0358	SES082	-2.10558	12.518	14.6236
spk_ver/v03/v0359	SES117	0.75371	13.4865	12.7328
spk_ver/v03/v0360	SES082	-5.71145	10.2576	15.9691
spk_ver/v03/v0361	SES082	-2.37994	11.931	14.311
spk_ver/v03/v0362	SES007	1.16295	15.7232	14.5603
spk_ver/v03/v0363	SES082	-3.30227	11.7207	15.0229
spk_ver/v03/v0364	SES019	2.41582	16.8745	14.4587
spk_ver/v03/v0365	SES082	-1.19328	12.8201	14.0133
spk_ver/v03/v0366	SES226	2.59925	17.3807	14.7815
spk_ver/v03/v0367	SES167	1.94243	17.9128	15.9704
spk_ver/v03/v0368	SES082	-3.48009	12.6381	16.1182
spk_ver/v03/v0369	SES042	3.47339	19.8272	16.3538
spk_ver/v03/v0370	SES042	2.7101	18.8093	16.0992
spk_ver/v03/v0371	SES082	-5.19315	9.61933	14.8125
spk_ver/v03/v0372	SES082	-1.76071	14.0295	15.7902
spk_ver/v03/v0373	SES082	-4.90525	10.3202	15.2255
spk_ver/v03/v0374	SES083	-1.78769	15.0451	16.8328
spk_ver/v03/v0375	SES292	0.549864	15.884	15.3341
spk_ver/v03/v0376	SES083	-3.15212	12.302	15.4541
spk_ver/v03/v0377	SES083	-3.88991	9.91626	13.8062
spk_ver/v03/v0378	SES083	-0.981089	13.1771	14.1582
spk_ver/v03/v0379	SES083	-1.04529	13.4643	14.5096
spk_ver/v03/v0380	SES083	-2.72236	12.0044	14.7267
spk_ver/v03/v0381	SES083	-3.58761	10.803	14.3906
spk_ver/v03/v0382	SES148	0.0720367	15.9011	15.829
spk_ver/v03/v0383	SES083	-1.79224	13.9885	15.7807
spk_ver/v03/v0384	SES226	1.82184	16.8572	15.0354
spk_ver/v03/v0385	SES226	2.6177	18.0739	15.4562
spk_ver/v03/v0386	SES087	1.47873	16.3483	14.8696
spk_ver/v03/v0387	SES029	1.30382	16.5733	15.2694
spk_ver/v03/v0388	SES147	1.5268	15.4415	13.9147
spk_ver/v03/v0389	SES083	-4.14168	9.15661	13.2983
spk_ver/v03/v0390	SES189	1.99076	15.9018	13.911
spk_ver/v03/v0391	SES083	-1.31262	13.9758	15.2884
spk_ver/v03/v0392	SES083	-0.643345	15.5133	16.1566
spk_ver/v03/v0393	SES083	-3.19892	11.7334	14.9324
spk_ver/v03/v0394	SES083	-3.42366	10.5844	14.008
spk_ver/v03/v0395	SES083	-1.5193	14.3455	15.8648
spk_ver/v03/v0396	SES014	3.02536	20.5216	17.4963
spk_ver/v03/v0397	SES085	-0.180779	17.1606	17.3413
spk_ver/v03/v0398	SES085	-2.14355	14.2971	16.4407
spk_ver/v03/v0399	SES085	-2.94451	12.0608	15.0054
spk_ver/v04/v0400	SES106	2.07941	17.2256	15.1462
spk_ver/v04/v0401	SES085	-4.16148	10.4721	14.6336
spk_ver/v04/v0402	SES085	-7.48687	4.32684	11.8137
spk_ver/v04/v0403	SES085	-0.113999	15.3959	15.5099
spk_ver/v04/v0404	SES180	1.20732	16.3454	15.138
spk_ver/v04/v0405	SES129	1.55555	16.9553	15.3997
spk_ver/v04/v0406	SES085	-5.34636	9.51713	14.8635
spk_ver/v04/v0407	SES146	0.108115	13.6925	13.5844
spk_ver/v04/v0408	SES085	-1.17387	14.7193	15.8932
spk_ver/v04/v0409	SES085	-3.15238	11.0142	14.1666
spk_ver/v04/v0410	SES085	-3.85173	12.1852	16.0369
spk_ver/v04/v0411	SES292	0.871382	15.4295	14.5581
spk_ver/v04/v0412	SES085	-1.68382	14.6204	16.3042
spk_ver/v04/v0413	SES125	2.25172	18.0254	15.7737
spk_ver/v04/v0414	SES085	-2.28439	11.6697	13.9541
spk_ver/v04/v0415	SES085	-2.32595	13.7312	16.0572
spk_ver/v04/v0416	SES085	-1.34799	14.0182	15.3661
spk_ver/v04/v0417	SES062	1.22989	18.4305	17.2006
spk_ver/v04/v0418	SES060	1.56545	16.9423	15.3769
spk_ver/v04/v0419	SES085	-1.0339	14.4272	15.4611
spk_ver/v04/v0420	SES085	-6.06846	9.20221	15.2707
spk_ver/v04/v0421	SES085	-6.02072	6.62637	12.6471
spk_ver/v04/v0422	SES085	-1.68857	11.9777	13.6663
spk_ver/v04/v0423	SES085	-4.91895	9.36032	14.2793
spk_ver/v04/v0424	SES085	-4.32991	7.93544	12.2653
spk_ver/v04/v0425	SES183	0.646574	14.9655	14.3189
spk_ver/v04/v0426	SES085	-4.35807	9.86771	14.2258
spk_ver/v04/v0427	SES087	-2.52877	11.2455	13.7743
spk_ver/v04/v0428	SES162	0.841806	15.9518	15.11
spk_ver/v04/v0429	SES087	-1.47348	13.7776	15.2511
spk_ver/v04/v0430	SES087	-4.75348	10.733	15.4865
spk_ver/v04/v0431	SES087	-4.21129	9.65369	13.865
spk_ver/v04/v0432	SES087	-3.72999	9.84768	13.5777
spk_ver/v04/v0433	SES087	-3.53346	12.4584	15.9919
spk_ver/v04/v0434	SES142	2.62144	16.5727	13.9513
spk_ver/v04/v0435	SES087	-4.7752	9.29693	14.0721
spk_ver/v04/v0436	SES099	1.877	17.2512	15.3742
spk_ver/v04/v0437	SES087	-1.37281	14.7955	16.1683
spk_ver/v04/v0438	SES087	-4.7963	10.1487	14.945
spk_ver/v04/v0439	SES087	-1.83681	14.1457	15.9825
spk_ver/v04/v0440	SES087	-3.24379	12.7047	15.9485
spk_ver/v04/v0441	SES087	-5.31911	9.35505	14.6742
spk_ver/v04/v0442	SES187	1.88258	16.22	14.3375
spk_ver/v04/v0443	SES172	1.36745	17.0871	15.7196
spk_ver/v04/v0444	SES087	-2.46877	11.7936	14.2624
spk_ver/v04/v0445	SES087	-2.77125	12.4307	15.202
spk_ver/v04/v0446	SES087	-0.921619	14.5294	15.4511
spk_ver/v04/v0447	SES087	-1.94723	13.7787	15.7259
spk_ver/v04/v0448	SES106	2.29326	15.3441	13.0508
spk_ver/v04/v0449	SES146	1.14472	14.9795	13.8348
spk_ver/v04/v0450	SES087	-5.01023	9.41556	14.4258
spk_ver/v04/v0451	SES087	-2.0669	13.0176	15.0845
spk_ver/v04/v0452	SES007	1.48388	15.4874	14.0035
spk_ver/v04/v0453	SES087	-2.53296	11.4303	13.9633
spk_ver/v04/v0454	SES087	-6.0919	8.47035	14.5622
spk_ver/v04/v0455	SES180	0.840728	15.4229	14.5822
spk_ver/v04/v0456	SES099	-4.7621	9.73186	14.494
spk_ver/v04/v0457	SES042	2.0543	17.8937	15.8394
spk_ver/v04/v0458	SES099	-0.961832	13.6154	14.5772
spk_ver/v04/v0459	SES099	-5.08603	10.1149	15.2009
spk_ver/v04/v0460	SES099	-4.64357	8.83537	13.4789
spk_ver/v04/v0461	SES099	-2.81056	13.2745	16.0851
spk_ver/v04/v0462	SES082	2.33293	18.1684	15.8354
spk_ver/v04/v0463	SES099	-0.743468	14.3077	15.0512
spk_ver/v04/v0464	SES099	0.411646	15.7648	15.3531
spk_ver/v04/v0465	SES099	-5.34677	9.54422	14.891
spk_ver/v04/v0466	SES099	-1.48352	13.6852	15.1688
spk_ver/v04/v0467	SES099	-0.259974	14.1798	14.4397
spk_ver/v04/v0468	SES129	2.25673	17.3909	15.1341
spk_ver/v04/v0469	SES101	0.598578	15.0503	14.4518
spk_ver/v04/v0470	SES099	-4.80201	9.11014	13.9122
spk_ver/v04/v0471	SES172	1.38788	16.3632	14.9753
spk_ver/v04/v0472	SES099	-0.231713	13.5413	13.773
spk_ver/v04/v0473	SES270	3.43147	17.3685	13.937
spk_ver/v04/v0474	SES099	-4.62204	11.1512	15.7732
spk_ver/v04/v0475	SES099	-2.69653	13.4121	16.1086
spk_ver/v04/v0476	SES099	-4.04513	8.38379	12.4289
spk_ver/v04/v0477	SES002	1.80251	17.7317	15.9292
spk_ver/v04/v0478	SES099	-0.393056	14.3459	14.739
spk_ver/v04/v0479	SES007	0.0687685	14.2126	14.1438
spk_ver/v04/v0480	SES101	-6.06571	9.70508	15.7708
spk_ver/v04/v0481	SES101	-2.93045	10.9974	13.9279
spk_ver/v04/v0482	SES175	0.666328	14.9343	14.2679
spk_ver/v04/v0483	SES101	-3.22185	11.2918	14.5137
spk_ver/v04/v0484	SES101	-5.49562	12.2784	17.774
spk_ver/v04/v0485	SES101	-1.25949	13.0392	14.2987
spk_ver/v04/v0486	SES101	-1.7565	11.4085	13.165
spk_ver/v04/v0487	SES101	-0.84009	14.73	15.5701
spk_ver/v04/v0488	SES101	-6.66185	7.085	13.7469
spk_ver/v04/v0489	SES147	1.40081	13.4605	12.0597
spk_ver/v04/v0490	SES085	-0.775098	13.4935	14.2686
spk_ver/v04/v0491	SES101	-2.86993	10.8402	13.7102
spk_ver/v04/v0492	SES101	-5.75463	6.94728	12.7019
spk_ver/v04/v0493	SES101	-3.49956	12.6862	16.1857
spk_ver/v04/v0494	SES101	-1.76407	12.8163	14.5804
spk_ver/v04/v0495	SES101	-1.56265	15.311	16.8736
spk_ver/v04/v0496	SES101	-1.95949	13.6071	15.5666
spk_ver/v04/v0497	SES014	2.73746	20.2693	17.5318
spk_ver/v04/v0498	SES101	-3.50281	11.2744	14.7772
spk_ver/v04/v0499	SES101	-2.91111	12.9035	15.8147
spk_ver/v05/v0500	SES085	0.616682	17.4963	16.8796
spk_ver/v05/v0501	SES101	-5.83676	9.67329	15.51
spk_ver/v05/v0502	SES275	1.02226	15.1156	14.0933
spk_ver/v05/v0503	SES117	1.20668	15.1535	13.9468
spk_ver/v05/v0504	SES101	-5.2839	9.55951	14.8434
spk_ver/v05/v0505	SES101	-2.37049	12.372	14.7425
spk_ver/v05/v0506	SES101	-1.86918	12.6515	14.5207
spk_ver/v05/v0507	SES048	1.19523	17.4184	16.2232
spk_ver/v05/v0508	SES117	0.713532	14.0454	13.3319
spk_ver/v05/v0509	SES202	2.41423	16.097	13.6828
spk_ver/v05/v0510	SES104	-2.79917	10.1326	12.9318
spk_ver/v05/v0511	SES008	1.75679	15.5453	13.7885
spk_ver/v05/v0512	SES104	-1.082	12.0278	13.1098
spk_ver/v05/v0513	SES104	-2.30064	13.2381	15.5387
spk_ver/v05/v0514	SES104	-4.99002	10.8192	15.8092
spk_ver/v05/v0515	SES104	-6.20077	9.48373	15.6845
spk_ver/v05/v0516	SES104	-2.85635	8.93331	11.7897
spk_ver/v05/v0517	SES060	1.12778	18.4326	17.3048
spk_ver/v05/v0518	SES104	-5.05488	9.15484	14.2097
spk_ver/v05/v0519	SES104	-6.62943	6.90231	13.5317
spk_ver/v05/v0520	SES104	-1.11678	15.3916	16.5084
spk_ver/v05/v0521	SES008	1.15732	17.5887	16.4314
spk_ver/v05/v0522	SES068	1.61903	17.1072	15.4882
spk_ver/v05/v0523	SES087	1.64009	17.5169	15.8768
spk_ver/v05/v0524	SES104	-1.61291	12.5965	14.2094
spk_ver/v05/v0525	SES104	-0.966732	13.9646	14.9314
spk_ver/v05/v0526	SES104	-1.7594	13.532	15.2914
spk_ver/v05/v0527	SES083	1.07271	16.453	15.3803
spk_ver/v05/v0528	SES148	1.79326	15.5661	13.7728
spk_ver/v05/v0529	SES104	-3.09151	11.0803	14.1718
spk_ver/v05/v0530	SES104	-5.85346	8.92649	14.78
spk_ver/v05/v0531	SES125	1.63367	16.7336	15.1
spk_ver/v05/v0532	SES104	-6.98967	7.35366	14.3433
spk_ver/v05/v0533	SES149	2.66748	19.4984	16.831
spk_ver/v05/v0534	SES104	-4.98323	10.4827	15.4659
spk_ver/v05/v0535	SES187	0.790253	14.678	13.8877
spk_ver/v05/v0536	SES104	-2.28629	12.8031	15.0894
spk_ver/v05/v0537	SES104	-2.45778	11.4892	13.947
spk_ver/v05/v0538	SES167	1.9104	17.0787	15.1683
spk_ver/v05/v0539	SES104	-1.62657	10.5363	12.1628
spk_ver/v05/v0540	SES104	-6.66812	10.7862	17.4543
spk_ver/v05/v0541	SES183	1.79822	14.6699	12.8717
spk_ver/v05/v0542	SES104	-1.87493	12.385	14.2599
spk_ver/v05/v0543	SES104	-6.43383	9.21652	15.6504
spk_ver/v05/v0544	SES105	-4.24679	11.2073	15.4541
spk_ver/v05/v0545	SES105	-2.62237	11.9429	14.5653
spk_ver/v05/v0546	SES105	-3.65232	10.7939	14.4462
spk_ver/v05/v0547	SES105	-3.82852	9.93606	13.7646
spk_ver/v05/v0548	SES019	3.42434	17.1607	13.7364
spk_ver/v05/v0549	SES105	-2.50111	12.6138	15.1149
spk_ver/v05/v0550	SES105	-3.99028	9.69544	13.6857
spk_ver/v05/v0551	SES202	2.52404	14.6937	12.1697
spk_ver/v05/v0552	SES105	-4.70983	10.4542	15.164
spk_ver/v05/v0553	SES105	-1.73001	13.7414	15.4714
spk_ver/v05/v0554	SES105	-2.08295	13.6137	15.6967
spk_ver/v05/v0555	SES105	-3.07115	10.6848	13.756
spk_ver/v05/v0556	SES082	1.07121	16.6929	15.6217
spk_ver/v05/v0557	SES105	-4.68165	11.1284	15.81
spk_ver/v05/v0558	SES014	1.73629	17.8461	16.1099
spk_ver/v05/v0559	SES105	-2.14576	13.2268	15.3726
spk_ver/v05/v0560	SES177	0.34112	15.6521	15.311
spk_ver/v05/v0561	SES189	5.52656	12.193	6.66649
spk_ver/v05/v0562	SES105	-3.94698	9.61413	13.5611
spk_ver/v05/v0563	SES099	2.11907	15.4117	13.2926
spk_ver/v05/v0564	SES105	-2.06673	13.7959	15.8626
spk_ver/v05/v0565	SES105	-3.74434	10.4966	14.241
spk_ver/v05/v0566	SES105	-5.11012	9.20845	14.3186
spk_ver/v05/v0567	SES142	2.1244	15.4842	13.3598
spk_ver/v05/v0568	SES048	0.422397	14.6143	14.1919
spk_ver/v05/v0569	SES105	-4.24872	11.6053	15.854
spk_ver/v05/v0570	SES105	-1.76645	13.3837	15.1501
spk_ver/v05/v0571	SES105	-2.98472	11.2582	14.2429
spk_ver/v05/v0572	SES105	-5.4759	7.64067	13.1166
spk_ver/v05/v0573	SES105	-5.56503	7.95115	13.5162
spk_ver/v05/v0574	SES105	-0.792648	14.2275	15.0201
spk_ver/v05/v0575	SES105	-1.16026	13.6082	14.7685
spk_ver/v05/v0576	SES106	-4.27593	9.51025	13.7862
spk_ver/v05/v0577	SES106	-5.12018	9.09408	14.2143
spk_ver/v05/v0578	SES106	-4.47502	11.0334	15.5084
spk_ver/v05/v0579	SES106	-4.89562	9.92449	14.8201
spk_ver/v05/v0580	SES106	-2.30008	14.173	16.4731
spk_ver/v05/v0581	SES106	-6.3773	7.71974	14.097
spk_ver/v05/v0582	SES106	-2.22706	11.0584	13.2855
spk_ver/v05/v0583	SES106	-1.50231	14.5569	16.0592
spk_ver/v05/v0584	SES106	-4.95511	8.55816	13.5133
spk_ver/v05/v0585	SES106	0.0915909	11.9375	11.8459
spk_ver/v05/v0586	SES106	-4.45618	9.79047	14.2466
spk_ver/v05/v0587	SES106	-3.49121	9.66371	13.1549
spk_ver/v05/v0588	SES106	-5.23113	10.3308	15.562
spk_ver/v05/v0589	SES106	-5.9695	10.1178	16.0873
spk_ver/v05/v0590	SES082	1.03781	15.4047	14.3669
spk_ver/v05/v0591	SES180	0.947758	16.0483	15.1005
spk_ver/v05/v0592	SES106	-2.08201	12.1088	14.1908
spk_ver/v05/v0593	SES106	-5.96057	7.93548	13.8961
spk_ver/v05/v0594	SES292	0.954586	16.2944	15.3398
spk_ver/v05/v0595	SES106	-1.56146	13.2582	14.8197
spk_ver/v05/v0596	SES106	-5.31855	9.53461	14.8532
spk_ver/v05/v0597	SES106	-6.25912	8.30812	14.5672
spk_ver/v05/v0598	SES042	1.74732	17.5092	15.7619
spk_ver/v05/v0599	SES106	-5.33293	8.38142	13.7144
spk_ver/v06/v0600	SES106	-0.149529	12.249	12.3985
spk_ver/v06/v0601	SES106	-1.99183	11.89	13.8819
spk_ver/v06/v0602	SES106	-3.34315	11.449	14.7922
spk_ver/v06/v0603	SES106	-4.5472	9.8587	14.4059
spk_ver/v06/v0604	SES106	-4.47268	10.0997	14.5724
spk_ver/v06/v0605	SES106	-5.90225	7.86792	13.7702
spk_ver/v06/v0606	SES048	2.12002	17.9224	15.8024
spk_ver/v06/v0607	SES167	2.9991	18.8863	15.8871
spk_ver/v06/v0608	SES106	-4.75883	9.60044	14.3593
spk_ver/v06/v0609	SES143	1.44225	15.6293	14.1871
spk_ver/v06/v0610	SES106	-8.30733	4.70073	13.0081
spk_ver/v06/v0611	SES106	-3.45512	11.2506	14.7058
spk_ver/v06/v0612	SES106	-6.12343	7.85143	13.9749
spk_ver/v06/v0613	SES117	-1.02781	14.4967	15.5245
spk_ver/v06/v0614	SES117	-4.02027	11.0819	15.1022
spk_ver/v06/v0615	SES117	-1.99879	12.4868	14.4856
spk_ver/v06/v0616	SES106	2.59674	18.9331	16.3364
spk_ver/v06/v0617	SES142	2.57423	14.4714	11.8972
spk_ver/v06/v0618	SES048	2.00563	17.7365	15.7308
spk_ver/v06/v0619	SES175	0.869282	14.9017	14.0324
spk_ver/v06/v0620	SES180	1.07712	17.007	15.9299
spk_ver/v06/v0621	SES117	-1.07206	11.8652	12.9373
spk_ver/v06/v0622	SES029	0.744917	15.9413	15.1963
spk_ver/v06/v0623	SES117	-1.64945	13.4181	15.0675
spk_ver/v06/v0624	SES117	-4.15899	9.99941	14.1584
spk_ver/v06/v0625	SES117	-1.48616	11.5094	12.9956
spk_ver/v06/v0626	SES106	1.7732	16.734	14.9608
spk_ver/v06/v0627	SES226	2.80112	18.2646	15.4635
spk_ver/v06/v0628	SES117	-0.369757	14.8023	15.172
spk_ver/v06/v0629	SES117	-3.15978	13.4278	16.5875
spk_ver/v06/v0630	SES117	-3.50726	11.102	14.6093
spk_ver/v06/v0631	SES117	-4.55476	7.69289	12.2476
spk_ver/v06/v0632	SES117	-1.63615	14.1763	15.8124
spk_ver/v06/v0633	SES099	2.96604	17.1678	14.2017
spk_ver/v06/v0634	SES105	2.65855	16.4196	13.7611
spk_ver/v06/v0635	SES167	0.795385	16.3291	15.5337
spk_ver/v06/v0636	SES117	-0.735268	14.2913	15.0266
spk_ver/v06/v0637	SES202	1.84751	15.2785	13.431
spk_ver/v06/v0638	SES117	-2.82685	12.3299	15.1568
spk_ver/v06/v0639	SES167	1.41102	15.131	13.7199
spk_ver/v06/v0640	SES117	-1.55379	13.3259	14.8797
spk_ver/v06/v0641	SES117	-3.36153	11.5258	14.8874
spk_ver/v06/v0642	SES101	0.949693	16.7317	15.782
spk_ver/v06/v0643	SES068	1.31933	17.2815	15.9621
spk_ver/v06/v0644	SES120	-2.55483	10.7868	13.3417
spk_ver/v06/v0645	SES120	-1.22581	12.689	13.9148
spk_ver/v06/v0646	SES172	0.962147	15.5317	14.5696
spk_ver/v06/v0647	SES120	-3.12769	12.7867	15.9143
spk_ver/v06/v0648	SES120	-0.802221	15.0474	15.8496
spk_ver/v06/v0649	SES120	-2.19784	9.97214	12.17
spk_ver/v06/v0650	SES087	1.88761	16.9933	15.1057
spk_ver/v06/v0651	SES120	-1.37832	12.8519	14.2302
spk_ver/v06/v0652	SES104	1.08856	14.2979	13.2093
spk_ver/v06/v0653	SES129	1.97524	17.6696	15.6944
spk_ver/v06/v0654	SES120	-3.06464	11.0969	14.1616
spk_ver/v06/v0655	SES120	-1.27222	11.7325	13.0047
spk_ver/v06/v0656	SES120	-2.1166	13.3127	15.4293
spk_ver/v06/v0657	SES147	0.641358	13.8471	13.2057
spk_ver/v06/v0658	SES120	-1.97132	12.4151	14.3864
spk_ver/v06/v0659	SES120	-2.25528	13.3503	15.6056
spk_ver/v06/v0660	SES120	-1.27257	13.8829	15.1554
spk_ver/v06/v0661	SES120	-2.24913	10.7802	13.0293
spk_ver/v06/v0662	SES120	-1.64031	14.4053	16.0456
spk_ver/v06/v0663	SES120	-2.02439	10.9612	12.9856
spk_ver/v06/v0664	SES147	1.23441	15.7104	14.476
spk_ver/v06/v0665	SES162	1.56434	16.0341	14.4697
spk_ver/v06/v0666	SES120	-1.89521	13.4954	15.3907
spk_ver/v06/v0667	SES120	-1.29175	14.378	15.6697
spk_ver/v06/v0668	SES120	1.32497	16.1881	14.8632
spk_ver/v06/v0669	SES142	2.39572	16.2676	13.8719
spk_ver/v06/v0670	SES106	2.72498	18.0112	15.2862
spk_ver/v06/v0671	SES183	1.51023	14.7868	13.2766
spk_ver/v06/v0672	SES120	-0.837244	12.534	13.3712
spk_ver/v06/v0673	SES029	-0.109291	15.0527	15.162
spk_ver/v06/v0674	SES120	-1.40776	12.7181	14.1259
spk_ver/v06/v0675	SES008	2.31582	17.8067	15.4909
spk_ver/v06/v0676	SES125	-5.16633	7.45132	12.6177
spk_ver/v06/v0677	SES143	1.20694	14.8273	13.6204
spk_ver/v06/v0678	SES125	-5.96077	7.53243	13.4932
spk_ver/v06/v0679	SES162	1.04782	15.3355	14.2877
spk_ver/v06/v0680	SES125	-3.46097	11.5136	14.9745
spk_ver/v06/v0681	SES125	-2.76395	11.8819	14.6459
spk_ver/v06/v0682	SES125	-5.22956	11.4327	16.6623
spk_ver/v06/v0683	SES226	1.46759	16.7132	15.2456
spk_ver/v06/v0684	SES125	-3.54004	10.218	13.7581
spk_ver/v06/v0685	SES125	-5.56512	8.25909	13.8242
spk_ver/v06/v0686	SES120	1.29467	16.8296	15.535
spk_ver/v06/v0687	SES125	-4.89028	7.77641	12.6667
spk_ver/v06/v0688	SES158	2.51976	16.2389	13.7191
spk_ver/v06/v0689	SES125	-6.59705	8.1578	14.7549
spk_ver/v06/v0690	SES105	2.00432	15.9798	13.9755
spk_ver/v06/v0691	SES125	-1.92314	12.2134	14.1365
spk_ver/v06/v0692	SES125	-2.86841	12.4354	15.3038
spk_ver/v06/v0693	SES180	1.67593	16.7808	15.1049
spk_ver/v06/v0694	SES125	-7.67728	7.36556	15.0428
spk_ver/v06/v0695	SES125	-3.39381	12.1556	15.5494
spk_ver/v06/v0696	SES125	-7.11864	9.58275	16.7014
spk_ver/v06/v0697	SES125	-6.7293	7.12803	13.8573
spk_ver/v06/v0698	SES083	0.710514	17.1478	16.4373
spk_ver/v06/v0699	SES125	-4.46588	10.7596	15.2254
spk_ver/v07/v0700	SES014	2.31992	19.3391	17.0192
spk_ver/v07/v0701	SES125	-4.60953	12.263	16.8725
spk_ver/v07/v0702	SES127	-1.35842	14.3509	15.7093
spk_ver/v07/v0703	SES127	-0.855965	12.3826	13.2386
spk_ver/v07/v0704	SES206	2.03599	18.012	15.976
spk_ver/v07/v0705	SES127	-2.43878	12.2276	14.6664
spk_ver/v07/v0706	SES127	-1.64379	14.5243	16.1681
spk_ver/v07/v0707	SES127	-4.76751	10.5203	15.2878
spk_ver/v07/v0708	SES275	0.739484	15.9168	15.1773
spk_ver/v07/v0709	SES127	-3.44334	11.6952	15.1385
spk_ver/v07/v0710	SES105	1.47667	15.3029	13.8263
spk_ver/v07/v0711	SES127	-2.02597	11.2164	13.2424
spk_ver/v07/v0712	SES127	-2.94228	11.6532	14.5955
spk_ver/v07/v0713	SES127	-2.71223	10.6289	13.3411
spk_ver/v07/v0714	SES019	4.35187	17.3004	12.9486
spk_ver/v07/v0715	SES127	-4.82572	8.05565	12.8814
spk_ver/v07/v0716	SES148	1.2929	15.3425	14.0496
spk_ver/v07/v0717	SES162	1.55381	16.7818	15.228
spk_ver/v07/v0718	SES189	1.54757	14.8451	13.2975
spk_ver/v07/v0719	SES149	0.699137	17.2209	16.5218
spk_ver/v07/v0720	SES175	1.35508	16.28	14.9249
spk_ver/v07/v0721	SES127	-3.61911	11.3498	14.9689
spk_ver/v07/v0722	SES127	-0.92988	13.7334	14.6633
spk_ver/v07/v0723	SES127	-2.66901	12.5533	15.2223
spk_ver/v07/v0724	SES127	-1.91453	14.1044	16.0189
spk_ver/v07/v0725	SES127	-2.53744	11.7588	14.2963
spk_ver/v07/v0726	SES259	2.75606	18.24	15.484
spk_ver/v07/v0727	SES127	-2.00652	12.8087	14.8153
spk_ver/v07/v0728	SES127	-0.848852	15.7734	16.6222
spk_ver/v07/v0729	SES127	-4.88526	8.74057	13.6258
spk_ver/v07/v0730	SES127	-2.43704	10.6584	13.0955
spk_ver/v07/v0731	SES129	-2.7409	13.9208	16.6617
spk_ver/v07/v0732	SES129	-1.74036	12.7722	14.5126
spk_ver/v07/v0733	SES129	-4.1333	8.6441	12.7774
spk_ver/v07/v0734	SES129	-5.71309	6.62295	12.336
spk_ver/v07/v0735	SES183	1.0226	15.3778	14.3552
spk_ver/v07/v0736	SES129	-3.52083	10.6221	14.143
spk_ver/v07/v0737	SES129	-2.74677	11.5873	14.334
spk_ver/v07/v0738	SES129	-6.20934	7.79172	14.0011
spk_ver/v07/v0739	SES129	-3.72936	10.4288	14.1582
spk_ver/v07/v0740	SES167	0.046936	15.8715	15.8246
spk_ver/v07/v0741	SES129	-2.81333	10.9631	13.7765
spk_ver/v07/v0742	SES129	-4.20887	13.3243	17.5332
spk_ver/v07/v0743	SES129	-2.74162	12.6513	15.3929
spk_ver/v07/v0744	SES129	-4.94017	8.288	13.2282
spk_ver/v07/v0745	SES180	1.84645	16.9765	15.13
spk_ver/v07/v0746	SES129	-2.45631	13.668	16.1243
spk_ver/v07/v0747	SES292	0.203437	15.8191	15.6157
spk_ver/v07/v0748	SES202	1.74836	14.7696	13.0212
spk_ver/v07/v0749	SES270	1.1475	15.7467	14.5992
spk_ver/v07/v0750	SES129	-4.15582	12.9354	17.0913
spk_ver/v07/v0751	SES129	-5.49905	10.8363	16.3353
spk_ver/v07/v0752	SES060	0.481531	15.5646	15.083
spk_ver/v07/v0753	SES129	-3.8499	10.8573	14.7072
spk_ver/v07/v0754	SES129	-5.78924	6.31075	12.1
spk_ver/v07/v0755	SES129	-4.82813	9.97289	14.801
spk_ver/v07/v0756	SES175	0.939923	14.9277	13.9878
spk_ver/v07/v0757	SES129	-4.52952	8.40108	12.9306
spk_ver/v07/v0758	SES129	-5.63671	7.20108	12.8378
spk_ver/v07/v0759	SES129	-5.13717	10.6449	15.782
spk_ver/v07/v0760	SES129	-3.66333	12.1534	15.8167
spk_ver/v07/v0761	SES129	-4.3899	12.2638	16.6537
spk_ver/v07/v0762	SES172	0.834468	15.9387	15.1042
spk_ver/v07/v0763	SES129	-5.75557	6.89939	12.655
spk_ver/v07/v0764	SES129	-3.6202	12.3429	15.9631
spk_ver/v07/v0765	SES175	1.05159	15.8305	14.7789
spk_ver/v07/v0766	SES129	-3.91073	12.4292	16.3399
spk_ver/v07/v0767	SES129	-3.68324	10.419	14.1023
spk_ver/v07/v0768	SES042	2.50548	18.4657	15.9602
spk_ver/v07/v0769	SES099	2.07351	16.0067	13.9332
spk_ver/v07/v0770	SES142	-3.019	10.8591	13.8781
spk_ver/v07/v0771	SES142	-2.41787	13.506	15.9238
spk_ver/v07/v0772	SES101	1.43094	17.6255	16.1946
spk_ver/v07/v0773	SES142	-7.21053	5.80088	13.0114
spk_ver/v07/v0774	SES142	-4.75899	8.12652	12.8855
spk_ver/v07/v0775	SES142	-1.76637	13.2088	14.9752
spk_ver/v07/v0776	SES142	-3.23945	13.3813	16.6207
spk_ver/v07/v0777	SES142	-4.87374	9.27552	14.1493
spk_ver/v07/v0778	SES142	-1.84505	11.4407	13.2858
spk_ver/v07/v0779	SES142	-9.13551	5.44852	14.584
spk_ver/v07/v0780	SES142	-4.40908	7.07189	11.481
spk_ver/v07/v0781	SES142	-8.43813	6.16668	14.6048
spk_ver/v07/v0782	SES101	1.04981	15.7338	14.684
spk_ver/v07/v0783	SES142	-4.44039	9.56591	14.0063
spk_ver/v07/v0784	SES187	2.00708	16.2348	14.2277
spk_ver/v07/v0785	SES143	1.1072	13.1944	12.0872
spk_ver/v07/v0786	SES142	-4.41574	11.6657	16.0814
spk_ver/v07/v0787	SES144	0.919391	15.7502	14.8308
spk_ver/v07/v0788	SES275	0.865225	15.0567	14.1915
spk_ver/v07/v0789	SES142	-3.03024	12.0347	15.0649
spk_ver/v07/v0790	SES099	2.6509	18.3762	15.7253
spk_ver/v07/v0791	SES142	-6.8187	7.01036	13.8291
spk_ver/v07/v0792	SES142	-5.12801	12.7362	17.8642
spk_ver/v07/v0793	SES142	-6.07903	8.26963	14.3487
spk_ver/v07/v0794	SES014	1.77496	18.2473	16.4723
spk_ver/v07/v0795	SES142	-6.84959	8.46271	15.3123
spk_ver/v07/v0796	SES142	-3.65975	12.1599	15.8197
spk_ver/v07/v0797	SES143	-0.969962	14.3194	15.2894
spk_ver/v07/v0798	SES206	1.26237	17.6887	16.4263
spk_ver/v07/v0799	SES143	-3.05411	8.857	11.9111
spk_ver/v08/v0800	SES143	-1.49558	12.4425	13.9381
spk_ver/v08/v0801	SES143	-1.60038	14.7908	16.3912
spk_ver/v08/v0802	SES143	-2.51226	10.4682	12.9804
spk_ver/v08/v0803	SES143	-2.04411	11.8708	13.9149
spk_ver/v08/v0804	SES143	-2.07972	10.4141	12.4938
spk_ver/v08/v0805	SES143	-2.45953	11.4481	13.9076
spk_ver/v08/v0806	SES143	-2.97381	10.3045	13.2783
spk_ver/v08/v0807	SES177	-0.103991	14.2632	14.3672
spk_ver/v08/v0808	SES149	0.87196	17.167	16.2951
spk_ver/v08/v0809	SES143	-3.53066	12.006	15.5367
spk_ver/v08/v0810	SES158	2.19912	15.7813	13.5821
spk_ver/v08/v0811	SES143	-2.18274	10.7688	12.9515
spk_ver/v08/v0812	SES062	1.97067	19.5105	17.5399
spk_ver/v08/v0813	SES259	2.41255	18.1156	15.703
spk_ver/v08/v0814	SES143	-4.35823	11.9141	16.2723
spk_ver/v08/v0815	SES143	-2.64663	11.7153	14.3619
spk_ver/v08/v0816	SES143	-1.16269	14.0519	15.2146
spk_ver/v08/v0817	SES144	0.529951	15.755	15.225
spk_ver/v08/v0818	SES143	-1.87443	12.6956	14.57
spk_ver/v08/v0819	SES143	-2.57802	12.4918	15.0698
spk_ver/v08/v0820	SES143	-1.8143	14.0526	15.8669
spk_ver/v08/v0821	SES143	-1.90925	12.5711	14.4804
spk_ver/v08/v0822	SES143	-3.50601	11.2452	14.7512
spk_ver/v08/v0823	SES104	1.97464	17.8886	15.9139
spk_ver/v08/v0824	SES143	-3.85417	11.0925	14.9466
spk_ver/v08/v0825	SES143	-2.32655	12.2199	14.5465
spk_ver/v08/v0826	SES144	-4.35102	10.5616	14.9126
spk_ver/v08/v0827	SES144	-1.79361	13.2496	15.0432
spk_ver/v08/v0828	SES144	-0.623127	15.2962	15.9193
spk_ver/v08/v0829	SES172	0.872861	15.4423	14.5695
spk_ver/v08/v0830	SES144	-0.597332	13.8902	14.4875
spk_ver/v08/v0831	SES183	1.49918	15.9788	14.4796
spk_ver/v08/v0832	SES144	-4.77171	8.87236	13.6441
spk_ver/v08/v0833	SES144	-4.58278	10.9144	15.4972
spk_ver/v08/v0834	SES144	-1.31862	12.9767	14.2954
spk_ver/v08/v0835	SES144	-2.58456	11.4993	14.0839
spk_ver/v08/v0836	SES144	-1.99643	12.7917	14.7881
spk_ver/v08/v0837	SES144	-2.67325	14.0374	16.7106
spk_ver/v08/v0838	SES144	-3.63379	10.6146	14.2484
spk_ver/v08/v0839	SES085	0.672567	16.6573	15.9848
spk_ver/v08/v0840	SES144	-0.601644	14.2469	14.8485
spk_ver/v08/v0841	SES144	-4.72233	7.50167	12.224
spk_ver/v08/v0842	SES144	-4.51252	10.8079	15.3204
spk_ver/v08/v0843	SES144	-0.695283	14.5347	15.23
spk_ver/v08/v0844	SES144	-2.92377	12.2367	15.1605
spk_ver/v08/v0845	SES144	-3.82297	13.5357	17.3586
spk_ver/v08/v0846	SES104	1.3955	16.3485	14.953
spk_ver/v08/v0847	SES144	-3.69847	10.9116	14.6101
spk_ver/v08/v0848	SES144	-2.7552	10.8982	13.6534
spk_ver/v08/v0849	SES144	-5.68801	9.17821	14.8662
spk_ver/v08/v0850	SES144	-2.95941	12.4072	15.3666
spk_ver/v08/v0851	SES144	-1.91848	12.9724	14.8909
spk_ver/v08/v0852	SES144	-0.77918	15.2988	16.078
spk_ver/v08/v0853	SES144	-5.65215	8.61531	14.2675
spk_ver/v08/v0854	SES144	-1.42467	13.7219	15.1466
spk_ver/v08/v0855	SES144	0.145588	16.4617	16.3161
spk_ver/v08/v0856	SES082	0.159046	12.7897	12.6306
spk_ver/v08/v0857	SES142	2.56341	16.846	14.2826
spk_ver/v08/v0858	SES144	-0.705777	12.4783	13.1841
spk_ver/v08/v0859	SES144	-1.31403	13.0902	14.4042
spk_ver/v08/v0860	SES146	-4.10175	10.0429	14.1446
spk_ver/v08/v0861	SES146	-3.79153	10.2791	14.0706
spk_ver/v08/v0862	SES146	-4.37533	9.73986	14.1152
spk_ver/v08/v0863	SES146	-1.70465	11.586	13.2906
spk_ver/v08/v0864	SES146	-3.59731	12.2939	15.8912
spk_ver/v08/v0865	SES008	2.41339	16.832	14.4186
spk_ver/v08/v0866	SES142	1.65325	16.0829	14.4296
spk_ver/v08/v0867	SES146	-3.3737	11.7406	15.1143
spk_ver/v08/v0868	SES082	2.45283	18.823	16.3702
spk_ver/v08/v0869	SES146	-2.15429	13.1407	15.295
spk_ver/v08/v0870	SES146	-4.08984	8.2601	12.3499
spk_ver/v08/v0871	SES146	-3.96212	10.1671	14.1292
spk_ver/v08/v0872	SES146	-3.559	8.56373	12.1227
spk_ver/v08/v0873	SES082	1.9718	18.6079	16.6361
spk_ver/v08/v0874	SES146	-3.96941	11.064	15.0334
spk_ver/v08/v0875	SES144	0.494165	14.678	14.1839
spk_ver/v08/v0876	SES146	-2.79022	14.5285	17.3187
spk_ver/v08/v0877	SES146	-3.14148	10.9524	14.0938
spk_ver/v08/v0878	SES146	-2.69852	12.1643	14.8628
spk_ver/v08/v0879	SES146	-2.20527	12.5557	14.761
spk_ver/v08/v0880	SES146	-2.52509	11.3246	13.8497
spk_ver/v08/v0881	SES143	1.57868	14.8973	13.3186
spk_ver/v08/v0882	SES146	-0.455729	15.2694	15.7251
spk_ver/v08/v0883	SES147	-1.71637	14.0617	15.778
spk_ver/v08/v0884	SES147	-0.893899	14.1008	14.9947
spk_ver/v08/v0885	SES016	1.68502	17.4913	15.8063
spk_ver/v08/v0886	SES147	-1.65133	12.7922	14.4435
spk_ver/v08/v0887	SES147	-2.79917	11.9482	14.7474
spk_ver/v08/v0888	SES147	-2.62039	10.6701	13.2905
spk_ver/v08/v0889	SES019	2.10004	15.8851	13.785
spk_ver/v08/v0890	SES147	-2.38547	11.5836	13.9691
spk_ver/v08/v0891	SES147	-2.57253	12.7085	15.281
spk_ver/v08/v0892	SES147	-1.66157	11.9064	13.568
spk_ver/v08/v0893	SES270	2.68595	14.9638	12.2779
spk_ver/v08/v0894	SES029	0.68259	15.5022	14.8196
spk_ver/v08/v0895	SES147	-2.41516	11.0136	13.4287
spk_ver/v08/v0896	SES117	1.77569	14.5704	12.7947
spk_ver/v08/v0897	SES183	2.29172	13.6982	11.4065
spk_ver/v08/v0898	SES147	-4.81283	11.0088	15.8216
spk_ver/v08/v0899	SES147	-2.92087	9.80359	12.7245
spk_ver/v09/v0900	SES087	1.27247	16.479	15.2065
spk_ver/v09/v0901	SES147	-6.46194	7.6753	14.1372
spk_ver/v09/v0902	SES147	-3.60082	10.2013	13.8021
spk_ver/v09/v0903	SES147	-1.21192	13.0464	14.2583
spk_ver/v09/v0904	SES147	-2.46295	13.0871	15.5501
spk_ver/v09/v0905	SES143	1.28723	15.0741	13.7869
spk_ver/v09/v0906	SES149	0.474115	17.1285	16.6544
spk_ver/v09/v0907	SES148	-1.20335	13.8416	15.0449
spk_ver/v09/v0908	SES148	-0.98974	14.4948	15.4845
spk_ver/v09/v0909	SES106	2.91235	15.6765	12.7641
spk_ver/v09/v0910	SES148	-0.693411	12.5012	13.1946
spk_ver/v09/v0911	SES148	-3.21142	11.8688	15.0802
spk_ver/v09/v0912	SES142	0.948175	15.94	14.9918
spk_ver/v09/v0913	SES148	-2.57995	10.719	13.2989
spk_ver/v09/v0914	SES148	-3.70701	11.4517	15.1587
spk_ver/v09/v0915	SES148	-2.54576	10.2539	12.7997
spk_ver/v09/v0916	SES148	-2.34569	10.9503	13.296
spk_ver/v09/v0917	SES148	1.32722	15.8426	14.5154
spk_ver/v09/v0918	SES148	-0.738211	14.0644	14.8026
spk_ver/v09/v0919	SES270	2.00626	15.7196	13.7134
spk_ver/v09/v0920	SES148	-2.12769	13.3929	15.5205
spk_ver/v09/v0921	SES148	-3.37636	11.8171	15.1934
spk_ver/v09/v0922	SES129	1.37351	17.6088	16.2353
spk_ver/v09/v0923	SES117	1.29671	16.4867	15.19
spk_ver/v09/v0924	SES042	3.27549	19.1312	15.8557
spk_ver/v09/v0925	SES148	-4.72083	8.98787	13.7087
spk_ver/v09/v0926	SES148	-5.51249	7.03045	12.5429
spk_ver/v09/v0927	SES144	1.09507	16.1649	15.0698
spk_ver/v09/v0928	SES007	2.02271	16.5247	14.502
spk_ver/v09/v0929	SES148	-2.07421	14.9158	16.99
spk_ver/v09/v0930	SES148	-1.06576	14.7071	15.7729
spk_ver/v09/v0931	SES148	-2.02945	11.5901	13.6196
spk_ver/v09/v0932	SES202	1.90463	16.8206	14.916
spk_ver/v09/v0933	SES148	-0.509805	15.7141	16.2239
spk_ver/v09/v0934	SES148	-3.83845	11.2196	15.0581
spk_ver/v09/v0935	SES060	1.61182	17.6506	16.0388
spk_ver/v09/v0936	SES060	1.37687	16.6209	15.244
spk_ver/v09/v0937	SES148	-2.19112	13.6963	15.8874
spk_ver/v09/v0938	SES148	-1.58726	14.1415	15.7288
spk_ver/v09/v0939	SES148	-3.41368	12.345	15.7587
spk_ver/v09/v0940	SES148	-2.98807	12.6987	15.6868
spk_ver/v09/v0941	SES149	-3.61799	9.94646	13.5644
spk_ver/v09/v0942	SES149	-3.1488	13.1611	16.31
spk_ver/v09/v0943	SES149	-1.38123	13.5553	14.9365
spk_ver/v09/v0944	SES149	-2.50781	11.5856	14.0934
spk_ver/v09/v0945	SES105	1.31241	16.0495	14.7371
spk_ver/v09/v0946	SES149	-3.96249	12.0605	16.023
spk_ver/v09/v0947	SES149	-2.72362	10.9285	13.6521
spk_ver/v09/v0948	SES149	-3.80535	11.7669	15.5723
spk_ver/v09/v0949	SES149	-1.50467	15.221	16.7257
spk_ver/v09/v0950	SES226	1.58457	17.7488	16.1642
spk_ver/v09/v0951	SES149	-2.54597	11.0738	13.6197
spk_ver/v09/v0952	SES149	-3.98471	9.07014	13.0549
spk_ver/v09/v0953	SES062	1.82112	17.6727	15.8516
spk_ver/v09/v0954	SES149	-2.80615	11.889	14.6952
spk_ver/v09/v0955	SES048	0.249643	16.217	15.9673
spk_ver/v09/v0956	SES158	-1.83061	13.6774	15.508
spk_ver/v09/v0957	SES158	-5.41109	8.57732	13.9884
spk_ver/v09/v0958	SES158	-1.50974	14.8871	16.3969
spk_ver/v09/v0959	SES158	-3.17969	11.3714	14.5511
spk_ver/v09/v0960	SES158	-3.74505	9.83519	13.5802
spk_ver/v09/v0961	SES147	1.36564	15.0524	13.6868
spk_ver/v09/v0962	SES158	-6.62853	7.4983	14.1268
spk_ver/v09/v0963	SES292	0.567021	16.278	15.711
spk_ver/v09/v0964	SES060	1.38799	17.907	16.519
spk_ver/v09/v0965	SES002	1.43646	16.408	14.9716
spk_ver/v09/v0966	SES149	1.95594	18.7384	16.7825
spk_ver/v09/v0967	SES158	-5.86678	8.60959	14.4764
spk_ver/v09/v0968	SES158	-3.52459	9.80573	13.3303
spk_ver/v09/v0969	SES275	0.440893	13.902	13.4611
spk_ver/v09/v0970	SES158	-5.11604	10.8508	15.9668
spk_ver/v09/v0971	SES158	-3.75126	10.9826	14.7339
spk_ver/v09/v0972	SES002	1.68625	17.3639	15.6776
spk_ver/v09/v0973	SES158	-4.97844	10.0461	15.0245
spk_ver/v09/v0974	SES202	1.51759	15.7393	14.2217
spk_ver/v09/v0975	SES158	-6.16649	7.25135	13.4178
spk_ver/v09/v0976	SES158	-0.535545	15.2356	15.7711
spk_ver/v09/v0977	SES162	-1.99418	13.7465	15.7406
spk_ver/v09/v0978	SES162	-5.37782	7.49748	12.8753
spk_ver/v09/v0979	SES162	-5.87619	8.68532	14.5615
spk_ver/v09/v0980	SES162	-1.47307	12.161	13.634
spk_ver/v09/v0981	SES162	-2.80805	9.75543	12.5635
spk_ver/v09/v0982	SES259	3.26107	18.4478	15.1867
spk_ver/v09/v0983	SES162	-4.34301	6.39232	10.7353
spk_ver/v09/v0984	SES162	-1.43801	14.7873	16.2253
spk_ver/v09/v0985	SES162	-1.13514	13.735	14.8702
spk_ver/v09/v0986	SES062	1.54266	18.4219	16.8793
spk_ver/v09/v0987	SES162	-1.10927	13.5661	14.6753
spk_ver/v09/v0988	SES162	-4.6384	10.4809	15.1193
spk_ver/v09/v0989	SES162	-5.1692	7.21461	12.3838
spk_ver/v09/v0990	SES162	-4.13544	11.7893	15.9247
spk_ver/v09/v0991	SES087	1.49294	16.683	15.1901
spk_ver/v09/v0992	SES120	0.166784	14.0053	13.8386
spk_ver/v09/v0993	SES162	-4.55035	11.204	15.7544
spk_ver/v09/v0994	SES162	-2.06683	13.5848	15.6516
spk_ver/v09/v0995	SES162	-5.34069	11.5097	16.8504
spk_ver/v09/v0996	SES162	-2.836	14.589	17.425
spk_ver/v09/v0997	SES162	-4.57072	10.1269	14.6977
spk_ver/v09/v0998	SES162	-2.76589	10.0527	12.8186
spk_ver/v09/v0999	SES162	-1.9802	16.0227	18.0029
spk_ver/v10/v1000	SES162	-5.49128	9.40282	14.8941
spk_ver/v10/v1001	SES148	1.6706	14.7653	13.0947
spk_ver/v10/v1002	SES162	-1.11145	12.5436	13.655
spk_ver/v10/v1003	SES162	-1.72875	14.4313	16.16
spk_ver/v10/v1004	SES162	-2.31353	11.4156	13.7291
spk_ver/v10/v1005	SES162	-5.08314	8.77202	13.8552
spk_ver/v10/v1006	SES162	-4.32125	10.6504	14.9717
spk_ver/v10/v1007	SES162	-1.88325	11.9145	13.7978
spk_ver/v10/v1008	SES162	-5.50684	6.73946	12.2463
spk_ver/v10/v1009	SES162	-6.0615	9.00548	15.067
spk_ver/v10/v1010	SES167	-2.57786	10.3869	12.9647
spk_ver/v10/v1011	SES167	-0.440369	13.6411	14.0815
spk_ver/v10/v1012	SES167	-1.75502	11.3364	13.0915
spk_ver/v10/v1013	SES167	-5.85926	8.65614	14.5154
spk_ver/v10/v1014	SES167	-1.0817	15.0578	16.1395
spk_ver/v10/v1015	SES167	-1.67757	13.41	15.0876
spk_ver/v10/v1016	SES167	-1.62467	14.4981	16.1228
spk_ver/v10/v1017	SES167	-1.11387	13.6383	14.7522
spk_ver/v10/v1018	SES167	-3.06623	12.2202	15.2865
spk_ver/v10/v1019	SES167	-2.79736	11.5141	14.3115
spk_ver/v10/v1020	SES167	-5.9938	7.44399	13.4378
spk_ver/v10/v1021	SES167	-2.38515	10.3536	12.7388
spk_ver/v10/v1022	SES167	-4.7822	9.56497	14.3472
spk_ver/v10/v1023	SES167	-2.69214	11.2478	13.9399
spk_ver/v10/v1024	SES167	-3.37324	9.17578	12.549
spk_ver/v10/v1025	SES167	-1.7292	14.2598	15.989
spk_ver/v10/v1026	SES167	-3.33125	11.6412	14.9725
spk_ver/v10/v1027	SES167	-2.06498	14.3117	16.3767
spk_ver/v10/v1028	SES167	-5.29528	8.69104	13.9863
spk_ver/v10/v1029	SES167	-4.32536	10.1444	14.4697
spk_ver/v10/v1030	SES167	-3.34597	12.1759	15.5219
spk_ver/v10/v1031	SES167	-4.83825	9.06323	13.9015
spk_ver/v10/v1032	SES167	-4.37664	12.5229	16.8996
spk_ver/v10/v1033	SES167	-5.28051	11.2206	16.5011
spk_ver/v10/v1034	SES002	1.45669	17.7027	16.246
spk_ver/v10/v1035	SES167	-0.925223	14.953	15.8782
spk_ver/v10/v1036	SES083	1.1199	17.3616	16.2417
spk_ver/v10/v1037	SES167	-3.26013	11.0152	14.2754
spk_ver/v10/v1038	SES167	-1.5155	12.0906	13.6061
spk_ver/v10/v1039	SES167	-2.77924	11.8798	14.659
spk_ver/v10/v1040	SES167	-5.11312	7.81663	12.9298
spk_ver/v10/v1041	SES167	-0.949939	13.1999	14.1499
spk_ver/v10/v1042	SES087	1.40409	16.1078	14.7037
spk_ver/v10/v1043	SES029	1.03367	16.5248	15.4911
spk_ver/v10/v1044	SES206	1.02603	17.2313	16.2052
spk_ver/v10/v1045	SES172	-2.07355	11.7087	13.7822
spk_ver/v10/v1046	SES172	1.29701	16.8181	15.5211
spk_ver/v10/v1047	SES172	-1.23862	13.8454	15.084
spk_ver/v10/v1048	SES259	3.45939	18.9234	15.464
spk_ver/v10/v1049	SES172	-4.70471	11.0752	15.7799
spk_ver/v10/v1050	SES120	0.991333	15.0501	14.0587
spk_ver/v10/v1051	SES172	-2.9924	12.8255	15.8179
spk_ver/v10/v1052	SES172	-2.16499	12.7061	14.8711
spk_ver/v10/v1053	SES172	-3.33187	12.0258	15.3577
spk_ver/v10/v1054	SES172	-2.99457	11.7828	14.7774
spk_ver/v10/v1055	SES189	2.49688	14.1313	11.6345
spk_ver/v10/v1056	SES172	-2.54638	11.9651	14.5114
spk_ver/v10/v1057	SES172	-1.87026	12.3188	14.189
spk_ver/v10/v1058	SES172	-1.0689	14.2731	15.342
spk_ver/v10/v1059	SES172	-3.67665	11.8308	15.5074
spk_ver/v10/v1060	SES029	0.441721	16.9971	16.5554
spk_ver/v10/v1061	SES175	-6.74927	7.87165	14.6209
spk_ver/v10/v1062	SES187	0.512756	17.054	16.5413
spk_ver/v10/v1063	SES019	3.33953	16.2986	12.959
spk_ver/v10/v1064	SES175	-4.28242	10.4269	14.7093
spk_ver/v10/v1065	SES175	-4.98413	9.87624	14.8604
spk_ver/v10/v1066	SES175	-6.48879	5.87209	12.3609
spk_ver/v10/v1067	SES175	-2.34464	11.6141	13.9588
spk_ver/v10/v1068	SES175	-3.10209	10.0542	13.1563
spk_ver/v10/v1069	SES016	2.82925	18.3881	15.5589
spk_ver/v10/v1070	SES175	-2.06554	12.605	14.6706
spk_ver/v10/v1071	SES175	-1.76402	14.4374	16.2014
spk_ver/v10/v1072	SES175	-4.86892	9.76825	14.6372
spk_ver/v10/v1073	SES029	0.837735	16.1659	15.3282
spk_ver/v10/v1074	SES175	-2.52125	12.357	14.8782
spk_ver/v10/v1075	SES175	-1.03397	15.3012	16.3351
spk_ver/v10/v1076	SES175	-0.865267	16.0515	16.9167
spk_ver/v10/v1077	SES175	-2.89463	13.7647	16.6593
spk_ver/v10/v1078	SES127	1.52994	18.2426	16.7127
spk_ver/v10/v1079	SES175	-3.46016	13.3533	16.8134
spk_ver/v10/v1080	SES175	-2.83907	10.5185	13.3576
spk_ver/v10/v1081	SES175	-4.39743	9.71414	14.1116
spk_ver/v10/v1082	SES175	-3.34313	12.9964	16.3395
spk_ver/v10/v1083	SES007	1.52219	15.2632	13.741
spk_ver/v10/v1084	SES068	1.1566	17.9161	16.7595
spk_ver/v10/v1085	SES008	0.65546	17.57	16.9145
spk_ver/v10/v1086	SES175	-1.33568	14.6492	15.9848
spk_ver/v10/v1087	SES175	-2.625	12.6983	15.3233
spk_ver/v10/v1088	SES008	1.61488	17.2831	15.6682
spk_ver/v10/v1089	SES177	-2.57064	14.0861	16.6567
spk_ver/v10/v1090	SES177	-4.33435	10.5943	14.9286
spk_ver/v10/v1091	SES177	-4.36424	9.3792	13.7434
spk_ver/v10/v1092	SES177	-0.742819	13.4357	14.1785
spk_ver/v10/v1093	SES177	-4.3865	10.5333	14.9198
spk_ver/v10/v1094	SES002	1.65118	17.6939	16.0428
spk_ver/v10/v1095	SES104	1.78416	17.4833	15.6991
spk_ver/v10/v1096	SES177	-1.34651	13.8274	15.174
spk_ver/v10/v1097	SES177	-1.77922	10.2472	12.0264
spk_ver/v10/v1098	SES177	-3.02598	13.5381	16.5641
spk_ver/v10/v1099	SES177	-0.625193	14.2058	14.831
spk_ver/v11/v1100	SES177	-3.16166	10.6405	13.8022
spk_ver/v11/v1101	SES085	0.958955	16.9324	15.9734
spk_ver/v11/v1102	SES187	1.2665	16.6543	15.3878
spk_ver/v11/v1103	SES177	-1.1043	13.3253	14.4296
spk_ver/v11/v1104	SES177	0.510561	16.4063	15.8958
spk_ver/v11/v1105	SES177	-0.651633	14.4717	15.1233
spk_ver/v11/v1106	SES177	-3.29455	11.9914	15.286
spk_ver/v11/v1107	SES177	-1.15696	14.4292	15.5862
spk_ver/v11/v1108	SES177	-0.525671	15.4569	15.9825
spk_ver/v11/v1109	SES125	1.80373	16.6044	14.8007
spk_ver/v11/v1110	SES177	-3.47857	11.5559	15.0344
spk_ver/v11/v1111	SES177	-1.62124	14.4211	16.0423
spk_ver/v11/v1112	SES177	-3.92558	11.1653	15.0909
spk_ver/v11/v1113	SES177	-5.26943	10.2638	15.5332
spk_ver/v11/v1114	SES177	-1.26314	12.9041	14.1672
spk_ver/v11/v1115	SES177	-2.13263	10.758	12.8907
spk_ver/v11/v1116	SES085	1.15264	18.3682	17.2155
spk_ver/v11/v1117	SES147	1.00005	15.1872	14.1872
spk_ver/v11/v1118	SES177	-1.25372	12.6036	13.8574
spk_ver/v11/v1119	SES177	-3.59149	10.4033	13.9947
spk_ver/v11/v1120	SES180	-6.21258	8.54415	14.7567
spk_ver/v11/v1121	SES189	0.813729	14.0655	13.2518
spk_ver/v11/v1122	SES117	2.26093	13.4142	11.1533
spk_ver/v11/v1123	SES129	2.40059	17.754	15.3534
spk_ver/v11/v1124	SES180	-1.24976	13.839	15.0887
spk_ver/v11/v1125	SES180	-0.789295	15.2646	16.0539
spk_ver/v11/v1126	SES180	-1.29266	14.6315	15.9241
spk_ver/v11/v1127	SES180	-3.39148	11.813	15.2045
spk_ver/v11/v1128	SES016	1.04604	15.4217	14.3757
spk_ver/v11/v1129	SES158	1.40934	15.8159	14.4066
spk_ver/v11/v1130	SES180	-2.87886	12.0975	14.9764
spk_ver/v11/v1131	SES180	-3.86351	14.0239	17.8874
spk_ver/v11/v1132	SES180	-1.5891	12.8968	14.4859
spk_ver/v11/v1133	SES180	-3.94017	12.2901	16.2303
spk_ver/v11/v1134	SES180	-2.3886	11.227	13.6156
spk_ver/v11/v1135	SES180	-2.0516	13.6887	15.7403
spk_ver/v11/v1136	SES180	-5.34762	6.2267	11.5743
spk_ver/v11/v1137	SES148	0.515183	15.5455	15.0304
spk_ver/v11/v1138	SES104	1.96482	19.998	18.0331
spk_ver/v11/v1139	SES180	-5.14897	7.68553	12.8345
spk_ver/v11/v1140	SES083	1.07296	16.1942	15.1213
spk_ver/v11/v1141	SES180	-4.55974	10.2528	14.8125
spk_ver/v11/v1142	SES180	-3.17385	11.0174	14.1912
spk_ver/v11/v1143	SES180	-2.68722	11.1635	13.8507
spk_ver/v11/v1144	SES099	2.15988	16.1648	14.0049
spk_ver/v11/v1145	SES180	-2.10397	13.2544	15.3584
spk_ver/v11/v1146	SES183	-3.51812	12.016	15.5341
spk_ver/v11/v1147	SES183	-1.83863	14.2444	16.083
spk_ver/v11/v1148	SES183	-5.05505	8.27168	13.3267
spk_ver/v11/v1149	SES183	-6.64424	9.48714	16.1314
spk_ver/v11/v1150	SES183	-6.52901	8.17986	14.7089
spk_ver/v11/v1151	SES082	1.55928	16.398	14.8387
spk_ver/v11/v1152	SES183	-2.23825	10.4974	12.7357
spk_ver/v11/v1153	SES183	-1.40326	12.8094	14.2126
spk_ver/v11/v1154	SES002	1.51522	18.1361	16.6209
spk_ver/v11/v1155	SES183	-2.57001	11.9007	14.4707
spk_ver/v11/v1156	SES183	-4.2516	8.81573	13.0673
spk_ver/v11/v1157	SES183	-3.20627	13.0472	16.2535
spk_ver/v11/v1158	SES183	-1.0005	14.3795	15.38
spk_ver/v11/v1159	SES183	-1.619	13.4069	15.0259
spk_ver/v11/v1160	SES183	-6.19087	7.80369	13.9946
spk_ver/v11/v1161	SES183	-3.52116	8.06801	11.5892
spk_ver/v11/v1162	SES105	1.70257	16.2269	14.5243
spk_ver/v11/v1163	SES183	-4.50102	10.8087	15.3097
spk_ver/v11/v1164	SES259	3.17628	17.9156	14.7393
spk_ver/v11/v1165	SES183	-1.98404	12.8488	14.8328
spk_ver/v11/v1166	SES183	-6.25083	9.00345	15.2543
spk_ver/v11/v1167	SES183	-1.39511	12.0397	13.4348
spk_ver/v11/v1168	SES183	-2.14542	14.2299	16.3753
spk_ver/v11/v1169	SES183	-5.65391	9.85604	15.5099
spk_ver/v11/v1170	SES183	-3.69344	12.7169	16.4104
spk_ver/v11/v1171	SES183	-7.95753	5.6452	13.6027
spk_ver/v11/v1172	SES187	-2.87171	11.6982	14.5699
spk_ver/v11/v1173	SES019	3.93923	16.086	12.1468
spk_ver/v11/v1174	SES187	-3.37075	9.17308	12.5438
spk_ver/v11/v1175	SES187	-2.6775	10.4362	13.1137
spk_ver/v11/v1176	SES083	1.00072	17.6184	16.6177
spk_ver/v11/v1177	SES187	-5.01788	8.44608	13.464
spk_ver/v11/v1178	SES187	-4.44755	9.71273	14.1603
spk_ver/v11/v1179	SES187	-1.85112	12.5147	14.3658
spk_ver/v11/v1180	SES187	-1.07463	12.8146	13.8892
spk_ver/v11/v1181	SES187	-4.61006	12.0194	16.6295
spk_ver/v11/v1182	SES187	-1.30813	15.0965	16.4047
spk_ver/v11/v1183	SES187	-2.90194	10.2676	13.1695
spk_ver/v11/v1184	SES187	-0.369297	14.259	14.6283
spk_ver/v11/v1185	SES127	1.59468	17.3243	15.7296
spk_ver/v11/v1186	SES187	-1.29078	13.5996	14.8903
spk_ver/v11/v1187	SES187	-1.45593	14.8347	16.2906
spk_ver/v11/v1188	SES187	-1.81024	11.9716	13.7818
spk_ver/v11/v1189	SES042	1.76341	18.2296	16.4662
spk_ver/v11/v1190	SES187	-1.47701	12.9199	14.397
spk_ver/v11/v1191	SES187	-4.2903	8.72094	13.0112
spk_ver/v11/v1192	SES187	-3.93765	9.28688	13.2245
spk_ver/v11/v1193	SES183	1.19819	15.3556	14.1574
spk_ver/v11/v1194	SES187	-2.47699	11.4061	13.8831
spk_ver/v11/v1195	SES187	-3.43848	10.7108	14.1493
spk_ver/v11/v1196	SES146	1.92588	14.6286	12.7028
spk_ver/v11/v1197	SES189	-4.79333	11.3519	16.1452
spk_ver/v11/v1198	SES175	1.93829	16.4356	14.4973
spk_ver/v11/v1199	SES189	-4.41842	8.714	13.1324
spk_ver/v12/v1200	SES189	-2.02495	15.2381	17.263
spk_ver/v12/v1201	SES177	1.28082	17.1571	15.8763
spk_ver/v12/v1202	SES189	-2.09608	11.729	13.8251
spk_ver/v12/v1203	SES143	0.969212	15.1374	14.1682
spk_ver/v12/v1204	SES189	-2.44513	12.7666	15.2117
spk_ver/v12/v1205	SES189	-1.85828	14.7932	16.6514
spk_ver/v12/v1206	SES189	-4.57137	7.99985	12.5712
spk_ver/v12/v1207	SES189	-3.66934	11.0776	14.7469
spk_ver/v12/v1208	SES189	-3.70763	14.2573	17.9649
spk_ver/v12/v1209	SES189	-5.44802	7.74428	13.1923
spk_ver/v12/v1210	SES189	-0.691966	13.5061	14.1981
spk_ver/v12/v1211	SES062	1.99678	18.3185	16.3217
spk_ver/v12/v1212	SES189	-3.0399	12.3411	15.381
spk_ver/v12/v1213	SES048	1.79856	17.4615	15.6629
spk_ver/v12/v1214	SES042	3.38243	19.6514	16.269
spk_ver/v12/v1215	SES008	2.30477	17.986	15.6812
spk_ver/v12/v1216	SES202	-5.75402	10.927	16.681
spk_ver/v12/v1217	SES202	-3.35864	10.4187	13.7773
spk_ver/v12/v1218	SES085	1.31411	18.7542	17.4401
spk_ver/v12/v1219	SES202	-2.7619	13.0921	15.854
spk_ver/v12/v1220	SES202	-2.23168	13.9476	16.1793
spk_ver/v12/v1221	SES202	-1.80189	12.3984	14.2003
spk_ver/v12/v1222	SES202	-7.46325	6.56139	14.0246
spk_ver/v12/v1223	SES158	1.04645	15.7173	14.6708
spk_ver/v12/v1224	SES202	-2.15668	11.7221	13.8788
spk_ver/v12/v1225	SES202	-3.37213	11.5868	14.959
spk_ver/v12/v1226	SES202	-3.99353	12.0002	15.9937
spk_ver/v12/v1227	SES202	-3.11819	11.6675	14.7857
spk_ver/v12/v1228	SES177	1.07867	16.0008	14.9222
spk_ver/v12/v1229	SES202	-3.95643	11.8648	15.8213
spk_ver/v12/v1230	SES202	-2.97603	11.7266	14.7026
spk_ver/v12/v1231	SES202	-4.06041	10.9831	15.0435
spk_ver/v12/v1232	SES202	-2.65785	10.1164	12.7743
spk_ver/v12/v1233	SES206	1.5672	18.1154	16.5482
spk_ver/v12/v1234	SES202	-6.14803	7.01037	13.1584
spk_ver/v12/v1235	SES202	-2.78882	13.2143	16.0031
spk_ver/v12/v1236	SES125	2.38715	16.6276	14.2404
spk_ver/v12/v1237	SES127	0.864279	16.1908	15.3265
spk_ver/v12/v1238	SES202	2.94756	16.837	13.8894
spk_ver/v12/v1239	SES167	2.09629	18.0256	15.9293
spk_ver/v12/v1240	SES206	-5.15482	9.37176	14.5266
spk_ver/v12/v1241	SES206	-5.03114	9.55484	14.586
spk_ver/v12/v1242	SES206	-1.42509	14.9941	16.4192
spk_ver/v12/v1243	SES206	-2.91312	11.4094	14.3225
spk_ver/v12/v1244	SES259	3.01699	17.5018	14.4848
spk_ver/v12/v1245	SES206	-3.01833	12.8226	15.8409
spk_ver/v12/v1246	SES206	-2.88551	13.2755	16.161
spk_ver/v12/v1247	SES206	-1.67192	13.4934	15.1654
spk_ver/v12/v1248	SES206	-5.30522	7.67839	12.9836
spk_ver/v12/v1249	SES270	2.85891	15.6332	12.7743
spk_ver/v12/v1250	SES206	-4.11566	10.1167	14.2324
spk_ver/v12/v1251	SES206	-2.42373	13.7085	16.1322
spk_ver/v12/v1252	SES206	-2.34177	12.6691	15.0109
spk_ver/v12/v1253	SES206	-1.0169	14.0724	15.0893
spk_ver/v12/v1254	SES206	-2.50548	10.9743	13.4798
spk_ver/v12/v1255	SES125	2.12584	17.2981	15.1723
spk_ver/v12/v1256	SES206	-5.77187	10.074	15.8459
spk_ver/v12/v1257	SES206	-4.55214	11.1553	15.7074
spk_ver/v12/v1258	SES206	-2.5288	12.2269	14.7557
spk_ver/v12/v1259	SES206	-4.8145	10.112	14.9265
spk_ver/v12/v1260	SES206	-4.93346	9.20492	14.1384
spk_ver/v12/v1261	SES206	-5.27778	10.6649	15.9427
spk_ver/v12/v1262	SES206	-5.63442	9.2363	14.8707
spk_ver/v12/v1263	SES206	-3.43618	12.1775	15.6137
spk_ver/v12/v1264	SES149	0.970224	17.2447	16.2745
spk_ver/v12/v1265	SES206	-1.16626	11.3512	12.5175
spk_ver/v12/v1266	SES206	-4.53813	10.1875	14.7256
spk_ver/v12/v1267	SES206	-0.923048	10.4973	11.4203
spk_ver/v12/v1268	SES206	-3.20279	10.4101	13.6129
spk_ver/v12/v1269	SES206	-5.94996	7.29068	13.2406
spk_ver/v12/v1270	SES206	-7.06126	4.19628	11.2575
spk_ver/v12/v1271	SES226	-5.60267	7.70593	13.3086
spk_ver/v12/v1272	SES226	-1.08813	15.9883	17.0764
spk_ver/v12/v1273	SES226	-4.71579	11.6696	16.3854
spk_ver/v12/v1274	SES226	-5.03739	9.11	14.1474
spk_ver/v12/v1275	SES226	-0.942449	12.0585	13.0009
spk_ver/v12/v1276	SES226	-5.23599	8.98297	14.219
spk_ver/v12/v1277	SES226	-1.11168	14.6835	15.7952
spk_ver/v12/v1278	SES226	-0.800765	13.4258	14.2266
spk_ver/v12/v1279	SES226	-5.06926	11.3749	16.4441
spk_ver/v12/v1280	SES226	-3.84596	11.8028	15.6488
spk_ver/v12/v1281	SES226	-1.76486	13.0599	14.8248
spk_ver/v12/v1282	SES226	-3.17392	11.3727	14.5466
spk_ver/v12/v1283	SES143	1.99521	16.1334	14.1382
spk_ver/v12/v1284	SES226	-4.29103	12.5431	16.8341
spk_ver/v12/v1285	SES226	-2.61644	12.7571	15.3736
spk_ver/v12/v1286	SES226	-2.63498	10.7141	13.3491
spk_ver/v12/v1287	SES226	-3.14343	12.1102	15.2536
spk_ver/v12/v1288	SES226	-5.42475	9.76568	15.1904
spk_ver/v12/v1289	SES104	2.06237	16.8807	14.8184
spk_ver/v12/v1290	SES008	3.31443	17.2943	13.9799
spk_ver/v12/v1291	SES226	-1.08071	13.7246	14.8054
spk_ver/v12/v1292	SES259	-4.71416	9.44548	14.1596
spk_ver/v12/v1293	SES062	1.36444	17.6694	16.305
spk_ver/v12/v1294	SES099	1.50437	15.0196	13.5153
spk_ver/v12/v1295	SES158	1.23147	14.4717	13.2403
spk_ver/v12/v1296	SES259	-4.24943	12.3611	16.6105
spk_ver/v12/v1297	SES259	-6.01862	9.11139	15.13
spk_ver/v12/v1298	SES259	-4.19068	11.4134	15.6041
spk_ver/v12/v1299	SES259	-5.15324	9.39689	14.5501
spk_ver/v13/v1300	SES120	1.80198	15.1198	13.3178
spk_ver/v13/v1301	SES259	-7.2229	7.56218	14.7851
spk_ver/v13/v1302	SES259	-5.8925	8.04053	13.933
spk_ver/v13/v1303	SES129	1.77185	16.8142	15.0424
spk_ver/v13/v1304	SES259	-3.42429	10.5932	14.0175
spk_ver/v13/v1305	SES259	-6.1401	7.41948	13.5596
spk_ver/v13/v1306	SES106	1.55666	16.2792	14.7225
spk_ver/v13/v1307	SES259	-4.35642	10.2192	14.5756
spk_ver/v13/v1308	SES259	-2.20319	12.1541	14.3573
spk_ver/v13/v1309	SES259	-5.27957	10.3735	15.6531
spk_ver/v13/v1310	SES259	-5.5407	10.802	16.3427
spk_ver/v13/v1311	SES259	-3.99931	11.4377	15.437
spk_ver/v13/v1312	SES259	-4.7038	11.4651	16.1689
spk_ver/v13/v1313	SES144	1.13083	16.3496	15.2188
spk_ver/v13/v1314	SES259	-5.70475	9.11353	14.8183
spk_ver/v13/v1315	SES162	2.14887	16.8295	14.6807
spk_ver/v13/v1316	SES206	0.895405	16.8703	15.9749
spk_ver/v13/v1317	SES175	1.33155	15.3949	14.0633
spk_ver/v13/v1318	SES259	-5.65515	8.32284	13.978
spk_ver/v13/v1319	SES259	-4.68917	9.93188	14.6211
spk_ver/v13/v1320	SES270	-0.367083	14.5153	14.8823
spk_ver/v13/v1321	SES101	0.723095	16.202	15.479
spk_ver/v13/v1322	SES177	0.991533	17.3752	16.3836
spk_ver/v13/v1323	SES127	0.950857	17.6501	16.6992
spk_ver/v13/v1324	SES270	-4.87745	9.34679	14.2242
spk_ver/v13/v1325	SES062	0.613403	17.0778	16.4644
spk_ver/v13/v1326	SES270	0.184191	13.9448	13.7606
spk_ver/v13/v1327	SES120	0.838465	13.3735	12.535
spk_ver/v13/v1328	SES270	-4.90904	8.91179	13.8208
spk_ver/v13/v1329	SES270	-5.14029	11.7597	16.9
spk_ver/v13/v1330	SES270	-0.219707	13.7707	13.9904
spk_ver/v13/v1331	SES270	-4.93363	11.8946	16.8282
spk_ver/v13/v1332	SES270	-0.795809	15.4606	16.2564
spk_ver/v13/v1333	SES270	-3.14639	11.6115	14.7579
spk_ver/v13/v1334	SES270	-4.25671	11.6174	15.8741
spk_ver/v13/v1335	SES270	0.093586	15.3692	15.2756
spk_ver/v13/v1336	SES270	-1.51379	12.7219	14.2357
spk_ver/v13/v1337	SES016	2.12599	17.6136	15.4876
spk_ver/v13/v1338	SES270	-5.30112	11.3207	16.6218
spk_ver/v13/v1339	SES002	1.26325	17.1535	15.8902
spk_ver/v13/v1340	SES105	2.80182	16.2266	13.4248
spk_ver/v13/v1341	SES275	-2.64868	11.7302	14.3789
spk_ver/v13/v1342	SES187	1.01545	15.8508	14.8353
spk_ver/v13/v1343	SES275	-2.20617	12.1416	14.3477
spk_ver/v13/v1344	SES275	-3.84939	10.0425	13.8919
spk_ver/v13/v1345	SES275	-2.75789	11.3108	14.0687
spk_ver/v13/v1346	SES275	-5.11585	9.77719	14.893
spk_ver/v13/v1347	SES275	-3.30379	10.8255	14.1293
spk_ver/v13/v1348	SES180	0.712782	16.3197	15.6069
spk_ver/v13/v1349	SES275	-2.54775	10.4663	13.014
spk_ver/v13/v1350	SES275	-1.44523	14.4368	15.8821
spk_ver/v13/v1351	SES275	-3.39056	6.78885	10.1794
spk_ver/v13/v1352	SES275	-2.31147	13.5138	15.8253
spk_ver/v13/v1353	SES275	-2.31786	9.21431	11.5322
spk_ver/v13/v1354	SES189	2.6294	13.6794	11.05
spk_ver/v13/v1355	SES068	1.02034	17.7833	16.7629
spk_ver/v13/v1356	SES275	-2.83516	9.67946	12.5146
spk_ver/v13/v1357	SES048	0.395159	15.6452	15.25
spk_ver/v13/v1358	SES226	2.45107	19.206	16.755
spk_ver/v13/v1359	SES016	1.26922	17.6535	16.3843
spk_ver/v13/v1360	SES275	-2.50532	11.6646	14.1699
spk_ver/v13/v1361	SES068	1.36494	17.8412	16.4762
spk_ver/v13/v1362	SES275	-3.48703	10.8469	14.3339
spk_ver/v13/v1363	SES275	-3.47716	11.0121	14.4893
spk_ver/v13/v1364	SES275	-3.27529	10.5998	13.8751
spk_ver/v13/v1365	SES275	-1.43936	14.5017	15.9411
spk_ver/v13/v1366	SES187	1.04292	16.7687	15.7258
spk_ver/v13/v1367	SES275	-4.12257	9.31046	13.433
spk_ver/v13/v1368	SES125	1.68064	16.4678	14.7872
spk_ver/v13/v1369	SES275	-2.39457	9.28544	11.68
spk_ver/v13/v1370	SES292	-2.22591	12.6097	14.8356
spk_ver/v13/v1371	SES292	-1.43279	13.7814	15.2142
spk_ver/v13/v1372	SES292	-2.11985	11.1063	13.2261
spk_ver/v13/v1373	SES292	-2.08362	12.4755	14.5591
spk_ver/v13/v1374	SES101	1.87063	16.2767	14.4061
spk_ver/v13/v1375	SES292	-2.41073	12.8809	15.2916
spk_ver/v13/v1376	SES292	-1.8696	13.5062	15.3758
spk_ver/v13/v1377	SES292	-3.69507	9.06991	12.765
spk_ver/v13/v1378	SES292	-1.27777	13.9431	15.2208
spk_ver/v13/v1379	SES292	-1.79097	12.2537	14.0447
spk_ver/v13/v1380	SES292	-1.9184	13.3328	15.2512
spk_ver/v13/v1381	SES292	-1.41853	16.4028	17.8214
spk_ver/v13/v1382	SES292	-1.64893	12.2686	13.9175
spk_ver/v13/v1383	SES292	-1.72464	12.3238	14.0484
spk_ver/v13/v1384	SES292	-1.47067	13.4469	14.9176
spk_ver/v13/v1385	SES292	-1.56326	13.8354	15.3987
spk_ver/v13/v1386	SES292	-1.26831	12.9795	14.2478
spk_ver/v13/v1387	SES158	1.95527	13.5084	11.5531
spk_ver/v13/v1388	SES292	-0.987339	16.0122	16.9995
spk_ver/v13/v1389	SES292	-1.12364	17.2559	18.3795
spk_ver/v13/v1390	SES292	-1.6422	14.5839	16.2261
spk_ver/v13/v1391	SES292	-1.99494	13.3505	15.3455
spk_ver/v13/v1392	SES292	-2.99785	11.6475	14.6453
spk_ver/v13/v1393	SES292	-1.53594	13.6804	15.2163
spk_ver/v13/v1394	SES292	-1.73143	13.895	15.6265
spk_ver/v13/v1395	SES292	-1.53696	13.3425	14.8795
spk_ver/v13/v1396	SES117	1.57321	14.0987	12.5255
spk_ver/v13/v1397	SES292	-2.93626	12.588	15.5242
spk_ver/v13/v1398	SES292	-1.91649	11.068	12.9845
spk_ver/v13/v1399	SES292	-0.220783	14.9527	15.1735
