spk_ver/v00/v0000	SES146	0.927505	-83.6962	-84.6237
spk_ver/v00/v0001	SES002	-5.58142	-91.0591	-85.4777
spk_ver/v00/v0002	SES002	-3.53502	-88.3282	-84.7932
spk_ver/v00/v0003	SES002	-1.20103	-84.5428	-83.3417
spk_ver/v00/v0004	SES002	-2.30401	-85.9983	-83.6943
spk_ver/v00/v0005	SES002	-13.0438	-103.227	-90.1832
spk_ver/v00/v0006	SES002	-0.840614	-83.088	-82.2474
spk_ver/v00/v0007	SES002	-2.00974	-85.0724	-83.0626
spk_ver/v00/v0008	SES146	11.9377	-94.0787	-106.016
spk_ver/v00/v0009	SES002	-0.232735	-81.4566	-81.2239
spk_ver/v00/v0010	SES002	1.25373	-79.2187	-80.4725
spk_ver/v00/v0011	SES002	0.210716	-81.6608	-81.8715
spk_ver/v00/v0012	SES002	1.26671	-77.9992	-79.2659
spk_ver/v00/v0013	SES002	1.43018	-78.1533	-79.5835
spk_ver/v00/v0014	SES002	0.962234	-79.6311	-80.5933
spk_ver/v00/v0015	SES002	-1.04457	-82.6334	-81.5888
spk_ver/v00/v0016	SES275	-1.50813	-83.7143	-82.2062
spk_ver/v00/v0017	SES002	1.97348	-78.887	-80.8605
spk_ver/v00/v0018	SES002	-0.27774	-83.5581	-83.2803
spk_ver/v00/v0019	SES002	-1.41825	-82.9737	-81.5555
spk_ver/v00/v0020	SES002	-3.42671	-88.7339	-85.3072
spk_ver/v00/v0021	SES002	-12.9358	-104.069	-91.1328
spk_ver/v00/v0022	SES002	1.44387	-79.5783	-81.0221
spk_ver/v00/v0023	SES002	-0.230232	-80.571	-80.3408
spk_ver/v00/v0024	SES002	-25.574	-126.229	-100.655
spk_ver/v00/v0025	SES002	-0.170609	-81.6262	-81.4556
spk_ver/v00/v0026	SES002	-1.01826	-82.5872	-81.569
spk_ver/v00/v0027	SES129	1.33701	-92.7844	-94.1214
spk_ver/v00/v0028	SES007	-0.267769	-80.6938	-80.4261
spk_ver/v00/v0029	SES083	0.818687	-80.2216	-81.0403
spk_ver/v00/v0030	SES019	0.114113	-83.1802	-83.2943
spk_ver/v00/v0031	SES007	0.96434	-81.0027	-81.9671
spk_ver/v00/v0032	SES270	0.566452	-82.2165	-82.783
spk_ver/v00/v0033	SES007	0.780426	-80.0765	-80.857
spk_ver/v00/v0034	SES007	0.774178	-80.8932	-81.6674
spk_ver/v00/v0035	SES007	2.21303	-77.2274	-79.4404
spk_ver/v00/v0036	SES007	-2.50365	-83.6572	-81.1535
spk_ver/v00/v0037	SES007	-8.26405	-92.6016	-84.3376
spk_ver/v00/v0038	SES259	1.53542	-78.9625	-80.4979
spk_ver/v00/v0039	SES007	-23.055	-116.01	-92.9551
spk_ver/v00/v0040	SES007	-4.3521	-86.6441	-82.2919
spk_ver/v00/v0041	SES007	1.62086	-78.6533	-80.2741
spk_ver/v00/v0042	SES007	-0.0463562	-80.8842	-80.8378
spk_ver/v00/v0043	SES007	2.35484	-77.8061	-80.1609
spk_ver/v00/v0044	SES007	-3.73692	-85.8529	-82.116
spk_ver/v00/v0045	SES007	-0.109779	-80.6936	-80.5838
spk_ver/v00/v0046	SES007	-2.22951	-83.8288	-81.5992
spk_ver/v00/v0047	SES172	0.618919	-80.2917	-80.9106
spk_ver/v00/v0048	SES105	0.113922	-82.3337	-82.4476
spk_ver/v00/v0049	SES007	0.127556	-80.8119	-80.9394
spk_ver/v00/v0050	SES292	-0.133545	-83.2087	-83.0751
spk_ver/v00/v0051	SES007	0.954781	-80.4857	-81.4405
spk_ver/v00/v0052	SES068	0.904053	-79.7083	-80.6124
spk_ver/v00/v0053	SES008	-0.0873032	-79.2768	-79.1895
spk_ver/v00/v0054	SES008	-1.922	-85.3036	-83.3816
spk_ver/v00/v0055	SES008	0.276878	-82.0265	-82.3033
spk_ver/v00/v0056	SES008	-0.740547	-82.5677	-81.8271
spk_ver/v00/v0057	SES008	-0.607651	-85.5883	-84.9807
spk_ver/v00/v0058	SES083	2.4832	-77.8451	-80.3283
spk_ver/v00/v0059	SES158	2.58043	-78.1795	-80.7599
spk_ver/v00/v0060	SES008	-0.369232	-80.1956	-79.8264
spk_ver/v00/v0061	SES101	-1.31849	-84.4772	-83.1588
spk_ver/v00/v0062	SES008	-0.811897	-83.2776	-82.4657
spk_ver/v00/v0063	SES008	-0.168091	-84.8132	-84.6451
spk_ver/v00/v0064	SES117	0.939217	-81.2802	-82.2194
spk_ver/v00/v0065	SES149	0.633568	-83.0486	-83.6821
spk_ver/v00/v0066	SES008	0.106873	-83.078	-83.1849
spk_ver/v00/v0067	SES008	-0.179398	-79.9208	-79.7414
spk_ver/v00/v0068	SES162	-0.999969	-83.9485	-82.9486
spk_ver/v00/v0069	SES008	-0.000671387	-87.7345	-87.7338
spk_ver/v00/v0070	SES008	0.389236	-79.4535	-79.8427
spk_ver/v00/v0071	SES008	-0.377129	-81.5794	-81.2023
spk_ver/v00/v0072	SES008	-0.35096	-80.44	-80.089
spk_ver/v00/v0073	SES008	-0.0482025	-81.2428	-81.1946
spk_ver/v00/v0074	SES008	-0.502975	-81.4521	-80.9492
spk_ver/v00/v0075	SES008	-1.48413	-83.7491	-82.2649
spk_ver/v00/v0076	SES167	0.263069	-82.8852	-83.1482
spk_ver/v00/v0077	SES008	-0.260811	-81.0808	-80.82
spk_ver/v00/v0078	SES177	0.681488	-80.0552	-80.7367
spk_ver/v00/v0079	SES008	0.20108	-82.1115	-82.3126
spk_ver/v00/v0080	SES008	-0.967484	-81.9384	-80.9709
spk_ver/v00/v0081	SES008	-0.526436	-83.8058	-83.2793
spk_ver/v00/v0082	SES008	-0.252823	-80.5434	-80.2906
spk_ver/v00/v0083	SES008	-1.00903	-83.4658	-82.4568
spk_ver/v00/v0084	SES144	1.18691	-79.8268	-81.0138
spk_ver/v00/v0085	SES008	-0.175224	-83.6293	-83.4541
spk_ver/v00/v0086	SES008	0.114212	-81.3436	-81.4578
spk_ver/v00/v0087	SES008	-0.314049	-81.2372	-80.9231
spk_ver/v00/v0088	SES008	-0.283485	-81.6702	-81.3868
spk_ver/v00/v0089	SES008	-0.142685	-80.8464	-80.7037
spk_ver/v00/v0090	SES142	3.59315	-77.567	-81.1602
spk_ver/v00/v0091	SES008	-0.813408	-82.46	-81.6465
spk_ver/v00/v0092	SES158	1.23601	-80.2826	-81.5186
spk_ver/v00/v0093	SES014	-0.0576706	-79.5564	-79.4987
spk_ver/v00/v0094	SES014	-0.384529	-83.3581	-82.9736
spk_ver/v00/v0095	SES014	-0.0304489	-81.5704	-81.5399
spk_ver/v00/v0096	SES014	-0.346481	-81.5362	-81.1897
spk_ver/v00/v0097	SES014	-0.329002	-83.764	-83.435
spk_ver/v00/v0098	SES014	-0.387932	-80.6247	-80.2367
spk_ver/v00/v0099	SES014	-2.19246	-83.4869	-81.2944
spk_ver/v01/v0100	SES127	1.80656	-78.5806	-80.3872
spk_ver/v01/v0101	SES014	-1.50604	-84.202	-82.6959
spk_ver/v01/v0102	SES014	-2.97396	-86.2681	-83.2941
spk_ver/v01/v0103	SES014	-1.07142	-82.0274	-80.956
spk_ver/v01/v0104	SES014	-1.54563	-83.7666	-82.221
spk_ver/v01/v0105	SES014	0.31205	-89.4384	-89.7505
spk_ver/v01/v0106	SES014	-0.591568	-81.8479	-81.2563
spk_ver/v01/v0107	SES014	-0.91925	-82.2017	-81.2825
spk_ver/v01/v0108	SES014	-2.95473	-87.9527	-84.998
spk_ver/v01/v0109	SES014	-2.55511	-84.027	-81.4719
spk_ver/v01/v0110	SES014	0.143433	-88.4457	-88.5892
spk_ver/v01/v0111	SES014	-0.15667	-81.6401	-81.4835
spk_ver/v01/v0112	SES014	-1.26179	-81.6582	-80.3964
spk_ver/v01/v0113	SES104	0.760414	-80.4534	-81.2138
spk_ver/v01/v0114	SES082	2.10574	-78.209	-80.3147
spk_ver/v01/v0115	SES087	0.157242	-81.1166	-81.2739
spk_ver/v01/v0116	SES014	-0.133438	-82.3133	-82.1798
spk_ver/v01/v0117	SES177	1.31635	-78.9029	-80.2192
spk_ver/v01/v0118	SES014	-1.4679	-86.0479	-84.58
spk_ver/v01/v0119	SES014	0.27314	-83.1756	-83.4487
spk_ver/v01/v0120	SES014	-3.26842	-87.1888	-83.9204
spk_ver/v01/v0121	SES146	2.20543	-85.1713	-87.3768
spk_ver/v01/v0122	SES014	2.10448	-88.9011	-91.0056
spk_ver/v01/v0123	SES014	-0.150414	-81.0881	-80.9376
spk_ver/v01/v0124	SES014	-1.43399	-83.8779	-82.4439
spk_ver/v01/v0125	SES014	-0.972801	-81.82	-80.8472
spk_ver/v01/v0126	SES016	-2.69715	-85.0685	-82.3714
spk_ver/v01/v0127	SES016	1.03286	-81.0785	-82.1113
spk_ver/v01/v0128	SES106	1.80365	-79.9174	-81.721
spk_ver/v01/v0129	SES016	0.478096	-80.1103	-80.5883
spk_ver/v01/v0130	SES016	-0.033226	-81.7838	-81.7506
spk_ver/v01/v0131	SES016	0.275307	-80.2939	-80.5692
spk_ver/v01/v0132	SES016	-1.83203	-83.9541	-82.122
spk_ver/v01/v0133	SES016	1.66437	-79.0104	-80.6748
spk_ver/v01/v0134	SES016	0.359627	-80.3373	-80.6969
spk_ver/v01/v0135	SES016	-3.69987	-89.9699	-86.27
spk_ver/v01/v0136	SES016	0.876289	-80.7659	-81.6422
spk_ver/v01/v0137	SES007	2.26871	-78.7232	-80.9919
spk_ver/v01/v0138	SES016	0.681755	-80.8483	-81.53
spk_ver/v01/v0139	SES016	1.31432	-79.0167	-80.331
spk_ver/v01/v0140	SES016	2.49909	-78.1747	-80.6738
spk_ver/v01/v0141	SES016	-31.257	-131.774	-100.517
spk_ver/v01/v0142	SES016	-3.13959	-86.2511	-83.1115
spk_ver/v01/v0143	SES016	-11.0036	-98.5349	-87.5313
spk_ver/v01/v0144	SES016	0.799812	-80.2997	-81.0995
spk_ver/v01/v0145	SES016	1.3414	-80.2585	-81.5999
spk_ver/v01/v0146	SES016	-33.7119	-134.322	-100.61
spk_ver/v01/v0147	SES016	0.0926056	-81.2818	-81.3744
spk_ver/v01/v0148	SES127	-1.04883	-83.3447	-82.2959
spk_ver/v01/v0149	SES016	-0.0822678	-80.8023	-80.72
spk_ver/v01/v0150	SES016	-5.72432	-89.6137	-83.8894
spk_ver/v01/v0151	SES147	-0.672249	-83.1145	-82.4423
spk_ver/v01/v0152	SES016	1.38959	-80.0388	-81.4284
spk_ver/v01/v0153	SES104	-1.64326	-85.7313	-84.0881
spk_ver/v01/v0154	SES016	-4.18674	-88.952	-84.7652
spk_ver/v01/v0155	SES016	-6.28228	-91.4435	-85.1612
spk_ver/v01/v0156	SES019	0.150589	-82.3238	-82.4744
spk_ver/v01/v0157	SES019	-1.64486	-84.3789	-82.734
spk_ver/v01/v0158	SES019	-0.274155	-82.3801	-82.1059
spk_ver/v01/v0159	SES007	2.31111	-78.4564	-80.7675
spk_ver/v01/v0160	SES019	-0.0889359	-80.5943	-80.5054
spk_ver/v01/v0161	SES019	-1.89016	-86.9464	-85.0562
spk_ver/v01/v0162	SES019	-2.09914	-85.7919	-83.6927
spk_ver/v01/v0163	SES189	5.17884	-78.9746	-84.1534
spk_ver/v01/v0164	SES019	-0.803543	-82.7653	-81.9617
spk_ver/v01/v0165	SES019	0.173767	-81.902	-82.0758
spk_ver/v01/v0166	SES019	0.113548	-80.6957	-80.8092
spk_ver/v01/v0167	SES019	-0.0980835	-81.109	-81.0109
spk_ver/v01/v0168	SES019	-19.3856	-137.929	-118.544
spk_ver/v01/v0169	SES019	-0.319023	-83.1757	-82.8567
spk_ver/v01/v0170	SES270	0.214813	-83.0987	-83.3135
spk_ver/v01/v0171	SES019	0.106537	-80.8787	-80.9852
spk_ver/v01/v0172	SES019	-0.455429	-81.8965	-81.441
spk_ver/v01/v0173	SES206	-0.242035	-83.6028	-83.3607
spk_ver/v01/v0174	SES019	0.994087	-80.5017	-81.4958
spk_ver/v01/v0175	SES014	0.261612	-80.4206	-80.6822
spk_ver/v01/v0176	SES019	0.2537	-79.5573	-79.811
spk_ver/v01/v0177	SES120	1.01803	-80.205	-81.2231
spk_ver/v01/v0178	SES019	-0.372131	-83.0493	-82.6772
spk_ver/v01/v0179	SES019	0.297523	-79.1804	-79.4779
spk_ver/v01/v0180	SES175	1.36987	-84.4022	-85.7721
spk_ver/v01/v0181	SES019	-0.189857	-81.7512	-81.5614
spk_ver/v01/v0182	SES019	-0.0836563	-79.9442	-79.8605
spk_ver/v01/v0183	SES029	0.531952	-79.6063	-80.1383
spk_ver/v01/v0184	SES029	-0.277496	-82.0867	-81.8092
spk_ver/v01/v0185	SES029	1.29771	-78.8505	-80.1482
spk_ver/v01/v0186	SES068	0.848457	-80.2592	-81.1077
spk_ver/v01/v0187	SES029	0.365906	-79.965	-80.3309
spk_ver/v01/v0188	SES029	-2.54716	-84.8974	-82.3502
spk_ver/v01/v0189	SES149	0.190811	-82.2424	-82.4332
spk_ver/v01/v0190	SES029	-6.50517	-92.8715	-86.3663
spk_ver/v01/v0191	SES029	-3.82738	-88.5626	-84.7352
spk_ver/v01/v0192	SES183	-0.121719	-81.225	-81.1032
spk_ver/v01/v0193	SES029	-1.90618	-86.0992	-84.193
spk_ver/v01/v0194	SES016	2.18439	-78.5175	-80.7019
spk_ver/v01/v0195	SES029	-0.0132523	-80.6829	-80.6696
spk_ver/v01/v0196	SES029	0.577446	-81.6353	-82.2128
spk_ver/v01/v0197	SES029	0.905533	-79.5409	-80.4464
spk_ver/v01/v0198	SES146	-1.2224	-82.6192	-81.3968
spk_ver/v01/v0199	SES029	0.37928	-80.731	-81.1103
spk_ver/v02/v0200	SES029	-0.323944	-81.8567	-81.5327
spk_ver/v02/v0201	SES068	1.52201	-79.1954	-80.7174
spk_ver/v02/v0202	SES148	8.80928	-86.6158	-95.4251
spk_ver/v02/v0203	SES029	-1.34023	-82.8415	-81.5013
spk_ver/v02/v0204	SES029	0.352669	-80.6301	-80.9827
spk_ver/v02/v0205	SES060	2.56203	-77.9039	-80.466
spk_ver/v02/v0206	SES127	1.9046	-78.4998	-80.4044
spk_ver/v02/v0207	SES029	0.0394135	-81.7908	-81.8303
spk_ver/v02/v0208	SES048	-4.27186	-118.697	-114.426
spk_ver/v02/v0209	SES029	0.935135	-79.3518	-80.287
spk_ver/v02/v0210	SES029	-2.63045	-85.1515	-82.521
spk_ver/v02/v0211	SES029	0.593277	-79.397	-79.9903
spk_ver/v02/v0212	SES042	-2.36991	-84.4748	-82.1049
spk_ver/v02/v0213	SES085	2.46542	-88.9623	-91.4277
spk_ver/v02/v0214	SES206	1.01324	-80.0993	-81.1125
spk_ver/v02/v0215	SES144	-2.38383	-88.3557	-85.9719
spk_ver/v02/v0216	SES042	-4.70967	-89.9378	-85.2282
spk_ver/v02/v0217	SES042	-1.88801	-86.0693	-84.1813
spk_ver/v02/v0218	SES042	-24.7187	-132.065	-107.346
spk_ver/v02/v0219	SES206	0.503601	-80.5314	-81.035
spk_ver/v02/v0220	SES019	1.54741	-80.4365	-81.9839
spk_ver/v02/v0221	SES007	0.222504	-80.9281	-81.1506
spk_ver/v02/v0222	SES042	-0.61879	-81.9268	-81.3081
spk_ver/v02/v0223	SES147	0.472488	-84.1741	-84.6466
spk_ver/v02/v0224	SES105	0.668602	-84.1242	-84.7928
spk_ver/v02/v0225	SES042	-1.47165	-83.98	-82.5083
spk_ver/v02/v0226	SES275	5.77046	-88.1879	-93.9583
spk_ver/v02/v0227	SES042	-1.13851	-83.2344	-82.0959
spk_ver/v02/v0228	SES042	0.367317	-79.9087	-80.276
spk_ver/v02/v0229	SES042	-0.623894	-81.5777	-80.9538
spk_ver/v02/v0230	SES085	-0.25341	-80.5893	-80.3359
spk_ver/v02/v0231	SES014	0.29306	-79.9917	-80.2848
spk_ver/v02/v0232	SES042	-0.422073	-81.9476	-81.5256
spk_ver/v02/v0233	SES048	-0.642723	-81.6404	-80.9977
spk_ver/v02/v0234	SES048	-2.63561	-86.1029	-83.4673
spk_ver/v02/v0235	SES029	1.19686	-79.8681	-81.065
spk_ver/v02/v0236	SES048	-1.48413	-85.1958	-83.7117
spk_ver/v02/v0237	SES048	-0.842735	-81.8408	-80.998
spk_ver/v02/v0238	SES048	-0.664436	-81.5279	-80.8635
spk_ver/v02/v0239	SES060	2.16211	-78.107	-80.2691
spk_ver/v02/v0240	SES048	-1.94205	-85.2211	-83.2791
spk_ver/v02/v0241	SES048	-2.32339	-84.0665	-81.7431
spk_ver/v02/v0242	SES189	-0.214119	-87.8749	-87.6608
spk_ver/v02/v0243	SES162	2.23483	-79.3431	-81.5779
spk_ver/v02/v0244	SES048	-2.00674	-89.4605	-87.4537
spk_ver/v02/v0245	SES048	-0.443604	-80.7885	-80.3449
spk_ver/v02/v0246	SES048	-1.01582	-85.3031	-84.2873
spk_ver/v02/v0247	SES048	-1.63715	-87.2033	-85.5662
spk_ver/v02/v0248	SES226	0.13916	-82.4594	-82.5986
spk_ver/v02/v0249	SES048	-1.46777	-83.5347	-82.0669
spk_ver/v02/v0250	SES048	0.274574	-80.8507	-81.1252
spk_ver/v02/v0251	SES048	-3.78651	-100.353	-96.566
spk_ver/v02/v0252	SES060	0.698349	-81.8671	-82.5654
spk_ver/v02/v0253	SES060	-1.82072	-83.7227	-81.9019
spk_ver/v02/v0254	SES259	-2.42934	-86.0016	-83.5723
spk_ver/v02/v0255	SES060	2.12116	-80.3696	-82.4907
spk_ver/v02/v0256	SES202	2.71986	-79.2063	-81.9262
spk_ver/v02/v0257	SES148	3.24837	-85.0804	-88.3288
spk_ver/v02/v0258	SES060	-7.6077	-93.5115	-85.9038
spk_ver/v02/v0259	SES060	-5.15492	-87.5835	-82.4285
spk_ver/v02/v0260	SES060	-0.762146	-82.2689	-81.5068
spk_ver/v02/v0261	SES099	1.89406	-79.4724	-81.3665
spk_ver/v02/v0262	SES060	1.53316	-79.178	-80.7111
spk_ver/v02/v0263	SES060	-45.6545	-144.108	-98.453
spk_ver/v02/v0264	SES292	1.74454	-86.4806	-88.2251
spk_ver/v02/v0265	SES060	0.358765	-80.6043	-80.9631
spk_ver/v02/v0266	SES060	-7.98431	-93.0383	-85.054
spk_ver/v02/v0267	SES060	-22.7199	-112.971	-90.2516
spk_ver/v02/v0268	SES060	-15.4781	-103.283	-87.8046
spk_ver/v02/v0269	SES127	1.87289	-78.6033	-80.4762
spk_ver/v02/v0270	SES060	1.03237	-80.3648	-81.3972
spk_ver/v02/v0271	SES060	2.47617	-77.5415	-80.0177
spk_ver/v02/v0272	SES060	0.528229	-80.9904	-81.5186
spk_ver/v02/v0273	SES087	0.663345	-85.906	-86.5694
spk_ver/v02/v0274	SES146	-1.28561	-81.8246	-80.5389
spk_ver/v02/v0275	SES060	-11.9218	-97.3024	-85.3806
spk_ver/v02/v0276	SES002	2.00207	-79.2088	-81.2109
spk_ver/v02/v0277	SES060	-5.79414	-88.3042	-82.5101
spk_ver/v02/v0278	SES060	1.54453	-79.6143	-81.1589
spk_ver/v02/v0279	SES060	-6.09345	-89.2104	-83.1169
spk_ver/v02/v0280	SES129	0.997124	-80.1662	-81.1633
spk_ver/v02/v0281	SES162	2.22969	-78.7533	-80.983
spk_ver/v02/v0282	SES060	0.71344	-79.8236	-80.5371
spk_ver/v02/v0283	SES060	2.28117	-77.8684	-80.1496
spk_ver/v02/v0284	SES062	1.00252	-80.1478	-81.1503
spk_ver/v02/v0285	SES062	-0.843353	-83.2009	-82.3575
spk_ver/v02/v0286	SES120	-3.61648	-92.1682	-88.5517
spk_ver/v02/v0287	SES062	-5.85674	-93.0102	-87.1535
spk_ver/v02/v0288	SES062	-0.321762	-81.6794	-81.3576
spk_ver/v02/v0289	SES062	0.5336	-79.316	-79.8496
spk_ver/v02/v0290	SES062	1.08361	-78.7232	-79.8068
spk_ver/v02/v0291	SES275	3.35548	-86.1418	-89.4973
spk_ver/v02/v0292	SES062	0.402908	-81.4858	-81.8887
spk_ver/v02/v0293	SES062	0.322533	-81.4457	-81.7682
spk_ver/v02/v0294	SES062	0.158707	-80.3594	-80.5181
spk_ver/v02/v0295	SES062	-0.355934	-82.7595	-82.4036
spk_ver/v02/v0296	SES062	0.43502	-79.8662	-80.3012
spk_ver/v02/v0297	SES062	0.00177002	-81.3349	-81.3366
spk_ver/v02/v0298	SES062	-0.0258484	-81.7128	-81.687
spk_ver/v02/v0299	SES062	0.863289	-79.786	-80.6493
spk_ver/v03/v0300	SES062	0.0426712	-81.5614	-81.6041
spk_ver/v03/v0301	SES062	0.635796	-79.3464	-79.9822
spk_ver/v03/v0302	SES172	0.825165	-79.2022	-80.0274
spk_ver/v03/v0303	SES062	0.482811	-80.0815	-80.5643
spk_ver/v03/v0304	SES062	0.824181	-79.8745	-80.6986
spk_ver/v03/v0305	SES062	-0.977211	-83.5443	-82.5671
spk_ver/v03/v0306	SES062	-1.26097	-84.812	-83.5511
spk_ver/v03/v0307	SES062	-0.645157	-82.2579	-81.6127
spk_ver/v03/v0308	SES062	-0.0129852	-82.3789	-82.3659
spk_ver/v03/v0309	SES062	-9.1492	-101.002	-91.8528
spk_ver/v03/v0310	SES125	1.44301	-78.6886	-80.1316
spk_ver/v03/v0311	SES062	-22.5242	-129.459	-106.935
spk_ver/v03/v0312	SES062	-0.0108414	-82.1663	-82.1554
spk_ver/v03/v0313	SES062	1.17179	-79.2817	-80.4535
spk_ver/v03/v0314	SES068	0.224899	-80.8038	-81.0287
spk_ver/v03/v0315	SES068	0.660706	-79.4874	-80.1481
spk_ver/v03/v0316	SES068	0.012825	-83.5589	-83.5717
spk_ver/v03/v0317	SES068	1.16479	-80.374	-81.5387
spk_ver/v03/v0318	SES068	-0.518761	-82.4006	-81.8818
spk_ver/v03/v0319	SES068	0.0220108	-81.684	-81.706
spk_ver/v03/v0320	SES068	-0.995476	-83.3366	-82.3412
spk_ver/v03/v0321	SES068	0.125969	-81.416	-81.5419
spk_ver/v03/v0322	SES068	-0.252571	-82.0522	-81.7996
spk_ver/v03/v0323	SES068	0.828293	-80.4127	-81.241
spk_ver/v03/v0324	SES144	1.37684	-81.1874	-82.5642
spk_ver/v03/v0325	SES068	1.21475	-79.9711	-81.1858
spk_ver/v03/v0326	SES068	1.33616	-77.5905	-78.9267
spk_ver/v03/v0327	SES068	0.555481	-80.2626	-80.8181
spk_ver/v03/v0328	SES068	0.914711	-80.1555	-81.0702
spk_ver/v03/v0329	SES068	0.793861	-79.7187	-80.5126
spk_ver/v03/v0330	SES180	0.289055	-81.7186	-82.0076
spk_ver/v03/v0331	SES068	0.235863	-81.3508	-81.5867
spk_ver/v03/v0332	SES275	1.51066	-84.2394	-85.7501
spk_ver/v03/v0333	SES062	1.34142	-79.0559	-80.3973
spk_ver/v03/v0334	SES270	0.61924	-81.4003	-82.0195
spk_ver/v03/v0335	SES068	0.499321	-80.7857	-81.2851
spk_ver/v03/v0336	SES068	1.15225	-78.4017	-79.5539
spk_ver/v03/v0337	SES068	1.02314	-80.2807	-81.3038
spk_ver/v03/v0338	SES068	0.705109	-80.5067	-81.2118
spk_ver/v03/v0339	SES068	0.426346	-80.5365	-80.9628
spk_ver/v03/v0340	SES068	0.464638	-81.6911	-82.1557
spk_ver/v03/v0341	SES016	2.51909	-77.9296	-80.4487
spk_ver/v03/v0342	SES068	1.47702	-79.6036	-81.0806
spk_ver/v03/v0343	SES068	-1.61649	-84.1726	-82.5561
spk_ver/v03/v0344	SES125	1.66325	-78.9926	-80.6558
spk_ver/v03/v0345	SES187	0.325256	-81.4484	-81.7736
spk_ver/v03/v0346	SES068	-0.639954	-82.8645	-82.2245
spk_ver/v03/v0347	SES143	0.556747	-80.006	-80.5627
spk_ver/v03/v0348	SES292	0.535805	-82.7114	-83.2472
spk_ver/v03/v0349	SES082	1.29771	-79.6678	-80.9655
spk_ver/v03/v0350	SES101	1.76819	-78.5285	-80.2967
spk_ver/v03/v0351	SES082	1.94425	-78.9673	-80.9116
spk_ver/v03/v0352	SES082	-2.88853	-87.1728	-84.2843
spk_ver/v03/v0353	SES082	0.244461	-81.411	-81.6555
spk_ver/v03/v0354	SES082	-0.0467758	-81.6407	-81.5939
spk_ver/v03/v0355	SES083	1.97614	-78.3178	-80.2939
spk_ver/v03/v0356	SES082	-8.9626	-95.4459	-86.4833
spk_ver/v03/v0357	SES082	-6.45075	-91.0403	-84.5895
spk_ver/v03/v0358	SES082	1.15331	-80.2652	-81.4185
spk_ver/v03/v0359	SES117	2.36568	-81.3182	-83.6838
spk_ver/v03/v0360	SES082	-2.22277	-84.0542	-81.8314
spk_ver/v03/v0361	SES082	0.737877	-79.9145	-80.6524
spk_ver/v03/v0362	SES007	2.51192	-77.9493	-80.4612
spk_ver/v03/v0363	SES082	-5.67341	-89.4608	-83.7874
spk_ver/v03/v0364	SES019	0.921021	-80.7187	-81.6397
spk_ver/v03/v0365	SES082	-4.78235	-89.3249	-84.5425
spk_ver/v03/v0366	SES226	-0.400749	-82.2092	-81.8085
spk_ver/v03/v0367	SES167	0.908012	-80.0387	-80.9467
spk_ver/v03/v0368	SES082	-0.142677	-80.585	-80.4423
spk_ver/v03/v0369	SES042	2.20285	-78.5718	-80.7746
spk_ver/v03/v0370	SES042	2.16877	-78.0634	-80.2322
spk_ver/v03/v0371	SES082	-0.117149	-81.4716	-81.3545
spk_ver/v03/v0372	SES082	2.19464	-77.626	-79.8206
spk_ver/v03/v0373	SES082	1.81153	-78.53	-80.3416
spk_ver/v03/v0374	SES083	2.82986	-76.5733	-79.4031
spk_ver/v03/v0375	SES292	1.31281	-85.2854	-86.5982
spk_ver/v03/v0376	SES083	-2.27856	-84.3512	-82.0727
spk_ver/v03/v0377	SES083	-0.681778	-82.704	-82.0222
spk_ver/v03/v0378	SES083	1.81538	-80.0116	-81.827
spk_ver/v03/v0379	SES083	2.83076	-78.49	-81.3208
spk_ver/v03/v0380	SES083	-2.11945	-85.8784	-83.7589
spk_ver/v03/v0381	SES083	-11.2366	-95.3959	-84.1593
spk_ver/v03/v0382	SES148	-3.29086	-85.1393	-81.8484
spk_ver/v03/v0383	SES083	1.22078	-78.5996	-79.8204
spk_ver/v03/v0384	SES226	-0.699173	-82.2304	-81.5312
spk_ver/v03/v0385	SES226	2.41727	-85.2974	-87.7147
spk_ver/v03/v0386	SES087	1.31617	-89.909	-91.2251
spk_ver/v03/v0387	SES029	1.51798	-79.6601	-81.1781
spk_ver/v03/v0388	SES147	-0.813385	-82.6118	-81.7984
spk_ver/v03/v0389	SES083	-5.24915	-88.836	-83.5869
spk_ver/v03/v0390	SES189	3.80507	-78.2642	-82.0692
spk_ver/v03/v0391	SES083	1.7805	-78.7002	-80.4807
spk_ver/v03/v0392	SES083	1.84064	-77.9436	-79.7842
spk_ver/v03/v0393	SES083	-7.8247	-91.1506	-83.3259
spk_ver/v03/v0394	SES083	2.23341	-78.6209	-80.8543
spk_ver/v03/v0395	SES083	0.368538	-80.1723	-80.5408
spk_ver/v03/v0396	SES014	0.241188	-80.4618	-80.703
spk_ver/v03/v0397	SES085	-0.903046	-80.549	-79.646
spk_ver/v03/v0398	SES085	-0.825806	-80.1495	-79.3237
spk_ver/v03/v0399	SES085	-0.342682	-84.1441	-83.8015
spk_ver/v04/v0400	SES106	0.503998	-80.806	-81.31
spk_ver/v04/v0401	SES085	-1.00701	-81.8972	-80.8902
spk_ver/v04/v0402	SES085	-1.26474	-83.5932	-82.3285
spk_ver/v04/v0403	SES085	-0.637733	-80.3685	-79.7308
spk_ver/v04/v0404	SES180	1.70712	-78.464	-80.1711
spk_ver/v04/v0405	SES129	0.754921	-84.8368	-85.5917
spk_ver/v04/v0406	SES085	-0.869385	-84.5847	-83.7153
spk_ver/v04/v0407	SES146	-0.34893	-82.7882	-82.4393
spk_ver/v04/v0408	SES085	-0.727486	-80.4369	-79.7094
spk_ver/v04/v0409	SES085	0.114944	-83.003	-83.1179
spk_ver/v04/v0410	SES085	-0.232529	-84.7942	-84.5617
spk_ver/v04/v0411	SES292	2.85238	-88.1325	-90.9849
spk_ver/v04/v0412	SES085	-0.741753	-80.0056	-79.2638
spk_ver/v04/v0413	SES125	-0.11039	-81.5452	-81.4348
spk_ver/v04/v0414	SES085	-0.771736	-82.6573	-81.8855
spk_ver/v04/v0415	SES085	-0.732864	-82.9956	-82.2627
spk_ver/v04/v0416	SES085	-0.259018	-83.1263	-82.8673
spk_ver/v04/v0417	SES062	1.41765	-78.838	-80.2557
spk_ver/v04/v0418	SES060	3.05984	-77.4861	-80.5459
spk_ver/v04/v0419	SES085	-0.747597	-81.9525	-81.2049
spk_ver/v04/v0420	SES085	-1.16	-81.1993	-80.0393
spk_ver/v04/v0421	SES085	-0.778481	-84.2274	-83.4489
spk_ver/v04/v0422	SES085	0.0158768	-83.5316	-83.5474
spk_ver/v04/v0423	SES085	-1.06104	-83.0653	-82.0043
spk_ver/v04/v0424	SES085	-1.064	-81.9129	-80.8489
spk_ver/v04/v0425	SES183	-0.645409	-81.9136	-81.2682
spk_ver/v04/v0426	SES085	-0.344032	-83.7187	-83.3747
spk_ver/v04/v0427	SES087	0.690781	-87.1326	-87.8233
spk_ver/v04/v0428	SES162	2.11273	-79.2714	-81.3842
spk_ver/v04/v0429	SES087	0.597084	-84.4109	-85.008
spk_ver/v04/v0430	SES087	-0.805359	-80.9403	-80.1349
spk_ver/v04/v0431	SES087	-1.13927	-82.3375	-81.1982
spk_ver/v04/v0432	SES087	-0.281273	-81.5521	-81.2708
spk_ver/v04/v0433	SES087	-0.249374	-79.907	-79.6576
spk_ver/v04/v0434	SES142	3.73946	-77.1719	-80.9114
spk_ver/v04/v0435	SES087	-1.00809	-82.8397	-81.8316
spk_ver/v04/v0436	SES099	1.26994	-80.2145	-81.4845
spk_ver/v04/v0437	SES087	-0.0158539	-80.286	-80.2701
spk_ver/v04/v0438	SES087	-1.22083	-82.1318	-80.911
spk_ver/v04/v0439	SES087	0.0663681	-81.7499	-81.8163
spk_ver/v04/v0440	SES087	-0.559547	-82.027	-81.4674
spk_ver/v04/v0441	SES087	-1.12379	-82.4162	-81.2924
spk_ver/v04/v0442	SES187	1.42853	-81.1219	-82.5504
spk_ver/v04/v0443	SES172	1.53559	-79.9669	-81.5025
spk_ver/v04/v0444	SES087	-0.492851	-80.2328	-79.7399
spk_ver/v04/v0445	SES087	0.427483	-83.8269	-84.2544
spk_ver/v04/v0446	SES087	-0.336311	-80.5772	-80.2409
spk_ver/v04/v0447	SES087	0.656998	-85.1701	-85.8271
spk_ver/v04/v0448	SES106	2.36913	-78.6175	-80.9866
spk_ver/v04/v0449	SES146	-0.453453	-83.2184	-82.7649
spk_ver/v04/v0450	SES087	-0.274658	-81.6494	-81.3747
spk_ver/v04/v0451	SES087	-0.271561	-81.0171	-80.7456
spk_ver/v04/v0452	SES007	2.16921	-78.6835	-80.8527
spk_ver/v04/v0453	SES087	0.0545883	-81.2646	-81.3191
spk_ver/v04/v0454	SES087	-0.827232	-81.6058	-80.7786
spk_ver/v04/v0455	SES180	0.699814	-80.1428	-80.8426
spk_ver/v04/v0456	SES099	0.751762	-80.4379	-81.1897
spk_ver/v04/v0457	SES042	0.664436	-80.6998	-81.3642
spk_ver/v04/v0458	SES099	0.0670166	-81.6254	-81.6924
spk_ver/v04/v0459	SES099	0.571236	-81.0848	-81.656
spk_ver/v04/v0460	SES099	1.2781	-80.746	-82.0241
spk_ver/v04/v0461	SES099	-6.875	-91.4596	-84.5846
spk_ver/v04/v0462	SES082	1.68123	-79.6275	-81.3087
spk_ver/v04/v0463	SES099	0.958138	-79.6936	-80.6518
spk_ver/v04/v0464	SES099	-0.237137	-81.1184	-80.8813
spk_ver/v04/v0465	SES099	0.671455	-79.8935	-80.5649
spk_ver/v04/v0466	SES099	-8.32939	-94.6845	-86.3551
spk_ver/v04/v0467	SES099	0.687164	-80.0503	-80.7374
spk_ver/v04/v0468	SES129	0.84655	-81.8713	-82.7179
spk_ver/v04/v0469	SES101	0.727379	-80.8907	-81.6181
spk_ver/v04/v0470	SES099	-21.9035	-117.704	-95.8001
spk_ver/v04/v0471	SES172	0.876328	-80.3683	-81.2446
spk_ver/v04/v0472	SES099	0.644005	-80.8669	-81.5109
spk_ver/v04/v0473	SES270	0.98365	-80.3269	-81.3105
spk_ver/v04/v0474	SES099	0.365295	-79.9873	-80.3526
spk_ver/v04/v0475	SES099	1.62817	-77.764	-79.3922
spk_ver/v04/v0476	SES099	-2.63644	-86.7175	-84.081
spk_ver/v04/v0477	SES002	1.98161	-78.8693	-80.8509
spk_ver/v04/v0478	SES099	2.07441	-78.4232	-80.4976
spk_ver/v04/v0479	SES007	2.03321	-79.3998	-81.433
spk_ver/v04/v0480	SES101	-0.235931	-81.7344	-81.4984
spk_ver/v04/v0481	SES101	0.527	-82.063	-82.59
spk_ver/v04/v0482	SES175	4.53677	-89.4396	-93.9763
spk_ver/v04/v0483	SES101	1.22911	-78.9866	-80.2157
spk_ver/v04/v0484	SES101	-2.22156	-84.3848	-82.1632
spk_ver/v04/v0485	SES101	0.996605	-81.8093	-82.8059
spk_ver/v04/v0486	SES101	0.772865	-82.6664	-83.4393
spk_ver/v04/v0487	SES101	0.455307	-81.8887	-82.344
spk_ver/v04/v0488	SES101	0.920029	-80.2897	-81.2097
spk_ver/v04/v0489	SES147	-1.02338	-81.7639	-80.7405
spk_ver/v04/v0490	SES085	10.8722	-108.096	-118.968
spk_ver/v04/v0491	SES101	-3.50165	-89.5081	-86.0065
spk_ver/v04/v0492	SES101	-16.7391	-112.761	-96.0217
spk_ver/v04/v0493	SES101	1.66563	-78.0926	-79.7582
spk_ver/v04/v0494	SES101	0.375977	-81.8098	-82.1858
spk_ver/v04/v0495	SES101	0.59697	-79.6985	-80.2955
spk_ver/v04/v0496	SES101	0.719841	-80.439	-81.1588
spk_ver/v04/v0497	SES014	0.32972	-81.2803	-81.61
spk_ver/v04/v0498	SES101	1.25365	-79.5317	-80.7853
spk_ver/v04/v0499	SES101	1.24652	-78.5021	-79.7486
spk_ver/v05/v0500	SES085	-0.402283	-81.3145	-80.9122
spk_ver/v05/v0501	SES101	-10.6469	-101.261	-90.6137
spk_ver/v05/v0502	SES275	1.24119	-84.489	-85.7302
spk_ver/v05/v0503	SES117	-0.101692	-83.9005	-83.7988
spk_ver/v05/v0504	SES101	-3.41866	-87.3087	-83.89
spk_ver/v05/v0505	SES101	-0.239403	-81.3643	-81.1248
spk_ver/v05/v0506	SES101	1.24083	-79.7173	-80.9581
spk_ver/v05/v0507	SES048	0.155533	-84.4435	-84.599
spk_ver/v05/v0508	SES117	2.06177	-80.6295	-82.6913
spk_ver/v05/v0509	SES202	0.944679	-79.429	-80.3737
spk_ver/v05/v0510	SES104	-28.4672	-147.035	-118.567
spk_ver/v05/v0511	SES008	0.446571	-85.8755	-86.3221
spk_ver/v05/v0512	SES104	-0.905998	-84.4194	-83.5134
spk_ver/v05/v0513	SES104	0.252205	-80.9491	-81.2013
spk_ver/v05/v0514	SES104	-4.40938	-90.1195	-85.7101
spk_ver/v05/v0515	SES104	-1.46291	-84.1984	-82.7355
spk_ver/v05/v0516	SES104	-8.97916	-104.001	-95.0223
spk_ver/v05/v0517	SES060	1.24374	-79.2075	-80.4512
spk_ver/v05/v0518	SES104	-1.70971	-85.0394	-83.3297
spk_ver/v05/v0519	SES104	-2.21126	-85.3076	-83.0963
spk_ver/v05/v0520	SES104	0.116608	-81.0387	-81.1553
spk_ver/v05/v0521	SES008	0.365402	-79.7496	-80.115
spk_ver/v05/v0522	SES068	1.32852	-79.6974	-81.0259
spk_ver/v05/v0523	SES087	0.295654	-80.6981	-80.9938
spk_ver/v05/v0524	SES104	0.0869064	-82.6009	-82.6878
spk_ver/v05/v0525	SES104	1.13703	-79.7924	-80.9294
spk_ver/v05/v0526	SES104	0.493187	-80.1119	-80.6051
spk_ver/v05/v0527	SES083	2.31608	-77.825	-80.141
spk_ver/v05/v0528	SES148	1.89838	-85.3283	-87.2267
spk_ver/v05/v0529	SES104	0.582977	-80.1291	-80.7121
spk_ver/v05/v0530	SES104	-0.191505	-80.9735	-80.782
spk_ver/v05/v0531	SES125	2.6843	-78.0051	-80.6894
spk_ver/v05/v0532	SES104	-1.76266	-83.4788	-81.7161
spk_ver/v05/v0533	SES149	2.55196	-85.4815	-88.0334
spk_ver/v05/v0534	SES104	-4.73502	-90.745	-86.01
spk_ver/v05/v0535	SES187	-0.443428	-84.2504	-83.807
spk_ver/v05/v0536	SES104	-2.91993	-87.8963	-84.9763
spk_ver/v05/v0537	SES104	-0.531471	-82.6843	-82.1529
spk_ver/v05/v0538	SES167	1.34734	-81.0194	-82.3668
spk_ver/v05/v0539	SES104	-0.111877	-82.5293	-82.4174
spk_ver/v05/v0540	SES104	0.115982	-79.3088	-79.4248
spk_ver/v05/v0541	SES183	-0.815208	-82.8697	-82.0545
spk_ver/v05/v0542	SES104	-1.19727	-85.5945	-84.3973
spk_ver/v05/v0543	SES104	-0.744431	-82.1926	-81.4482
spk_ver/v05/v0544	SES105	-1.3263	-81.8485	-80.5222
spk_ver/v05/v0545	SES105	-1.23355	-81.9667	-80.7331
spk_ver/v05/v0546	SES105	-0.614799	-83.0924	-82.4776
spk_ver/v05/v0547	SES105	-1.54641	-82.7452	-81.1987
spk_ver/v05/v0548	SES019	1.31803	-80.8764	-82.1944
spk_ver/v05/v0549	SES105	-0.321465	-84.9818	-84.6603
spk_ver/v05/v0550	SES105	2.06615	-93.4047	-95.4709
spk_ver/v05/v0551	SES202	1.78489	-79.3114	-81.0963
spk_ver/v05/v0552	SES105	-1.04064	-81.3368	-80.2962
spk_ver/v05/v0553	SES105	-0.734337	-80.9282	-80.1938
spk_ver/v05/v0554	SES105	-0.91938	-81.0157	-80.0964
spk_ver/v05/v0555	SES105	-0.0694122	-84.609	-84.5396
spk_ver/v05/v0556	SES082	1.41027	-80.4163	-81.8265
spk_ver/v05/v0557	SES105	-0.727493	-83.022	-82.2945
spk_ver/v05/v0558	SES014	0.384491	-81.2422	-81.6267
spk_ver/v05/v0559	SES105	-0.884872	-81.3001	-80.4152
spk_ver/v05/v0560	SES177	0.184158	-81.9028	-82.087
spk_ver/v05/v0561	SES189	9.36689	-83.8387	-93.2056
spk_ver/v05/v0562	SES105	-0.789085	-82.2595	-81.4705
spk_ver/v05/v0563	SES099	-1.78111	-85.4171	-83.636
spk_ver/v05/v0564	SES105	-0.870636	-81.1824	-80.3118
spk_ver/v05/v0565	SES105	-0.840752	-82.9893	-82.1486
spk_ver/v05/v0566	SES105	0.592171	-88.5479	-89.1401
spk_ver/v05/v0567	SES142	3.89839	-77.9321	-81.8305
spk_ver/v05/v0568	SES048	-2.10253	-102.548	-100.445
spk_ver/v05/v0569	SES105	-1.46249	-82.6757	-81.2132
spk_ver/v05/v0570	SES105	0.450272	-84.752	-85.2023
spk_ver/v05/v0571	SES105	-1.23772	-82.7777	-81.5399
spk_ver/v05/v0572	SES105	-1.20267	-83.2603	-82.0576
spk_ver/v05/v0573	SES105	-0.555511	-84.4995	-83.944
spk_ver/v05/v0574	SES105	-0.996529	-82.2515	-81.255
spk_ver/v05/v0575	SES105	-0.819099	-82.3925	-81.5734
spk_ver/v05/v0576	SES106	-1.48578	-84.7105	-83.2247
spk_ver/v05/v0577	SES106	1.61355	-78.7355	-80.349
spk_ver/v05/v0578	SES106	-7.34573	-94.6283	-87.2825
spk_ver/v05/v0579	SES106	-0.183075	-81.3173	-81.1343
spk_ver/v05/v0580	SES106	-0.216118	-80.793	-80.5769
spk_ver/v05/v0581	SES106	0.214729	-82.858	-83.0727
spk_ver/v05/v0582	SES106	-2.11833	-86.6773	-84.5589
spk_ver/v05/v0583	SES106	1.63936	-79.6091	-81.2484
spk_ver/v05/v0584	SES106	-6.4052	-92.2565	-85.8513
spk_ver/v05/v0585	SES106	1.7305	-80.3039	-82.0344
spk_ver/v05/v0586	SES106	1.39065	-79.2044	-80.595
spk_ver/v05/v0587	SES106	-6.55688	-92.4891	-85.9322
spk_ver/v05/v0588	SES106	0.484863	-80.3246	-80.8095
spk_ver/v05/v0589	SES106	0.793915	-79.4478	-80.2417
spk_ver/v05/v0590	SES082	0.0186234	-82.1038	-82.1224
spk_ver/v05/v0591	SES180	0.754997	-81.0056	-81.7606
spk_ver/v05/v0592	SES106	-3.74185	-88.6038	-84.862
spk_ver/v05/v0593	SES106	-0.512161	-83.3127	-82.8005
spk_ver/v05/v0594	SES292	-0.0812759	-81.9201	-81.8388
spk_ver/v05/v0595	SES106	-1.66988	-84.0263	-82.3564
spk_ver/v05/v0596	SES106	0.0173416	-82.3513	-82.3687
spk_ver/v05/v0597	SES106	-5.1825	-90.0484	-84.8659
spk_ver/v05/v0598	SES042	2.72682	-77.9994	-80.7262
spk_ver/v05/v0599	SES106	-2.894	-86.4998	-83.6058
spk_ver/v06/v0600	SES106	1.70425	-80.1875	-81.8918
spk_ver/v06/v0601	SES106	0.907684	-80.5151	-81.4228
spk_ver/v06/v0602	SES106	-0.785675	-82.0642	-81.2786
spk_ver/v06/v0603	SES106	-1.62569	-84.3559	-82.7302
spk_ver/v06/v0604	SES106	-0.822548	-82.2844	-81.4618
spk_ver/v06/v0605	SES106	0.532867	-81.4855	-82.0184
spk_ver/v06/v0606	SES048	1.20699	-78.7455	-79.9525
spk_ver/v06/v0607	SES167	1.4356	-79.0994	-80.535
spk_ver/v06/v0608	SES106	-8.46621	-96.5888	-88.1226
spk_ver/v06/v0609	SES143	0.0660019	-82.8893	-82.9553
spk_ver/v06/v0610	SES106	-4.11865	-90.991	-86.8723
spk_ver/v06/v0611	SES106	1.20914	-79.4501	-80.6593
spk_ver/v06/v0612	SES106	0.154716	-82.6235	-82.7782
spk_ver/v06/v0613	SES117	0.811501	-80.3561	-81.1676
spk_ver/v06/v0614	SES117	3.05176e-05	-80.1469	-80.1469
spk_ver/v06/v0615	SES117	0.344566	-80.885	-81.2296
spk_ver/v06/v0616	SES106	1.32023	-78.8144	-80.1346
spk_ver/v06/v0617	SES142	4.03646	-78.3884	-82.4248
spk_ver/v06/v0618	SES048	0.860649	-80.1991	-81.0597
spk_ver/v06/v0619	SES175	6.77402	-92.6255	-99.3995
spk_ver/v06/v0620	SES180	1.17342	-79.1306	-80.304
spk_ver/v06/v0621	SES117	-0.0658646	-85.3267	-85.2608
spk_ver/v06/v0622	SES029	1.26642	-80.7753	-82.0417
spk_ver/v06/v0623	SES117	-0.444527	-82.6873	-82.2428
spk_ver/v06/v0624	SES117	-4.01881	-88.4234	-84.4046
spk_ver/v06/v0625	SES117	1.62498	-82.1615	-83.7864
spk_ver/v06/v0626	SES106	1.8018	-78.7659	-80.5677
spk_ver/v06/v0627	SES226	0.525078	-83.0478	-83.5729
spk_ver/v06/v0628	SES117	0.883911	-81.7015	-82.5854
spk_ver/v06/v0629	SES117	-3.46493	-85.3609	-81.896
spk_ver/v06/v0630	SES117	-9.96183	-99.8749	-89.9131
spk_ver/v06/v0631	SES117	-13.9934	-109.306	-95.3126
spk_ver/v06/v0632	SES117	1.2708	-78.9853	-80.2561
spk_ver/v06/v0633	SES099	2.23476	-79.1818	-81.4166
spk_ver/v06/v0634	SES105	0.13578	-82.5011	-82.6369
spk_ver/v06/v0635	SES167	0.309402	-83.2975	-83.6069
spk_ver/v06/v0636	SES117	1.43317	-77.9473	-79.3804
spk_ver/v06/v0637	SES202	1.75708	-79.3954	-81.1525
spk_ver/v06/v0638	SES117	-0.716812	-81.3012	-80.5843
spk_ver/v06/v0639	SES167	0.429581	-81.7341	-82.1636
spk_ver/v06/v0640	SES117	0.574486	-79.9138	-80.4883
spk_ver/v06/v0641	SES117	-8.11314	-96.0444	-87.9313
spk_ver/v06/v0642	SES101	1.83926	-78.0461	-79.8854
spk_ver/v06/v0643	SES068	0.874496	-80.3643	-81.2388
spk_ver/v06/v0644	SES120	0.938965	-80.4085	-81.3474
spk_ver/v06/v0645	SES120	0.625626	-81.8191	-82.4447
spk_ver/v06/v0646	SES172	1.13186	-80.1915	-81.3233
spk_ver/v06/v0647	SES120	0.933464	-79.5176	-80.451
spk_ver/v06/v0648	SES120	0.987907	-78.9215	-79.9094
spk_ver/v06/v0649	SES120	-0.472214	-84.5169	-84.0447
spk_ver/v06/v0650	SES087	0.270782	-81.9847	-82.2555
spk_ver/v06/v0651	SES120	-3.42528	-91.0166	-87.5914
spk_ver/v06/v0652	SES104	-0.37989	-83.3766	-82.9967
spk_ver/v06/v0653	SES129	0.708366	-80.2474	-80.9558
spk_ver/v06/v0654	SES120	-0.906265	-83.7868	-82.8805
spk_ver/v06/v0655	SES120	-0.147316	-82.5248	-82.3775
spk_ver/v06/v0656	SES120	-0.164124	-80.8227	-80.6586
spk_ver/v06/v0657	SES147	-1.02236	-82.4368	-81.4145
spk_ver/v06/v0658	SES120	0.530426	-81.2185	-81.7489
spk_ver/v06/v0659	SES120	0.577293	-79.7108	-80.2881
spk_ver/v06/v0660	SES120	0.664146	-80.0088	-80.673
spk_ver/v06/v0661	SES120	-4.27126	-93.751	-89.4798
spk_ver/v06/v0662	SES120	-1.84534	-85.9052	-84.0599
spk_ver/v06/v0663	SES120	0.207115	-82.8848	-83.0919
spk_ver/v06/v0664	SES147	-0.348228	-82.9596	-82.6114
spk_ver/v06/v0665	SES162	0.0305557	-81.9112	-81.9417
spk_ver/v06/v0666	SES120	-1.40806	-84.8003	-83.3923
spk_ver/v06/v0667	SES120	-0.064621	-82.6887	-82.6241
spk_ver/v06/v0668	SES120	0.977768	-79.6082	-80.586
spk_ver/v06/v0669	SES142	4.91162	-76.8391	-81.7507
spk_ver/v06/v0670	SES106	2.21032	-78.6682	-80.8785
spk_ver/v06/v0671	SES183	-0.0973663	-81.579	-81.4816
spk_ver/v06/v0672	SES120	0.767403	-80.8857	-81.6532
spk_ver/v06/v0673	SES029	-4.59077	-91.8471	-87.2563
spk_ver/v06/v0674	SES120	-2.0504	-86.7731	-84.7227
spk_ver/v06/v0675	SES008	1.35503	-94.9452	-96.3002
spk_ver/v06/v0676	SES125	-7.67598	-94.7491	-87.0731
spk_ver/v06/v0677	SES143	0.369209	-83.2567	-83.6259
spk_ver/v06/v0678	SES125	-2.18545	-84.9445	-82.759
spk_ver/v06/v0679	SES162	1.73672	-79.0066	-80.7433
spk_ver/v06/v0680	SES125	0.0599289	-80.2147	-80.2746
spk_ver/v06/v0681	SES125	1.62158	-79.1711	-80.7927
spk_ver/v06/v0682	SES125	-6.38172	-90.7692	-84.3875
spk_ver/v06/v0683	SES226	1.894	-85.0532	-86.9472
spk_ver/v06/v0684	SES125	0.773819	-80.243	-81.0168
spk_ver/v06/v0685	SES125	-0.90844	-81.6346	-80.7262
spk_ver/v06/v0686	SES120	0.761169	-79.9719	-80.7331
spk_ver/v06/v0687	SES125	-7.92929	-94.8196	-86.8904
spk_ver/v06/v0688	SES158	2.86207	-78.1152	-80.9773
spk_ver/v06/v0689	SES125	-0.155617	-80.8042	-80.6486
spk_ver/v06/v0690	SES105	3.2145	-91.6245	-94.839
spk_ver/v06/v0691	SES125	-2.60951	-86.3662	-83.7567
spk_ver/v06/v0692	SES125	-7.86331	-93.0565	-85.1932
spk_ver/v06/v0693	SES180	1.54356	-78.7719	-80.3154
spk_ver/v06/v0694	SES125	-1.19456	-84.671	-83.4765
spk_ver/v06/v0695	SES125	1.06347	-79.075	-80.1385
spk_ver/v06/v0696	SES125	-1.14462	-82.1207	-80.9761
spk_ver/v06/v0697	SES125	-0.561951	-82.6754	-82.1134
spk_ver/v06/v0698	SES083	0.00960541	-81.589	-81.5986
spk_ver/v06/v0699	SES125	0.398041	-80.5316	-80.9297
spk_ver/v07/v0700	SES014	1.74776	-89.1407	-90.8885
spk_ver/v07/v0701	SES125	-0.337204	-80.206	-79.8688
spk_ver/v07/v0702	SES127	-0.44812	-82.0123	-81.5642
spk_ver/v07/v0703	SES127	-0.479431	-82.7589	-82.2794
spk_ver/v07/v0704	SES206	0.527107	-81.8298	-82.3569
spk_ver/v07/v0705	SES127	0.915779	-80.985	-81.9008
spk_ver/v07/v0706	SES127	1.01221	-81.3036	-82.3158
spk_ver/v07/v0707	SES127	-2.54401	-85.4006	-82.8566
spk_ver/v07/v0708	SES275	-1.69598	-82.7136	-81.0176
spk_ver/v07/v0709	SES127	1.29825	-78.9974	-80.2957
spk_ver/v07/v0710	SES105	1.13401	-86.6344	-87.7684
spk_ver/v07/v0711	SES127	1.93759	-78.5751	-80.5127
spk_ver/v07/v0712	SES127	1.87817	-78.9302	-80.8083
spk_ver/v07/v0713	SES127	-36.8199	-143.412	-106.592
spk_ver/v07/v0714	SES019	1.81111	-80.0386	-81.8497
spk_ver/v07/v0715	SES127	1.1152	-81.7289	-82.8441
spk_ver/v07/v0716	SES148	6.80339	-86.2807	-93.084
spk_ver/v07/v0717	SES162	2.14864	-78.4122	-80.5609
spk_ver/v07/v0718	SES189	2.60656	-82.836	-85.4426
spk_ver/v07/v0719	SES149	-0.671997	-80.992	-80.32
spk_ver/v07/v0720	SES175	0.893875	-84.1728	-85.0666
spk_ver/v07/v0721	SES127	-3.36479	-86.8198	-83.455
spk_ver/v07/v0722	SES127	1.43327	-79.2396	-80.6729
spk_ver/v07/v0723	SES127	0.12455	-81.5127	-81.6372
spk_ver/v07/v0724	SES127	-0.674065	-84.7441	-84.07
spk_ver/v07/v0725	SES127	1.05952	-80.0733	-81.1328
spk_ver/v07/v0726	SES259	2.3297	-77.5709	-79.9006
spk_ver/v07/v0727	SES127	1.97426	-78.7633	-80.7376
spk_ver/v07/v0728	SES127	1.58183	-77.8519	-79.4337
spk_ver/v07/v0729	SES127	0.0668488	-81.6589	-81.7258
spk_ver/v07/v0730	SES127	1.34437	-80.0076	-81.352
spk_ver/v07/v0731	SES129	0.261673	-86.23	-86.4917
spk_ver/v07/v0732	SES129	-1.521	-83.1382	-81.6171
spk_ver/v07/v0733	SES129	-1.18336	-89.7292	-88.5458
spk_ver/v07/v0734	SES129	-3.49378	-89.7538	-86.2601
spk_ver/v07/v0735	SES183	0.147186	-81.1052	-81.2524
spk_ver/v07/v0736	SES129	-1.42722	-83.9503	-82.5231
spk_ver/v07/v0737	SES129	-0.56263	-81.5452	-80.9826
spk_ver/v07/v0738	SES129	-0.527298	-84.0139	-83.4866
spk_ver/v07/v0739	SES129	-1.90337	-86.4049	-84.5015
spk_ver/v07/v0740	SES167	-0.0321426	-82.2653	-82.2332
spk_ver/v07/v0741	SES129	-1.06805	-83.2815	-82.2134
spk_ver/v07/v0742	SES129	-0.625427	-81.0152	-80.3898
spk_ver/v07/v0743	SES129	-0.134804	-80.4618	-80.327
spk_ver/v07/v0744	SES129	-3.02538	-86.342	-83.3166
spk_ver/v07/v0745	SES180	0.204208	-80.8805	-81.0847
spk_ver/v07/v0746	SES129	-0.602554	-81.001	-80.3985
spk_ver/v07/v0747	SES292	-0.44986	-81.8109	-81.361
spk_ver/v07/v0748	SES202	2.51933	-78.7101	-81.2294
spk_ver/v07/v0749	SES270	0.210724	-80.2299	-80.4406
spk_ver/v07/v0750	SES129	-0.547775	-80.9169	-80.3691
spk_ver/v07/v0751	SES129	-0.934258	-81.3508	-80.4165
spk_ver/v07/v0752	SES060	2.45255	-78.8609	-81.3135
spk_ver/v07/v0753	SES129	-2.22876	-84.5166	-82.2878
spk_ver/v07/v0754	SES129	-4.47857	-94.0491	-89.5706
spk_ver/v07/v0755	SES129	-0.694588	-81.9333	-81.2387
spk_ver/v07/v0756	SES175	3.65519	-87.6597	-91.3149
spk_ver/v07/v0757	SES129	-1.17665	-82.5245	-81.3478
spk_ver/v07/v0758	SES129	-1.20969	-82.3577	-81.148
spk_ver/v07/v0759	SES129	-0.585785	-83.9482	-83.3624
spk_ver/v07/v0760	SES129	-1.00924	-81.1875	-80.1782
spk_ver/v07/v0761	SES129	-0.569832	-80.632	-80.0621
spk_ver/v07/v0762	SES172	0.616249	-81.1816	-81.7979
spk_ver/v07/v0763	SES129	-0.307144	-81.9503	-81.6432
spk_ver/v07/v0764	SES129	-2.13235	-83.6151	-81.4828
spk_ver/v07/v0765	SES175	-0.481171	-82.8314	-82.3503
spk_ver/v07/v0766	SES129	-0.660156	-82.3952	-81.735
spk_ver/v07/v0767	SES129	-1.30109	-83.4765	-82.1755
spk_ver/v07/v0768	SES042	1.28677	-79.9147	-81.2015
spk_ver/v07/v0769	SES099	1.35674	-80.7002	-82.0569
spk_ver/v07/v0770	SES142	-7.78097	-90.4543	-82.6733
spk_ver/v07/v0771	SES142	0.648895	-79.479	-80.1279
spk_ver/v07/v0772	SES101	1.00649	-79.694	-80.7004
spk_ver/v07/v0773	SES142	-2.03111	-84.4062	-82.3751
spk_ver/v07/v0774	SES142	2.11496	-79.9787	-82.0937
spk_ver/v07/v0775	SES142	-1.28159	-81.8367	-80.5551
spk_ver/v07/v0776	SES142	2.71264	-76.9208	-79.6335
spk_ver/v07/v0777	SES142	3.50599	-77.8929	-81.3988
spk_ver/v07/v0778	SES142	2.62874	-79.1251	-81.7538
spk_ver/v07/v0779	SES142	0.703819	-80.4398	-81.1436
spk_ver/v07/v0780	SES142	-60.827	-152.82	-91.9928
spk_ver/v07/v0781	SES142	0.0465546	-81.3668	-81.4133
spk_ver/v07/v0782	SES101	1.14225	-79.8798	-81.022
spk_ver/v07/v0783	SES142	-0.931931	-80.7058	-79.7739
spk_ver/v07/v0784	SES187	0.921989	-80.1543	-81.0763
spk_ver/v07/v0785	SES143	0.506325	-80.5867	-81.093
spk_ver/v07/v0786	SES142	2.73727	-80.0339	-82.7712
spk_ver/v07/v0787	SES144	-0.680473	-83.7312	-83.0508
spk_ver/v07/v0788	SES275	-1.20782	-82.8606	-81.6528
spk_ver/v07/v0789	SES142	-3.1306	-84.5826	-81.452
spk_ver/v07/v0790	SES099	-1.89899	-84.2465	-82.3475
spk_ver/v07/v0791	SES142	-6.30038	-88.9211	-82.6207
spk_ver/v07/v0792	SES142	-11.1271	-92.8286	-81.7015
spk_ver/v07/v0793	SES142	-5.14751	-87.5423	-82.3948
spk_ver/v07/v0794	SES014	0.284485	-80.1595	-80.444
spk_ver/v07/v0795	SES142	-40.1183	-127.915	-87.797
spk_ver/v07/v0796	SES142	-6.70161	-88.6965	-81.9949
spk_ver/v07/v0797	SES143	-0.0315552	-81.4415	-81.4099
spk_ver/v07/v0798	SES206	-0.118027	-82.3104	-82.1924
spk_ver/v07/v0799	SES143	-2.76717	-98.174	-95.4069
spk_ver/v08/v0800	SES143	0.279495	-80.8758	-81.1553
spk_ver/v08/v0801	SES143	-0.123299	-82.3751	-82.2518
spk_ver/v08/v0802	SES143	-2.26495	-94.1491	-91.8841
spk_ver/v08/v0803	SES143	0.00514221	-81.1848	-81.1899
spk_ver/v08/v0804	SES143	-1.76979	-91.2786	-89.5088
spk_ver/v08/v0805	SES143	-0.976669	-87.1921	-86.2154
spk_ver/v08/v0806	SES143	-0.47744	-81.7488	-81.2713
spk_ver/v08/v0807	SES177	-10.2834	-105.354	-95.0707
spk_ver/v08/v0808	SES149	-0.362442	-80.8462	-80.4837
spk_ver/v08/v0809	SES143	-0.70359	-82.6411	-81.9375
spk_ver/v08/v0810	SES158	1.46193	-80.5038	-81.9658
spk_ver/v08/v0811	SES143	-0.193253	-81.6806	-81.4873
spk_ver/v08/v0812	SES062	1.23636	-79.0796	-80.316
spk_ver/v08/v0813	SES259	2.1493	-77.839	-79.9883
spk_ver/v08/v0814	SES143	-0.563522	-82.7014	-82.1378
spk_ver/v08/v0815	SES143	-0.345665	-81.7915	-81.4459
spk_ver/v08/v0816	SES143	0.254395	-80.8182	-81.0726
spk_ver/v08/v0817	SES144	0.31385	-81.5379	-81.8517
spk_ver/v08/v0818	SES143	0.462097	-81.9531	-82.4152
spk_ver/v08/v0819	SES143	-0.506203	-81.2619	-80.7557
spk_ver/v08/v0820	SES143	0.318222	-79.2575	-79.5757
spk_ver/v08/v0821	SES143	0.834442	-82.0075	-82.8419
spk_ver/v08/v0822	SES143	-0.370125	-82.9637	-82.5935
spk_ver/v08/v0823	SES104	0.329666	-81.1951	-81.5248
spk_ver/v08/v0824	SES143	-0.0374146	-81.473	-81.4356
spk_ver/v08/v0825	SES143	0.0524826	-80.7895	-80.842
spk_ver/v08/v0826	SES144	-0.810211	-82.9884	-82.1782
spk_ver/v08/v0827	SES144	1.18935	-79.4307	-80.6201
spk_ver/v08/v0828	SES144	0.314461	-79.8064	-80.1208
spk_ver/v08/v0829	SES172	0.148575	-82.1508	-82.2993
spk_ver/v08/v0830	SES144	0.818909	-80.3017	-81.1206
spk_ver/v08/v0831	SES183	-0.0706558	-82.6729	-82.6022
spk_ver/v08/v0832	SES144	-0.463806	-83.102	-82.6382
spk_ver/v08/v0833	SES144	0.109146	-80.3888	-80.4979
spk_ver/v08/v0834	SES144	-0.221123	-81.849	-81.6278
spk_ver/v08/v0835	SES144	-1.80863	-86.4854	-84.6768
spk_ver/v08/v0836	SES144	0.414001	-80.0545	-80.4685
spk_ver/v08/v0837	SES144	0.546394	-79.2349	-79.7812
spk_ver/v08/v0838	SES144	0.543724	-80.3656	-80.9093
spk_ver/v08/v0839	SES085	-0.469719	-82.023	-81.5532
spk_ver/v08/v0840	SES144	0.423866	-84.3039	-84.7278
spk_ver/v08/v0841	SES144	-3.49519	-91.9404	-88.4453
spk_ver/v08/v0842	SES144	0.41375	-80.7528	-81.1666
spk_ver/v08/v0843	SES144	0.00468445	-81.6075	-81.6122
spk_ver/v08/v0844	SES144	0.0877151	-80.6071	-80.6948
spk_ver/v08/v0845	SES144	0.418243	-79.4033	-79.8215
spk_ver/v08/v0846	SES104	1.48602	-79.5471	-81.0331
spk_ver/v08/v0847	SES144	1.25871	-80.56	-81.8187
spk_ver/v08/v0848	SES144	1.32929	-81.9443	-83.2736
spk_ver/v08/v0849	SES144	-0.881401	-83.0865	-82.2051
spk_ver/v08/v0850	SES144	0.451576	-79.5428	-79.9944
spk_ver/v08/v0851	SES144	-1.12284	-84.0399	-82.9171
spk_ver/v08/v0852	SES144	0.184326	-80.3022	-80.4865
spk_ver/v08/v0853	SES144	0.140228	-81.4764	-81.6166
spk_ver/v08/v0854	SES144	1.34148	-80.2042	-81.5457
spk_ver/v08/v0855	SES144	0.638008	-79.075	-79.713
spk_ver/v08/v0856	SES082	0.163879	-82.9289	-83.0928
spk_ver/v08/v0857	SES142	0.536697	-81.2593	-81.796
spk_ver/v08/v0858	SES144	1.3771	-81.7969	-83.174
spk_ver/v08/v0859	SES144	0.940407	-80.4973	-81.4377
spk_ver/v08/v0860	SES146	-1.76206	-83.8955	-82.1334
spk_ver/v08/v0861	SES146	-1.57652	-83.638	-82.0615
spk_ver/v08/v0862	SES146	-0.770767	-84.4389	-83.6682
spk_ver/v08/v0863	SES146	-2.27664	-84.1135	-81.8368
spk_ver/v08/v0864	SES146	-0.207527	-84.0971	-83.8895
spk_ver/v08/v0865	SES008	0.827003	-80.8847	-81.7117
spk_ver/v08/v0866	SES142	-1.21831	-82.9204	-81.7021
spk_ver/v08/v0867	SES146	0.414703	-84.2855	-84.7002
spk_ver/v08/v0868	SES082	0.324333	-81.3304	-81.6548
spk_ver/v08/v0869	SES146	1.79173	-84.7431	-86.5349
spk_ver/v08/v0870	SES146	4.3905	-88.7334	-93.1239
spk_ver/v08/v0871	SES146	-0.543297	-84.6205	-84.0772
spk_ver/v08/v0872	SES146	-2.17554	-83.8694	-81.6938
spk_ver/v08/v0873	SES082	0.311562	-80.9463	-81.2578
spk_ver/v08/v0874	SES146	-1.994	-82.8578	-80.8638
spk_ver/v08/v0875	SES144	-0.845665	-85.3336	-84.4879
spk_ver/v08/v0876	SES146	-1.59721	-81.2793	-79.682
spk_ver/v08/v0877	SES146	-0.979881	-83.337	-82.3572
spk_ver/v08/v0878	SES146	-2.33717	-82.5605	-80.2233
spk_ver/v08/v0879	SES146	-2.03188	-84.0136	-81.9817
spk_ver/v08/v0880	SES146	-2.51102	-83.5587	-81.0477
spk_ver/v08/v0881	SES143	-0.00992584	-83.5732	-83.5633
spk_ver/v08/v0882	SES146	-1.91204	-82.2321	-80.32
spk_ver/v08/v0883	SES147	-1.31234	-81.909	-80.5966
spk_ver/v08/v0884	SES147	-1.04663	-81.999	-80.9523
spk_ver/v08/v0885	SES016	-0.813599	-83.7848	-82.9712
spk_ver/v08/v0886	SES147	-1.26957	-83.3322	-82.0626
spk_ver/v08/v0887	SES147	-1.26928	-82.8596	-81.5903
spk_ver/v08/v0888	SES147	-0.704933	-83.2994	-82.5945
spk_ver/v08/v0889	SES019	0.857079	-80.7495	-81.6066
spk_ver/v08/v0890	SES147	-0.423286	-84.3236	-83.9003
spk_ver/v08/v0891	SES147	-1.72784	-81.6195	-79.8916
spk_ver/v08/v0892	SES147	-0.924355	-83.0551	-82.1307
spk_ver/v08/v0893	SES270	0.737488	-83.1554	-83.8929
spk_ver/v08/v0894	SES029	-3.49943	-90.5776	-87.0781
spk_ver/v08/v0895	SES147	-1.26293	-84.7717	-83.5088
spk_ver/v08/v0896	SES117	-0.603294	-84.1299	-83.5266
spk_ver/v08/v0897	SES183	1.23427	-84.5216	-85.7559
spk_ver/v08/v0898	SES147	-2.25295	-82.5536	-80.3007
spk_ver/v08/v0899	SES147	-0.936165	-84.5097	-83.5735
spk_ver/v09/v0900	SES087	-0.114487	-81.0805	-80.9661
spk_ver/v09/v0901	SES147	-2.28218	-84.8456	-82.5634
spk_ver/v09/v0902	SES147	-1.88519	-82.5721	-80.687
spk_ver/v09/v0903	SES147	-1.1535	-82.3955	-81.242
spk_ver/v09/v0904	SES147	-1.21968	-82.1445	-80.9248
spk_ver/v09/v0905	SES143	-0.0929794	-84.1367	-84.0437
spk_ver/v09/v0906	SES149	3.29562	-87.2221	-90.5178
spk_ver/v09/v0907	SES148	-2.91203	-83.8488	-80.9367
spk_ver/v09/v0908	SES148	-2.03485	-84.7287	-82.6939
spk_ver/v09/v0909	SES106	1.13376	-80.8742	-82.0079
spk_ver/v09/v0910	SES148	-4.25439	-86.8162	-82.5618
spk_ver/v09/v0911	SES148	-3.09397	-85.1405	-82.0466
spk_ver/v09/v0912	SES142	2.21943	-79.8106	-82.03
spk_ver/v09/v0913	SES148	-1.58311	-85.1446	-83.5615
spk_ver/v09/v0914	SES148	-4.20758	-84.5664	-80.3588
spk_ver/v09/v0915	SES148	-4.56599	-88.7843	-84.2183
spk_ver/v09/v0916	SES148	-3.39695	-87.0608	-83.6638
spk_ver/v09/v0917	SES148	-2.55561	-84.8612	-82.3056
spk_ver/v09/v0918	SES148	0.726807	-83.9972	-84.724
spk_ver/v09/v0919	SES270	0.478058	-83.2655	-83.7435
spk_ver/v09/v0920	SES148	-3.965	-83.5254	-79.5604
spk_ver/v09/v0921	SES148	-4.21822	-84.7198	-80.5016
spk_ver/v09/v0922	SES129	0.561676	-79.601	-80.1627
spk_ver/v09/v0923	SES117	0.941154	-79.84	-80.7812
spk_ver/v09/v0924	SES042	-0.479431	-84.1471	-83.6677
spk_ver/v09/v0925	SES148	-4.45298	-85.9314	-81.4784
spk_ver/v09/v0926	SES148	-1.97354	-87.5787	-85.6051
spk_ver/v09/v0927	SES144	1.04704	-80.1581	-81.2052
spk_ver/v09/v0928	SES007	0.84079	-81.39	-82.2308
spk_ver/v09/v0929	SES148	-4.65885	-84.5833	-79.9245
spk_ver/v09/v0930	SES148	-2.40211	-83.9897	-81.5876
spk_ver/v09/v0931	SES148	-4.42952	-86.1288	-81.6992
spk_ver/v09/v0932	SES202	0.233589	-80.6535	-80.8871
spk_ver/v09/v0933	SES148	-1.23533	-84.6445	-83.4092
spk_ver/v09/v0934	SES148	-4.14703	-84.7183	-80.5713
spk_ver/v09/v0935	SES060	1.37152	-79.1907	-80.5622
spk_ver/v09/v0936	SES060	2.33795	-78.2352	-80.5732
spk_ver/v09/v0937	SES148	-3.76399	-84.2265	-80.4625
spk_ver/v09/v0938	SES148	-3.27831	-84.2945	-81.0162
spk_ver/v09/v0939	SES148	-2.96352	-84.0958	-81.1323
spk_ver/v09/v0940	SES148	1.34178	-84.3472	-85.6889
spk_ver/v09/v0941	SES149	-0.859818	-82.5284	-81.6686
spk_ver/v09/v0942	SES149	-0.990829	-81.7893	-80.7985
spk_ver/v09/v0943	SES149	0.142883	-85.5418	-85.6847
spk_ver/v09/v0944	SES149	-0.954575	-82.1461	-81.1915
spk_ver/v09/v0945	SES105	0.0375443	-82.3129	-82.3505
spk_ver/v09/v0946	SES149	-1.58636	-82.1652	-80.5788
spk_ver/v09/v0947	SES149	-1.87158	-84.6494	-82.7778
spk_ver/v09/v0948	SES149	-1.46631	-82.56	-81.0937
spk_ver/v09/v0949	SES149	-1.01222	-80.2487	-79.2365
spk_ver/v09/v0950	SES226	-0.079071	-82.6094	-82.5304
spk_ver/v09/v0951	SES149	-1.11998	-82.752	-81.632
spk_ver/v09/v0952	SES149	-1.58221	-82.4677	-80.8855
spk_ver/v09/v0953	SES062	0.618958	-80.5826	-81.2016
spk_ver/v09/v0954	SES149	-1.4755	-82.6084	-81.1329
spk_ver/v09/v0955	SES048	0.240181	-81.5505	-81.7907
spk_ver/v09/v0956	SES158	-0.907494	-82.7547	-81.8472
spk_ver/v09/v0957	SES158	1.58738	-79.135	-80.7224
spk_ver/v09/v0958	SES158	2.06533	-77.5054	-79.5707
spk_ver/v09/v0959	SES158	0.454422	-80.2255	-80.6799
spk_ver/v09/v0960	SES158	-5.86755	-90.4523	-84.5848
spk_ver/v09/v0961	SES147	-0.858574	-82.2248	-81.3662
spk_ver/v09/v0962	SES158	1.36745	-82.1472	-83.5147
spk_ver/v09/v0963	SES292	10.5234	-103.031	-113.554
spk_ver/v09/v0964	SES060	3.21026	-76.8994	-80.1097
spk_ver/v09/v0965	SES002	0.264854	-81.8976	-82.1624
spk_ver/v09/v0966	SES149	-0.0942078	-81.2219	-81.1277
spk_ver/v09/v0967	SES158	-0.371834	-83.303	-82.9312
spk_ver/v09/v0968	SES158	-3.73035	-85.9057	-82.1753
spk_ver/v09/v0969	SES275	10.2083	-91.626	-101.834
spk_ver/v09/v0970	SES158	-1.45889	-81.9076	-80.4487
spk_ver/v09/v0971	SES158	1.34283	-79.6248	-80.9676
spk_ver/v09/v0972	SES002	2.02806	-78.5873	-80.6154
spk_ver/v09/v0973	SES158	2.04675	-78.3318	-80.3786
spk_ver/v09/v0974	SES202	1.88271	-78.9866	-80.8693
spk_ver/v09/v0975	SES158	0.887451	-80.8135	-81.701
spk_ver/v09/v0976	SES158	2.08329	-78.0644	-80.1477
spk_ver/v09/v0977	SES162	-0.0738907	-81.6258	-81.5519
spk_ver/v09/v0978	SES162	0.687477	-81.3028	-81.9903
spk_ver/v09/v0979	SES162	-4.84844	-87.2953	-82.4468
spk_ver/v09/v0980	SES162	-37.1992	-132.22	-95.0204
spk_ver/v09/v0981	SES162	-20.3566	-108.254	-87.8976
spk_ver/v09/v0982	SES259	2.78574	-77.355	-80.1407
spk_ver/v09/v0983	SES162	1.29198	-80.9317	-82.2237
spk_ver/v09/v0984	SES162	-7.70782	-90.6556	-82.9478
spk_ver/v09/v0985	SES162	2.21194	-77.9495	-80.1614
spk_ver/v09/v0986	SES062	1.48914	-78.7574	-80.2466
spk_ver/v09/v0987	SES162	2.25238	-79.0184	-81.2708
spk_ver/v09/v0988	SES162	-24.0232	-112.415	-88.392
spk_ver/v09/v0989	SES162	-4.85435	-88.1501	-83.2957
spk_ver/v09/v0990	SES162	-9.74097	-92.6596	-82.9186
spk_ver/v09/v0991	SES087	0.540161	-84.7255	-85.2656
spk_ver/v09/v0992	SES120	0.239151	-81.5824	-81.8216
spk_ver/v09/v0993	SES162	1.96761	-78.2306	-80.1982
spk_ver/v09/v0994	SES162	0.635239	-80.1174	-80.7527
spk_ver/v09/v0995	SES162	-4.25031	-85.8206	-81.5703
spk_ver/v09/v0996	SES162	-5.59021	-87.5769	-81.9867
spk_ver/v09/v0997	SES162	1.44257	-79.5007	-80.9432
spk_ver/v09/v0998	SES162	-3.83978	-88.0851	-84.2454
spk_ver/v09/v0999	SES162	-0.00485229	-80.1765	-80.1716
spk_ver/v10/v1000	SES162	1.80681	-77.9954	-79.8022
spk_ver/v10/v1001	SES148	-0.0588608	-85.1887	-85.1299
spk_ver/v10/v1002	SES162	1.19073	-79.9163	-81.107
spk_ver/v10/v1003	SES162	-0.636391	-83.5405	-82.9041
spk_ver/v10/v1004	SES162	2.1226	-80.0583	-82.1809
spk_ver/v10/v1005	SES162	0.364601	-81.0428	-81.4074
spk_ver/v10/v1006	SES162	-12.4759	-96.7994	-84.3235
spk_ver/v10/v1007	SES162	2.83334	-79.2486	-82.0819
spk_ver/v10/v1008	SES162	-2.45358	-85.3742	-82.9207
spk_ver/v10/v1009	SES162	-5.26553	-87.7887	-82.5232
spk_ver/v10/v1010	SES167	-3.99657	-97.012	-93.0154
spk_ver/v10/v1011	SES167	0.745132	-79.8915	-80.6367
spk_ver/v10/v1012	SES167	0.373917	-82.5375	-82.9114
spk_ver/v10/v1013	SES167	-1.14404	-83.7092	-82.5652
spk_ver/v10/v1014	SES167	-0.0134354	-79.4034	-79.39
spk_ver/v10/v1015	SES167	-1.16487	-86.3045	-85.1396
spk_ver/v10/v1016	SES167	0.680939	-80.9211	-81.6021
spk_ver/v10/v1017	SES167	-0.393135	-84.6658	-84.2727
spk_ver/v10/v1018	SES167	0.260948	-79.8896	-80.1505
spk_ver/v10/v1019	SES167	-0.70652	-82.9649	-82.2584
spk_ver/v10/v1020	SES167	-0.794014	-82.4359	-81.6419
spk_ver/v10/v1021	SES167	0.571526	-85.5092	-86.0807
spk_ver/v10/v1022	SES167	-1.04448	-83.3444	-82.2999
spk_ver/v10/v1023	SES167	0.137695	-80.2811	-80.4188
spk_ver/v10/v1024	SES167	-0.0931015	-82.0355	-81.9424
spk_ver/v10/v1025	SES167	0.290688	-79.3118	-79.6025
spk_ver/v10/v1026	SES167	0.378265	-81.0751	-81.4533
spk_ver/v10/v1027	SES167	0.593529	-79.6427	-80.2362
spk_ver/v10/v1028	SES167	-0.575134	-81.0193	-80.4441
spk_ver/v10/v1029	SES167	-0.537758	-81.9594	-81.4217
spk_ver/v10/v1030	SES167	-0.815231	-83.4736	-82.6584
spk_ver/v10/v1031	SES167	-1.61977	-86.4113	-84.7915
spk_ver/v10/v1032	SES167	0.24733	-79.7976	-80.0449
spk_ver/v10/v1033	SES167	-0.551781	-80.8882	-80.3364
spk_ver/v10/v1034	SES002	1.29763	-79.2938	-80.5914
spk_ver/v10/v1035	SES167	-1.21484	-85.8271	-84.6123
spk_ver/v10/v1036	SES083	2.79658	-78.225	-81.0216
spk_ver/v10/v1037	SES167	-0.0632248	-82.1851	-82.1219
spk_ver/v10/v1038	SES167	1.35662	-83.6894	-85.0461
spk_ver/v10/v1039	SES167	0.535835	-81.6661	-82.2019
spk_ver/v10/v1040	SES167	-0.708626	-82.2992	-81.5906
spk_ver/v10/v1041	SES167	0.903816	-81.7564	-82.6602
spk_ver/v10/v1042	SES087	0.507294	-83.9342	-84.4415
spk_ver/v10/v1043	SES029	0.811935	-82.4203	-83.2323
spk_ver/v10/v1044	SES206	-0.0637283	-82.8218	-82.7581
spk_ver/v10/v1045	SES172	-0.620384	-83.6179	-82.9975
spk_ver/v10/v1046	SES172	0.198593	-81.1278	-81.3264
spk_ver/v10/v1047	SES172	-0.536415	-82.7267	-82.1903
spk_ver/v10/v1048	SES259	2.03056	-78.4073	-80.4379
spk_ver/v10/v1049	SES172	0.237015	-79.9962	-80.2332
spk_ver/v10/v1050	SES120	-0.333549	-83.8836	-83.5501
spk_ver/v10/v1051	SES172	0.568764	-80.0397	-80.6084
spk_ver/v10/v1052	SES172	-0.226578	-82.8185	-82.5919
spk_ver/v10/v1053	SES172	0.0945969	-81.4301	-81.5247
spk_ver/v10/v1054	SES172	0.378227	-80.4093	-80.7875
spk_ver/v10/v1055	SES189	6.02543	-81.3141	-87.3396
spk_ver/v10/v1056	SES172	0.920479	-79.1876	-80.1081
spk_ver/v10/v1057	SES172	0.944389	-79.463	-80.4074
spk_ver/v10/v1058	SES172	-0.442993	-82.8657	-82.4227
spk_ver/v10/v1059	SES172	-6.09394	-97.2607	-91.1668
spk_ver/v10/v1060	SES029	-1.20584	-84.5226	-83.3168
spk_ver/v10/v1061	SES175	-1.9771	-83.8949	-81.9178
spk_ver/v10/v1062	SES187	-0.430504	-82.2048	-81.7743
spk_ver/v10/v1063	SES019	1.88953	-80.3098	-82.1993
spk_ver/v10/v1064	SES175	0.383125	-85.5014	-85.8845
spk_ver/v10/v1065	SES175	-1.39957	-83.8312	-82.4317
spk_ver/v10/v1066	SES175	-2.75028	-84.1888	-81.4385
spk_ver/v10/v1067	SES175	-1.63589	-82.7658	-81.1299
spk_ver/v10/v1068	SES175	4.1087	-90.8142	-94.9229
spk_ver/v10/v1069	SES016	2.50098	-78.0259	-80.5269
spk_ver/v10/v1070	SES175	-1.41319	-83.6798	-82.2666
spk_ver/v10/v1071	SES175	-1.1233	-81.41	-80.2867
spk_ver/v10/v1072	SES175	-1.90623	-82.3371	-80.4309
spk_ver/v10/v1073	SES029	0.90818	-81.8671	-82.7753
spk_ver/v10/v1074	SES175	-0.852135	-82.3024	-81.4502
spk_ver/v10/v1075	SES175	-1.49871	-80.9945	-79.4958
spk_ver/v10/v1076	SES175	-1.22599	-80.8399	-79.614
spk_ver/v10/v1077	SES175	-1.17801	-82.1312	-80.9532
spk_ver/v10/v1078	SES127	1.20049	-79.2084	-80.4089
spk_ver/v10/v1079	SES175	-1.11704	-81.7732	-80.6562
spk_ver/v10/v1080	SES175	-1.82104	-83.1731	-81.352
spk_ver/v10/v1081	SES175	-1.53272	-83.4136	-81.8809
spk_ver/v10/v1082	SES175	-1.39322	-81.4474	-80.0542
spk_ver/v10/v1083	SES007	2.37961	-78.4997	-80.8793
spk_ver/v10/v1084	SES068	-1.3007	-84.8658	-83.5651
spk_ver/v10/v1085	SES008	0.455711	-80.5592	-81.0149
spk_ver/v10/v1086	SES175	-1.49789	-80.6884	-79.1905
spk_ver/v10/v1087	SES175	-1.83322	-82.2267	-80.3935
spk_ver/v10/v1088	SES008	0.554459	-83.1691	-83.7235
spk_ver/v10/v1089	SES177	-0.026268	-81.3242	-81.2979
spk_ver/v10/v1090	SES177	-0.466499	-82.1524	-81.6859
spk_ver/v10/v1091	SES177	-5.47787	-94.0049	-88.527
spk_ver/v10/v1092	SES177	1.30834	-79.6177	-80.926
spk_ver/v10/v1093	SES177	0.213326	-80.9599	-81.1732
spk_ver/v10/v1094	SES002	1.71201	-79.2975	-81.0095
spk_ver/v10/v1095	SES104	0.444275	-81.8432	-82.2875
spk_ver/v10/v1096	SES177	1.29694	-79.1908	-80.4877
spk_ver/v10/v1097	SES177	-9.29565	-103.24	-93.944
spk_ver/v10/v1098	SES177	0.161873	-80.2584	-80.4203
spk_ver/v10/v1099	SES177	1.33686	-78.8473	-80.1842
spk_ver/v11/v1100	SES177	-1.41385	-84.5021	-83.0883
spk_ver/v11/v1101	SES085	-0.651138	-82.3245	-81.6734
spk_ver/v11/v1102	SES187	-0.419388	-83.8563	-83.4369
spk_ver/v11/v1103	SES177	1.27114	-79.5573	-80.8284
spk_ver/v11/v1104	SES177	0.354759	-80.8797	-81.2344
spk_ver/v11/v1105	SES177	1.35096	-78.197	-79.5479
spk_ver/v11/v1106	SES177	0.430168	-79.7915	-80.2217
spk_ver/v11/v1107	SES177	1.31931	-78.9841	-80.3034
spk_ver/v11/v1108	SES177	1.44636	-78.9573	-80.4037
spk_ver/v11/v1109	SES125	2.24249	-78.0902	-80.3327
spk_ver/v11/v1110	SES177	0.401848	-80.3282	-80.73
spk_ver/v11/v1111	SES177	0.927773	-79.8773	-80.8051
spk_ver/v11/v1112	SES177	0.477219	-80.0558	-80.533
spk_ver/v11/v1113	SES177	-1.23305	-84.0717	-82.8386
spk_ver/v11/v1114	SES177	-1.76009	-86.5803	-84.8202
spk_ver/v11/v1115	SES177	0.0199356	-82.574	-82.5939
spk_ver/v11/v1116	SES085	-0.243904	-80.9712	-80.7273
spk_ver/v11/v1117	SES147	-1.10293	-82.4953	-81.3924
spk_ver/v11/v1118	SES177	1.34931	-78.917	-80.2663
spk_ver/v11/v1119	SES177	-0.00359344	-80.8575	-80.8539
spk_ver/v11/v1120	SES180	-1.24539	-83.573	-82.3276
spk_ver/v11/v1121	SES189	-0.25425	-85.6906	-85.4363
spk_ver/v11/v1122	SES117	2.28419	-82.7115	-84.9957
spk_ver/v11/v1123	SES129	1.20786	-80.5883	-81.7962
spk_ver/v11/v1124	SES180	2.02495	-79.3415	-81.3664
spk_ver/v11/v1125	SES180	1.60114	-78.1696	-79.7707
spk_ver/v11/v1126	SES180	0.715347	-80.3101	-81.0255
spk_ver/v11/v1127	SES180	-6.65958	-91.3429	-84.6833
spk_ver/v11/v1128	SES016	0.73893	-80.9523	-81.6912
spk_ver/v11/v1129	SES158	1.22064	-80.2303	-81.451
spk_ver/v11/v1130	SES180	-0.0665131	-81.1718	-81.1053
spk_ver/v11/v1131	SES180	-0.791084	-81.4226	-80.6315
spk_ver/v11/v1132	SES180	0.173515	-82.1971	-82.3706
spk_ver/v11/v1133	SES180	-12.7426	-99.4676	-86.725
spk_ver/v11/v1134	SES180	-1.18185	-82.9514	-81.7696
spk_ver/v11/v1135	SES180	0.539787	-79.3499	-79.8897
spk_ver/v11/v1136	SES180	-3.00425	-87.0523	-84.048
spk_ver/v11/v1137	SES148	0.278946	-84.6761	-84.955
spk_ver/v11/v1138	SES104	1.54295	-78.1758	-79.7188
spk_ver/v11/v1139	SES180	-0.727394	-82.0526	-81.3252
spk_ver/v11/v1140	SES083	2.02744	-78.5097	-80.5372
spk_ver/v11/v1141	SES180	0.674294	-80.0275	-80.7018
spk_ver/v11/v1142	SES180	-0.514259	-82.8484	-82.3342
spk_ver/v11/v1143	SES180	1.60684	-80.7963	-82.4032
spk_ver/v11/v1144	SES099	0.368813	-81.8298	-82.1986
spk_ver/v11/v1145	SES180	2.23735	-79.247	-81.4844
spk_ver/v11/v1146	SES183	-1.09381	-81.5761	-80.4823
spk_ver/v11/v1147	SES183	-0.70311	-81.4913	-80.7882
spk_ver/v11/v1148	SES183	-0.234604	-85.9853	-85.7507
spk_ver/v11/v1149	SES183	-1.85284	-82.7785	-80.9257
spk_ver/v11/v1150	SES183	-0.0734711	-87.5459	-87.4725
spk_ver/v11/v1151	SES082	-1.14292	-83.5993	-82.4564
spk_ver/v11/v1152	SES183	-1.48144	-84.1716	-82.6902
spk_ver/v11/v1153	SES183	-1.19714	-81.7485	-80.5514
spk_ver/v11/v1154	SES002	2.18362	-77.9736	-80.1572
spk_ver/v11/v1155	SES183	-1.19037	-81.5722	-80.3819
spk_ver/v11/v1156	SES183	-0.332748	-87.1532	-86.8204
spk_ver/v11/v1157	SES183	-1.30517	-80.2109	-78.9057
spk_ver/v11/v1158	SES183	-1.02595	-80.653	-79.6271
spk_ver/v11/v1159	SES183	-0.880684	-81.52	-80.6393
spk_ver/v11/v1160	SES183	-1.29216	-82.4943	-81.2021
spk_ver/v11/v1161	SES183	3.39699	-93.4145	-96.8115
spk_ver/v11/v1162	SES105	0.228485	-82.3081	-82.5366
spk_ver/v11/v1163	SES183	-0.647469	-84.0689	-83.4214
spk_ver/v11/v1164	SES259	1.26247	-79.7632	-81.0257
spk_ver/v11/v1165	SES183	-1.19705	-81.5396	-80.3426
spk_ver/v11/v1166	SES183	-0.936394	-82.4527	-81.5163
spk_ver/v11/v1167	SES183	-1.64901	-82.5627	-80.9137
spk_ver/v11/v1168	SES183	-0.864006	-81.587	-80.723
spk_ver/v11/v1169	SES183	-1.88672	-82.4274	-80.5407
spk_ver/v11/v1170	SES183	-1.21894	-82.9603	-81.7413
spk_ver/v11/v1171	SES183	-2.37291	-85.4255	-83.0526
spk_ver/v11/v1172	SES187	0.29821	-80.5258	-80.824
spk_ver/v11/v1173	SES019	1.44279	-80.9516	-82.3943
spk_ver/v11/v1174	SES187	0.0859833	-82.3492	-82.4352
spk_ver/v11/v1175	SES187	-4.27208	-96.2467	-91.9746
spk_ver/v11/v1176	SES083	2.51585	-77.7505	-80.2664
spk_ver/v11/v1177	SES187	-4.15697	-94.1117	-89.9547
spk_ver/v11/v1178	SES187	-1.32038	-84.7002	-83.3799
spk_ver/v11/v1179	SES187	0.564934	-79.9892	-80.5542
spk_ver/v11/v1180	SES187	0.408859	-81.9854	-82.3942
spk_ver/v11/v1181	SES187	-0.161766	-82.281	-82.1192
spk_ver/v11/v1182	SES187	-0.0638962	-81.0717	-81.0078
spk_ver/v11/v1183	SES187	-15.9948	-125.502	-109.507
spk_ver/v11/v1184	SES187	0.60849	-80.4617	-81.0702
spk_ver/v11/v1185	SES127	1.96413	-78.3155	-80.2796
spk_ver/v11/v1186	SES187	0.301331	-79.4134	-79.7147
spk_ver/v11/v1187	SES187	-1.24246	-83.6333	-82.3909
spk_ver/v11/v1188	SES187	0.722649	-82.0189	-82.7416
spk_ver/v11/v1189	SES042	0.134949	-81.4929	-81.6279
spk_ver/v11/v1190	SES187	0.965881	-79.5432	-80.5091
spk_ver/v11/v1191	SES187	-6.23713	-99.8242	-93.5871
spk_ver/v11/v1192	SES187	-0.914078	-84.3679	-83.4539
spk_ver/v11/v1193	SES183	0.888145	-85.7972	-86.6853
spk_ver/v11/v1194	SES187	0.633568	-81.5189	-82.1524
spk_ver/v11/v1195	SES187	-0.538872	-83.5466	-83.0077
spk_ver/v11/v1196	SES146	-0.509422	-82.7534	-82.2439
spk_ver/v11/v1197	SES189	-2.23145	-82.3551	-80.1237
spk_ver/v11/v1198	SES175	-0.380653	-82.6945	-82.3139
spk_ver/v11/v1199	SES189	-32.3579	-120.561	-88.2035
spk_ver/v12/v1200	SES189	0.853195	-78.8557	-79.7089
spk_ver/v12/v1201	SES177	1.22892	-78.9915	-80.2204
spk_ver/v12/v1202	SES189	-2.0006	-83.862	-81.8614
spk_ver/v12/v1203	SES143	0.0964813	-82.8844	-82.9809
spk_ver/v12/v1204	SES189	-0.90461	-81.421	-80.5164
spk_ver/v12/v1205	SES189	0.273643	-79.5601	-79.8337
spk_ver/v12/v1206	SES189	-2.19013	-84.4267	-82.2366
spk_ver/v12/v1207	SES189	-6.51727	-87.3416	-80.8243
spk_ver/v12/v1208	SES189	0.148666	-79.4166	-79.5652
spk_ver/v12/v1209	SES189	-14.9246	-99.6871	-84.7625
spk_ver/v12/v1210	SES189	-7.55079	-92.4491	-84.8983
spk_ver/v12/v1211	SES062	1.40347	-78.6917	-80.0952
spk_ver/v12/v1212	SES189	-3.79243	-84.9427	-81.1502
spk_ver/v12/v1213	SES048	0.508827	-81.2856	-81.7945
spk_ver/v12/v1214	SES042	2.24067	-77.65	-79.8907
spk_ver/v12/v1215	SES008	0.570236	-79.7744	-80.3446
spk_ver/v12/v1216	SES202	-2.37405	-83.7911	-81.4171
spk_ver/v12/v1217	SES202	1.95432	-79.7985	-81.7528
spk_ver/v12/v1218	SES085	-0.242447	-80.5441	-80.3016
spk_ver/v12/v1219	SES202	1.6087	-78.029	-79.6377
spk_ver/v12/v1220	SES202	1.98074	-77.7406	-79.7214
spk_ver/v12/v1221	SES202	-1.72182	-83.8846	-82.1628
spk_ver/v12/v1222	SES202	-0.423882	-82.5979	-82.174
spk_ver/v12/v1223	SES158	-0.693306	-82.7549	-82.0616
spk_ver/v12/v1224	SES202	-6.36716	-90.778	-84.4109
spk_ver/v12/v1225	SES202	1.30315	-79.1768	-80.48
spk_ver/v12/v1226	SES202	-19.5722	-107.521	-87.9484
spk_ver/v12/v1227	SES202	1.36937	-79.1	-80.4694
spk_ver/v12/v1228	SES177	-1.66575	-86.104	-84.4382
spk_ver/v12/v1229	SES202	0.682449	-79.749	-80.4315
spk_ver/v12/v1230	SES202	2.91518	-77.6948	-80.61
spk_ver/v12/v1231	SES202	1.86646	-79.0538	-80.9203
spk_ver/v12/v1232	SES202	2.63483	-82.3958	-85.0307
spk_ver/v12/v1233	SES206	1.25291	-78.8566	-80.1095
spk_ver/v12/v1234	SES202	0.675659	-80.7055	-81.3811
spk_ver/v12/v1235	SES202	-4.87545	-86.8389	-81.9635
spk_ver/v12/v1236	SES125	2.41663	-78.4819	-80.8986
spk_ver/v12/v1237	SES127	1.46526	-78.7518	-80.217
spk_ver/v12/v1238	SES202	1.59726	-78.9345	-80.5318
spk_ver/v12/v1239	SES167	0.685715	-81.0387	-81.7245
spk_ver/v12/v1240	SES206	-0.961441	-84.5449	-83.5834
spk_ver/v12/v1241	SES206	-1.52271	-85.3705	-83.8478
spk_ver/v12/v1242	SES206	0.83979	-79.2896	-80.1293
spk_ver/v12/v1243	SES206	-0.485497	-83.0126	-82.5271
spk_ver/v12/v1244	SES259	0.677483	-80.7711	-81.4486
spk_ver/v12/v1245	SES206	0.633072	-79.3051	-79.9382
spk_ver/v12/v1246	SES206	0.325241	-80.8962	-81.2214
spk_ver/v12/v1247	SES206	-1.06004	-85.3866	-84.3265
spk_ver/v12/v1248	SES206	-4.16392	-92.9202	-88.7563
spk_ver/v12/v1249	SES270	0.387299	-81.0902	-81.4775
spk_ver/v12/v1250	SES206	0.08638	-81.1458	-81.2322
spk_ver/v12/v1251	SES206	0.624924	-78.9277	-79.5527
spk_ver/v12/v1252	SES206	0.521095	-79.8565	-80.3776
spk_ver/v12/v1253	SES206	-0.917389	-84.0966	-83.1793
spk_ver/v12/v1254	SES206	0.45948	-81.0532	-81.5127
spk_ver/v12/v1255	SES125	1.53423	-79.1052	-80.6395
spk_ver/v12/v1256	SES206	-1.65151	-85.3283	-83.6767
spk_ver/v12/v1257	SES206	0.603516	-78.5759	-79.1795
spk_ver/v12/v1258	SES206	0.0476608	-81.8811	-81.9288
spk_ver/v12/v1259	SES206	-0.223892	-81.4316	-81.2077
spk_ver/v12/v1260	SES206	-1.52895	-85.677	-84.1481
spk_ver/v12/v1261	SES206	0.121796	-79.8629	-79.9847
spk_ver/v12/v1262	SES206	-0.580894	-82.8801	-82.2992
spk_ver/v12/v1263	SES206	-0.748489	-82.92	-82.1715
spk_ver/v12/v1264	SES149	-0.577599	-80.834	-80.2564
spk_ver/v12/v1265	SES206	1.13094	-80.4808	-81.6117
spk_ver/v12/v1266	SES206	-1.3045	-85.622	-84.3175
spk_ver/v12/v1267	SES206	0.75779	-81.2513	-82.0091
spk_ver/v12/v1268	SES206	0.90654	-79.8022	-80.7088
spk_ver/v12/v1269	SES206	-2.20464	-87.6534	-85.4488
spk_ver/v12/v1270	SES206	-4.98956	-96.1679	-91.1784
spk_ver/v12/v1271	SES226	-2.96579	-86.7941	-83.8283
spk_ver/v12/v1272	SES226	-0.968025	-81.037	-80.069
spk_ver/v12/v1273	SES226	-2.48569	-82.9432	-80.4576
spk_ver/v12/v1274	SES226	-3.13183	-83.802	-80.6702
spk_ver/v12/v1275	SES226	-0.268639	-82.9548	-82.6861
spk_ver/v12/v1276	SES226	-2.43181	-83.6006	-81.1688
spk_ver/v12/v1277	SES226	-1.19495	-82.7264	-81.5315
spk_ver/v12/v1278	SES226	-0.720802	-82.4918	-81.771
spk_ver/v12/v1279	SES226	-1.83816	-81.529	-79.6909
spk_ver/v12/v1280	SES226	-0.591217	-82.7835	-82.1923
spk_ver/v12/v1281	SES226	-0.659958	-82.6832	-82.0233
spk_ver/v12/v1282	SES226	-1.28955	-82.6318	-81.3423
spk_ver/v12/v1283	SES143	0.57943	-80.6344	-81.2138
spk_ver/v12/v1284	SES226	-1.72173	-81.9794	-80.2576
spk_ver/v12/v1285	SES226	-2.09344	-82.9347	-80.8412
spk_ver/v12/v1286	SES226	4.92879	-89.148	-94.0768
spk_ver/v12/v1287	SES226	-1.71467	-81.5384	-79.8238
spk_ver/v12/v1288	SES226	-1.13235	-82.8192	-81.6869
spk_ver/v12/v1289	SES104	-0.604309	-84.0235	-83.4192
spk_ver/v12/v1290	SES008	0.794098	-84.5333	-85.3274
spk_ver/v12/v1291	SES226	-1.44177	-81.8415	-80.3997
spk_ver/v12/v1292	SES259	-0.458549	-82.5248	-82.0662
spk_ver/v12/v1293	SES062	1.12025	-79.2861	-80.4064
spk_ver/v12/v1294	SES099	-4.15392	-88.8575	-84.7035
spk_ver/v12/v1295	SES158	2.5162	-78.9581	-81.4743
spk_ver/v12/v1296	SES259	-0.60199	-81.2388	-80.6368
spk_ver/v12/v1297	SES259	-10.9501	-98.7394	-87.7893
spk_ver/v12/v1298	SES259	1.03168	-79.7102	-80.7419
spk_ver/v12/v1299	SES259	0.0624161	-81.1048	-81.1672
spk_ver/v13/v1300	SES120	0.782936	-80.6552	-81.4381
spk_ver/v13/v1301	SES259	-3.9353	-87.0973	-83.162
spk_ver/v13/v1302	SES259	-0.172905	-81.5769	-81.404
spk_ver/v13/v1303	SES129	0.484932	-79.7014	-80.1864
spk_ver/v13/v1304	SES259	1.05969	-79.6889	-80.7486
spk_ver/v13/v1305	SES259	-2.29704	-84.3495	-82.0525
spk_ver/v13/v1306	SES106	0.199257	-81.2389	-81.4382
spk_ver/v13/v1307	SES259	-0.47744	-82.0937	-81.6162
spk_ver/v13/v1308	SES259	-1.56084	-84.4466	-82.8857
spk_ver/v13/v1309	SES259	0.304565	-80.2165	-80.521
spk_ver/v13/v1310	SES259	-0.443687	-80.8992	-80.4555
spk_ver/v13/v1311	SES259	0.432884	-80.7614	-81.1943
spk_ver/v13/v1312	SES259	-1.14823	-82.3141	-81.1659
spk_ver/v13/v1313	SES144	0.93502	-79.3263	-80.2613
spk_ver/v13/v1314	SES259	-0.558716	-81.9532	-81.3945
spk_ver/v13/v1315	SES162	1.81167	-79.086	-80.8977
spk_ver/v13/v1316	SES206	-0.648674	-84.1633	-83.5146
spk_ver/v13/v1317	SES175	-0.259224	-82.5134	-82.2542
spk_ver/v13/v1318	SES259	-4.3199	-89.7968	-85.4769
spk_ver/v13/v1319	SES259	-1.71738	-84.9963	-83.2789
spk_ver/v13/v1320	SES270	0.493431	-80.2591	-80.7525
spk_ver/v13/v1321	SES101	0.981567	-80.1874	-81.1689
spk_ver/v13/v1322	SES177	1.43974	-79.1023	-80.542
spk_ver/v13/v1323	SES127	1.3918	-78.6007	-79.9925
spk_ver/v13/v1324	SES270	-0.400276	-82.4935	-82.0933
spk_ver/v13/v1325	SES062	1.4529	-78.6658	-80.1187
spk_ver/v13/v1326	SES270	0.476929	-81.3436	-81.8205
spk_ver/v13/v1327	SES120	-1.00276	-84.8172	-83.8145
spk_ver/v13/v1328	SES270	-0.731789	-81.1944	-80.4626
spk_ver/v13/v1329	SES270	-0.653008	-79.5444	-78.8914
spk_ver/v13/v1330	SES270	0.343781	-81.4492	-81.793
spk_ver/v13/v1331	SES270	-0.325737	-80.4689	-80.1431
spk_ver/v13/v1332	SES270	-0.246887	-81.1339	-80.887
spk_ver/v13/v1333	SES270	-0.793213	-89.614	-88.8208
spk_ver/v13/v1334	SES270	-0.400581	-81.7014	-81.3008
spk_ver/v13/v1335	SES270	0.401474	-81.7714	-82.1729
spk_ver/v13/v1336	SES270	0.0271301	-80.6852	-80.7123
spk_ver/v13/v1337	SES016	2.67969	-78.3896	-81.0693
spk_ver/v13/v1338	SES270	-0.855827	-80.9496	-80.0938
spk_ver/v13/v1339	SES002	1.06764	-79.8818	-80.9495
spk_ver/v13/v1340	SES105	0.274071	-81.4607	-81.7348
spk_ver/v13/v1341	SES275	-2.27307	-83.5216	-81.2485
spk_ver/v13/v1342	SES187	1.48651	-80.3451	-81.8317
spk_ver/v13/v1343	SES275	-2.09795	-84.2265	-82.1285
spk_ver/v13/v1344	SES275	-0.760124	-84.4181	-83.658
spk_ver/v13/v1345	SES275	-0.487251	-83.83	-83.3428
spk_ver/v13/v1346	SES275	-2.23289	-83.4752	-81.2423
spk_ver/v13/v1347	SES275	-1.42757	-84.461	-83.0334
spk_ver/v13/v1348	SES180	1.42919	-78.4745	-79.9037
spk_ver/v13/v1349	SES275	-1.95182	-86.0411	-84.0893
spk_ver/v13/v1350	SES275	-1.98849	-80.9889	-79.0004
spk_ver/v13/v1351	SES275	-2.02962	-86.3454	-84.3157
spk_ver/v13/v1352	SES275	-0.161552	-82.3489	-82.1874
spk_ver/v13/v1353	SES275	3.47144	-87.1524	-90.6239
spk_ver/v13/v1354	SES189	-5.3896	-92.8277	-87.4381
spk_ver/v13/v1355	SES068	1.31088	-78.6793	-79.9902
spk_ver/v13/v1356	SES275	-2.09242	-84.5671	-82.4747
spk_ver/v13/v1357	SES048	0.487473	-80.9526	-81.4401
spk_ver/v13/v1358	SES226	-1.15584	-81.4678	-80.3119
spk_ver/v13/v1359	SES016	1.72974	-78.3629	-80.0926
spk_ver/v13/v1360	SES275	0.902206	-85.6342	-86.5364
spk_ver/v13/v1361	SES068	0.930405	-79.5652	-80.4956
spk_ver/v13/v1362	SES275	-2.92423	-83.425	-80.5007
spk_ver/v13/v1363	SES275	0.883217	-84.8056	-85.6889
spk_ver/v13/v1364	SES275	-2.71078	-84.9648	-82.254
spk_ver/v13/v1365	SES275	-2.42194	-84.4325	-82.0105
spk_ver/v13/v1366	SES187	-0.955032	-85.5101	-84.5551
spk_ver/v13/v1367	SES275	-2.32063	-85.1917	-82.8711
spk_ver/v13/v1368	SES125	2.11637	-78.2046	-80.321
spk_ver/v13/v1369	SES275	9.69651	-90.495	-100.192
spk_ver/v13/v1370	SES292	-1.08391	-81.3973	-80.3134
spk_ver/v13/v1371	SES292	-0.746536	-82.114	-81.3675
spk_ver/v13/v1372	SES292	-0.311157	-84.3409	-84.0298
spk_ver/v13/v1373	SES292	-1.19221	-81.1171	-79.9248
spk_ver/v13/v1374	SES101	1.03298	-80.5754	-81.6084
spk_ver/v13/v1375	SES292	-1.27397	-84.2578	-82.9838
spk_ver/v13/v1376	SES292	-1.05371	-81.0503	-79.9966
spk_ver/v13/v1377	SES292	-1.80658	-85.8933	-84.0867
spk_ver/v13/v1378	SES292	0.143486	-82.9849	-83.1284
spk_ver/v13/v1379	SES292	-0.406136	-81.9225	-81.5164
spk_ver/v13/v1380	SES292	-0.988831	-81.3178	-80.329
spk_ver/v13/v1381	SES292	-0.58577	-80.6406	-80.0549
spk_ver/v13/v1382	SES292	-1.2747	-82.7637	-81.489
spk_ver/v13/v1383	SES292	-0.777626	-81.548	-80.7704
spk_ver/v13/v1384	SES292	-0.83284	-81.6487	-80.8159
spk_ver/v13/v1385	SES292	-0.631737	-81.9585	-81.3267
spk_ver/v13/v1386	SES292	-1.15127	-82.4398	-81.2886
spk_ver/v13/v1387	SES158	3.0704	-78.9698	-82.0402
spk_ver/v13/v1388	SES292	-0.673409	-80.6345	-79.9611
spk_ver/v13/v1389	SES292	-0.860535	-80.73	-79.8695
spk_ver/v13/v1390	SES292	0.924255	-82.3658	-83.29
spk_ver/v13/v1391	SES292	-0.403061	-82.9734	-82.5703
spk_ver/v13/v1392	SES292	-1.28996	-82.4716	-81.1816
spk_ver/v13/v1393	SES292	-0.836433	-81.6914	-80.8549
spk_ver/v13/v1394	SES292	-1.60223	-84.9491	-83.3469
spk_ver/v13/v1395	SES292	-0.105721	-82.1314	-82.0257
spk_ver/v13/v1396	SES117	1.20734	-82.7374	-83.9448
spk_ver/v13/v1397	SES292	-0.699966	-81.4908	-80.7908
spk_ver/v13/v1398	SES292	-0.609421	-84.3968	-83.7874
spk_ver/v13/v1399	SES292	0.403465	-81.8264	-82.2299
