BLOCK00/SES002/SA002S12	SES002	0.539474	-7.08647	-7.62595
BLOCK00/SES002/SA002S13	SES002	1.08723	-7.75631	-8.84355
BLOCK00/SES002/SA002S23	SES002	0.600209	-7.16244	-7.76265
BLOCK00/SES002/SA002S26	SES002	0.31032	-8.68159	-8.99191
BLOCK00/SES002/SA002S28	SES002	0.394048	-8.34652	-8.74057
BLOCK00/SES007/SA007S14	SES007	1.03731	-6.07206	-7.10936
BLOCK00/SES007/SA007S15	SES007	0.289145	-7.32605	-7.61519
BLOCK00/SES007/SA007S24	SES007	0.406362	-6.83303	-7.23939
BLOCK00/SES007/SA007S27	SES007	-0.270829	-8.71885	-8.44803
BLOCK00/SES007/SA007S29	SES007	0.179406	-6.67708	-6.85649
BLOCK00/SES008/SA008S11	SES008	1.39225	-6.0584	-7.45065
BLOCK00/SES008/SA008S12	SES008	0.630888	-6.52202	-7.1529
BLOCK00/SES008/SA008S19	SES008	1.70434	-6.01245	-7.71679
BLOCK00/SES008/SA008S22	SES008	0.922836	-7.43182	-8.35466
BLOCK00/SES008/SA008S29	SES008	1.16823	-6.08431	-7.25254
BLOCK01/SES014/SA014S10	SES014	0.511926	-7.42268	-7.93461
BLOCK01/SES014/SA014S12	SES014	1.20228	-6.72948	-7.93175
BLOCK01/SES014/SA014S24	SES014	1.18629	-7.21112	-8.39741
BLOCK01/SES014/SA014S26	SES014	0.906382	-6.93881	-7.84519
BLOCK01/SES014/SA014S28	SES014	2.19019	-5.31991	-7.5101
BLOCK01/SES016/SA016S12	SES016	1.07978	-9.73321	-10.813
BLOCK01/SES016/SA016S13	SES016	0.646475	-7.36448	-8.01096
BLOCK01/SES016/SA016S22	SES016	1.17469	-6.90823	-8.08292
BLOCK01/SES016/SA016S25	SES016	1.2441	-5.30482	-6.54893
BLOCK01/SES016/SA016S27	SES016	1.34297	-6.68702	-8.02998
BLOCK01/SES019/SA019S13	SES019	2.61996	-6.08423	-8.70419
BLOCK01/SES019/SA019S14	SES019	1.52871	-7.93881	-9.46752
BLOCK01/SES019/SA019S22	SES019	2.42272	-5.81329	-8.23601
BLOCK01/SES019/SA019S25	SES019	2.04428	-7.3014	-9.34568
BLOCK01/SES019/SA019S29	SES019	3.56035	-7.037	-10.5974
BLOCK02/SES029/SA029S11	SES029	0.550017	-6.10215	-6.65216
BLOCK02/SES029/SA029S12	SES029	0.265308	-6.81064	-7.07595
BLOCK02/SES029/SA029S20	SES029	0.561344	-6.18935	-6.75069
BLOCK02/SES029/SA029S25	SES029	0.585221	-7.25815	-7.84337
BLOCK02/SES029/SA029S28	SES029	0.116568	-7.02258	-7.13915
BLOCK04/SES042/SA042S12	SES042	1.35542	-6.37353	-7.72895
BLOCK04/SES042/SA042S15	SES042	1.42894	-5.90417	-7.33311
BLOCK04/SES042/SA042S22	SES042	1.85548	-7.6117	-9.46718
BLOCK04/SES042/SA042S25	SES042	1.13143	-8.27147	-9.4029
BLOCK04/SES042/SA042S27	SES042	1.61148	-7.38557	-8.99705
BLOCK04/SES048/SA048S11	SES048	1.03407	-5.73737	-6.77144
BLOCK04/SES048/SA048S12	SES048	0.229414	-7.70297	-7.93238
BLOCK04/SES048/SA048S20	SES048	0.344809	-6.56313	-6.90794
BLOCK04/SES048/SA048S23	SES048	0.940897	-6.57137	-7.51227
BLOCK04/SES048/SA048S27	SES048	-0.362783	-7.80525	-7.44247
BLOCK06/SES060/SA060S11	SES060	1.0843	-6.65403	-7.73832
BLOCK06/SES060/SA060S12	SES060	1.05891	-7.77601	-8.83492
BLOCK06/SES060/SA060S22	SES060	-0.860629	-9.5729	-8.71227
BLOCK06/SES060/SA060S24	SES060	0.946743	-5.67937	-6.62612
BLOCK06/SES060/SA060S28	SES060	1.01555	-5.13083	-6.14638
BLOCK06/SES062/SA062S10	SES062	0.080997	-6.94486	-7.02586
BLOCK06/SES062/SA062S11	SES062	0.294329	-8.29204	-8.58637
BLOCK06/SES062/SA062S21	SES062	0.767977	-5.24426	-6.01224
BLOCK06/SES062/SA062S26	SES062	0.113715	-7.16616	-7.27987
BLOCK06/SES062/SA062S29	SES062	1.06831	-5.72935	-6.79766
BLOCK06/SES068/SA068S14	SES068	0.144352	-7.55563	-7.69999
BLOCK06/SES068/SA068S15	SES068	0.891435	-7.00881	-7.90025
BLOCK06/SES068/SA068S23	SES068	0.509948	-7.31218	-7.82213
BLOCK06/SES068/SA068S27	SES068	1.03593	-6.38968	-7.42561
BLOCK06/SES068/SA068S29	SES068	0.66784	-6.96137	-7.62921
BLOCK08/SES082/SA082S12	SES082	0.108535	-7.88621	-7.99475
BLOCK08/SES082/SA082S14	SES082	0.111577	-7.75699	-7.86857
BLOCK08/SES082/SA082S21	SES082	0.219019	-7.34992	-7.56894
BLOCK08/SES082/SA082S24	SES082	0.431445	-7.7291	-8.16055
BLOCK08/SES082/SA082S28	SES082	0.512069	-7.52815	-8.04022
BLOCK08/SES083/SA083S14	SES083	-0.176646	-6.9632	-6.78655
BLOCK08/SES083/SA083S15	SES083	0.673909	-7.01686	-7.69077
BLOCK08/SES083/SA083S24	SES083	0.203734	-7.51133	-7.71507
BLOCK08/SES083/SA083S26	SES083	0.525555	-8.11605	-8.64161
BLOCK08/SES083/SA083S29	SES083	0.27394	-7.64778	-7.92172
BLOCK08/SES085/SA085S10	SES085	0.886037	-6.09467	-6.9807
BLOCK08/SES085/SA085S13	SES085	0.0449095	-8.02109	-8.066
BLOCK08/SES085/SA085S22	SES085	0.693557	-6.76577	-7.45933
BLOCK08/SES085/SA085S26	SES085	-0.149511	-7.86574	-7.71623
BLOCK08/SES085/SA085S28	SES085	0.734458	-6.96272	-7.69718
BLOCK08/SES087/SA087S15	SES087	1.24121	-7.49688	-8.73809
BLOCK08/SES087/SA087S16	SES087	1.20217	-7.14993	-8.3521
BLOCK08/SES087/SA087S24	SES087	0.928532	-8.12991	-9.05844
BLOCK08/SES087/SA087S26	SES087	0.524734	-6.80905	-7.33379
BLOCK08/SES087/SA087S29	SES087	1.43656	-6.17581	-7.61237
BLOCK09/SES099/SA099S15	SES099	1.11474	-7.50796	-8.62271
BLOCK09/SES099/SA099S16	SES099	0.871511	-6.72514	-7.59665
BLOCK09/SES099/SA099S24	SES099	1.06733	-6.95143	-8.01876
BLOCK09/SES099/SA099S26	SES099	1.18298	-7.12525	-8.30823
BLOCK09/SES099/SA099S29	SES099	1.05039	-7.52265	-8.57303
BLOCK10/SES101/SA101S11	SES101	0.369527	-6.58512	-6.95465
BLOCK10/SES101/SA101S13	SES101	0.998497	-5.02776	-6.02625
BLOCK10/SES101/SA101S22	SES101	0.867868	-7.89149	-8.75936
BLOCK10/SES101/SA101S24	SES101	0.939673	-6.42703	-7.3667
BLOCK10/SES101/SA101S28	SES101	0.874982	-6.77311	-7.64809
BLOCK10/SES104/SA104S11	SES104	1.34581	-6.42417	-7.76998
BLOCK10/SES104/SA104S12	SES104	0.772571	-7.30509	-8.07766
BLOCK10/SES104/SA104S21	SES104	0.759757	-7.40346	-8.16322
BLOCK10/SES104/SA104S24	SES104	0.37291	-8.38301	-8.75592
BLOCK10/SES104/SA104S28	SES104	1.10099	-7.72808	-8.82906
BLOCK10/SES105/SA105S12	SES105	1.1374	-7.67755	-8.81495
BLOCK10/SES105/SA105S13	SES105	0.249779	-7.2738	-7.52358
BLOCK10/SES105/SA105S22	SES105	0.415586	-8.1065	-8.52209
BLOCK10/SES105/SA105S26	SES105	0.531687	-8.07383	-8.60551
BLOCK10/SES105/SA105S29	SES105	1.33942	-5.87286	-7.21228
BLOCK10/SES106/SA106S09	SES106	1.28762	-7.3557	-8.64332
BLOCK10/SES106/SA106S11	SES106	0.535447	-7.23274	-7.76819
BLOCK10/SES106/SA106S22	SES106	1.24957	-7.799	-9.04857
BLOCK10/SES106/SA106S27	SES106	0.646276	-6.76065	-7.40692
BLOCK10/SES106/SA106S29	SES106	0.619995	-7.07999	-7.69999
BLOCK11/SES117/SA117S12	SES117	0.568551	-8.02574	-8.5943
BLOCK11/SES117/SA117S13	SES117	0.0444689	-8.32442	-8.36889
BLOCK11/SES117/SA117S23	SES117	0.952604	-8.83881	-9.79141
BLOCK11/SES117/SA117S25	SES117	0.872491	-7.58446	-8.45695
BLOCK11/SES117/SA117S28	SES117	1.06032	-7.79784	-8.85816
BLOCK12/SES120/SA120S08	SES120	0.321568	-8.28447	-8.60604
BLOCK12/SES120/SA120S11	SES120	0.452172	-11.6554	-12.1076
BLOCK12/SES120/SA120S22	SES120	0.318471	-7.14838	-7.46685
BLOCK12/SES120/SA120S24	SES120	0.191355	-8.57842	-8.76978
BLOCK12/SES120/SA120S28	SES120	-0.322719	-9.1066	-8.78389
BLOCK12/SES125/SA125S13	SES125	0.806954	-7.48608	-8.29303
BLOCK12/SES125/SA125S14	SES125	0.358293	-8.5527	-8.91099
BLOCK12/SES125/SA125S25	SES125	1.11732	-7.76237	-8.87969
BLOCK12/SES125/SA125S27	SES125	0.86216	-6.63918	-7.50135
BLOCK12/SES125/SA125S29	SES125	0.39815	-7.19526	-7.59341
BLOCK12/SES127/SA127S11	SES127	0.5744	-7.03977	-7.61417
BLOCK12/SES127/SA127S12	SES127	0.453604	-5.34858	-5.80218
BLOCK12/SES127/SA127S23	SES127	0.465657	-6.32067	-6.78633
BLOCK12/SES127/SA127S25	SES127	0.609334	-6.30361	-6.91294
BLOCK12/SES127/SA127S27	SES127	1.18042	-6.3396	-7.52001
BLOCK12/SES129/SA129S11	SES129	1.30975	-5.5653	-6.87506
BLOCK12/SES129/SA129S12	SES129	0.577742	-5.83908	-6.41682
BLOCK12/SES129/SA129S22	SES129	1.02928	-6.40531	-7.43459
BLOCK12/SES129/SA129S27	SES129	1.32328	-6.15413	-7.47742
BLOCK12/SES129/SA129S29	SES129	0.381248	-8.31118	-8.69242
BLOCK14/SES142/SA142S11	SES142	1.79081	-5.64074	-7.43155
BLOCK14/SES142/SA142S12	SES142	0.289423	-7.96662	-8.25605
BLOCK14/SES142/SA142S24	SES142	0.817183	-6.74371	-7.5609
BLOCK14/SES142/SA142S27	SES142	1.06571	-6.71267	-7.77838
BLOCK14/SES142/SA142S29	SES142	0.92077	-6.46287	-7.38364
BLOCK14/SES143/SA143S12	SES143	0.955636	-6.45347	-7.40911
BLOCK14/SES143/SA143S13	SES143	0.972885	-6.77786	-7.75075
BLOCK14/SES143/SA143S23	SES143	0.527803	-7.49296	-8.02077
BLOCK14/SES143/SA143S25	SES143	0.721098	-7.746	-8.4671
BLOCK14/SES143/SA143S28	SES143	0.797744	-7.0442	-7.84194
BLOCK14/SES144/SA144S09	SES144	0.422847	-7.44357	-7.86642
BLOCK14/SES144/SA144S11	SES144	0.206887	-7.05828	-7.26516
BLOCK14/SES144/SA144S21	SES144	-0.554911	-8.39031	-7.8354
BLOCK14/SES144/SA144S25	SES144	0.659243	-7.49305	-8.15229
BLOCK14/SES144/SA144S29	SES144	-0.382416	-8.24688	-7.86446
BLOCK14/SES146/SA146S14	SES146	0.29481	-7.73196	-8.02677
BLOCK14/SES146/SA146S15	SES146	0.00113869	-8.29044	-8.29158
BLOCK14/SES146/SA146S24	SES146	0.448054	-7.4863	-7.93436
BLOCK14/SES146/SA146S26	SES146	0.543481	-7.14592	-7.6894
BLOCK14/SES146/SA146S29	SES146	0.308494	-8.10698	-8.41547
BLOCK14/SES147/SA147S11	SES147	0.32172	-7.62067	-7.94239
BLOCK14/SES147/SA147S13	SES147	0.966753	-6.11656	-7.08331
BLOCK14/SES147/SA147S23	SES147	1.00053	-6.80009	-7.80062
BLOCK14/SES147/SA147S26	SES147	1.01501	-6.84095	-7.85596
BLOCK14/SES147/SA147S28	SES147	1.37839	-5.86545	-7.24384
BLOCK14/SES148/SA148S10	SES148	0.334439	-6.34998	-6.68442
BLOCK14/SES148/SA148S12	SES148	0.41982	-7.36455	-7.78437
BLOCK14/SES148/SA148S22	SES148	0.530592	-6.26614	-6.79673
BLOCK14/SES148/SA148S26	SES148	0.107318	-5.93448	-6.04179
BLOCK14/SES148/SA148S29	SES148	0.452813	-7.60677	-8.05959
BLOCK14/SES149/SA149S13	SES149	0.239523	-6.60261	-6.84213
BLOCK14/SES149/SA149S14	SES149	0.483802	-5.85174	-6.33555
BLOCK14/SES149/SA149S24	SES149	0.718312	-6.65342	-7.37173
BLOCK14/SES149/SA149S26	SES149	0.696685	-5.83187	-6.52855
BLOCK14/SES149/SA149S28	SES149	1.54984	-5.03951	-6.58936
BLOCK15/SES158/SA158S13	SES158	0.893033	-7.09379	-7.98682
BLOCK15/SES158/SA158S14	SES158	1.01461	-8.04084	-9.05544
BLOCK15/SES158/SA158S23	SES158	0.817962	-6.39712	-7.21508
BLOCK15/SES158/SA158S26	SES158	1.39426	-7.35227	-8.74653
BLOCK15/SES158/SA158S28	SES158	0.851327	-7.53514	-8.38647
BLOCK16/SES162/SA162S10	SES162	0.341463	-8.12956	-8.47103
BLOCK16/SES162/SA162S11	SES162	0.622751	-6.23645	-6.8592
BLOCK16/SES162/SA162S21	SES162	1.01314	-6.72999	-7.74313
BLOCK16/SES162/SA162S24	SES162	1.3575	-6.57076	-7.92826
BLOCK16/SES162/SA162S27	SES162	1.52914	-7.87204	-9.40119
BLOCK16/SES167/SA167S14	SES167	1.12035	-6.11655	-7.23691
BLOCK16/SES167/SA167S15	SES167	1.64726	-5.7791	-7.42636
BLOCK16/SES167/SA167S21	SES167	1.22392	-5.49331	-6.71723
BLOCK16/SES167/SA167S25	SES167	1.79669	-5.6705	-7.46719
BLOCK16/SES167/SA167S29	SES167	1.9614	-4.88724	-6.84863
BLOCK17/SES172/SA172S12	SES172	1.23429	-7.44505	-8.67934
BLOCK17/SES172/SA172S13	SES172	0.771855	-8.2227	-8.99456
BLOCK17/SES172/SA172S23	SES172	0.753039	-6.63653	-7.38956
BLOCK17/SES172/SA172S27	SES172	0.850587	-8.10042	-8.951
BLOCK17/SES172/SA172S29	SES172	1.37327	-6.67482	-8.04809
BLOCK17/SES175/SA175S11	SES175	0.335723	-7.60745	-7.94318
BLOCK17/SES175/SA175S13	SES175	0.532666	-4.90232	-5.43498
BLOCK17/SES175/SA175S23	SES175	0.966764	-5.89558	-6.86235
BLOCK17/SES175/SA175S25	SES175	0.0936618	-7.67265	-7.76631
BLOCK17/SES175/SA175S28	SES175	0.552522	-6.36887	-6.9214
BLOCK17/SES177/SA177S15	SES177	0.299276	-7.94707	-8.24634
BLOCK17/SES177/SA177S17	SES177	0.51702	-7.58127	-8.09829
BLOCK17/SES177/SA177S23	SES177	0.6364	-7.5163	-8.1527
BLOCK17/SES177/SA177S26	SES177	1.16626	-4.96464	-6.1309
BLOCK17/SES177/SA177S28	SES177	1.42342	-7.32161	-8.74502
BLOCK18/SES180/SA180S13	SES180	-0.263795	-8.51143	-8.24763
BLOCK18/SES180/SA180S15	SES180	0.607346	-6.93427	-7.54161
BLOCK18/SES180/SA180S24	SES180	0.405194	-6.1052	-6.5104
BLOCK18/SES180/SA180S26	SES180	0.149903	-7.00286	-7.15276
BLOCK18/SES180/SA180S29	SES180	-0.378878	-8.55615	-8.17728
BLOCK18/SES183/SA183S13	SES183	1.17467	-6.84798	-8.02264
BLOCK18/SES183/SA183S14	SES183	-0.265444	-7.59093	-7.32548
BLOCK18/SES183/SA183S24	SES183	1.13441	-7.53478	-8.66919
BLOCK18/SES183/SA183S27	SES183	0.901262	-8.00379	-8.90506
BLOCK18/SES183/SA183S29	SES183	1.36623	-6.68554	-8.05177
BLOCK18/SES187/SA187S13	SES187	0.407519	-8.10076	-8.50828
BLOCK18/SES187/SA187S14	SES187	0.507841	-8.20263	-8.71048
BLOCK18/SES187/SA187S24	SES187	1.37031	-7.35484	-8.72515
BLOCK18/SES187/SA187S27	SES187	0.543666	-8.04749	-8.59116
BLOCK18/SES187/SA187S29	SES187	0.572968	-9.13584	-9.70881
BLOCK18/SES189/SA189S10	SES189	0.977474	-7.80232	-8.77979
BLOCK18/SES189/SA189S13	SES189	1.15153	-9.0908	-10.2423
BLOCK18/SES189/SA189S24	SES189	0.735873	-7.10316	-7.83903
BLOCK18/SES189/SA189S26	SES189	0.88096	-7.28252	-8.16348
BLOCK18/SES189/SA189S29	SES189	1.24711	-6.92139	-8.1685
BLOCK20/SES202/SA202S12	SES202	0.644908	-7.50594	-8.15084
BLOCK20/SES202/SA202S14	SES202	0.934031	-7.40686	-8.34089
BLOCK20/SES202/SA202S24	SES202	0.480879	-8.46931	-8.95018
BLOCK20/SES202/SA202S27	SES202	0.919837	-6.47831	-7.39815
BLOCK20/SES202/SA202S29	SES202	0.778405	-7.04584	-7.82424
BLOCK20/SES206/SA206S15	SES206	-0.534128	-6.87861	-6.34448
BLOCK20/SES206/SA206S17	SES206	0.839688	-7.39227	-8.23196
BLOCK20/SES206/SA206S24	SES206	1.37986	-5.52228	-6.90215
BLOCK20/SES206/SA206S27	SES206	1.10397	-7.68214	-8.78611
BLOCK20/SES206/SA206S29	SES206	1.33644	-6.42444	-7.76089
BLOCK22/SES226/SA226S12	SES226	1.00993	-7.12661	-8.13654
BLOCK22/SES226/SA226S13	SES226	0.0196891	-7.6031	-7.62279
BLOCK22/SES226/SA226S20	SES226	0.670534	-7.07108	-7.74161
BLOCK22/SES226/SA226S23	SES226	0.437955	-6.83298	-7.27094
BLOCK22/SES226/SA226S28	SES226	1.23529	-6.35255	-7.58784
BLOCK25/SES259/SA259S13	SES259	2.50887	-6.29899	-8.80786
BLOCK25/SES259/SA259S14	SES259	1.3921	-6.40562	-7.79772
BLOCK25/SES259/SA259S22	SES259	1.57957	-6.32327	-7.90284
BLOCK25/SES259/SA259S24	SES259	1.19051	-7.24416	-8.43467
BLOCK25/SES259/SA259S28	SES259	1.3981	-6.54218	-7.94028
BLOCK27/SES270/SA270S14	SES270	1.55288	-7.12104	-8.67392
BLOCK27/SES270/SA270S16	SES270	0.535521	-6.903	-7.43852
BLOCK27/SES270/SA270S22	SES270	1.72914	-6.40148	-8.13063
BLOCK27/SES270/SA270S26	SES270	1.47882	-6.79802	-8.27684
BLOCK27/SES270/SA270S28	SES270	1.44509	-6.25828	-7.70337
BLOCK27/SES275/SA275S17	SES275	0.296529	-6.95902	-7.25555
BLOCK27/SES275/SA275S18	SES275	0.0750303	-7.42822	-7.50325
BLOCK27/SES275/SA275S24	SES275	0.303486	-7.78072	-8.08421
BLOCK27/SES275/SA275S26	SES275	0.497108	-7.0761	-7.57321
BLOCK27/SES275/SA275S28	SES275	0.732808	-7.20101	-7.93382
BLOCK29/SES292/SA292S10	SES292	-0.353357	-6.95686	-6.60351
BLOCK29/SES292/SA292S12	SES292	0.0991058	-8.47419	-8.5733
BLOCK29/SES292/SA292S22	SES292	0.120743	-7.56418	-7.68493
BLOCK29/SES292/SA292S24	SES292	0.267976	-6.82619	-7.09416
BLOCK29/SES292/SA292S27	SES292	0.088695	-7.20146	-7.29016
BLOCK00/SES001/SA001S14	SES062	-2.77936	-11.3213	-8.54193
BLOCK00/SES001/SA001S14	SES082	-0.954937	-9.49687	-8.54193
BLOCK00/SES001/SA001S14	SES106	-1.24797	-9.78991	-8.54193
BLOCK00/SES001/SA001S14	SES206	-1.2181	-9.76004	-8.54193
BLOCK00/SES001/SA001S15	SES062	-1.8807	-9.54702	-7.66632
BLOCK00/SES001/SA001S15	SES104	-0.922397	-8.58872	-7.66632
BLOCK00/SES001/SA001S15	SES106	-0.388211	-8.05453	-7.66632
BLOCK00/SES001/SA001S15	SES206	-1.0772	-8.74352	-7.66632
BLOCK00/SES001/SA001S24	SES062	-0.944795	-9.40369	-8.45889
BLOCK00/SES001/SA001S24	SES082	-0.783982	-9.24287	-8.45889
BLOCK00/SES001/SA001S24	SES087	-1.28873	-9.74762	-8.45889
BLOCK00/SES001/SA001S24	SES206	-0.980764	-9.43966	-8.45889
BLOCK00/SES001/SA001S27	SES062	-1.39328	-7.53925	-6.14597
BLOCK00/SES001/SA001S27	SES082	-0.628365	-6.77433	-6.14597
BLOCK00/SES001/SA001S27	SES087	-0.717754	-6.86372	-6.14597
BLOCK00/SES001/SA001S27	SES206	-1.58329	-7.72925	-6.14597
BLOCK00/SES001/SA001S29	SES062	-2.2935	-10.8203	-8.52684
BLOCK00/SES001/SA001S29	SES082	-1.18466	-9.7115	-8.52684
BLOCK00/SES001/SA001S29	SES158	-1.03739	-9.56423	-8.52684
BLOCK00/SES001/SA001S29	SES206	-1.70675	-10.2336	-8.52684
BLOCK00/SES003/SA003S11	SES002	-0.149319	-8.12526	-7.97594
BLOCK00/SES003/SA003S11	SES019	-1.49902	-9.47496	-7.97594
BLOCK00/SES003/SA003S11	SES082	-0.0805516	-8.05649	-7.97594
BLOCK00/SES003/SA003S11	SES125	-0.900273	-8.87621	-7.97594
BLOCK00/SES003/SA003S15	SES016	-1.55718	-8.22176	-6.66458
BLOCK00/SES003/SA003S15	SES019	-3.1406	-9.80518	-6.66458
BLOCK00/SES003/SA003S15	SES062	0.110905	-6.55367	-6.66458
BLOCK00/SES003/SA003S15	SES206	-0.385076	-7.04965	-6.66458
BLOCK00/SES003/SA003S22	SES002	-0.358004	-7.80729	-7.44929
BLOCK00/SES003/SA003S22	SES062	0.00381899	-7.44547	-7.44929
BLOCK00/SES003/SA003S22	SES082	-0.492964	-7.94225	-7.44929
BLOCK00/SES003/SA003S22	SES087	-0.716187	-8.16548	-7.44929
BLOCK00/SES003/SA003S25	SES062	-2.2623	-11.1473	-8.885
BLOCK00/SES003/SA003S25	SES082	-1.51989	-10.4049	-8.885
BLOCK00/SES003/SA003S25	SES087	-1.33611	-10.2211	-8.885
BLOCK00/SES003/SA003S25	SES206	-1.53181	-10.4168	-8.885
BLOCK00/SES003/SA003S29	SES002	-0.832619	-8.9758	-8.14318
BLOCK00/SES003/SA003S29	SES062	-1.67048	-9.81366	-8.14318
BLOCK00/SES003/SA003S29	SES082	-0.556853	-8.70004	-8.14318
BLOCK00/SES003/SA003S29	SES087	-1.3882	-9.53138	-8.14318
BLOCK00/SES004/SA004S12	SES083	-0.470516	-7.26669	-6.79617
BLOCK00/SES004/SA004S12	SES148	-0.947338	-7.74351	-6.79617
BLOCK00/SES004/SA004S12	SES172	0.230926	-6.56524	-6.79617
BLOCK00/SES004/SA004S12	SES292	-1.23594	-8.03211	-6.79617
BLOCK00/SES004/SA004S17	SES083	-0.71958	-7.68244	-6.96286
BLOCK00/SES004/SA004S17	SES162	-0.427346	-7.3902	-6.96286
BLOCK00/SES004/SA004S17	SES172	-0.165225	-7.12808	-6.96286
BLOCK00/SES004/SA004S17	SES292	-1.12508	-8.08794	-6.96286
BLOCK00/SES004/SA004S24	SES083	-0.600554	-7.54819	-6.94763
BLOCK00/SES004/SA004S24	SES148	-1.66666	-8.61429	-6.94763
BLOCK00/SES004/SA004S24	SES172	-0.326831	-7.27446	-6.94763
BLOCK00/SES004/SA004S24	SES292	-0.691753	-7.63939	-6.94763
BLOCK00/SES004/SA004S26	SES083	-0.374629	-8.49358	-8.11895
BLOCK00/SES004/SA004S26	SES127	-0.125805	-8.24475	-8.11895
BLOCK00/SES004/SA004S26	SES148	-2.16512	-10.2841	-8.11895
BLOCK00/SES004/SA004S26	SES292	-1.37149	-9.49044	-8.11895
BLOCK00/SES004/SA004S28	SES083	-0.971567	-7.64286	-6.67129
BLOCK00/SES004/SA004S28	SES127	0.115051	-6.55624	-6.67129
BLOCK00/SES004/SA004S28	SES187	0.268612	-6.40268	-6.67129
BLOCK00/SES004/SA004S28	SES292	-1.14715	-7.81844	-6.67129
BLOCK00/SES006/SA006S10	SES014	-2.23323	-11.7053	-9.47205
BLOCK00/SES006/SA006S10	SES158	-3.56892	-13.041	-9.47205
BLOCK00/SES006/SA006S10	SES226	-3.19431	-12.6664	-9.47205
BLOCK00/SES006/SA006S10	SES270	-1.15323	-10.6253	-9.47205
BLOCK00/SES006/SA006S11	SES158	-2.73834	-11.8062	-9.06784
BLOCK00/SES006/SA006S11	SES226	-1.69587	-10.7637	-9.06784
BLOCK00/SES006/SA006S11	SES270	-0.496739	-9.56458	-9.06784
BLOCK00/SES006/SA006S11	SES275	-1.48727	-10.5551	-9.06784
BLOCK00/SES006/SA006S23	SES062	-3.11135	-11.9073	-8.79598
BLOCK00/SES006/SA006S23	SES105	-2.93828	-11.7343	-8.79598
BLOCK00/SES006/SA006S23	SES158	-3.28799	-12.084	-8.79598
BLOCK00/SES006/SA006S23	SES275	-1.99225	-10.7882	-8.79598
BLOCK00/SES006/SA006S26	SES104	-2.96354	-12.3223	-9.35878
BLOCK00/SES006/SA006S26	SES158	-3.2654	-12.6242	-9.35878
BLOCK00/SES006/SA006S26	SES270	-0.610574	-9.96936	-9.35878
BLOCK00/SES006/SA006S26	SES275	-2.03224	-11.391	-9.35878
BLOCK00/SES006/SA006S28	SES007	-1.83183	-11.2292	-9.39735
BLOCK00/SES006/SA006S28	SES105	-2.26474	-11.6621	-9.39735
BLOCK00/SES006/SA006S28	SES158	-1.69195	-11.0893	-9.39735
BLOCK00/SES006/SA006S28	SES275	-2.00998	-11.4073	-9.39735
BLOCK00/SES009/SA009S12	SES083	-1.97431	-10.2036	-8.2293
BLOCK00/SES009/SA009S12	SES148	-2.33358	-10.5629	-8.2293
BLOCK00/SES009/SA009S12	SES177	-0.417974	-8.64727	-8.2293
BLOCK00/SES009/SA009S12	SES292	-0.473557	-8.70286	-8.2293
BLOCK00/SES009/SA009S15	SES007	0.0326853	-7.229	-7.26168
BLOCK00/SES009/SA009S15	SES099	-3.48488	-10.7466	-7.26168
BLOCK00/SES009/SA009S15	SES148	-1.38736	-8.64904	-7.26168
BLOCK00/SES009/SA009S15	SES172	-0.879076	-8.14076	-7.26168
BLOCK00/SES009/SA009S24	SES146	-0.354949	-8.61427	-8.25932
BLOCK00/SES009/SA009S24	SES148	-1.88634	-10.1457	-8.25932
BLOCK00/SES009/SA009S24	SES177	-0.554502	-8.81382	-8.25932
BLOCK00/SES009/SA009S24	SES292	-0.477058	-8.73638	-8.25932
BLOCK00/SES009/SA009S26	SES083	-1.98689	-9.79646	-7.80958
BLOCK00/SES009/SA009S26	SES101	-1.7297	-9.53927	-7.80958
BLOCK00/SES009/SA009S26	SES120	-0.667146	-8.47672	-7.80958
BLOCK00/SES009/SA009S26	SES177	-0.752833	-8.56241	-7.80958
BLOCK00/SES009/SA009S29	SES083	-1.64269	-9.19742	-7.55473
BLOCK00/SES009/SA009S29	SES101	-1.44585	-9.00058	-7.55473
BLOCK00/SES009/SA009S29	SES177	-0.392665	-7.94739	-7.55473
BLOCK00/SES009/SA009S29	SES292	-0.699297	-8.25403	-7.55473
BLOCK01/SES011/SA011S10	SES019	-3.11007	-12.265	-9.15497
BLOCK01/SES011/SA011S10	SES042	0.499458	-8.65552	-9.15497
BLOCK01/SES011/SA011S10	SES082	-0.233098	-9.38807	-9.15497
BLOCK01/SES011/SA011S10	SES206	-0.287317	-9.44229	-9.15497
BLOCK01/SES011/SA011S11	SES019	-1.99709	-10.451	-8.45392
BLOCK01/SES011/SA011S11	SES042	0.212178	-8.24174	-8.45392
BLOCK01/SES011/SA011S11	SES082	-0.506243	-8.96017	-8.45392
BLOCK01/SES011/SA011S11	SES206	-0.650501	-9.10442	-8.45392
BLOCK01/SES011/SA011S22	SES019	-2.69453	-11.5678	-8.87327
BLOCK01/SES011/SA011S22	SES042	0.256476	-8.6168	-8.87327
BLOCK01/SES011/SA011S22	SES082	-1.24505	-10.1183	-8.87327
BLOCK01/SES011/SA011S22	SES206	-1.34073	-10.214	-8.87327
BLOCK01/SES011/SA011S24	SES019	-2.59326	-10.9008	-8.30753
BLOCK01/SES011/SA011S24	SES042	0.384127	-7.9234	-8.30753
BLOCK01/SES011/SA011S24	SES104	-0.396163	-8.70369	-8.30753
BLOCK01/SES011/SA011S24	SES206	-0.51979	-8.82732	-8.30753
BLOCK01/SES011/SA011S27	SES082	-0.00164032	-8.1887	-8.18706
BLOCK01/SES011/SA011S27	SES087	-1.88647	-10.0735	-8.18706
BLOCK01/SES011/SA011S27	SES125	-0.683757	-8.87082	-8.18706
BLOCK01/SES011/SA011S27	SES206	-1.37658	-9.56365	-8.18706
BLOCK01/SES012/SA012S11	SES007	-0.153107	-7.21914	-7.06603
BLOCK01/SES012/SA012S11	SES082	-0.162371	-7.2284	-7.06603
BLOCK01/SES012/SA012S11	SES083	-1.01187	-8.0779	-7.06603
BLOCK01/SES012/SA012S11	SES206	0.0894103	-6.97662	-7.06603
BLOCK01/SES012/SA012S14	SES082	-0.0235157	-8.44818	-8.42466
BLOCK01/SES012/SA012S14	SES087	-1.11151	-9.53618	-8.42466
BLOCK01/SES012/SA012S14	SES206	-0.202408	-8.62707	-8.42466
BLOCK01/SES012/SA012S14	SES292	-0.753159	-9.17782	-8.42466
BLOCK01/SES012/SA012S24	SES082	-0.16125	-9.68163	-9.52038
BLOCK01/SES012/SA012S24	SES087	-1.39913	-10.9195	-9.52038
BLOCK01/SES012/SA012S24	SES120	-1.07301	-10.5934	-9.52038
BLOCK01/SES012/SA012S24	SES206	-0.506808	-10.0272	-9.52038
BLOCK01/SES012/SA012S26	SES019	-5.88509	-15.1371	-9.25201
BLOCK01/SES012/SA012S26	SES082	-0.735186	-9.98719	-9.25201
BLOCK01/SES012/SA012S26	SES206	1.03782	-8.21419	-9.25201
BLOCK01/SES012/SA012S26	SES292	-0.0944376	-9.34645	-9.25201
BLOCK01/SES012/SA012S29	SES062	-0.725787	-7.28263	-6.55685
BLOCK01/SES012/SA012S29	SES082	0.18622	-6.37063	-6.55685
BLOCK01/SES012/SA012S29	SES083	-1.22823	-7.78508	-6.55685
BLOCK01/SES012/SA012S29	SES206	0.462477	-6.09437	-6.55685
BLOCK01/SES013/SA013S16	SES062	-2.97804	-12.2707	-9.29262
BLOCK01/SES013/SA013S16	SES106	-1.2985	-10.5911	-9.29262
BLOCK01/SES013/SA013S16	SES206	-1.7259	-11.0185	-9.29262
BLOCK01/SES013/SA013S16	SES226	-1.38687	-10.6795	-9.29262
BLOCK01/SES013/SA013S17	SES062	-1.52022	-9.43471	-7.91449
BLOCK01/SES013/SA013S17	SES106	-1.52411	-9.43861	-7.91449
BLOCK01/SES013/SA013S17	SES206	-0.958849	-8.87334	-7.91449
BLOCK01/SES013/SA013S17	SES226	-0.137693	-8.05219	-7.91449
BLOCK01/SES013/SA013S23	SES104	-0.43076	-9.56167	-9.13091
BLOCK01/SES013/SA013S23	SES106	-0.379469	-9.51038	-9.13091
BLOCK01/SES013/SA013S23	SES206	-1.83535	-10.9663	-9.13091
BLOCK01/SES013/SA013S23	SES270	-1.1683	-10.2992	-9.13091
BLOCK01/SES013/SA013S25	SES042	-3.1737	-11.7031	-8.52937
BLOCK01/SES013/SA013S25	SES104	-0.0533924	-8.58276	-8.52937
BLOCK01/SES013/SA013S25	SES106	-0.660888	-9.19026	-8.52937
BLOCK01/SES013/SA013S25	SES206	-1.41743	-9.9468	-8.52937
BLOCK01/SES013/SA013S29	SES062	-2.76317	-11.5088	-8.7456
BLOCK01/SES013/SA013S29	SES104	-0.727654	-9.47325	-8.7456
BLOCK01/SES013/SA013S29	SES106	-0.494028	-9.23962	-8.7456
BLOCK01/SES013/SA013S29	SES206	-2.07986	-10.8255	-8.7456
BLOCK02/SES021/SA021S13	SES016	-1.94273	-10.1432	-8.20043
BLOCK02/SES021/SA021S13	SES029	-1.16511	-9.36554	-8.20043
BLOCK02/SES021/SA021S13	SES087	-1.95461	-10.155	-8.20043
BLOCK02/SES021/SA021S13	SES206	-1.75627	-9.9567	-8.20043
BLOCK02/SES021/SA021S15	SES087	-0.832929	-8.28786	-7.45493
BLOCK02/SES021/SA021S15	SES125	-1.23798	-8.69291	-7.45493
BLOCK02/SES021/SA021S15	SES206	-1.29524	-8.75018	-7.45493
BLOCK02/SES021/SA021S15	SES226	-1.46903	-8.92396	-7.45493
BLOCK02/SES021/SA021S23	SES062	-2.21988	-11.1348	-8.91489
BLOCK02/SES021/SA021S23	SES087	-0.264691	-9.17958	-8.91489
BLOCK02/SES021/SA021S23	SES206	-1.7298	-10.6447	-8.91489
BLOCK02/SES021/SA021S23	SES226	-0.863683	-9.77857	-8.91489
BLOCK02/SES021/SA021S27	SES002	-0.758119	-7.86542	-7.10731
BLOCK02/SES021/SA021S27	SES016	-2.79537	-9.90268	-7.10731
BLOCK02/SES021/SA021S27	SES019	-1.49081	-8.59811	-7.10731
BLOCK02/SES021/SA021S27	SES062	-1.28042	-8.38772	-7.10731
BLOCK02/SES021/SA021S29	SES087	-1.01101	-9.02563	-8.01462
BLOCK02/SES021/SA021S29	SES125	-1.65319	-9.66781	-8.01462
BLOCK02/SES021/SA021S29	SES206	-0.445498	-8.46012	-8.01462
BLOCK02/SES021/SA021S29	SES226	-1.14479	-9.15941	-8.01462
BLOCK04/SES043/SA043S09	SES083	-0.0577955	-8.87007	-8.81227
BLOCK04/SES043/SA043S09	SES101	-0.285736	-9.09801	-8.81227
BLOCK04/SES043/SA043S09	SES144	0.206232	-8.60604	-8.81227
BLOCK04/SES043/SA043S09	SES172	-1.08997	-9.90224	-8.81227
BLOCK04/SES043/SA043S11	SES083	-0.0423794	-7.47055	-7.42817
BLOCK04/SES043/SA043S11	SES101	0.0630732	-7.3651	-7.42817
BLOCK04/SES043/SA043S11	SES144	0.362803	-7.06537	-7.42817
BLOCK04/SES043/SA043S11	SES172	-0.815556	-8.24373	-7.42817
BLOCK04/SES043/SA043S23	SES083	-0.146647	-7.86642	-7.71977
BLOCK04/SES043/SA043S23	SES144	0.398654	-7.32112	-7.71977
BLOCK04/SES043/SA043S23	SES177	-0.740561	-8.46033	-7.71977
BLOCK04/SES043/SA043S23	SES275	-0.56345	-8.28322	-7.71977
BLOCK04/SES043/SA043S26	SES083	-0.542219	-9.96417	-9.42195
BLOCK04/SES043/SA043S26	SES101	-0.678016	-10.1	-9.42195
BLOCK04/SES043/SA043S26	SES144	-0.0278349	-9.44979	-9.42195
BLOCK04/SES043/SA043S26	SES177	-0.764852	-10.1868	-9.42195
BLOCK04/SES043/SA043S28	SES016	-1.05369	-8.9989	-7.94521
BLOCK04/SES043/SA043S28	SES083	-0.24217	-8.18738	-7.94521
BLOCK04/SES043/SA043S28	SES101	-0.435026	-8.38023	-7.94521
BLOCK04/SES043/SA043S28	SES144	-0.434324	-8.37953	-7.94521
BLOCK04/SES044/SA044S10	SES127	-4.46927	-14.4277	-9.95839
BLOCK04/SES044/SA044S10	SES144	-0.222075	-10.1805	-9.95839
BLOCK04/SES044/SA044S10	SES147	-6.87728	-16.8357	-9.95839
BLOCK04/SES044/SA044S10	SES148	-4.12476	-14.0832	-9.95839
BLOCK04/SES044/SA044S11	SES101	-0.197896	-9.02376	-8.82586
BLOCK04/SES044/SA044S11	SES144	-0.0923824	-8.91824	-8.82586
BLOCK04/SES044/SA044S11	SES147	-2.73928	-11.5651	-8.82586
BLOCK04/SES044/SA044S11	SES177	-1.07752	-9.90338	-8.82586
BLOCK04/SES044/SA044S24	SES007	-2.64508	-11.2856	-8.64047
BLOCK04/SES044/SA044S24	SES101	-0.213749	-8.85422	-8.64047
BLOCK04/SES044/SA044S24	SES147	-2.78269	-11.4232	-8.64047
BLOCK04/SES044/SA044S24	SES177	-0.342071	-8.98254	-8.64047
BLOCK04/SES044/SA044S26	SES007	-1.40353	-8.64475	-7.24122
BLOCK04/SES044/SA044S26	SES016	-0.876104	-8.11732	-7.24122
BLOCK04/SES044/SA044S26	SES101	-0.227562	-7.46878	-7.24122
BLOCK04/SES044/SA044S26	SES147	-0.884677	-8.1259	-7.24122
BLOCK04/SES044/SA044S29	SES007	-0.866488	-8.44574	-7.57925
BLOCK04/SES044/SA044S29	SES101	0.452583	-7.12667	-7.57925
BLOCK04/SES044/SA044S29	SES147	-0.747074	-8.32632	-7.57925
BLOCK04/SES044/SA044S29	SES177	-1.26959	-8.84884	-7.57925
BLOCK04/SES046/SA046S13	SES101	-0.340387	-9.21147	-8.87108
BLOCK04/SES046/SA046S13	SES144	0.0418844	-8.82919	-8.87108
BLOCK04/SES046/SA046S13	SES147	-1.53036	-10.4014	-8.87108
BLOCK04/SES046/SA046S13	SES177	-0.582555	-9.45363	-8.87108
BLOCK04/SES046/SA046S15	SES048	-0.0833058	-6.18317	-6.09986
BLOCK04/SES046/SA046S15	SES083	-1.00407	-7.10393	-6.09986
BLOCK04/SES046/SA046S15	SES120	-1.97386	-8.07372	-6.09986
BLOCK04/SES046/SA046S15	SES148	-0.884648	-6.98451	-6.09986
BLOCK04/SES046/SA046S22	SES101	0.268385	-8.07041	-8.33879
BLOCK04/SES046/SA046S22	SES144	0.548711	-7.79008	-8.33879
BLOCK04/SES046/SA046S22	SES147	-1.05872	-9.39751	-8.33879
BLOCK04/SES046/SA046S22	SES172	-0.254579	-8.59337	-8.33879
BLOCK04/SES046/SA046S25	SES083	-0.604461	-7.83692	-7.23246
BLOCK04/SES046/SA046S25	SES127	-0.821527	-8.05399	-7.23246
BLOCK04/SES046/SA046S25	SES144	-0.103106	-7.33557	-7.23246
BLOCK04/SES046/SA046S25	SES148	-0.809085	-8.04155	-7.23246
BLOCK04/SES046/SA046S28	SES007	-1.06561	-8.46545	-7.39984
BLOCK04/SES046/SA046S28	SES105	-0.862757	-8.2626	-7.39984
BLOCK04/SES046/SA046S28	SES147	-0.775083	-8.17492	-7.39984
BLOCK04/SES046/SA046S28	SES148	-1.28485	-8.68469	-7.39984
BLOCK04/SES049/SA049S16	SES104	-0.983257	-10.2995	-9.31627
BLOCK04/SES049/SA049S16	SES106	-1.67721	-10.9935	-9.31627
BLOCK04/SES049/SA049S16	SES120	-1.09852	-10.4148	-9.31627
BLOCK04/SES049/SA049S16	SES206	-1.81719	-11.1335	-9.31627
BLOCK04/SES049/SA049S18	SES099	-0.566577	-9.67128	-9.1047
BLOCK04/SES049/SA049S18	SES104	-0.699902	-9.8046	-9.1047
BLOCK04/SES049/SA049S18	SES125	-1.10052	-10.2052	-9.1047
BLOCK04/SES049/SA049S18	SES206	-1.75563	-10.8603	-9.1047
BLOCK04/SES049/SA049S25	SES087	-1.29257	-10.5984	-9.30579
BLOCK04/SES049/SA049S25	SES104	-0.69771	-10.0035	-9.30579
BLOCK04/SES049/SA049S25	SES125	-1.35447	-10.6603	-9.30579
BLOCK04/SES049/SA049S25	SES206	-1.3343	-10.6401	-9.30579
BLOCK04/SES049/SA049S27	SES099	-0.587615	-8.25133	-7.66371
BLOCK04/SES049/SA049S27	SES104	-0.418746	-8.08246	-7.66371
BLOCK04/SES049/SA049S27	SES125	-1.29271	-8.95642	-7.66371
BLOCK04/SES049/SA049S27	SES206	-1.20729	-8.871	-7.66371
BLOCK04/SES049/SA049S29	SES099	0.21851	-7.49149	-7.71
BLOCK04/SES049/SA049S29	SES104	-0.0326953	-7.74269	-7.71
BLOCK04/SES049/SA049S29	SES125	-0.274992	-7.98499	-7.71
BLOCK04/SES049/SA049S29	SES206	-1.26579	-8.97579	-7.71
BLOCK06/SES063/SA063S09	SES068	-2.01218	-11.6393	-9.6271
BLOCK06/SES063/SA063S09	SES083	-0.392111	-10.0192	-9.6271
BLOCK06/SES063/SA063S09	SES177	-0.670989	-10.2981	-9.6271
BLOCK06/SES063/SA063S09	SES187	-0.765886	-10.393	-9.6271
BLOCK06/SES063/SA063S10	SES068	-1.80565	-10.8623	-9.05663
BLOCK06/SES063/SA063S10	SES083	-0.739604	-9.79623	-9.05663
BLOCK06/SES063/SA063S10	SES172	-1.26869	-10.3253	-9.05663
BLOCK06/SES063/SA063S10	SES187	-0.945088	-10.0017	-9.05663
BLOCK06/SES063/SA063S20	SES068	-3.04904	-12.0628	-9.01378
BLOCK06/SES063/SA063S20	SES083	-0.855991	-9.86977	-9.01378
BLOCK06/SES063/SA063S20	SES172	-1.46989	-10.4837	-9.01378
BLOCK06/SES063/SA063S20	SES187	-0.953501	-9.96728	-9.01378
BLOCK06/SES063/SA063S24	SES029	-2.0823	-11.4761	-9.39376
BLOCK06/SES063/SA063S24	SES083	0.413981	-8.97978	-9.39376
BLOCK06/SES063/SA063S24	SES177	-0.433431	-9.82719	-9.39376
BLOCK06/SES063/SA063S24	SES189	0.232954	-9.1608	-9.39376
BLOCK06/SES063/SA063S27	SES083	-0.584867	-9.27247	-8.68761
BLOCK06/SES063/SA063S27	SES172	-1.46069	-10.1483	-8.68761
BLOCK06/SES063/SA063S27	SES187	-0.810807	-9.49841	-8.68761
BLOCK06/SES063/SA063S27	SES292	-1.23358	-9.92119	-8.68761
BLOCK06/SES067/SA067S12	SES083	-0.785223	-7.80355	-7.01833
BLOCK06/SES067/SA067S12	SES172	-1.84022	-8.85855	-7.01833
BLOCK06/SES067/SA067S12	SES202	-0.992752	-8.01108	-7.01833
BLOCK06/SES067/SA067S12	SES292	-1.21253	-8.23086	-7.01833
BLOCK06/SES067/SA067S14	SES085	-1.00073	-6.85444	-5.85371
BLOCK06/SES067/SA067S14	SES177	-1.5951	-7.44881	-5.85371
BLOCK06/SES067/SA067S14	SES183	0.354587	-5.49912	-5.85371
BLOCK06/SES067/SA067S14	SES202	-0.959035	-6.81275	-5.85371
BLOCK06/SES067/SA067S21	SES144	-0.868072	-9.27823	-8.41016
BLOCK06/SES067/SA067S21	SES177	-0.736626	-9.14678	-8.41016
BLOCK06/SES067/SA067S21	SES183	-0.0428581	-8.45302	-8.41016
BLOCK06/SES067/SA067S21	SES189	-0.478592	-8.88875	-8.41016
BLOCK06/SES067/SA067S25	SES085	-2.53704	-9.71109	-7.17405
BLOCK06/SES067/SA067S25	SES177	-1.0513	-8.22535	-7.17405
BLOCK06/SES067/SA067S25	SES183	-0.507716	-7.68177	-7.17405
BLOCK06/SES067/SA067S25	SES202	-1.55762	-8.73167	-7.17405
BLOCK06/SES067/SA067S29	SES085	-3.39515	-12.49	-9.09487
BLOCK06/SES067/SA067S29	SES177	-2.40916	-11.504	-9.09487
BLOCK06/SES067/SA067S29	SES183	-1.18358	-10.2784	-9.09487
BLOCK06/SES067/SA067S29	SES202	-2.07631	-11.1712	-9.09487
BLOCK06/SES069/SA069S12	SES029	-1.8882	-9.21437	-7.32616
BLOCK06/SES069/SA069S12	SES082	-0.504704	-7.83087	-7.32616
BLOCK06/SES069/SA069S12	SES087	-0.862346	-8.18851	-7.32616
BLOCK06/SES069/SA069S12	SES206	-0.32968	-7.65584	-7.32616
BLOCK06/SES069/SA069S13	SES029	-2.07925	-9.16323	-7.08398
BLOCK06/SES069/SA069S13	SES087	-0.58311	-7.66709	-7.08398
BLOCK06/SES069/SA069S13	SES206	-1.3639	-8.44789	-7.08398
BLOCK06/SES069/SA069S13	SES226	0.223568	-6.86041	-7.08398
BLOCK06/SES069/SA069S23	SES029	-0.360095	-6.89831	-6.53821
BLOCK06/SES069/SA069S23	SES087	0.726423	-5.81179	-6.53821
BLOCK06/SES069/SA069S23	SES206	-0.911811	-7.45002	-6.53821
BLOCK06/SES069/SA069S23	SES226	0.310107	-6.22811	-6.53821
BLOCK06/SES069/SA069S25	SES087	-0.671862	-7.77558	-7.10372
BLOCK06/SES069/SA069S25	SES206	-1.55725	-8.66097	-7.10372
BLOCK06/SES069/SA069S25	SES226	-0.0848646	-7.18858	-7.10372
BLOCK06/SES069/SA069S25	SES270	-0.723897	-7.82761	-7.10372
BLOCK06/SES069/SA069S27	SES087	-0.757501	-8.63335	-7.87584
BLOCK06/SES069/SA069S27	SES206	-0.469224	-8.34507	-7.87584
BLOCK06/SES069/SA069S27	SES226	0.0880332	-7.78781	-7.87584
BLOCK06/SES069/SA069S27	SES270	-0.474725	-8.35057	-7.87584
BLOCK08/SES081/SA081S11	SES060	-0.722972	-8.64339	-7.92042
BLOCK08/SES081/SA081S11	SES062	-0.378339	-8.29876	-7.92042
BLOCK08/SES081/SA081S11	SES117	-1.56101	-9.48143	-7.92042
BLOCK08/SES081/SA081S11	SES162	-1.74337	-9.66378	-7.92042
BLOCK08/SES081/SA081S13	SES016	-0.478894	-7.28236	-6.80347
BLOCK08/SES081/SA081S13	SES060	-0.0643344	-6.8678	-6.80347
BLOCK08/SES081/SA081S13	SES068	-0.701844	-7.50531	-6.80347
BLOCK08/SES081/SA081S13	SES129	-2.30559	-9.10906	-6.80347
BLOCK08/SES081/SA081S24	SES060	0.102761	-7.25031	-7.35307
BLOCK08/SES081/SA081S24	SES068	-0.467372	-7.82044	-7.35307
BLOCK08/SES081/SA081S24	SES117	-1.11418	-8.46725	-7.35307
BLOCK08/SES081/SA081S24	SES275	-1.19968	-8.55275	-7.35307
BLOCK08/SES081/SA081S27	SES007	-0.388883	-8.94001	-8.55112
BLOCK08/SES081/SA081S27	SES060	-0.439556	-8.99068	-8.55112
BLOCK08/SES081/SA081S27	SES117	-0.790303	-9.34143	-8.55112
BLOCK08/SES081/SA081S27	SES275	-1.7256	-10.2767	-8.55112
BLOCK08/SES081/SA081S29	SES007	-0.0717373	-9.03071	-8.95898
BLOCK08/SES081/SA081S29	SES060	-0.123261	-9.08224	-8.95898
BLOCK08/SES081/SA081S29	SES117	-0.820783	-9.77976	-8.95898
BLOCK08/SES081/SA081S29	SES275	-1.33342	-10.2924	-8.95898
BLOCK08/SES086/SA086S11	SES029	-3.15087	-12.4733	-9.32243
BLOCK08/SES086/SA086S11	SES082	-2.06006	-11.3825	-9.32243
BLOCK08/SES086/SA086S11	SES087	-0.306582	-9.62901	-9.32243
BLOCK08/SES086/SA086S11	SES206	-1.21073	-10.5332	-9.32243
BLOCK08/SES086/SA086S12	SES029	-2.81402	-11.5513	-8.73725
BLOCK08/SES086/SA086S12	SES082	-2.37456	-11.1118	-8.73725
BLOCK08/SES086/SA086S12	SES087	0.0456724	-8.69158	-8.73725
BLOCK08/SES086/SA086S12	SES206	-1.00534	-9.74259	-8.73725
BLOCK08/SES086/SA086S20	SES029	-2.29036	-10.2818	-7.99142
BLOCK08/SES086/SA086S20	SES082	-1.43306	-9.42448	-7.99142
BLOCK08/SES086/SA086S20	SES087	0.217673	-7.77375	-7.99142
BLOCK08/SES086/SA086S20	SES206	-0.366029	-8.35745	-7.99142
BLOCK08/SES086/SA086S24	SES087	0.0305691	-9.46896	-9.49953
BLOCK08/SES086/SA086S24	SES104	-0.470531	-9.97006	-9.49953
BLOCK08/SES086/SA086S24	SES120	-0.525284	-10.0248	-9.49953
BLOCK08/SES086/SA086S24	SES206	-0.11912	-9.61865	-9.49953
BLOCK08/SES086/SA086S28	SES029	-2.29442	-10.1605	-7.86604
BLOCK08/SES086/SA086S28	SES082	-1.45729	-9.32332	-7.86604
BLOCK08/SES086/SA086S28	SES087	0.0961757	-7.76986	-7.86604
BLOCK08/SES086/SA086S28	SES206	-0.381767	-8.2478	-7.86604
BLOCK08/SES089/SA089S13	SES087	-0.617444	-9.91093	-9.29348
BLOCK08/SES089/SA089S13	SES206	-1.02281	-10.3163	-9.29348
BLOCK08/SES089/SA089S13	SES226	-0.864065	-10.1575	-9.29348
BLOCK08/SES089/SA089S13	SES270	-0.849504	-10.143	-9.29348
BLOCK08/SES089/SA089S14	SES062	-1.73959	-10.3106	-8.57103
BLOCK08/SES089/SA089S14	SES087	-0.356045	-8.92707	-8.57103
BLOCK08/SES089/SA089S14	SES206	-1.50566	-10.0767	-8.57103
BLOCK08/SES089/SA089S14	SES226	-0.952494	-9.52352	-8.57103
BLOCK08/SES089/SA089S23	SES087	-0.0427084	-11.0786	-11.0359
BLOCK08/SES089/SA089S23	SES206	-1.90608	-12.9419	-11.0359
BLOCK08/SES089/SA089S23	SES226	-0.572526	-11.6084	-11.0359
BLOCK08/SES089/SA089S23	SES270	-3.10255	-14.1384	-11.0359
BLOCK08/SES089/SA089S25	SES062	-0.259872	-9.35601	-9.09614
BLOCK08/SES089/SA089S25	SES087	0.642447	-8.4537	-9.09614
BLOCK08/SES089/SA089S25	SES206	-1.33688	-10.433	-9.09614
BLOCK08/SES089/SA089S25	SES226	-0.0321426	-9.12828	-9.09614
BLOCK08/SES089/SA089S28	SES062	-0.521575	-9.08903	-8.56746
BLOCK08/SES089/SA089S28	SES087	0.121299	-8.44616	-8.56746
BLOCK08/SES089/SA089S28	SES206	-0.798553	-9.36601	-8.56746
BLOCK08/SES089/SA089S28	SES226	-0.129373	-8.69683	-8.56746
BLOCK09/SES097/SA097S11	SES099	0.228803	-9.04671	-9.27552
BLOCK09/SES097/SA097S11	SES125	-1.15532	-10.4308	-9.27552
BLOCK09/SES097/SA097S11	SES206	-0.967238	-10.2428	-9.27552
BLOCK09/SES097/SA097S11	SES226	0.518079	-8.75744	-9.27552
BLOCK09/SES097/SA097S14	SES062	-1.61935	-9.68736	-8.068
BLOCK09/SES097/SA097S14	SES099	-1.02932	-9.09732	-8.068
BLOCK09/SES097/SA097S14	SES104	-0.780477	-8.84848	-8.068
BLOCK09/SES097/SA097S14	SES206	-1.38692	-9.45492	-8.068
BLOCK09/SES097/SA097S22	SES099	0.132577	-8.65281	-8.78539
BLOCK09/SES097/SA097S22	SES206	-1.29412	-10.0795	-8.78539
BLOCK09/SES097/SA097S22	SES226	-0.336504	-9.1219	-8.78539
BLOCK09/SES097/SA097S22	SES270	-0.639194	-9.42459	-8.78539
BLOCK09/SES097/SA097S26	SES099	0.932257	-8.13434	-9.06659
BLOCK09/SES097/SA097S26	SES120	-0.124193	-9.19079	-9.06659
BLOCK09/SES097/SA097S26	SES206	-1.81473	-10.8813	-9.06659
BLOCK09/SES097/SA097S26	SES226	-0.500627	-9.56722	-9.06659
BLOCK09/SES097/SA097S28	SES099	0.310936	-7.84572	-8.15666
BLOCK09/SES097/SA097S28	SES120	-0.449316	-8.60598	-8.15666
BLOCK09/SES097/SA097S28	SES206	-0.875441	-9.0321	-8.15666
BLOCK09/SES097/SA097S28	SES226	-0.695892	-8.85255	-8.15666
BLOCK09/SES098/SA098S11	SES127	-0.705988	-8.25829	-7.5523
BLOCK09/SES098/SA098S11	SES144	-0.672194	-8.2245	-7.5523
BLOCK09/SES098/SA098S11	SES147	-0.594552	-8.14686	-7.5523
BLOCK09/SES098/SA098S11	SES148	-1.81767	-9.36998	-7.5523
BLOCK09/SES098/SA098S12	SES127	-2.18919	-11.222	-9.03276
BLOCK09/SES098/SA098S12	SES144	-1.29322	-10.326	-9.03276
BLOCK09/SES098/SA098S12	SES147	-1.42837	-10.4611	-9.03276
BLOCK09/SES098/SA098S12	SES189	-1.41419	-10.4469	-9.03276
BLOCK09/SES098/SA098S20	SES127	-3.6888	-12.537	-8.8482
BLOCK09/SES098/SA098S20	SES147	-2.42636	-11.2746	-8.8482
BLOCK09/SES098/SA098S20	SES148	-3.51748	-12.3657	-8.8482
BLOCK09/SES098/SA098S20	SES292	-0.531915	-9.38012	-8.8482
BLOCK09/SES098/SA098S23	SES127	-2.06296	-9.97179	-7.90882
BLOCK09/SES098/SA098S23	SES147	-2.52801	-10.4368	-7.90882
BLOCK09/SES098/SA098S23	SES187	-0.837775	-8.7466	-7.90882
BLOCK09/SES098/SA098S23	SES292	-0.910005	-8.81883	-7.90882
BLOCK09/SES098/SA098S27	SES127	-4.18612	-12.2954	-8.10927
BLOCK09/SES098/SA098S27	SES147	-3.66526	-11.7745	-8.10927
BLOCK09/SES098/SA098S27	SES148	-3.21664	-11.3259	-8.10927
BLOCK09/SES098/SA098S27	SES292	-0.792953	-8.90222	-8.10927
BLOCK10/SES102/SA102S13	SES101	-0.408183	-9.97092	-9.56274
BLOCK10/SES102/SA102S13	SES105	-1.99909	-11.5618	-9.56274
BLOCK10/SES102/SA102S13	SES120	-2.16711	-11.7299	-9.56274
BLOCK10/SES102/SA102S13	SES158	-0.931957	-10.4947	-9.56274
BLOCK10/SES102/SA102S14	SES007	0.481833	-6.05178	-6.53361
BLOCK10/SES102/SA102S14	SES101	-0.27545	-6.80906	-6.53361
BLOCK10/SES102/SA102S14	SES105	-0.4302	-6.96381	-6.53361
BLOCK10/SES102/SA102S14	SES147	-1.64491	-8.17852	-6.53361
BLOCK10/SES102/SA102S22	SES007	-1.52774	-8.86453	-7.3368
BLOCK10/SES102/SA102S22	SES101	-0.819916	-8.15671	-7.3368
BLOCK10/SES102/SA102S22	SES105	-1.19789	-8.53469	-7.3368
BLOCK10/SES102/SA102S22	SES158	-2.12398	-9.46077	-7.3368
BLOCK10/SES102/SA102S25	SES007	-0.652271	-8.14034	-7.48807
BLOCK10/SES102/SA102S25	SES101	0.0997634	-7.38831	-7.48807
BLOCK10/SES102/SA102S25	SES105	-0.948756	-8.43683	-7.48807
BLOCK10/SES102/SA102S25	SES147	-2.83709	-10.3252	-7.48807
BLOCK10/SES102/SA102S27	SES007	-0.27839	-7.74299	-7.4646
BLOCK10/SES102/SA102S27	SES101	0.420675	-7.04393	-7.4646
BLOCK10/SES102/SA102S27	SES105	-1.55956	-9.02416	-7.4646
BLOCK10/SES102/SA102S27	SES147	-2.26073	-9.72533	-7.4646
BLOCK10/SES103/SA103S14	SES105	-1.35225	-10.7895	-9.43721
BLOCK10/SES103/SA103S14	SES106	-0.297564	-9.73477	-9.43721
BLOCK10/SES103/SA103S14	SES120	-1.7799	-11.2171	-9.43721
BLOCK10/SES103/SA103S14	SES206	-1.21986	-10.6571	-9.43721
BLOCK10/SES103/SA103S15	SES099	-1.87104	-12.2758	-10.4048
BLOCK10/SES103/SA103S15	SES101	-2.89418	-13.299	-10.4048
BLOCK10/SES103/SA103S15	SES104	-0.683644	-11.0884	-10.4048
BLOCK10/SES103/SA103S15	SES125	-2.0852	-12.49	-10.4048
BLOCK10/SES103/SA103S24	SES104	-1.01099	-9.30064	-8.28966
BLOCK10/SES103/SA103S24	SES125	-3.29708	-11.5867	-8.28966
BLOCK10/SES103/SA103S24	SES148	-2.60867	-10.8983	-8.28966
BLOCK10/SES103/SA103S24	SES158	-1.79498	-10.0846	-8.28966
BLOCK10/SES103/SA103S26	SES104	-0.821346	-9.76306	-8.94171
BLOCK10/SES103/SA103S26	SES106	-0.609545	-9.55126	-8.94171
BLOCK10/SES103/SA103S26	SES125	-2.43132	-11.373	-8.94171
BLOCK10/SES103/SA103S26	SES148	-4.2786	-13.2203	-8.94171
BLOCK10/SES103/SA103S28	SES104	-0.525147	-10.4909	-9.9658
BLOCK10/SES103/SA103S28	SES106	-1.04918	-11.015	-9.9658
BLOCK10/SES103/SA103S28	SES125	-3.17332	-13.1391	-9.9658
BLOCK10/SES103/SA103S28	SES206	-2.32924	-12.295	-9.9658
BLOCK12/SES121/SA121S12	SES042	-1.25131	-9.81511	-8.56379
BLOCK12/SES121/SA121S12	SES087	-1.07059	-9.63439	-8.56379
BLOCK12/SES121/SA121S12	SES105	-0.526621	-9.09041	-8.56379
BLOCK12/SES121/SA121S12	SES206	0.00201321	-8.56178	-8.56379
BLOCK12/SES121/SA121S14	SES007	-2.66426	-13.4235	-10.7592
BLOCK12/SES121/SA121S14	SES105	-2.8388	-13.598	-10.7592
BLOCK12/SES121/SA121S14	SES106	-1.07515	-11.8344	-10.7592
BLOCK12/SES121/SA121S14	SES206	-0.841516	-11.6007	-10.7592
BLOCK12/SES121/SA121S23	SES105	-2.29424	-12.5487	-10.2545
BLOCK12/SES121/SA121S23	SES106	-0.813902	-11.0684	-10.2545
BLOCK12/SES121/SA121S23	SES120	-1.83897	-12.0934	-10.2545
BLOCK12/SES121/SA121S23	SES206	0.113256	-10.1412	-10.2545
BLOCK12/SES121/SA121S25	SES007	-1.72801	-12.2396	-10.5116
BLOCK12/SES121/SA121S25	SES105	-2.94292	-13.4545	-10.5116
BLOCK12/SES121/SA121S25	SES106	-0.195187	-10.7068	-10.5116
BLOCK12/SES121/SA121S25	SES206	-0.468295	-10.9799	-10.5116
BLOCK12/SES121/SA121S27	SES087	-0.268214	-10.3212	-10.053
BLOCK12/SES121/SA121S27	SES105	-3.77436	-13.8274	-10.053
BLOCK12/SES121/SA121S27	SES120	-0.0854425	-10.1385	-10.053
BLOCK12/SES121/SA121S27	SES206	-0.132475	-10.1855	-10.053
BLOCK12/SES124/SA124S16	SES042	-0.330972	-7.43278	-7.10181
BLOCK12/SES124/SA124S16	SES082	-0.609629	-7.71144	-7.10181
BLOCK12/SES124/SA124S16	SES183	-0.817637	-7.91945	-7.10181
BLOCK12/SES124/SA124S16	SES206	-0.558836	-7.66065	-7.10181
BLOCK12/SES124/SA124S17	SES105	-1.22075	-9.76589	-8.54514
BLOCK12/SES124/SA124S17	SES149	-0.812216	-9.35736	-8.54514
BLOCK12/SES124/SA124S17	SES158	-1.87692	-10.4221	-8.54514
BLOCK12/SES124/SA124S17	SES275	-0.185714	-8.73085	-8.54514
BLOCK12/SES124/SA124S23	SES105	-1.90129	-8.20126	-6.29997
BLOCK12/SES124/SA124S23	SES125	0.363722	-5.93625	-6.29997
BLOCK12/SES124/SA124S23	SES129	-1.72599	-8.02596	-6.29997
BLOCK12/SES124/SA124S23	SES158	-0.900086	-7.20005	-6.29997
BLOCK12/SES124/SA124S26	SES105	-2.32526	-10.4996	-8.17433
BLOCK12/SES124/SA124S26	SES125	-0.677052	-8.85138	-8.17433
BLOCK12/SES124/SA124S26	SES129	-1.83047	-10.0048	-8.17433
BLOCK12/SES124/SA124S26	SES158	-1.01476	-9.18908	-8.17433
BLOCK12/SES124/SA124S28	SES104	0.585933	-6.98408	-7.57001
BLOCK12/SES124/SA124S28	SES106	-0.372602	-7.94261	-7.57001
BLOCK12/SES124/SA124S28	SES125	0.53163	-7.03838	-7.57001
BLOCK12/SES124/SA124S28	SES275	-0.546463	-8.11647	-7.57001
BLOCK12/SES126/SA126S13	SES007	-0.770736	-9.06477	-8.29404
BLOCK12/SES126/SA126S13	SES162	-1.52715	-9.82119	-8.29404
BLOCK12/SES126/SA126S13	SES177	-0.859524	-9.15356	-8.29404
BLOCK12/SES126/SA126S13	SES180	-1.41037	-9.70441	-8.29404
BLOCK12/SES126/SA126S14	SES144	-0.532037	-8.05807	-7.52603
BLOCK12/SES126/SA126S14	SES148	-1.51181	-9.03785	-7.52603
BLOCK12/SES126/SA126S14	SES177	-0.723346	-8.24938	-7.52603
BLOCK12/SES126/SA126S14	SES180	-1.26934	-8.79538	-7.52603
BLOCK12/SES126/SA126S20	SES007	-0.871181	-7.13376	-6.26258
BLOCK12/SES126/SA126S20	SES162	-1.0586	-7.32118	-6.26258
BLOCK12/SES126/SA126S20	SES172	-0.911776	-7.17436	-6.26258
BLOCK12/SES126/SA126S20	SES180	-0.71207	-6.97465	-6.26258
BLOCK12/SES126/SA126S24	SES120	-0.183991	-7.33502	-7.15103
BLOCK12/SES126/SA126S24	SES162	-1.0078	-8.15883	-7.15103
BLOCK12/SES126/SA126S24	SES177	-0.215607	-7.36664	-7.15103
BLOCK12/SES126/SA126S24	SES180	-0.471537	-7.62257	-7.15103
BLOCK12/SES126/SA126S26	SES120	0.277579	-7.56454	-7.84211
BLOCK12/SES126/SA126S26	SES177	-0.50319	-8.3453	-7.84211
BLOCK12/SES126/SA126S26	SES180	-0.0546398	-7.89675	-7.84211
BLOCK12/SES126/SA126S26	SES202	-0.398042	-8.24016	-7.84211
BLOCK12/SES128/SA128S10	SES087	-0.976571	-8.91133	-7.93476
BLOCK12/SES128/SA128S10	SES206	-0.394212	-8.32897	-7.93476
BLOCK12/SES128/SA128S10	SES226	-0.611472	-8.54623	-7.93476
BLOCK12/SES128/SA128S10	SES270	-0.357818	-8.29258	-7.93476
BLOCK12/SES128/SA128S12	SES120	-0.166924	-8.56789	-8.40097
BLOCK12/SES128/SA128S12	SES158	-1.11956	-9.52053	-8.40097
BLOCK12/SES128/SA128S12	SES206	-0.0408401	-8.44181	-8.40097
BLOCK12/SES128/SA128S12	SES226	-1.70521	-10.1062	-8.40097
BLOCK12/SES128/SA128S21	SES106	-1.72187	-9.92747	-8.2056
BLOCK12/SES128/SA128S21	SES120	-0.340888	-8.54649	-8.2056
BLOCK12/SES128/SA128S21	SES206	-0.858811	-9.06441	-8.2056
BLOCK12/SES128/SA128S21	SES226	0.154634	-8.05097	-8.2056
BLOCK12/SES128/SA128S24	SES087	-1.02778	-9.89964	-8.87186
BLOCK12/SES128/SA128S24	SES120	-0.311628	-9.18349	-8.87186
BLOCK12/SES128/SA128S24	SES206	-0.272439	-9.1443	-8.87186
BLOCK12/SES128/SA128S24	SES226	-1.1976	-10.0695	-8.87186
BLOCK12/SES128/SA128S27	SES099	-0.460157	-8.11726	-7.6571
BLOCK12/SES128/SA128S27	SES120	-0.0914564	-7.74856	-7.6571
BLOCK12/SES128/SA128S27	SES206	-0.475204	-8.13231	-7.6571
BLOCK12/SES128/SA128S27	SES226	-2.01551	-9.67261	-7.6571
BLOCK13/SES130/SA130S13	SES143	-0.308324	-9.54578	-9.23746
BLOCK13/SES130/SA130S13	SES144	0.848445	-8.38901	-9.23746
BLOCK13/SES130/SA130S13	SES146	-1.38808	-10.6255	-9.23746
BLOCK13/SES130/SA130S13	SES275	-1.50615	-10.7436	-9.23746
BLOCK13/SES130/SA130S15	SES143	-0.745665	-8.17972	-7.43405
BLOCK13/SES130/SA130S15	SES144	0.371243	-7.06281	-7.43405
BLOCK13/SES130/SA130S15	SES146	-0.363681	-7.79773	-7.43405
BLOCK13/SES130/SA130S15	SES275	-0.459685	-7.89374	-7.43405
BLOCK13/SES130/SA130S23	SES127	-1.11095	-9.56391	-8.45296
BLOCK13/SES130/SA130S23	SES144	0.00840092	-8.44456	-8.45296
BLOCK13/SES130/SA130S23	SES146	-0.942348	-9.39531	-8.45296
BLOCK13/SES130/SA130S23	SES162	-0.694609	-9.14757	-8.45296
BLOCK13/SES130/SA130S25	SES127	-0.822497	-7.35025	-6.52775
BLOCK13/SES130/SA130S25	SES144	0.0384102	-6.48934	-6.52775
BLOCK13/SES130/SA130S25	SES146	-0.379169	-6.90692	-6.52775
BLOCK13/SES130/SA130S25	SES275	-0.80086	-7.32862	-6.52775
BLOCK13/SES130/SA130S28	SES127	-0.257746	-8.29671	-8.03896
BLOCK13/SES130/SA130S28	SES144	-0.568568	-8.60753	-8.03896
BLOCK13/SES130/SA130S28	SES146	-0.287301	-8.32626	-8.03896
BLOCK13/SES130/SA130S28	SES275	-0.62321	-8.66217	-8.03896
BLOCK13/SES131/SA131S13	SES002	-1.05029	-10.4167	-9.36645
BLOCK13/SES131/SA131S13	SES007	-1.19359	-10.56	-9.36645
BLOCK13/SES131/SA131S13	SES099	-0.148571	-9.51502	-9.36645
BLOCK13/SES131/SA131S13	SES105	-0.681113	-10.0476	-9.36645
BLOCK13/SES131/SA131S14	SES104	-0.566708	-6.81828	-6.25157
BLOCK13/SES131/SA131S14	SES106	-1.41824	-7.66982	-6.25157
BLOCK13/SES131/SA131S14	SES125	-1.40961	-7.66119	-6.25157
BLOCK13/SES131/SA131S14	SES148	0.177948	-6.07362	-6.25157
BLOCK13/SES131/SA131S20	SES104	-1.8572	-11.0793	-9.22206
BLOCK13/SES131/SA131S20	SES106	-1.33342	-10.5555	-9.22206
BLOCK13/SES131/SA131S20	SES125	-1.73261	-10.9547	-9.22206
BLOCK13/SES131/SA131S20	SES148	-2.11928	-11.3413	-9.22206
BLOCK13/SES131/SA131S22	SES099	-1.06547	-8.72077	-7.65531
BLOCK13/SES131/SA131S22	SES104	-0.555638	-8.21094	-7.65531
BLOCK13/SES131/SA131S22	SES125	-0.554327	-8.20963	-7.65531
BLOCK13/SES131/SA131S22	SES206	-0.743726	-8.39903	-7.65531
BLOCK13/SES131/SA131S29	SES087	-0.734187	-10.0499	-9.31568
BLOCK13/SES131/SA131S29	SES104	-1.48329	-10.799	-9.31568
BLOCK13/SES131/SA131S29	SES125	-3.27407	-12.5898	-9.31568
BLOCK13/SES131/SA131S29	SES206	-1.76983	-11.0855	-9.31568
BLOCK13/SES132/SA132S11	SES083	-1.71802	-9.99693	-8.27891
BLOCK13/SES132/SA132S11	SES120	0.31278	-7.96613	-8.27891
BLOCK13/SES132/SA132S11	SES127	-3.02523	-11.3041	-8.27891
BLOCK13/SES132/SA132S11	SES275	-1.10673	-9.38564	-8.27891
BLOCK13/SES132/SA132S12	SES083	-1.64444	-9.09248	-7.44804
BLOCK13/SES132/SA132S12	SES143	-2.31986	-9.7679	-7.44804
BLOCK13/SES132/SA132S12	SES144	-0.716464	-8.16451	-7.44804
BLOCK13/SES132/SA132S12	SES148	-1.5678	-9.01584	-7.44804
BLOCK13/SES132/SA132S22	SES062	-0.792948	-8.79722	-8.00427
BLOCK13/SES132/SA132S22	SES083	-1.71725	-9.72152	-8.00427
BLOCK13/SES132/SA132S22	SES127	-2.71461	-10.7189	-8.00427
BLOCK13/SES132/SA132S22	SES275	-0.630651	-8.63492	-8.00427
BLOCK13/SES132/SA132S24	SES007	-0.583889	-7.67221	-7.08832
BLOCK13/SES132/SA132S24	SES083	-1.8319	-8.92023	-7.08832
BLOCK13/SES132/SA132S24	SES127	-3.04036	-10.1287	-7.08832
BLOCK13/SES132/SA132S24	SES275	-1.48634	-8.57466	-7.08832
BLOCK13/SES132/SA132S27	SES083	-2.58926	-11.2889	-8.69964
BLOCK13/SES132/SA132S27	SES120	0.514218	-8.18542	-8.69964
BLOCK13/SES132/SA132S27	SES127	-5.32385	-14.0235	-8.69964
BLOCK13/SES132/SA132S27	SES275	-1.67057	-10.3702	-8.69964
BLOCK14/SES141/SA141S09	SES143	-0.832647	-7.88435	-7.0517
BLOCK14/SES141/SA141S09	SES144	-0.308292	-7.35999	-7.0517
BLOCK14/SES141/SA141S09	SES162	-0.979961	-8.03166	-7.0517
BLOCK14/SES141/SA141S09	SES180	-0.639991	-7.69169	-7.0517
BLOCK14/SES141/SA141S15	SES127	-0.550349	-8.59235	-8.042
BLOCK14/SES141/SA141S15	SES144	-0.782766	-8.82476	-8.042
BLOCK14/SES141/SA141S15	SES162	-1.77465	-9.81664	-8.042
BLOCK14/SES141/SA141S15	SES180	-0.73301	-8.77501	-8.042
BLOCK14/SES141/SA141S24	SES127	-0.819825	-8.74264	-7.92282
BLOCK14/SES141/SA141S24	SES144	-0.802579	-8.72539	-7.92282
BLOCK14/SES141/SA141S24	SES162	-1.17328	-9.09609	-7.92282
BLOCK14/SES141/SA141S24	SES183	-1.01092	-8.93374	-7.92282
BLOCK14/SES141/SA141S26	SES142	-0.0356379	-8.1416	-8.10596
BLOCK14/SES141/SA141S26	SES144	-1.24609	-9.35206	-8.10596
BLOCK14/SES141/SA141S26	SES172	-1.1153	-9.22127	-8.10596
BLOCK14/SES141/SA141S26	SES180	-0.777523	-8.88349	-8.10596
BLOCK14/SES141/SA141S29	SES127	-0.22159	-7.90498	-7.68339
BLOCK14/SES141/SA141S29	SES142	-0.170872	-7.85426	-7.68339
BLOCK14/SES141/SA141S29	SES144	-0.793869	-8.47726	-7.68339
BLOCK14/SES141/SA141S29	SES180	-0.232439	-7.91583	-7.68339
BLOCK15/SES157/SA157S08	SES083	-0.56637	-7.3532	-6.78683
BLOCK15/SES157/SA157S08	SES127	-0.587908	-7.37474	-6.78683
BLOCK15/SES157/SA157S08	SES148	-0.518837	-7.30567	-6.78683
BLOCK15/SES157/SA157S08	SES292	-0.87035	-7.65718	-6.78683
BLOCK15/SES157/SA157S11	SES083	-0.890821	-8.93523	-8.04441
BLOCK15/SES157/SA157S11	SES127	-0.7688	-8.81321	-8.04441
BLOCK15/SES157/SA157S11	SES148	-1.02363	-9.06804	-8.04441
BLOCK15/SES157/SA157S11	SES292	-1.01315	-9.05755	-8.04441
BLOCK15/SES157/SA157S21	SES127	-0.408005	-7.05376	-6.64575
BLOCK15/SES157/SA157S21	SES148	0.0158601	-6.62989	-6.64575
BLOCK15/SES157/SA157S21	SES158	-3.16435	-9.8101	-6.64575
BLOCK15/SES157/SA157S21	SES292	-1.23526	-7.88101	-6.64575
BLOCK15/SES157/SA157S24	SES127	-0.51779	-8.78194	-8.26415
BLOCK15/SES157/SA157S24	SES148	-0.631799	-8.89595	-8.26415
BLOCK15/SES157/SA157S24	SES183	-0.778296	-9.04245	-8.26415
BLOCK15/SES157/SA157S24	SES292	-1.00127	-9.26542	-8.26415
BLOCK15/SES157/SA157S26	SES007	-0.92924	-8.22009	-7.29085
BLOCK15/SES157/SA157S26	SES127	-0.364772	-7.65562	-7.29085
BLOCK15/SES157/SA157S26	SES147	-0.510094	-7.80094	-7.29085
BLOCK15/SES157/SA157S26	SES148	-0.697469	-7.98831	-7.29085
BLOCK16/SES161/SA161S10	SES007	-0.894522	-8.6915	-7.79698
BLOCK16/SES161/SA161S10	SES105	-0.662121	-8.4591	-7.79698
BLOCK16/SES161/SA161S10	SES158	-1.31915	-9.11613	-7.79698
BLOCK16/SES161/SA161S10	SES275	-0.699613	-8.49659	-7.79698
BLOCK16/SES161/SA161S12	SES007	-2.76835	-12.5125	-9.74417
BLOCK16/SES161/SA161S12	SES105	-2.81834	-12.5625	-9.74417
BLOCK16/SES161/SA161S12	SES158	-0.745551	-10.4897	-9.74417
BLOCK16/SES161/SA161S12	SES275	-2.6489	-12.3931	-9.74417
BLOCK16/SES161/SA161S20	SES007	-1.33854	-10.9016	-9.56309
BLOCK16/SES161/SA161S20	SES105	-2.69888	-12.262	-9.56309
BLOCK16/SES161/SA161S20	SES158	-0.171402	-9.7345	-9.56309
BLOCK16/SES161/SA161S20	SES275	-3.12948	-12.6926	-9.56309
BLOCK16/SES161/SA161S23	SES007	-5.82922	-15.8292	-10
BLOCK16/SES161/SA161S23	SES105	-1.45598	-11.456	-10
BLOCK16/SES161/SA161S23	SES148	-2.2696	-12.2696	-10
BLOCK16/SES161/SA161S23	SES158	-3.00109	-13.0011	-10
BLOCK16/SES161/SA161S28	SES007	-1.62	-10.6307	-9.01067
BLOCK16/SES161/SA161S28	SES105	-2.77359	-11.7843	-9.01067
BLOCK16/SES161/SA161S28	SES158	-0.461879	-9.47255	-9.01067
BLOCK16/SES161/SA161S28	SES206	-0.686339	-9.69701	-9.01067
BLOCK16/SES164/SA164S11	SES104	-0.757026	-8.55289	-7.79587
BLOCK16/SES164/SA164S11	SES125	-0.610529	-8.4064	-7.79587
BLOCK16/SES164/SA164S11	SES158	-1.35998	-9.15585	-7.79587
BLOCK16/SES164/SA164S11	SES206	-1.452	-9.24787	-7.79587
BLOCK16/SES164/SA164S13	SES099	-1.44461	-9.63412	-8.18952
BLOCK16/SES164/SA164S13	SES104	-0.7076	-8.89712	-8.18952
BLOCK16/SES164/SA164S13	SES125	-0.881194	-9.07071	-8.18952
BLOCK16/SES164/SA164S13	SES206	-1.31565	-9.50517	-8.18952
BLOCK16/SES164/SA164S24	SES002	0.213434	-7.86064	-8.07407
BLOCK16/SES164/SA164S24	SES099	-1.36773	-9.44181	-8.07407
BLOCK16/SES164/SA164S24	SES125	-0.0499306	-8.124	-8.07407
BLOCK16/SES164/SA164S24	SES226	0.386505	-7.68757	-8.07407
BLOCK16/SES164/SA164S27	SES087	-1.69956	-10.5732	-8.87365
BLOCK16/SES164/SA164S27	SES125	-1.43966	-10.3133	-8.87365
BLOCK16/SES164/SA164S27	SES206	-1.56996	-10.4436	-8.87365
BLOCK16/SES164/SA164S27	SES226	-0.367793	-9.24145	-8.87365
BLOCK16/SES164/SA164S29	SES002	-0.719635	-8.67536	-7.95573
BLOCK16/SES164/SA164S29	SES019	-3.59723	-11.553	-7.95573
BLOCK16/SES164/SA164S29	SES125	-0.685969	-8.6417	-7.95573
BLOCK16/SES164/SA164S29	SES226	-0.483557	-8.43928	-7.95573
BLOCK16/SES169/SA169S13	SES117	-1.18231	-9.18589	-8.00359
BLOCK16/SES169/SA169S13	SES144	-0.450295	-8.45388	-8.00359
BLOCK16/SES169/SA169S13	SES146	-0.405601	-8.40919	-8.00359
BLOCK16/SES169/SA169S13	SES162	-1.18274	-9.18633	-8.00359
BLOCK16/SES169/SA169S14	SES144	-0.385518	-6.97834	-6.59282
BLOCK16/SES169/SA169S14	SES148	-0.256261	-6.84908	-6.59282
BLOCK16/SES169/SA169S14	SES177	-0.218826	-6.81165	-6.59282
BLOCK16/SES169/SA169S14	SES180	-0.438611	-7.03143	-6.59282
BLOCK16/SES169/SA169S24	SES117	-0.585235	-9.23699	-8.65176
BLOCK16/SES169/SA169S24	SES144	-0.211993	-8.86375	-8.65176
BLOCK16/SES169/SA169S24	SES146	-0.474285	-9.12604	-8.65176
BLOCK16/SES169/SA169S24	SES162	-0.678016	-9.32977	-8.65176
BLOCK16/SES169/SA169S27	SES127	-0.604336	-8.2383	-7.63396
BLOCK16/SES169/SA169S27	SES129	-0.701995	-8.33596	-7.63396
BLOCK16/SES169/SA169S27	SES144	-0.615077	-8.24904	-7.63396
BLOCK16/SES169/SA169S27	SES146	-0.552489	-8.18645	-7.63396
BLOCK16/SES169/SA169S29	SES144	-0.362111	-7.03758	-6.67547
BLOCK16/SES169/SA169S29	SES162	-0.618948	-7.29442	-6.67547
BLOCK16/SES169/SA169S29	SES177	-0.915207	-7.59067	-6.67547
BLOCK16/SES169/SA169S29	SES180	-0.462465	-7.13793	-6.67547
BLOCK17/SES171/SA171S12	SES083	-1.43094	-10.0307	-8.59978
BLOCK17/SES171/SA171S12	SES148	-1.67066	-10.2704	-8.59978
BLOCK17/SES171/SA171S12	SES172	-1.09451	-9.69429	-8.59978
BLOCK17/SES171/SA171S12	SES292	-1.82051	-10.4203	-8.59978
BLOCK17/SES171/SA171S15	SES148	-2.7968	-10.7886	-7.99175
BLOCK17/SES171/SA171S15	SES177	-1.08478	-9.07653	-7.99175
BLOCK17/SES171/SA171S15	SES180	-2.36383	-10.3556	-7.99175
BLOCK17/SES171/SA171S15	SES292	-0.951755	-8.94351	-7.99175
BLOCK17/SES171/SA171S22	SES007	-1.06221	-7.11398	-6.05177
BLOCK17/SES171/SA171S22	SES148	-0.324305	-6.37607	-6.05177
BLOCK17/SES171/SA171S22	SES177	-0.429035	-6.4808	-6.05177
BLOCK17/SES171/SA171S22	SES180	-1.90322	-7.95499	-6.05177
BLOCK17/SES171/SA171S25	SES101	-0.893786	-9.87935	-8.98556
BLOCK17/SES171/SA171S25	SES120	-2.86739	-11.8529	-8.98556
BLOCK17/SES171/SA171S25	SES177	-0.923104	-9.90867	-8.98556
BLOCK17/SES171/SA171S25	SES180	-1.08345	-10.069	-8.98556
BLOCK17/SES171/SA171S27	SES177	-0.843616	-9.32749	-8.48387
BLOCK17/SES171/SA171S27	SES180	-2.19308	-10.677	-8.48387
BLOCK17/SES171/SA171S27	SES189	-0.41326	-8.89713	-8.48387
BLOCK17/SES171/SA171S27	SES292	-2.19878	-10.6827	-8.48387
BLOCK17/SES173/SA173S13	SES162	-2.45833	-9.98153	-7.5232
BLOCK17/SES173/SA173S13	SES177	-1.27952	-8.80272	-7.5232
BLOCK17/SES173/SA173S13	SES180	-1.00344	-8.52664	-7.5232
BLOCK17/SES173/SA173S13	SES292	-0.128052	-7.65125	-7.5232
BLOCK17/SES173/SA173S14	SES007	-1.13753	-8.76711	-7.62958
BLOCK17/SES173/SA173S14	SES162	-2.59536	-10.2249	-7.62958
BLOCK17/SES173/SA173S14	SES177	-1.1119	-8.74148	-7.62958
BLOCK17/SES173/SA173S14	SES180	-1.67599	-9.30558	-7.62958
BLOCK17/SES173/SA173S24	SES144	-1.87559	-9.72601	-7.85042
BLOCK17/SES173/SA173S24	SES162	-2.34323	-10.1936	-7.85042
BLOCK17/SES173/SA173S24	SES177	-0.574201	-8.42462	-7.85042
BLOCK17/SES173/SA173S24	SES180	-1.64628	-9.4967	-7.85042
BLOCK17/SES173/SA173S27	SES162	-3.43818	-11.8603	-8.42215
BLOCK17/SES173/SA173S27	SES177	-2.07339	-10.4955	-8.42215
BLOCK17/SES173/SA173S27	SES180	-1.52864	-9.9508	-8.42215
BLOCK17/SES173/SA173S27	SES292	-0.40718	-8.82933	-8.42215
BLOCK17/SES173/SA173S29	SES162	-1.68023	-9.60412	-7.92389
BLOCK17/SES173/SA173S29	SES175	-0.460014	-8.3839	-7.92389
BLOCK17/SES173/SA173S29	SES177	-0.624962	-8.54885	-7.92389
BLOCK17/SES173/SA173S29	SES292	-0.484596	-8.40849	-7.92389
BLOCK18/SES182/SA182S10	SES144	-1.97364	-9.58951	-7.61587
BLOCK18/SES182/SA182S10	SES177	-1.15235	-8.76822	-7.61587
BLOCK18/SES182/SA182S10	SES180	-2.16639	-9.78225	-7.61587
BLOCK18/SES182/SA182S10	SES275	-1.39894	-9.0148	-7.61587
BLOCK18/SES182/SA182S12	SES144	-0.358099	-7.59588	-7.23778
BLOCK18/SES182/SA182S12	SES177	-0.793406	-8.03118	-7.23778
BLOCK18/SES182/SA182S12	SES180	-2.12746	-9.36524	-7.23778
BLOCK18/SES182/SA182S12	SES275	-0.651867	-7.88965	-7.23778
BLOCK18/SES182/SA182S21	SES117	-1.09116	-9.94557	-8.85441
BLOCK18/SES182/SA182S21	SES144	-0.699813	-9.55422	-8.85441
BLOCK18/SES182/SA182S21	SES162	-1.36836	-10.2228	-8.85441
BLOCK18/SES182/SA182S21	SES180	-1.73561	-10.59	-8.85441
BLOCK18/SES182/SA182S23	SES117	-1.32411	-10.5644	-9.2403
BLOCK18/SES182/SA182S23	SES144	-1.60256	-10.8429	-9.2403
BLOCK18/SES182/SA182S23	SES180	-2.67903	-11.9193	-9.2403
BLOCK18/SES182/SA182S23	SES275	-1.63266	-10.873	-9.2403
BLOCK18/SES182/SA182S25	SES007	0.285891	-8.08928	-8.37517
BLOCK18/SES182/SA182S25	SES162	-0.684339	-9.05951	-8.37517
BLOCK18/SES182/SA182S25	SES177	-0.557238	-8.9324	-8.37517
BLOCK18/SES182/SA182S25	SES180	-2.2273	-10.6025	-8.37517
BLOCK18/SES184/SA184S12	SES177	-1.04745	-8.2057	-7.15825
BLOCK18/SES184/SA184S12	SES180	-0.151182	-7.30943	-7.15825
BLOCK18/SES184/SA184S12	SES189	-1.32154	-8.47979	-7.15825
BLOCK18/SES184/SA184S12	SES292	-0.275431	-7.43368	-7.15825
BLOCK18/SES184/SA184S13	SES101	-0.735054	-8.74285	-8.00779
BLOCK18/SES184/SA184S13	SES177	-0.841327	-8.84912	-8.00779
BLOCK18/SES184/SA184S13	SES180	-0.616961	-8.62475	-8.00779
BLOCK18/SES184/SA184S13	SES292	-0.905482	-8.91327	-8.00779
BLOCK18/SES184/SA184S22	SES177	-0.606653	-8.27028	-7.66363
BLOCK18/SES184/SA184S22	SES180	-0.494819	-8.15845	-7.66363
BLOCK18/SES184/SA184S22	SES189	-0.872291	-8.53592	-7.66363
BLOCK18/SES184/SA184S22	SES292	-1.2559	-8.91953	-7.66363
BLOCK18/SES184/SA184S25	SES101	-0.650217	-8.15553	-7.50532
BLOCK18/SES184/SA184S25	SES177	-1.25437	-8.75969	-7.50532
BLOCK18/SES184/SA184S25	SES180	-0.428535	-7.93385	-7.50532
BLOCK18/SES184/SA184S25	SES292	-0.830578	-8.33589	-7.50532
BLOCK18/SES184/SA184S27	SES083	-0.965148	-8.7416	-7.77645
BLOCK18/SES184/SA184S27	SES177	-0.694011	-8.47046	-7.77645
BLOCK18/SES184/SA184S27	SES202	-1.25272	-9.02917	-7.77645
BLOCK18/SES184/SA184S27	SES292	-0.947762	-8.72421	-7.77645
BLOCK20/SES204/SA204S12	SES062	-0.323059	-7.68205	-7.35899
BLOCK20/SES204/SA204S12	SES083	-1.16833	-8.52733	-7.35899
BLOCK20/SES204/SA204S12	SES206	-0.225207	-7.5842	-7.35899
BLOCK20/SES204/SA204S12	SES226	-0.883011	-8.24201	-7.35899
BLOCK20/SES204/SA204S14	SES068	-0.313171	-6.88883	-6.57566
BLOCK20/SES204/SA204S14	SES087	0.500655	-6.07501	-6.57566
BLOCK20/SES204/SA204S14	SES206	-0.205296	-6.78096	-6.57566
BLOCK20/SES204/SA204S14	SES226	-1.03203	-7.6077	-6.57566
BLOCK20/SES204/SA204S22	SES068	-0.522373	-7.75386	-7.23148
BLOCK20/SES204/SA204S22	SES082	-0.463202	-7.69469	-7.23148
BLOCK20/SES204/SA204S22	SES083	-1.53919	-8.77068	-7.23148
BLOCK20/SES204/SA204S22	SES206	-0.293278	-7.52476	-7.23148
BLOCK20/SES204/SA204S25	SES062	-0.495914	-7.79334	-7.29743
BLOCK20/SES204/SA204S25	SES083	-1.31826	-8.61569	-7.29743
BLOCK20/SES204/SA204S25	SES206	-0.271665	-7.56909	-7.29743
BLOCK20/SES204/SA204S25	SES226	-0.782903	-8.08033	-7.29743
BLOCK20/SES204/SA204S27	SES068	-1.06497	-9.04919	-7.98422
BLOCK20/SES204/SA204S27	SES082	-1.33969	-9.32391	-7.98422
BLOCK20/SES204/SA204S27	SES087	0.0765681	-7.90765	-7.98422
BLOCK20/SES204/SA204S27	SES206	-0.814782	-8.799	-7.98422
BLOCK20/SES207/SA207S10	SES127	-1.49779	-8.57566	-7.07788
BLOCK20/SES207/SA207S10	SES183	-0.834353	-7.91223	-7.07788
BLOCK20/SES207/SA207S10	SES189	-0.565467	-7.64334	-7.07788
BLOCK20/SES207/SA207S10	SES292	-1.11149	-8.18937	-7.07788
BLOCK20/SES207/SA207S11	SES127	-1.24704	-9.31918	-8.07214
BLOCK20/SES207/SA207S11	SES183	-1.23396	-9.3061	-8.07214
BLOCK20/SES207/SA207S11	SES187	-0.967603	-9.03974	-8.07214
BLOCK20/SES207/SA207S11	SES292	-0.120094	-8.19223	-8.07214
BLOCK20/SES207/SA207S25	SES068	-0.828773	-9.03674	-8.20796
BLOCK20/SES207/SA207S25	SES083	-1.12635	-9.33432	-8.20796
BLOCK20/SES207/SA207S25	SES127	-0.223639	-8.4316	-8.20796
BLOCK20/SES207/SA207S25	SES187	-0.198012	-8.40598	-8.20796
BLOCK20/SES207/SA207S27	SES127	-0.970529	-9.42815	-8.45762
BLOCK20/SES207/SA207S27	SES183	-0.87998	-9.3376	-8.45762
BLOCK20/SES207/SA207S27	SES187	-0.6214	-9.07902	-8.45762
BLOCK20/SES207/SA207S27	SES292	-0.872118	-9.32974	-8.45762
BLOCK20/SES207/SA207S29	SES083	-1.8055	-9.71651	-7.91101
BLOCK20/SES207/SA207S29	SES085	-0.898094	-8.8091	-7.91101
BLOCK20/SES207/SA207S29	SES172	-0.492403	-8.40341	-7.91101
BLOCK20/SES207/SA207S29	SES189	-2.51934	-10.4304	-7.91101
BLOCK22/SES221/SA221S12	SES068	0.255185	-6.64544	-6.90063
BLOCK22/SES221/SA221S12	SES143	-1.18817	-8.0888	-6.90063
BLOCK22/SES221/SA221S12	SES175	-0.258192	-7.15882	-6.90063
BLOCK22/SES221/SA221S12	SES202	-0.79464	-7.69527	-6.90063
BLOCK22/SES221/SA221S15	SES085	-0.198454	-7.68088	-7.48243
BLOCK22/SES221/SA221S15	SES143	-0.942555	-8.42499	-7.48243
BLOCK22/SES221/SA221S15	SES175	-0.846337	-8.32877	-7.48243
BLOCK22/SES221/SA221S15	SES187	-1.10988	-8.59231	-7.48243
BLOCK22/SES221/SA221S23	SES068	-0.00983334	-7.2973	-7.28746
BLOCK22/SES221/SA221S23	SES143	-1.76693	-9.05439	-7.28746
BLOCK22/SES221/SA221S23	SES175	-1.21578	-8.50324	-7.28746
BLOCK22/SES221/SA221S23	SES189	-1.70076	-8.98822	-7.28746
BLOCK22/SES221/SA221S27	SES085	0.497412	-7.04261	-7.54003
BLOCK22/SES221/SA221S27	SES143	-0.485375	-8.0254	-7.54003
BLOCK22/SES221/SA221S27	SES175	-0.619222	-8.15925	-7.54003
BLOCK22/SES221/SA221S27	SES189	-1.06688	-8.60691	-7.54003
BLOCK22/SES221/SA221S29	SES085	0.36149	-7.40881	-7.7703
BLOCK22/SES221/SA221S29	SES143	-1.26477	-9.03507	-7.7703
BLOCK22/SES221/SA221S29	SES175	-0.188983	-7.95929	-7.7703
BLOCK22/SES221/SA221S29	SES187	-0.824662	-8.59496	-7.7703
BLOCK22/SES223/SA223S11	SES143	-0.717055	-8.84167	-8.12462
BLOCK22/SES223/SA223S11	SES144	-2.0313	-10.1559	-8.12462
BLOCK22/SES223/SA223S11	SES175	-0.953554	-9.07817	-8.12462
BLOCK22/SES223/SA223S11	SES187	-1.25041	-9.37503	-8.12462
BLOCK22/SES223/SA223S13	SES068	-0.129581	-8.10977	-7.98019
BLOCK22/SES223/SA223S13	SES143	-1.05771	-9.0379	-7.98019
BLOCK22/SES223/SA223S13	SES146	-0.715353	-8.69554	-7.98019
BLOCK22/SES223/SA223S13	SES202	-0.546102	-8.52629	-7.98019
BLOCK22/SES223/SA223S22	SES143	-1.13298	-8.83817	-7.70519
BLOCK22/SES223/SA223S22	SES144	-2.33265	-10.0378	-7.70519
BLOCK22/SES223/SA223S22	SES175	-0.542379	-8.24757	-7.70519
BLOCK22/SES223/SA223S22	SES187	-1.42508	-9.13027	-7.70519
BLOCK22/SES223/SA223S25	SES068	0.0435247	-7.5303	-7.57382
BLOCK22/SES223/SA223S25	SES143	-1.4359	-9.00972	-7.57382
BLOCK22/SES223/SA223S25	SES175	-0.267494	-7.84132	-7.57382
BLOCK22/SES223/SA223S25	SES187	-1.27683	-8.85065	-7.57382
BLOCK22/SES223/SA223S27	SES143	-0.952792	-9.60319	-8.6504
BLOCK22/SES223/SA223S27	SES146	-1.72189	-10.3723	-8.6504
BLOCK22/SES223/SA223S27	SES187	-1.36941	-10.0198	-8.6504
BLOCK22/SES223/SA223S27	SES292	0.102863	-8.54753	-8.6504
BLOCK27/SES273/SA273S12	SES099	-0.184062	-7.96378	-7.77972
BLOCK27/SES273/SA273S12	SES104	0.0631199	-7.7166	-7.77972
BLOCK27/SES273/SA273S12	SES125	-0.603699	-8.38342	-7.77972
BLOCK27/SES273/SA273S12	SES206	0.190976	-7.58875	-7.77972
BLOCK27/SES273/SA273S13	SES099	-0.555776	-7.48598	-6.9302
BLOCK27/SES273/SA273S13	SES104	-0.0944867	-7.02469	-6.9302
BLOCK27/SES273/SA273S13	SES206	-0.834909	-7.76511	-6.9302
BLOCK27/SES273/SA273S13	SES292	-0.483464	-7.41366	-6.9302
BLOCK27/SES273/SA273S21	SES099	-1.09171	-8.86303	-7.77131
BLOCK27/SES273/SA273S21	SES148	-1.16639	-8.9377	-7.77131
BLOCK27/SES273/SA273S21	SES149	-0.860996	-8.63231	-7.77131
BLOCK27/SES273/SA273S21	SES177	-0.784124	-8.55544	-7.77131
BLOCK27/SES273/SA273S25	SES104	0.11202	-8.0105	-8.12252
BLOCK27/SES273/SA273S25	SES125	-1.31536	-9.43788	-8.12252
BLOCK27/SES273/SA273S25	SES158	0.382166	-7.74035	-8.12252
BLOCK27/SES273/SA273S25	SES206	-0.494871	-8.61739	-8.12252
BLOCK27/SES273/SA273S27	SES099	-0.796748	-7.19543	-6.39868
BLOCK27/SES273/SA273S27	SES104	-0.40273	-6.80141	-6.39868
BLOCK27/SES273/SA273S27	SES149	-0.421474	-6.82016	-6.39868
BLOCK27/SES273/SA273S27	SES275	-0.82443	-7.22311	-6.39868
BLOCK27/SES274/SA274S10	SES105	-1.39325	-7.61573	-6.22248
BLOCK27/SES274/SA274S10	SES125	-1.98042	-8.2029	-6.22248
BLOCK27/SES274/SA274S10	SES129	0.341806	-5.88067	-6.22248
BLOCK27/SES274/SA274S10	SES158	-4.39413	-10.6166	-6.22248
BLOCK27/SES274/SA274S11	SES105	-0.796454	-7.76323	-6.96678
BLOCK27/SES274/SA274S11	SES149	-1.06333	-8.03011	-6.96678
BLOCK27/SES274/SA274S11	SES158	-2.18427	-9.15105	-6.96678
BLOCK27/SES274/SA274S11	SES275	-0.517092	-7.48387	-6.96678
BLOCK27/SES274/SA274S21	SES105	-1.41903	-8.19704	-6.77801
BLOCK27/SES274/SA274S21	SES129	0.0612836	-6.71673	-6.77801
BLOCK27/SES274/SA274S21	SES149	-1.59111	-8.36912	-6.77801
BLOCK27/SES274/SA274S21	SES158	-4.05083	-10.8288	-6.77801
BLOCK27/SES274/SA274S24	SES105	-1.35748	-9.2728	-7.91532
BLOCK27/SES274/SA274S24	SES129	0.658305	-7.25702	-7.91532
BLOCK27/SES274/SA274S24	SES149	-1.38868	-9.30401	-7.91532
BLOCK27/SES274/SA274S24	SES158	-4.92273	-12.8381	-7.91532
BLOCK27/SES274/SA274S29	SES105	-0.98059	-8.18074	-7.20015
BLOCK27/SES274/SA274S29	SES106	-1.61537	-8.81552	-7.20015
BLOCK27/SES274/SA274S29	SES120	-0.696577	-7.89672	-7.20015
BLOCK27/SES274/SA274S29	SES275	-0.380046	-7.58019	-7.20015
BLOCK27/SES276/SA276S16	SES148	-0.626879	-8.08998	-7.4631
BLOCK27/SES276/SA276S16	SES172	0.155259	-7.30784	-7.4631
BLOCK27/SES276/SA276S16	SES180	-0.344761	-7.80786	-7.4631
BLOCK27/SES276/SA276S16	SES292	-0.185128	-7.64823	-7.4631
BLOCK27/SES276/SA276S17	SES101	-0.26679	-8.25252	-7.98573
BLOCK27/SES276/SA276S17	SES177	-1.01242	-8.99815	-7.98573
BLOCK27/SES276/SA276S17	SES180	-0.757744	-8.74347	-7.98573
BLOCK27/SES276/SA276S17	SES292	-0.995017	-8.98075	-7.98573
BLOCK27/SES276/SA276S24	SES101	-0.242563	-6.98779	-6.74523
BLOCK27/SES276/SA276S24	SES177	-0.939616	-7.68484	-6.74523
BLOCK27/SES276/SA276S24	SES180	-0.743418	-7.48864	-6.74523
BLOCK27/SES276/SA276S24	SES292	-1.10754	-7.85276	-6.74523
BLOCK27/SES276/SA276S26	SES101	-0.683249	-7.51317	-6.82992
BLOCK27/SES276/SA276S26	SES177	-0.89473	-7.72465	-6.82992
BLOCK27/SES276/SA276S26	SES180	-0.230696	-7.06062	-6.82992
BLOCK27/SES276/SA276S26	SES292	0.0304627	-6.79946	-6.82992
BLOCK27/SES276/SA276S28	SES101	-0.396152	-7.02803	-6.63188
BLOCK27/SES276/SA276S28	SES177	-1.10544	-7.73732	-6.63188
BLOCK27/SES276/SA276S28	SES180	0.0536404	-6.57824	-6.63188
BLOCK27/SES276/SA276S28	SES292	-0.351665	-6.98355	-6.63188
BLOCK27/SES277/SA277S12	SES101	-0.883574	-9.52234	-8.63876
BLOCK27/SES277/SA277S12	SES177	-1.99745	-10.6362	-8.63876
BLOCK27/SES277/SA277S12	SES180	-1.32674	-9.9655	-8.63876
BLOCK27/SES277/SA277S12	SES292	-1.56019	-10.199	-8.63876
BLOCK27/SES277/SA277S14	SES177	-0.966151	-9.66541	-8.69926
BLOCK27/SES277/SA277S14	SES180	-1.75059	-10.4499	-8.69926
BLOCK27/SES277/SA277S14	SES189	-0.442483	-9.14175	-8.69926
BLOCK27/SES277/SA277S14	SES292	-1.90921	-10.6085	-8.69926
BLOCK27/SES277/SA277S21	SES177	-0.640468	-8.93	-8.28954
BLOCK27/SES277/SA277S21	SES180	-1.06629	-9.35583	-8.28954
BLOCK27/SES277/SA277S21	SES189	-0.225194	-8.51473	-8.28954
BLOCK27/SES277/SA277S21	SES292	-1.44467	-9.73421	-8.28954
BLOCK27/SES277/SA277S24	SES144	-0.0769968	-9.29908	-9.22209
BLOCK27/SES277/SA277S24	SES177	-0.665169	-9.88726	-9.22209
BLOCK27/SES277/SA277S24	SES180	-1.64798	-10.8701	-9.22209
BLOCK27/SES277/SA277S24	SES189	-0.551752	-9.77384	-9.22209
BLOCK27/SES277/SA277S29	SES177	-0.579338	-6.98614	-6.4068
BLOCK27/SES277/SA277S29	SES180	-1.03027	-7.43707	-6.4068
BLOCK27/SES277/SA277S29	SES202	-0.990303	-7.3971	-6.4068
BLOCK27/SES277/SA277S29	SES292	-1.54922	-7.95602	-6.4068
BLOCK27/SES279/SA279S09	SES120	-0.820863	-7.49217	-6.67131
BLOCK27/SES279/SA279S09	SES146	-1.12678	-7.79809	-6.67131
BLOCK27/SES279/SA279S09	SES206	-0.0890551	-6.76036	-6.67131
BLOCK27/SES279/SA279S09	SES226	-2.06723	-8.73854	-6.67131
BLOCK27/SES279/SA279S10	SES099	-0.874815	-8.389	-7.51419
BLOCK27/SES279/SA279S10	SES206	-1.0651	-8.57929	-7.51419
BLOCK27/SES279/SA279S10	SES226	-2.2996	-9.81379	-7.51419
BLOCK27/SES279/SA279S10	SES292	-0.339653	-7.85384	-7.51419
BLOCK27/SES279/SA279S20	SES099	-2.01073	-10.1131	-8.10238
BLOCK27/SES279/SA279S20	SES206	-0.548306	-8.65068	-8.10238
BLOCK27/SES279/SA279S20	SES226	-3.36374	-11.4661	-8.10238
BLOCK27/SES279/SA279S20	SES292	0.179118	-7.92326	-8.10238
BLOCK27/SES279/SA279S26	SES099	0.440044	-8.20506	-8.6451
BLOCK27/SES279/SA279S26	SES206	0.0639286	-8.58118	-8.6451
BLOCK27/SES279/SA279S26	SES226	-1.80307	-10.4482	-8.6451
BLOCK27/SES279/SA279S26	SES292	0.274315	-8.37079	-8.6451
BLOCK27/SES279/SA279S28	SES099	-0.650477	-7.14946	-6.49898
BLOCK27/SES279/SA279S28	SES120	-0.475047	-6.97403	-6.49898
BLOCK27/SES279/SA279S28	SES177	-1.38286	-7.88184	-6.49898
BLOCK27/SES279/SA279S28	SES206	-0.933823	-7.4328	-6.49898
BLOCK29/SES290/SA290S12	SES162	-0.0046382	-6.17404	-6.1694
BLOCK29/SES290/SA290S12	SES177	-0.371507	-6.54091	-6.1694
BLOCK29/SES290/SA290S12	SES180	-0.587932	-6.75733	-6.1694
BLOCK29/SES290/SA290S12	SES292	-1.23261	-7.40201	-6.1694
BLOCK29/SES290/SA290S13	SES007	-0.19194	-7.07418	-6.88224
BLOCK29/SES290/SA290S13	SES162	-1.03412	-7.91635	-6.88224
BLOCK29/SES290/SA290S13	SES177	-0.902584	-7.78482	-6.88224
BLOCK29/SES290/SA290S13	SES180	-0.179502	-7.06174	-6.88224
BLOCK29/SES290/SA290S22	SES177	-0.274228	-7.05024	-6.77601
BLOCK29/SES290/SA290S22	SES180	-0.348332	-7.12434	-6.77601
BLOCK29/SES290/SA290S22	SES202	-0.211116	-6.98713	-6.77601
BLOCK29/SES290/SA290S22	SES292	0.25233	-6.52368	-6.77601
BLOCK29/SES290/SA290S25	SES162	-0.983433	-7.74935	-6.76592
BLOCK29/SES290/SA290S25	SES177	-0.794749	-7.56067	-6.76592
BLOCK29/SES290/SA290S25	SES180	-0.886444	-7.65236	-6.76592
BLOCK29/SES290/SA290S25	SES292	-0.727832	-7.49375	-6.76592
BLOCK29/SES290/SA290S29	SES177	-0.112788	-6.28057	-6.16779
BLOCK29/SES290/SA290S29	SES180	-0.0354586	-6.20325	-6.16779
BLOCK29/SES290/SA290S29	SES275	-0.334747	-6.50253	-6.16779
BLOCK29/SES290/SA290S29	SES292	-0.307089	-6.47488	-6.16779
BLOCK29/SES291/SA291S11	SES105	-1.45827	-9.80876	-8.35048
BLOCK29/SES291/SA291S11	SES125	-1.02879	-9.37927	-8.35048
BLOCK29/SES291/SA291S11	SES158	-0.704256	-9.05474	-8.35048
BLOCK29/SES291/SA291S11	SES275	-0.931523	-9.28201	-8.35048
BLOCK29/SES291/SA291S12	SES158	0.46871	-7.68479	-8.1535
BLOCK29/SES291/SA291S12	SES226	-2.22522	-10.3787	-8.1535
BLOCK29/SES291/SA291S12	SES270	-0.835608	-8.98911	-8.1535
BLOCK29/SES291/SA291S12	SES275	-2.87389	-11.0274	-8.1535
BLOCK29/SES291/SA291S22	SES082	-0.351576	-8.23151	-7.87994
BLOCK29/SES291/SA291S22	SES158	-0.321372	-8.20131	-7.87994
BLOCK29/SES291/SA291S22	SES259	-0.651508	-8.53145	-7.87994
BLOCK29/SES291/SA291S22	SES275	-2.1327	-10.0126	-7.87994
BLOCK29/SES291/SA291S24	SES104	0.118719	-7.46559	-7.58431
BLOCK29/SES291/SA291S24	SES125	-0.536865	-8.12117	-7.58431
BLOCK29/SES291/SA291S24	SES158	0.236536	-7.34777	-7.58431
BLOCK29/SES291/SA291S24	SES275	-1.27627	-8.86057	-7.58431
BLOCK29/SES291/SA291S27	SES158	0.196408	-7.07751	-7.27391
BLOCK29/SES291/SA291S27	SES172	-1.54419	-8.8181	-7.27391
BLOCK29/SES291/SA291S27	SES275	-1.31186	-8.58577	-7.27391
BLOCK29/SES291/SA291S27	SES292	-0.390252	-7.66417	-7.27391
Threshold search:
THR	-6.87729043763	9	0(0)	1(1000)
THR	-6.7729140332537	8.991	0(0)	0.999(999)
THR	-6.6685376288774	8.991	0(0)	0.999(999)
THR	-6.5641612245011	8.991	0(0)	0.999(999)
THR	-6.4597848201248	8.991	0(0)	0.999(999)
THR	-6.3554084157485	8.991	0(0)	0.999(999)
THR	-6.2510320113722	8.991	0(0)	0.999(999)
THR	-6.1466556069959	8.991	0(0)	0.999(999)
THR	-6.0422792026196	8.991	0(0)	0.999(999)
THR	-5.9379027982433	8.991	0(0)	0.999(999)
THR	-5.833526393867	8.982	0(0)	0.998(998)
THR	-5.7291499894907	8.973	0(0)	0.997(997)
THR	-5.6247735851144	8.973	0(0)	0.997(997)
THR	-5.5203971807381	8.973	0(0)	0.997(997)
THR	-5.4160207763618	8.973	0(0)	0.997(997)
THR	-5.3116443719855	8.964	0(0)	0.996(996)
THR	-5.2072679676092	8.964	0(0)	0.996(996)
THR	-5.1028915632329	8.964	0(0)	0.996(996)
THR	-4.9985151588566	8.964	0(0)	0.996(996)
THR	-4.8941387544803	8.955	0(0)	0.995(995)
THR	-4.789762350104	8.955	0(0)	0.995(995)
THR	-4.6853859457277	8.955	0(0)	0.995(995)
THR	-4.5810095413514	8.955	0(0)	0.995(995)
THR	-4.4766331369751	8.955	0(0)	0.995(995)
THR	-4.3722567325988	8.937	0(0)	0.993(993)
THR	-4.26788032822251	8.928	0(0)	0.992(992)
THR	-4.16350392384621	8.919	0(0)	0.991(991)
THR	-4.05912751946991	8.91	0(0)	0.99(990)
THR	-3.95475111509361	8.901	0(0)	0.989(989)
THR	-3.85037471071731	8.901	0(0)	0.989(989)
THR	-3.74599830634101	8.892	0(0)	0.988(988)
THR	-3.64162190196471	8.874	0(0)	0.986(986)
THR	-3.53724549758841	8.856	0(0)	0.984(984)
THR	-3.43286909321211	8.829	0(0)	0.981(981)
THR	-3.32849268883581	8.811	0(0)	0.979(979)
THR	-3.22411628445951	8.775	0(0)	0.975(975)
THR	-3.11973988008321	8.703	0(0)	0.967(967)
THR	-3.01536347570691	8.649	0(0)	0.961(961)
THR	-2.91098707133061	8.604	0(0)	0.956(956)
THR	-2.80661066695431	8.541	0(0)	0.949(949)
THR	-2.70223426257801	8.451	0(0)	0.939(939)
THR	-2.59785785820171	8.388	0(0)	0.932(932)
THR	-2.49348145382541	8.334	0(0)	0.926(926)
THR	-2.38910504944911	8.298	0(0)	0.922(922)
THR	-2.28472864507281	8.172	0(0)	0.908(908)
THR	-2.18035224069651	8.064	0(0)	0.896(896)
THR	-2.07597583632021	7.956	0(0)	0.884(884)
THR	-1.97159943194391	7.785	0(0)	0.865(865)
THR	-1.86722302756761	7.668	0(0)	0.852(852)
THR	-1.76284662319131	7.497	0(0)	0.833(833)
THR	-1.65847021881501	7.227	0(0)	0.803(803)
THR	-1.55409381443871	7.029	0(0)	0.781(781)
THR	-1.44971741006241	6.786	0(0)	0.754(754)
THR	-1.34534100568611	6.453	0(0)	0.717(717)
THR	-1.24096460130981	6.075	0(0)	0.675(675)
THR	-1.13658819693351	5.769	0(0)	0.641(641)
THR	-1.03221179255721	5.355	0(0)	0.595(595)
THR	-0.927835388180909	4.86	0(0)	0.54(540)
THR	-0.823458983804609	4.36	0.004(1)	0.484(484)
THR	-0.719082579428309	3.775	0.004(1)	0.419(419)
THR	-0.614706175052009	3.235	0.004(1)	0.359(359)
THR	-0.510329770675709	2.748	0.012(3)	0.304(304)
THR	-0.405953366299409	2.217	0.012(3)	0.245(245)
THR	-0.301576961923109	1.751	0.032(8)	0.191(191)
THR	-0.197200557546809	1.385	0.044(11)	0.149(149)
THR	-0.0928241531705088	1.096	0.052(13)	0.116(116)
THR	0.0115522512057912	0.83	0.056(14)	0.086(86)
THR	0.115928655582091	0.662	0.104(26)	0.062(62)
THR	0.220305059958391	0.563	0.14(35)	0.047(47)
THR	0.324681464334691	0.491	0.212(53)	0.031(31)
THR	0.429057868710991	0.447	0.276(69)	0.019(19)
THR	0.533434273087291	0.432	0.36(90)	0.008(8)
THR	0.637810677463591	0.494	0.44(110)	0.006(6)
THR	0.742187081839891	0.523	0.496(124)	0.003(3)
THR	0.846563486216191	0.567	0.54(135)	0.003(3)
THR	0.950939890592491	0.633	0.624(156)	0.001(1)
THR	1.05531629496879	0.696	0.696(174)	0(0)
THR	1.15969269934509	0.764	0.764(191)	0(0)
THR	1.26406910372139	0.832	0.832(208)	0(0)
THR	1.36844550809769	0.872	0.872(218)	0(0)
THR	1.47282191247399	0.92	0.92(230)	0(0)
THR	1.57719831685029	0.94	0.94(235)	0(0)
THR	1.68157472122659	0.952	0.952(238)	0(0)
THR	1.78595112560289	0.96	0.96(240)	0(0)
THR	1.89032752997919	0.972	0.972(243)	0(0)
THR	1.99470393435549	0.976	0.976(244)	0(0)
THR	2.09908033873179	0.98	0.98(245)	0(0)
THR	2.20345674310809	0.984	0.984(246)	0(0)
THR	2.30783314748439	0.984	0.984(246)	0(0)
THR	2.41220955186069	0.984	0.984(246)	0(0)
THR	2.51658595623699	0.992	0.992(248)	0(0)
THR	2.62096236061329	0.996	0.996(249)	0(0)
THR	2.72533876498959	0.996	0.996(249)	0(0)
THR	2.82971516936589	0.996	0.996(249)	0(0)
THR	2.93409157374219	0.996	0.996(249)	0(0)
THR	3.03846797811849	0.996	0.996(249)	0(0)
THR	3.14284438249479	0.996	0.996(249)	0(0)
THR	3.24722078687109	0.996	0.996(249)	0(0)
THR	3.35159719124739	0.996	0.996(249)	0(0)
THR	3.45597359562369	0.996	0.996(249)	0(0)
THR	3.56034999999999	0.996	0.996(249)	0(0)
THR	3.66472640437629	1	1(250)	0(0)


==============================================
THR: 0.533434273087291
Missed:     90/250=0.3600
FalseAlarm: 8/1000=0.0080
----------------------------------------------
==> CostDetection: 43.2
==============================================
