BLOCK00/SES002/SA002S12	SES002	1.76861	17.0229	15.2543
BLOCK00/SES002/SA002S13	SES002	2.28446	16.8906	14.6061
BLOCK00/SES002/SA002S23	SES002	1.76907	17.0887	15.3196
BLOCK00/SES002/SA002S26	SES002	1.8146	17.8763	16.0617
BLOCK00/SES002/SA002S28	SES002	1.26131	15.5246	14.2633
BLOCK00/SES007/SA007S14	SES007	2.09692	18.4598	16.3628
BLOCK00/SES007/SA007S15	SES007	0.801743	16.0512	15.2495
BLOCK00/SES007/SA007S24	SES007	1.37596	16.1816	14.8057
BLOCK00/SES007/SA007S27	SES007	1.05117	15.4733	14.4222
BLOCK00/SES007/SA007S29	SES007	0.584413	16.256	15.6716
BLOCK00/SES008/SA008S11	SES008	1.81268	16.7401	14.9274
BLOCK00/SES008/SA008S12	SES008	0.628285	15.574	14.9457
BLOCK00/SES008/SA008S19	SES008	2.27749	18.2087	15.9313
BLOCK00/SES008/SA008S22	SES008	0.649591	15.2359	14.5863
BLOCK00/SES008/SA008S29	SES008	2.05045	17.7209	15.6705
BLOCK01/SES014/SA014S10	SES014	2.45092	17.6836	15.2327
BLOCK01/SES014/SA014S12	SES014	3.34694	20.4317	17.0847
BLOCK01/SES014/SA014S24	SES014	1.84045	18.3271	16.4866
BLOCK01/SES014/SA014S26	SES014	2.45423	20.7881	18.3339
BLOCK01/SES014/SA014S28	SES014	3.8609	21.2629	17.402
BLOCK01/SES016/SA016S12	SES016	2.13744	15.1625	13.025
BLOCK01/SES016/SA016S13	SES016	2.02371	16.9307	14.907
BLOCK01/SES016/SA016S22	SES016	2.21065	17.0753	14.8647
BLOCK01/SES016/SA016S25	SES016	2.22183	18.6352	16.4134
BLOCK01/SES016/SA016S27	SES016	2.36573	19.2084	16.8427
BLOCK01/SES019/SA019S13	SES019	2.97831	15.774	12.7956
BLOCK01/SES019/SA019S14	SES019	2.76388	16.3691	13.6052
BLOCK01/SES019/SA019S22	SES019	3.39475	16.5069	13.1121
BLOCK01/SES019/SA019S25	SES019	3.08851	16.7315	13.643
BLOCK01/SES019/SA019S29	SES019	3.41864	16.7159	13.2973
BLOCK02/SES029/SA029S11	SES029	1.90528	16.9215	15.0162
BLOCK02/SES029/SA029S12	SES029	0.739616	16.8623	16.1227
BLOCK02/SES029/SA029S20	SES029	1.5599	16.3994	14.8395
BLOCK02/SES029/SA029S25	SES029	1.40334	17.478	16.0746
BLOCK02/SES029/SA029S28	SES029	0.816936	16.5682	15.7513
BLOCK04/SES042/SA042S12	SES042	2.50341	17.8912	15.3878
BLOCK04/SES042/SA042S15	SES042	2.72001	18.3803	15.6603
BLOCK04/SES042/SA042S22	SES042	3.53318	20.8345	17.3013
BLOCK04/SES042/SA042S25	SES042	1.96056	16.6229	14.6624
BLOCK04/SES042/SA042S27	SES042	2.15885	18.3482	16.1893
BLOCK04/SES048/SA048S11	SES048	1.92412	17.4247	15.5006
BLOCK04/SES048/SA048S12	SES048	1.05458	17.1131	16.0585
BLOCK04/SES048/SA048S20	SES048	0.832729	17.1789	16.3462
BLOCK04/SES048/SA048S23	SES048	1.81007	16.2447	14.4346
BLOCK04/SES048/SA048S27	SES048	0.995655	18.1625	17.1668
BLOCK06/SES060/SA060S11	SES060	1.84605	17.6941	15.8481
BLOCK06/SES060/SA060S12	SES060	0.71606	15.7303	15.0142
BLOCK06/SES060/SA060S22	SES060	0.123631	14.1119	13.9882
BLOCK06/SES060/SA060S24	SES060	1.78507	17.6562	15.8711
BLOCK06/SES060/SA060S28	SES060	1.45785	19.5056	18.0478
BLOCK06/SES062/SA062S10	SES062	0.928202	16.9737	16.0455
BLOCK06/SES062/SA062S11	SES062	1.91336	17.2588	15.3454
BLOCK06/SES062/SA062S21	SES062	2.19435	20.2205	18.0261
BLOCK06/SES062/SA062S26	SES062	1.236	18.1049	16.8689
BLOCK06/SES062/SA062S29	SES062	1.96562	19.467	17.5013
BLOCK06/SES068/SA068S14	SES068	0.55624	16.6843	16.128
BLOCK06/SES068/SA068S15	SES068	1.83049	18.8104	16.9799
BLOCK06/SES068/SA068S23	SES068	1.08302	16.2477	15.1646
BLOCK06/SES068/SA068S27	SES068	2.4801	19.1762	16.6961
BLOCK06/SES068/SA068S29	SES068	1.18412	17.1524	15.9682
BLOCK08/SES082/SA082S12	SES082	0.858727	15.1713	14.3126
BLOCK08/SES082/SA082S14	SES082	1.15821	15.4393	14.2811
BLOCK08/SES082/SA082S21	SES082	0.741691	15.5281	14.7864
BLOCK08/SES082/SA082S24	SES082	0.904278	17.2159	16.3116
BLOCK08/SES082/SA082S28	SES082	0.924592	15.6764	14.7519
BLOCK08/SES083/SA083S14	SES083	0.415634	16.1039	15.6883
BLOCK08/SES083/SA083S15	SES083	1.00632	17.2611	16.2547
BLOCK08/SES083/SA083S24	SES083	0.618567	16.3851	15.7665
BLOCK08/SES083/SA083S26	SES083	1.25741	16.4229	15.1655
BLOCK08/SES083/SA083S29	SES083	0.540955	17.046	16.5051
BLOCK08/SES085/SA085S10	SES085	0.610226	16.7679	16.1577
BLOCK08/SES085/SA085S13	SES085	0.336981	15.6429	15.3059
BLOCK08/SES085/SA085S22	SES085	0.852444	17.802	16.9496
BLOCK08/SES085/SA085S26	SES085	0.700912	16.9975	16.2966
BLOCK08/SES085/SA085S28	SES085	1.49883	17.2209	15.7221
BLOCK08/SES087/SA087S15	SES087	1.66875	16.4947	14.8259
BLOCK08/SES087/SA087S16	SES087	1.63949	16.5018	14.8623
BLOCK08/SES087/SA087S24	SES087	1.76683	16.926	15.1591
BLOCK08/SES087/SA087S26	SES087	1.37622	17.694	16.3178
BLOCK08/SES087/SA087S29	SES087	1.74007	16.3854	14.6454
BLOCK09/SES099/SA099S15	SES099	2.12276	16.322	14.1993
BLOCK09/SES099/SA099S16	SES099	1.68258	16.1749	14.4924
BLOCK09/SES099/SA099S24	SES099	2.15301	16.8534	14.7004
BLOCK09/SES099/SA099S26	SES099	2.34149	16.9333	14.5919
BLOCK09/SES099/SA099S29	SES099	2.2453	17.4178	15.1725
BLOCK10/SES101/SA101S11	SES101	0.639669	16.1672	15.5275
BLOCK10/SES101/SA101S13	SES101	2.13037	18.4965	16.3662
BLOCK10/SES101/SA101S22	SES101	1.2466	16.3378	15.0912
BLOCK10/SES101/SA101S24	SES101	1.66786	16.7773	15.1094
BLOCK10/SES101/SA101S28	SES101	0.764831	15.4565	14.6916
BLOCK10/SES104/SA104S11	SES104	2.25064	19.4412	17.1905
BLOCK10/SES104/SA104S12	SES104	2.06393	17.3449	15.281
BLOCK10/SES104/SA104S21	SES104	1.55554	16.718	15.1624
BLOCK10/SES104/SA104S24	SES104	1.22092	16.6064	15.3855
BLOCK10/SES104/SA104S28	SES104	1.85347	17.9294	16.0759
BLOCK10/SES105/SA105S12	SES105	1.4509	15.1881	13.7372
BLOCK10/SES105/SA105S13	SES105	1.51718	15.5185	14.0013
BLOCK10/SES105/SA105S22	SES105	0.789688	14.0741	13.2844
BLOCK10/SES105/SA105S26	SES105	1.56776	15.3053	13.7375
BLOCK10/SES105/SA105S29	SES105	1.80521	16.4536	14.6484
BLOCK10/SES106/SA106S09	SES106	1.40116	14.9422	13.5411
BLOCK10/SES106/SA106S11	SES106	2.05093	16.9649	14.914
BLOCK10/SES106/SA106S22	SES106	4.14052	17.8605	13.72
BLOCK10/SES106/SA106S27	SES106	1.69519	15.9275	14.2323
BLOCK10/SES106/SA106S29	SES106	1.46985	15.6851	14.2152
BLOCK11/SES117/SA117S12	SES117	1.35415	16.0246	14.6704
BLOCK11/SES117/SA117S13	SES117	0.749727	16.246	15.4963
BLOCK11/SES117/SA117S23	SES117	2.27965	15.1788	12.8992
BLOCK11/SES117/SA117S25	SES117	1.47176	15.2021	13.7304
BLOCK11/SES117/SA117S28	SES117	1.49981	14.8611	13.3612
BLOCK12/SES120/SA120S08	SES120	1.08905	13.9071	12.8181
BLOCK12/SES120/SA120S11	SES120	0.984003	12.5129	11.5289
BLOCK12/SES120/SA120S22	SES120	0.49695	15.7283	15.2314
BLOCK12/SES120/SA120S24	SES120	1.25656	15.0155	13.7589
BLOCK12/SES120/SA120S28	SES120	0.508734	12.4975	11.9888
BLOCK12/SES125/SA125S13	SES125	2.4846	17.195	14.7104
BLOCK12/SES125/SA125S14	SES125	1.05583	15.5166	14.4608
BLOCK12/SES125/SA125S25	SES125	2.32244	17.6531	15.3306
BLOCK12/SES125/SA125S27	SES125	2.20354	18.4245	16.221
BLOCK12/SES125/SA125S29	SES125	2.28343	17.0234	14.7399
BLOCK12/SES127/SA127S11	SES127	1.28024	15.9168	14.6365
BLOCK12/SES127/SA127S12	SES127	0.980057	16.8878	15.9077
BLOCK12/SES127/SA127S23	SES127	0.879313	16.3633	15.4839
BLOCK12/SES127/SA127S25	SES127	0.316655	15.3237	15.007
BLOCK12/SES127/SA127S27	SES127	1.32901	16.8357	15.5067
BLOCK12/SES129/SA129S11	SES129	1.99112	17.9936	16.0025
BLOCK12/SES129/SA129S12	SES129	1.67478	17.6503	15.9755
BLOCK12/SES129/SA129S22	SES129	1.51259	16.6123	15.0997
BLOCK12/SES129/SA129S27	SES129	2.01858	17.6029	15.5843
BLOCK12/SES129/SA129S29	SES129	1.98397	17.7741	15.7902
BLOCK14/SES142/SA142S11	SES142	2.86495	16.2416	13.3766
BLOCK14/SES142/SA142S12	SES142	1.57586	15.5153	13.9394
BLOCK14/SES142/SA142S24	SES142	2.24749	16.5575	14.31
BLOCK14/SES142/SA142S27	SES142	2.17051	16.8834	14.7129
BLOCK14/SES142/SA142S29	SES142	2.93554	16.2365	13.301
BLOCK14/SES143/SA143S12	SES143	1.57654	15.7328	14.1563
BLOCK14/SES143/SA143S13	SES143	1.3497	15.3416	13.9919
BLOCK14/SES143/SA143S23	SES143	1.621	15.5008	13.8798
BLOCK14/SES143/SA143S25	SES143	1.61752	16.1675	14.55
BLOCK14/SES143/SA143S28	SES143	1.48275	15.7661	14.2834
BLOCK14/SES144/SA144S09	SES144	1.35216	16.6845	15.3323
BLOCK14/SES144/SA144S11	SES144	1.35624	15.7873	14.431
BLOCK14/SES144/SA144S21	SES144	0.479432	15.154	14.6746
BLOCK14/SES144/SA144S25	SES144	0.814866	14.8746	14.0597
BLOCK14/SES144/SA144S29	SES144	0.446465	16.0283	15.5818
BLOCK14/SES146/SA146S14	SES146	1.04696	14.7455	13.6986
BLOCK14/SES146/SA146S15	SES146	1.06034	15.0185	13.9581
BLOCK14/SES146/SA146S24	SES146	1.35694	15.392	14.0351
BLOCK14/SES146/SA146S26	SES146	1.72249	15.466	13.7435
BLOCK14/SES146/SA146S29	SES146	1.13632	14.5167	13.3804
BLOCK14/SES147/SA147S11	SES147	2.77062	16.074	13.3034
BLOCK14/SES147/SA147S13	SES147	2.53979	16.707	14.1672
BLOCK14/SES147/SA147S23	SES147	0.839254	15.4362	14.597
BLOCK14/SES147/SA147S26	SES147	1.63178	15.7046	14.0728
BLOCK14/SES147/SA147S28	SES147	2.00407	15.8293	13.8252
BLOCK14/SES148/SA148S10	SES148	1.72611	15.6082	13.8821
BLOCK14/SES148/SA148S12	SES148	1.27861	14.5316	13.2529
BLOCK14/SES148/SA148S22	SES148	1.84618	16.8675	15.0213
BLOCK14/SES148/SA148S26	SES148	0.378431	15.7028	15.3244
BLOCK14/SES148/SA148S29	SES148	0.88421	15.2995	14.4153
BLOCK14/SES149/SA149S13	SES149	0.151515	15.6738	15.5222
BLOCK14/SES149/SA149S14	SES149	0.601788	16.7195	16.1177
BLOCK14/SES149/SA149S24	SES149	1.52611	17.3659	15.8398
BLOCK14/SES149/SA149S26	SES149	2.03883	18.3258	16.287
BLOCK14/SES149/SA149S28	SES149	2.55268	19.7009	17.1482
BLOCK15/SES158/SA158S13	SES158	2.05237	15.3328	13.2804
BLOCK15/SES158/SA158S14	SES158	3.669	16.3564	12.6874
BLOCK15/SES158/SA158S23	SES158	1.9971	15.8417	13.8446
BLOCK15/SES158/SA158S26	SES158	2.96828	15.47	12.5018
BLOCK15/SES158/SA158S28	SES158	1.33595	14.7983	13.4624
BLOCK16/SES162/SA162S10	SES162	0.926692	14.1214	13.1947
BLOCK16/SES162/SA162S11	SES162	1.23794	16.4164	15.1785
BLOCK16/SES162/SA162S21	SES162	1.90822	16.6743	14.7661
BLOCK16/SES162/SA162S24	SES162	1.62555	16.0313	14.4057
BLOCK16/SES162/SA162S27	SES162	1.76925	15.605	13.8357
BLOCK16/SES167/SA167S14	SES167	1.33321	17.8963	16.5631
BLOCK16/SES167/SA167S15	SES167	1.41456	16.6652	15.2506
BLOCK16/SES167/SA167S21	SES167	2.49724	17.6006	15.1034
BLOCK16/SES167/SA167S25	SES167	2.93922	16.7655	13.8263
BLOCK16/SES167/SA167S29	SES167	2.45109	18.2261	15.775
BLOCK17/SES172/SA172S12	SES172	1.96434	17.2278	15.2634
BLOCK17/SES172/SA172S13	SES172	1.57816	16.2592	14.681
BLOCK17/SES172/SA172S23	SES172	1.32625	17.656	16.3298
BLOCK17/SES172/SA172S27	SES172	1.14778	16.4643	15.3166
BLOCK17/SES172/SA172S29	SES172	2.17569	17.4374	15.2617
BLOCK17/SES175/SA175S11	SES175	0.937627	16.2538	15.3162
BLOCK17/SES175/SA175S13	SES175	1.15386	16.3857	15.2318
BLOCK17/SES175/SA175S23	SES175	1.73234	16.5689	14.8365
BLOCK17/SES175/SA175S25	SES175	0.720348	14.3509	13.6306
BLOCK17/SES175/SA175S28	SES175	1.32613	17.116	15.7899
BLOCK17/SES177/SA177S15	SES177	0.816272	16.1537	15.3374
BLOCK17/SES177/SA177S17	SES177	0.398737	15.8515	15.4528
BLOCK17/SES177/SA177S23	SES177	-0.0686436	14.9748	15.0435
BLOCK17/SES177/SA177S26	SES177	1.0742	18.0452	16.971
BLOCK17/SES177/SA177S28	SES177	1.18676	16.9864	15.7997
BLOCK18/SES180/SA180S13	SES180	0.408512	15.5229	15.1144
BLOCK18/SES180/SA180S15	SES180	1.40041	16.1267	14.7263
BLOCK18/SES180/SA180S24	SES180	0.704447	17.1978	16.4933
BLOCK18/SES180/SA180S26	SES180	1.62986	17.0777	15.4478
BLOCK18/SES180/SA180S29	SES180	1.70632	16.5903	14.884
BLOCK18/SES183/SA183S13	SES183	1.71409	15.1571	13.443
BLOCK18/SES183/SA183S14	SES183	0.182541	13.9515	13.769
BLOCK18/SES183/SA183S24	SES183	1.81228	14.3171	12.5048
BLOCK18/SES183/SA183S27	SES183	1.42556	14.9365	13.511
BLOCK18/SES183/SA183S29	SES183	0.842265	15.6837	14.8414
BLOCK18/SES187/SA187S13	SES187	0.828606	15.9932	15.1646
BLOCK18/SES187/SA187S14	SES187	0.994191	15.3745	14.3803
BLOCK18/SES187/SA187S24	SES187	2.49215	15.4325	12.9403
BLOCK18/SES187/SA187S27	SES187	1.53586	15.751	14.2151
BLOCK18/SES187/SA187S29	SES187	1.20096	16.3968	15.1958
BLOCK18/SES189/SA189S10	SES189	2.83001	15.0017	12.1716
BLOCK18/SES189/SA189S13	SES189	3.16471	14.8352	11.6705
BLOCK18/SES189/SA189S24	SES189	3.69442	15.0304	11.336
BLOCK18/SES189/SA189S26	SES189	1.64155	15.505	13.8635
BLOCK18/SES189/SA189S29	SES189	3.50071	15.6266	12.1259
BLOCK20/SES202/SA202S12	SES202	1.846	13.5456	11.6996
BLOCK20/SES202/SA202S14	SES202	2.4477	15.7286	13.2809
BLOCK20/SES202/SA202S24	SES202	1.82626	15.7392	13.913
BLOCK20/SES202/SA202S27	SES202	1.86605	17.3394	15.4733
BLOCK20/SES202/SA202S29	SES202	2.36406	16.8839	14.5198
BLOCK20/SES206/SA206S15	SES206	0.0392513	15.9393	15.9001
BLOCK20/SES206/SA206S17	SES206	2.12511	18.3011	16.176
BLOCK20/SES206/SA206S24	SES206	2.55321	18.6678	16.1146
BLOCK20/SES206/SA206S27	SES206	1.97167	17.1861	15.2145
BLOCK20/SES206/SA206S29	SES206	1.30645	18.1301	16.8236
BLOCK22/SES226/SA226S12	SES226	1.46278	16.2955	14.8327
BLOCK22/SES226/SA226S13	SES226	0.0363512	14.3541	14.3177
BLOCK22/SES226/SA226S20	SES226	1.49732	15.9381	14.4408
BLOCK22/SES226/SA226S23	SES226	1.83415	16.8431	15.0089
BLOCK22/SES226/SA226S28	SES226	2.09146	17.1719	15.0805
BLOCK25/SES259/SA259S13	SES259	4.33166	18.6208	14.2892
BLOCK25/SES259/SA259S14	SES259	2.86487	17.502	14.6372
BLOCK25/SES259/SA259S22	SES259	2.67016	17.2597	14.5896
BLOCK25/SES259/SA259S24	SES259	2.42775	18.5291	16.1013
BLOCK25/SES259/SA259S28	SES259	2.39525	17.6424	15.2472
BLOCK27/SES270/SA270S14	SES270	3.1733	15.7542	12.5809
BLOCK27/SES270/SA270S16	SES270	0.739842	14.8763	14.1365
BLOCK27/SES270/SA270S22	SES270	2.72356	16.2791	13.5556
BLOCK27/SES270/SA270S26	SES270	1.81471	14.2425	12.4278
BLOCK27/SES270/SA270S28	SES270	1.90468	16.1097	14.2051
BLOCK27/SES275/SA275S17	SES275	1.75063	16.311	14.5604
BLOCK27/SES275/SA275S18	SES275	0.890215	15.9667	15.0765
BLOCK27/SES275/SA275S24	SES275	1.13386	14.76	13.6262
BLOCK27/SES275/SA275S26	SES275	1.40873	16.1646	14.7559
BLOCK27/SES275/SA275S28	SES275	0.521452	15.6095	15.088
BLOCK29/SES292/SA292S10	SES292	0.549803	15.4751	14.9253
BLOCK29/SES292/SA292S12	SES292	0.507367	15.6415	15.1341
BLOCK29/SES292/SA292S22	SES292	0.736344	16.5458	15.8095
BLOCK29/SES292/SA292S24	SES292	0.91773	16.3111	15.3934
BLOCK29/SES292/SA292S27	SES292	0.393509	16.397	16.0035
BLOCK00/SES001/SA001S14	SES062	-2.79959	10.7963	13.5959
BLOCK00/SES001/SA001S14	SES082	-3.00427	10.5916	13.5959
BLOCK00/SES001/SA001S14	SES106	-2.47373	11.1222	13.5959
BLOCK00/SES001/SA001S14	SES206	-1.97169	11.6242	13.5959
BLOCK00/SES001/SA001S15	SES062	-3.20747	12.0716	15.279
BLOCK00/SES001/SA001S15	SES104	-3.28593	11.9931	15.279
BLOCK00/SES001/SA001S15	SES106	-2.35297	12.9261	15.279
BLOCK00/SES001/SA001S15	SES206	-1.72573	13.5533	15.279
BLOCK00/SES001/SA001S24	SES062	-3.43485	9.98872	13.4236
BLOCK00/SES001/SA001S24	SES082	-2.37539	11.0482	13.4236
BLOCK00/SES001/SA001S24	SES087	-2.56309	10.8605	13.4236
BLOCK00/SES001/SA001S24	SES206	-2.14739	11.2762	13.4236
BLOCK00/SES001/SA001S27	SES062	-2.30635	13.0522	15.3585
BLOCK00/SES001/SA001S27	SES082	-1.88006	13.4785	15.3585
BLOCK00/SES001/SA001S27	SES087	-1.89745	13.4611	15.3585
BLOCK00/SES001/SA001S27	SES206	-1.84132	13.5172	15.3585
BLOCK00/SES001/SA001S29	SES062	-3.82822	10.013	13.8412
BLOCK00/SES001/SA001S29	SES082	-1.87716	11.964	13.8412
BLOCK00/SES001/SA001S29	SES158	-1.56438	12.2768	13.8412
BLOCK00/SES001/SA001S29	SES206	-2.7104	11.1308	13.8412
BLOCK00/SES003/SA003S11	SES002	-1.08056	13.803	14.8836
BLOCK00/SES003/SA003S11	SES019	-1.82609	13.0575	14.8836
BLOCK00/SES003/SA003S11	SES082	-0.689805	14.1938	14.8836
BLOCK00/SES003/SA003S11	SES125	-1.85601	13.0276	14.8836
BLOCK00/SES003/SA003S15	SES016	-2.1809	13.8562	16.037
BLOCK00/SES003/SA003S15	SES019	-1.85551	14.1815	16.037
BLOCK00/SES003/SA003S15	SES062	-2.44357	13.5935	16.037
BLOCK00/SES003/SA003S15	SES206	-2.07382	13.9632	16.037
BLOCK00/SES003/SA003S22	SES002	-2.40934	12.9854	15.3947
BLOCK00/SES003/SA003S22	SES062	-1.54288	13.8518	15.3947
BLOCK00/SES003/SA003S22	SES082	-2.26887	13.1259	15.3947
BLOCK00/SES003/SA003S22	SES087	-2.08808	13.3067	15.3947
BLOCK00/SES003/SA003S25	SES062	-3.16817	11.4389	14.6071
BLOCK00/SES003/SA003S25	SES082	-1.54818	13.0589	14.6071
BLOCK00/SES003/SA003S25	SES087	-1.76007	12.847	14.6071
BLOCK00/SES003/SA003S25	SES206	-2.01593	12.5911	14.6071
BLOCK00/SES003/SA003S29	SES002	-1.70479	12.6802	14.385
BLOCK00/SES003/SA003S29	SES062	-2.9594	11.4256	14.385
BLOCK00/SES003/SA003S29	SES082	-1.24722	13.1378	14.385
BLOCK00/SES003/SA003S29	SES087	-1.77884	12.6061	14.385
BLOCK00/SES004/SA004S12	SES083	-2.06082	11.9795	14.0403
BLOCK00/SES004/SA004S12	SES148	-2.27417	11.7661	14.0403
BLOCK00/SES004/SA004S12	SES172	-0.682874	13.3574	14.0403
BLOCK00/SES004/SA004S12	SES292	-1.33646	12.7038	14.0403
BLOCK00/SES004/SA004S17	SES083	-2.1238	12.0207	14.1445
BLOCK00/SES004/SA004S17	SES162	-1.27719	12.8673	14.1445
BLOCK00/SES004/SA004S17	SES172	-1.20545	12.939	14.1445
BLOCK00/SES004/SA004S17	SES292	-1.80137	12.3431	14.1445
BLOCK00/SES004/SA004S24	SES083	-2.21795	12.2556	14.4736
BLOCK00/SES004/SA004S24	SES148	-2.61447	11.8591	14.4736
BLOCK00/SES004/SA004S24	SES172	-1.07538	13.3982	14.4736
BLOCK00/SES004/SA004S24	SES292	-1.12755	13.346	14.4736
BLOCK00/SES004/SA004S26	SES083	-2.05205	12.073	14.125
BLOCK00/SES004/SA004S26	SES127	-1.53482	12.5902	14.125
BLOCK00/SES004/SA004S26	SES148	-3.49036	10.6347	14.125
BLOCK00/SES004/SA004S26	SES292	-2.29985	11.8252	14.125
BLOCK00/SES004/SA004S28	SES083	-1.22747	14.3536	15.581
BLOCK00/SES004/SA004S28	SES127	-0.908045	14.673	15.581
BLOCK00/SES004/SA004S28	SES187	-0.604877	14.9762	15.581
BLOCK00/SES004/SA004S28	SES292	-1.66881	13.9122	15.581
BLOCK00/SES006/SA006S10	SES014	-3.5559	8.14344	11.6993
BLOCK00/SES006/SA006S10	SES158	-2.57874	9.12059	11.6993
BLOCK00/SES006/SA006S10	SES226	-4.42781	7.27153	11.6993
BLOCK00/SES006/SA006S10	SES270	-1.2671	10.4322	11.6993
BLOCK00/SES006/SA006S11	SES158	-1.96105	10.1826	12.1437
BLOCK00/SES006/SA006S11	SES226	-3.13804	9.00563	12.1437
BLOCK00/SES006/SA006S11	SES270	-1.50628	10.6374	12.1437
BLOCK00/SES006/SA006S11	SES275	-2.67107	9.4726	12.1437
BLOCK00/SES006/SA006S23	SES062	-3.03397	10.9678	14.0018
BLOCK00/SES006/SA006S23	SES105	-3.79193	10.2098	14.0018
BLOCK00/SES006/SA006S23	SES158	-2.34696	11.6548	14.0018
BLOCK00/SES006/SA006S23	SES275	-2.66973	11.332	14.0018
BLOCK00/SES006/SA006S26	SES104	-3.88988	9.6829	13.5728
BLOCK00/SES006/SA006S26	SES158	-2.16067	11.4121	13.5728
BLOCK00/SES006/SA006S26	SES270	-0.932668	12.6401	13.5728
BLOCK00/SES006/SA006S26	SES275	-2.87219	10.7006	13.5728
BLOCK00/SES006/SA006S28	SES007	-2.93222	9.26632	12.1985
BLOCK00/SES006/SA006S28	SES105	-3.65514	8.5434	12.1985
BLOCK00/SES006/SA006S28	SES158	-2.14126	10.0573	12.1985
BLOCK00/SES006/SA006S28	SES275	-3.574	8.62454	12.1985
BLOCK00/SES009/SA009S12	SES083	-2.77654	12.8946	15.6711
BLOCK00/SES009/SA009S12	SES148	-2.75704	12.9141	15.6711
BLOCK00/SES009/SA009S12	SES177	-1.31773	14.3534	15.6711
BLOCK00/SES009/SA009S12	SES292	-1.63896	14.0321	15.6711
BLOCK00/SES009/SA009S15	SES007	-0.508677	15.9458	16.4545
BLOCK00/SES009/SA009S15	SES099	-4.16749	12.287	16.4545
BLOCK00/SES009/SA009S15	SES148	-2.82463	13.6298	16.4545
BLOCK00/SES009/SA009S15	SES172	-1.45268	15.0018	16.4545
BLOCK00/SES009/SA009S24	SES146	-1.01121	15.1239	16.1351
BLOCK00/SES009/SA009S24	SES148	-2.84642	13.2887	16.1351
BLOCK00/SES009/SA009S24	SES177	-0.343813	15.7913	16.1351
BLOCK00/SES009/SA009S24	SES292	-1.46417	14.6709	16.1351
BLOCK00/SES009/SA009S26	SES083	-2.67684	12.6072	15.284
BLOCK00/SES009/SA009S26	SES101	-2.4266	12.8574	15.284
BLOCK00/SES009/SA009S26	SES120	-1.60219	13.6818	15.284
BLOCK00/SES009/SA009S26	SES177	-1.08893	14.1951	15.284
BLOCK00/SES009/SA009S29	SES083	-2.27308	13.8567	16.1298
BLOCK00/SES009/SA009S29	SES101	-1.90019	14.2296	16.1298
BLOCK00/SES009/SA009S29	SES177	-0.891305	15.2385	16.1298
BLOCK00/SES009/SA009S29	SES292	-1.42716	14.7026	16.1298
BLOCK01/SES011/SA011S10	SES019	-1.90077	13.4586	15.3594
BLOCK01/SES011/SA011S10	SES042	0.0490332	15.4084	15.3594
BLOCK01/SES011/SA011S10	SES082	-2.51933	12.8401	15.3594
BLOCK01/SES011/SA011S10	SES206	-1.62496	13.7344	15.3594
BLOCK01/SES011/SA011S11	SES019	-1.96417	12.2316	14.1958
BLOCK01/SES011/SA011S11	SES042	-1.09214	13.1037	14.1958
BLOCK01/SES011/SA011S11	SES082	-2.1322	12.0636	14.1958
BLOCK01/SES011/SA011S11	SES206	-1.92633	12.2695	14.1958
BLOCK01/SES011/SA011S22	SES019	-1.59741	12.5585	14.1559
BLOCK01/SES011/SA011S22	SES042	-0.148562	14.0073	14.1559
BLOCK01/SES011/SA011S22	SES082	-1.93162	12.2242	14.1559
BLOCK01/SES011/SA011S22	SES206	-2.19424	11.9616	14.1559
BLOCK01/SES011/SA011S24	SES019	-1.99969	13.004	15.0037
BLOCK01/SES011/SA011S24	SES042	0.0570593	15.0607	15.0037
BLOCK01/SES011/SA011S24	SES104	-2.24015	12.7635	15.0037
BLOCK01/SES011/SA011S24	SES206	-1.64499	13.3587	15.0037
BLOCK01/SES011/SA011S27	SES082	-0.640942	13.87	14.5109
BLOCK01/SES011/SA011S27	SES087	-2.24191	12.269	14.5109
BLOCK01/SES011/SA011S27	SES125	-1.80111	12.7098	14.5109
BLOCK01/SES011/SA011S27	SES206	-1.26684	13.2441	14.5109
BLOCK01/SES012/SA012S11	SES007	-1.00326	15.8147	16.8179
BLOCK01/SES012/SA012S11	SES082	-1.9904	14.8275	16.8179
BLOCK01/SES012/SA012S11	SES083	-2.15436	14.6636	16.8179
BLOCK01/SES012/SA012S11	SES206	-1.70428	15.1136	16.8179
BLOCK01/SES012/SA012S14	SES082	-1.14348	15.0201	16.1636
BLOCK01/SES012/SA012S14	SES087	-2.29637	13.8672	16.1636
BLOCK01/SES012/SA012S14	SES206	-1.13322	15.0304	16.1636
BLOCK01/SES012/SA012S14	SES292	-1.76634	14.3973	16.1636
BLOCK01/SES012/SA012S24	SES082	-0.586344	14.6242	15.2105
BLOCK01/SES012/SA012S24	SES087	-2.02898	13.1816	15.2105
BLOCK01/SES012/SA012S24	SES120	-2.18267	13.0279	15.2105
BLOCK01/SES012/SA012S24	SES206	-1.31383	13.8967	15.2105
BLOCK01/SES012/SA012S26	SES019	-4.53001	12.348	16.8781
BLOCK01/SES012/SA012S26	SES082	-2.46507	14.413	16.8781
BLOCK01/SES012/SA012S26	SES206	-0.688543	16.1895	16.8781
BLOCK01/SES012/SA012S26	SES292	-1.48131	15.3968	16.8781
BLOCK01/SES012/SA012S29	SES062	-2.00214	14.7176	16.7198
BLOCK01/SES012/SA012S29	SES082	-1.48989	15.2299	16.7198
BLOCK01/SES012/SA012S29	SES083	-2.91489	13.8049	16.7198
BLOCK01/SES012/SA012S29	SES206	-1.21267	15.5071	16.7198
BLOCK01/SES013/SA013S16	SES062	-3.69515	10.8898	14.585
BLOCK01/SES013/SA013S16	SES106	-1.81475	12.7702	14.585
BLOCK01/SES013/SA013S16	SES206	-1.89679	12.6882	14.585
BLOCK01/SES013/SA013S16	SES226	-1.35604	13.2289	14.585
BLOCK01/SES013/SA013S17	SES062	-2.77239	13.6708	16.4432
BLOCK01/SES013/SA013S17	SES106	-2.72424	13.7189	16.4432
BLOCK01/SES013/SA013S17	SES206	-1.1306	15.3126	16.4432
BLOCK01/SES013/SA013S17	SES226	-1.14788	15.2953	16.4432
BLOCK01/SES013/SA013S23	SES104	-1.90917	13.2408	15.15
BLOCK01/SES013/SA013S23	SES106	-1.69557	13.4544	15.15
BLOCK01/SES013/SA013S23	SES206	-1.72207	13.4279	15.15
BLOCK01/SES013/SA013S23	SES270	-1.25451	13.8955	15.15
BLOCK01/SES013/SA013S25	SES042	-1.95479	14.3371	16.2919
BLOCK01/SES013/SA013S25	SES104	-1.32282	14.9691	16.2919
BLOCK01/SES013/SA013S25	SES106	-1.46568	14.8262	16.2919
BLOCK01/SES013/SA013S25	SES206	-1.27393	15.018	16.2919
BLOCK01/SES013/SA013S29	SES062	-3.89391	11.7749	15.6688
BLOCK01/SES013/SA013S29	SES104	-2.81254	12.8562	15.6688
BLOCK01/SES013/SA013S29	SES106	-1.94451	13.7243	15.6688
BLOCK01/SES013/SA013S29	SES206	-1.92425	13.7445	15.6688
BLOCK02/SES021/SA021S13	SES016	-3.55362	13.2307	16.7843
BLOCK02/SES021/SA021S13	SES029	-2.00661	14.7777	16.7843
BLOCK02/SES021/SA021S13	SES087	-1.59669	15.1876	16.7843
BLOCK02/SES021/SA021S13	SES206	-1.64297	15.1413	16.7843
BLOCK02/SES021/SA021S15	SES087	-1.63993	16.1645	17.8044
BLOCK02/SES021/SA021S15	SES125	-1.32794	16.4765	17.8044
BLOCK02/SES021/SA021S15	SES206	-1.26503	16.5394	17.8044
BLOCK02/SES021/SA021S15	SES226	-2.22652	15.5779	17.8044
BLOCK02/SES021/SA021S23	SES062	-3.50097	11.1645	14.6655
BLOCK02/SES021/SA021S23	SES087	-1.3155	13.35	14.6655
BLOCK02/SES021/SA021S23	SES206	-1.65737	13.0081	14.6655
BLOCK02/SES021/SA021S23	SES226	-1.60338	13.0621	14.6655
BLOCK02/SES021/SA021S27	SES002	-1.19551	15.3417	16.5372
BLOCK02/SES021/SA021S27	SES016	-4.40129	12.1359	16.5372
BLOCK02/SES021/SA021S27	SES019	-2.08154	14.4557	16.5372
BLOCK02/SES021/SA021S27	SES062	-2.21472	14.3225	16.5372
BLOCK02/SES021/SA021S29	SES087	-1.82077	14.9777	16.7985
BLOCK02/SES021/SA021S29	SES125	-1.12709	15.6714	16.7985
BLOCK02/SES021/SA021S29	SES206	-1.68838	15.1101	16.7985
BLOCK02/SES021/SA021S29	SES226	-2.79968	13.9988	16.7985
BLOCK04/SES043/SA043S09	SES083	-1.34388	12.613	13.9569
BLOCK04/SES043/SA043S09	SES101	-1.34345	12.6134	13.9569
BLOCK04/SES043/SA043S09	SES144	-0.751974	13.2049	13.9569
BLOCK04/SES043/SA043S09	SES172	-1.92943	12.0275	13.9569
BLOCK04/SES043/SA043S11	SES083	-0.747922	14.8107	15.5586
BLOCK04/SES043/SA043S11	SES101	-1.27656	14.2821	15.5586
BLOCK04/SES043/SA043S11	SES144	-0.121339	15.4373	15.5586
BLOCK04/SES043/SA043S11	SES172	-1.42209	14.1365	15.5586
BLOCK04/SES043/SA043S23	SES083	-1.27377	13.6464	14.9202
BLOCK04/SES043/SA043S23	SES144	-0.322743	14.5975	14.9202
BLOCK04/SES043/SA043S23	SES177	-1.51237	13.4078	14.9202
BLOCK04/SES043/SA043S23	SES275	-1.17417	13.746	14.9202
BLOCK04/SES043/SA043S26	SES083	-1.47829	12.7284	14.2066
BLOCK04/SES043/SA043S26	SES101	-1.45858	12.7481	14.2066
BLOCK04/SES043/SA043S26	SES144	-0.1104	14.0962	14.2066
BLOCK04/SES043/SA043S26	SES177	-1.76768	12.439	14.2066
BLOCK04/SES043/SA043S28	SES016	-2.50169	13.2298	15.7315
BLOCK04/SES043/SA043S28	SES083	-0.880718	14.8508	15.7315
BLOCK04/SES043/SA043S28	SES101	-0.678612	15.0529	15.7315
BLOCK04/SES043/SA043S28	SES144	-1.03406	14.6975	15.7315
BLOCK04/SES044/SA044S10	SES127	-2.93035	8.87039	11.8007
BLOCK04/SES044/SA044S10	SES144	-0.258664	11.5421	11.8007
BLOCK04/SES044/SA044S10	SES147	-2.69311	9.10763	11.8007
BLOCK04/SES044/SA044S10	SES148	-2.74572	9.05502	11.8007
BLOCK04/SES044/SA044S11	SES101	-0.721263	12.473	13.1943
BLOCK04/SES044/SA044S11	SES144	0.157159	13.3514	13.1943
BLOCK04/SES044/SA044S11	SES147	-2.63468	10.5596	13.1943
BLOCK04/SES044/SA044S11	SES177	-1.96583	11.2284	13.1943
BLOCK04/SES044/SA044S24	SES007	-2.35797	11.8637	14.2216
BLOCK04/SES044/SA044S24	SES101	-1.48673	12.7349	14.2216
BLOCK04/SES044/SA044S24	SES147	-2.82964	11.392	14.2216
BLOCK04/SES044/SA044S24	SES177	-1.75446	12.4672	14.2216
BLOCK04/SES044/SA044S26	SES007	-1.41922	12.901	14.3202
BLOCK04/SES044/SA044S26	SES016	-1.24472	13.0755	14.3202
BLOCK04/SES044/SA044S26	SES101	-1.13111	13.1891	14.3202
BLOCK04/SES044/SA044S26	SES147	-1.08959	13.2306	14.3202
BLOCK04/SES044/SA044S29	SES007	-2.1801	11.9929	14.173
BLOCK04/SES044/SA044S29	SES101	-0.379462	13.7936	14.173
BLOCK04/SES044/SA044S29	SES147	-2.13672	12.0363	14.173
BLOCK04/SES044/SA044S29	SES177	-2.35042	11.8226	14.173
BLOCK04/SES046/SA046S13	SES101	-1.0068	12.9212	13.928
BLOCK04/SES046/SA046S13	SES144	-0.919345	13.0086	13.928
BLOCK04/SES046/SA046S13	SES147	-2.04335	11.8846	13.928
BLOCK04/SES046/SA046S13	SES177	-1.7775	12.1505	13.928
BLOCK04/SES046/SA046S15	SES048	-0.56452	15.0766	15.6412
BLOCK04/SES046/SA046S15	SES083	-0.803126	14.838	15.6412
BLOCK04/SES046/SA046S15	SES120	-2.81952	12.8216	15.6412
BLOCK04/SES046/SA046S15	SES148	-1.75941	13.8818	15.6412
BLOCK04/SES046/SA046S22	SES101	-1.0568	13.0016	14.0584
BLOCK04/SES046/SA046S22	SES144	-0.940035	13.1184	14.0584
BLOCK04/SES046/SA046S22	SES147	-2.58415	11.4742	14.0584
BLOCK04/SES046/SA046S22	SES172	-1.04686	13.0115	14.0584
BLOCK04/SES046/SA046S25	SES083	-1.51921	12.3016	13.8208
BLOCK04/SES046/SA046S25	SES127	-1.41969	12.4012	13.8208
BLOCK04/SES046/SA046S25	SES144	-1.83768	11.9832	13.8208
BLOCK04/SES046/SA046S25	SES148	-1.84216	11.9787	13.8208
BLOCK04/SES046/SA046S28	SES007	-2.02956	11.562	13.5915
BLOCK04/SES046/SA046S28	SES105	-2.39422	11.1973	13.5915
BLOCK04/SES046/SA046S28	SES147	-1.61121	11.9803	13.5915
BLOCK04/SES046/SA046S28	SES148	-0.920471	12.6711	13.5915
BLOCK04/SES049/SA049S16	SES104	-2.70654	11.1827	13.8892
BLOCK04/SES049/SA049S16	SES106	-1.74272	12.1465	13.8892
BLOCK04/SES049/SA049S16	SES120	-2.20405	11.6852	13.8892
BLOCK04/SES049/SA049S16	SES206	-1.50755	12.3817	13.8892
BLOCK04/SES049/SA049S18	SES099	-1.30244	12.129	13.4314
BLOCK04/SES049/SA049S18	SES104	-2.34544	11.086	13.4314
BLOCK04/SES049/SA049S18	SES125	-2.81438	10.617	13.4314
BLOCK04/SES049/SA049S18	SES206	-2.17735	11.2541	13.4314
BLOCK04/SES049/SA049S25	SES087	-1.52826	12.889	14.4173
BLOCK04/SES049/SA049S25	SES104	-0.424368	13.9929	14.4173
BLOCK04/SES049/SA049S25	SES125	-1.81017	12.6071	14.4173
BLOCK04/SES049/SA049S25	SES206	-1.1531	13.2642	14.4173
BLOCK04/SES049/SA049S27	SES099	-0.673097	13.3845	14.0576
BLOCK04/SES049/SA049S27	SES104	-0.853852	13.2037	14.0576
BLOCK04/SES049/SA049S27	SES125	-1.68822	12.3694	14.0576
BLOCK04/SES049/SA049S27	SES206	-1.67481	12.3828	14.0576
BLOCK04/SES049/SA049S29	SES099	-0.727075	15.0801	15.8071
BLOCK04/SES049/SA049S29	SES104	-1.00008	14.8071	15.8071
BLOCK04/SES049/SA049S29	SES125	-1.38352	14.4236	15.8071
BLOCK04/SES049/SA049S29	SES206	-0.62457	15.1826	15.8071
BLOCK06/SES063/SA063S09	SES068	-1.61061	14.4574	16.068
BLOCK06/SES063/SA063S09	SES083	-1.25057	14.8174	16.068
BLOCK06/SES063/SA063S09	SES177	-1.30398	14.764	16.068
BLOCK06/SES063/SA063S09	SES187	-1.42142	14.6466	16.068
BLOCK06/SES063/SA063S10	SES068	-2.39905	13.1928	15.5919
BLOCK06/SES063/SA063S10	SES083	-1.12265	14.4692	15.5919
BLOCK06/SES063/SA063S10	SES172	-1.97661	13.6153	15.5919
BLOCK06/SES063/SA063S10	SES187	-2.11741	13.4745	15.5919
BLOCK06/SES063/SA063S20	SES068	-2.66198	12.3783	15.0402
BLOCK06/SES063/SA063S20	SES083	-1.47304	13.5672	15.0402
BLOCK06/SES063/SA063S20	SES172	-1.2023	13.8379	15.0402
BLOCK06/SES063/SA063S20	SES187	-1.06686	13.9734	15.0402
BLOCK06/SES063/SA063S24	SES029	-2.82271	12.8771	15.6998
BLOCK06/SES063/SA063S24	SES083	-0.852406	14.8474	15.6998
BLOCK06/SES063/SA063S24	SES177	-1.21604	14.4838	15.6998
BLOCK06/SES063/SA063S24	SES189	-1.26912	14.4307	15.6998
BLOCK06/SES063/SA063S27	SES083	-0.802887	14.4063	15.2092
BLOCK06/SES063/SA063S27	SES172	-1.8648	13.3444	15.2092
BLOCK06/SES063/SA063S27	SES187	-1.73284	13.4764	15.2092
BLOCK06/SES063/SA063S27	SES292	-2.10811	13.1011	15.2092
BLOCK06/SES067/SA067S12	SES083	-2.04606	13.8253	15.8714
BLOCK06/SES067/SA067S12	SES172	-2.32741	13.544	15.8714
BLOCK06/SES067/SA067S12	SES202	-0.907662	14.9637	15.8714
BLOCK06/SES067/SA067S12	SES292	-2.03889	13.8325	15.8714
BLOCK06/SES067/SA067S14	SES085	-1.59345	15.0617	16.6551
BLOCK06/SES067/SA067S14	SES177	-1.74127	14.9138	16.6551
BLOCK06/SES067/SA067S14	SES183	-0.618982	16.0361	16.6551
BLOCK06/SES067/SA067S14	SES202	-1.00557	15.6495	16.6551
BLOCK06/SES067/SA067S21	SES144	-1.06378	14.2402	15.304
BLOCK06/SES067/SA067S21	SES177	-1.37679	13.9272	15.304
BLOCK06/SES067/SA067S21	SES183	-0.314706	14.9893	15.304
BLOCK06/SES067/SA067S21	SES189	-0.7568	14.5472	15.304
BLOCK06/SES067/SA067S25	SES085	-0.809319	14.8205	15.6298
BLOCK06/SES067/SA067S25	SES177	-1.3225	14.3073	15.6298
BLOCK06/SES067/SA067S25	SES183	-1.00688	14.6229	15.6298
BLOCK06/SES067/SA067S25	SES202	-1.37564	14.2542	15.6298
BLOCK06/SES067/SA067S29	SES085	-1.7649	14.292	16.0569
BLOCK06/SES067/SA067S29	SES177	-1.89109	14.1658	16.0569
BLOCK06/SES067/SA067S29	SES183	-0.515491	15.5414	16.0569
BLOCK06/SES067/SA067S29	SES202	-0.740117	15.3168	16.0569
BLOCK06/SES069/SA069S12	SES029	-2.8569	13.4001	16.257
BLOCK06/SES069/SA069S12	SES082	-0.537831	15.7191	16.257
BLOCK06/SES069/SA069S12	SES087	-1.78778	14.4692	16.257
BLOCK06/SES069/SA069S12	SES206	-0.911138	15.3458	16.257
BLOCK06/SES069/SA069S13	SES029	-3.33556	12.7763	16.1119
BLOCK06/SES069/SA069S13	SES087	-1.33894	14.7729	16.1119
BLOCK06/SES069/SA069S13	SES206	-1.44258	14.6693	16.1119
BLOCK06/SES069/SA069S13	SES226	-0.467634	15.6442	16.1119
BLOCK06/SES069/SA069S23	SES029	-0.983751	16.5677	17.5515
BLOCK06/SES069/SA069S23	SES087	-0.840939	16.7105	17.5515
BLOCK06/SES069/SA069S23	SES206	-1.44563	16.1058	17.5515
BLOCK06/SES069/SA069S23	SES226	-0.231556	17.3199	17.5515
BLOCK06/SES069/SA069S25	SES087	-1.45072	15.3512	16.802
BLOCK06/SES069/SA069S25	SES206	-2.62502	14.177	16.802
BLOCK06/SES069/SA069S25	SES226	-0.941053	15.8609	16.802
BLOCK06/SES069/SA069S25	SES270	-1.82104	14.9809	16.802
BLOCK06/SES069/SA069S27	SES087	-2.21406	14.3878	16.6019
BLOCK06/SES069/SA069S27	SES206	-1.01365	15.5883	16.6019
BLOCK06/SES069/SA069S27	SES226	-0.465073	16.1368	16.6019
BLOCK06/SES069/SA069S27	SES270	-1.35372	15.2482	16.6019
BLOCK08/SES081/SA081S11	SES060	-2.17737	12.2498	14.4272
BLOCK08/SES081/SA081S11	SES062	-2.00412	12.4231	14.4272
BLOCK08/SES081/SA081S11	SES117	-2.66826	11.7589	14.4272
BLOCK08/SES081/SA081S11	SES162	-1.96483	12.4624	14.4272
BLOCK08/SES081/SA081S13	SES016	-1.5819	14.5828	16.1647
BLOCK08/SES081/SA081S13	SES060	-0.297668	15.867	16.1647
BLOCK08/SES081/SA081S13	SES068	-1.03482	15.1299	16.1647
BLOCK08/SES081/SA081S13	SES129	-2.59177	13.5729	16.1647
BLOCK08/SES081/SA081S24	SES060	-1.07653	14.0419	15.1184
BLOCK08/SES081/SA081S24	SES068	-1.22828	13.8902	15.1184
BLOCK08/SES081/SA081S24	SES117	-2.1493	12.9691	15.1184
BLOCK08/SES081/SA081S24	SES275	-2.08095	13.0375	15.1184
BLOCK08/SES081/SA081S27	SES007	-1.28467	12.7091	13.9937
BLOCK08/SES081/SA081S27	SES060	-1.91492	12.0788	13.9937
BLOCK08/SES081/SA081S27	SES117	-0.956959	13.0368	13.9937
BLOCK08/SES081/SA081S27	SES275	-1.80494	12.1888	13.9937
BLOCK08/SES081/SA081S29	SES007	-1.02966	14.5517	15.5814
BLOCK08/SES081/SA081S29	SES060	-1.13312	14.4483	15.5814
BLOCK08/SES081/SA081S29	SES117	-1.55733	14.0241	15.5814
BLOCK08/SES081/SA081S29	SES275	-1.73627	13.8451	15.5814
BLOCK08/SES086/SA086S11	SES029	-4.72286	9.07073	13.7936
BLOCK08/SES086/SA086S11	SES082	-2.07747	11.7161	13.7936
BLOCK08/SES086/SA086S11	SES087	-0.960367	12.8332	13.7936
BLOCK08/SES086/SA086S11	SES206	-2.20639	11.5872	13.7936
BLOCK08/SES086/SA086S12	SES029	-2.64178	12.4543	15.0961
BLOCK08/SES086/SA086S12	SES082	-2.15853	12.9376	15.0961
BLOCK08/SES086/SA086S12	SES087	0.142877	15.239	15.0961
BLOCK08/SES086/SA086S12	SES206	-1.60289	13.4932	15.0961
BLOCK08/SES086/SA086S20	SES029	-3.78305	12.1694	15.9524
BLOCK08/SES086/SA086S20	SES082	-2.82382	13.1286	15.9524
BLOCK08/SES086/SA086S20	SES087	-0.143274	15.8092	15.9524
BLOCK08/SES086/SA086S20	SES206	-0.950286	15.0021	15.9524
BLOCK08/SES086/SA086S24	SES087	-0.315134	14.51	14.8252
BLOCK08/SES086/SA086S24	SES104	-2.22874	12.5964	14.8252
BLOCK08/SES086/SA086S24	SES120	-2.24202	12.5831	14.8252
BLOCK08/SES086/SA086S24	SES206	-0.0265055	14.7986	14.8252
BLOCK08/SES086/SA086S28	SES029	-3.01545	12.4676	15.4831
BLOCK08/SES086/SA086S28	SES082	-2.20024	13.2828	15.4831
BLOCK08/SES086/SA086S28	SES087	-0.43947	15.0436	15.4831
BLOCK08/SES086/SA086S28	SES206	-1.04704	14.436	15.4831
BLOCK08/SES089/SA089S13	SES087	-1.39248	13.0754	14.4679
BLOCK08/SES089/SA089S13	SES206	-1.73896	12.729	14.4679
BLOCK08/SES089/SA089S13	SES226	-1.57859	12.8893	14.4679
BLOCK08/SES089/SA089S13	SES270	-2.60379	11.8641	14.4679
BLOCK08/SES089/SA089S14	SES062	-2.38783	12.6518	15.0396
BLOCK08/SES089/SA089S14	SES087	-0.741104	14.2985	15.0396
BLOCK08/SES089/SA089S14	SES206	-1.39913	13.6405	15.0396
BLOCK08/SES089/SA089S14	SES226	-1.56608	13.4735	15.0396
BLOCK08/SES089/SA089S23	SES087	-1.18257	12.3139	13.4965
BLOCK08/SES089/SA089S23	SES206	-1.78172	11.7147	13.4965
BLOCK08/SES089/SA089S23	SES226	-2.26513	11.2313	13.4965
BLOCK08/SES089/SA089S23	SES270	-2.51644	10.98	13.4965
BLOCK08/SES089/SA089S25	SES062	-2.92593	12.2654	15.1914
BLOCK08/SES089/SA089S25	SES087	-1.22903	13.9624	15.1914
BLOCK08/SES089/SA089S25	SES206	-2.26774	12.9236	15.1914
BLOCK08/SES089/SA089S25	SES226	-1.29315	13.8982	15.1914
BLOCK08/SES089/SA089S28	SES062	-2.19582	12.7008	14.8966
BLOCK08/SES089/SA089S28	SES087	-0.378671	14.5179	14.8966
BLOCK08/SES089/SA089S28	SES206	-1.13728	13.7593	14.8966
BLOCK08/SES089/SA089S28	SES226	-0.940628	13.956	14.8966
BLOCK09/SES097/SA097S11	SES099	-0.17902	14.1702	14.3492
BLOCK09/SES097/SA097S11	SES125	-1.85632	12.4929	14.3492
BLOCK09/SES097/SA097S11	SES206	-1.40014	12.9491	14.3492
BLOCK09/SES097/SA097S11	SES226	-0.569475	13.7797	14.3492
BLOCK09/SES097/SA097S14	SES062	-2.18485	11.9339	14.1187
BLOCK09/SES097/SA097S14	SES099	-1.06267	13.0561	14.1187
BLOCK09/SES097/SA097S14	SES104	-1.72071	12.398	14.1187
BLOCK09/SES097/SA097S14	SES206	-2.34429	11.7745	14.1187
BLOCK09/SES097/SA097S22	SES099	0.831303	15.3678	14.5365
BLOCK09/SES097/SA097S22	SES206	-1.16171	13.3748	14.5365
BLOCK09/SES097/SA097S22	SES226	-2.01426	12.5222	14.5365
BLOCK09/SES097/SA097S22	SES270	-0.537026	13.9995	14.5365
BLOCK09/SES097/SA097S26	SES099	-0.504951	14.8482	15.3531
BLOCK09/SES097/SA097S26	SES120	-2.10119	13.2519	15.3531
BLOCK09/SES097/SA097S26	SES206	-1.79293	13.5602	15.3531
BLOCK09/SES097/SA097S26	SES226	-2.57729	12.7759	15.3531
BLOCK09/SES097/SA097S28	SES099	-0.784671	13.8565	14.6412
BLOCK09/SES097/SA097S28	SES120	-1.98024	12.661	14.6412
BLOCK09/SES097/SA097S28	SES206	-2.10446	12.5367	14.6412
BLOCK09/SES097/SA097S28	SES226	-3.41441	11.2268	14.6412
BLOCK09/SES098/SA098S11	SES127	-2.16357	11.5602	13.7238
BLOCK09/SES098/SA098S11	SES144	-2.2093	11.5145	13.7238
BLOCK09/SES098/SA098S11	SES147	-1.41893	12.3048	13.7238
BLOCK09/SES098/SA098S11	SES148	-3.26201	10.4618	13.7238
BLOCK09/SES098/SA098S12	SES127	-2.96786	9.59051	12.5584
BLOCK09/SES098/SA098S12	SES144	-2.74965	9.80871	12.5584
BLOCK09/SES098/SA098S12	SES147	-1.54246	11.0159	12.5584
BLOCK09/SES098/SA098S12	SES189	-1.46761	11.0908	12.5584
BLOCK09/SES098/SA098S20	SES127	-2.98853	11.0761	14.0646
BLOCK09/SES098/SA098S20	SES147	-1.90902	12.1556	14.0646
BLOCK09/SES098/SA098S20	SES148	-3.11618	10.9484	14.0646
BLOCK09/SES098/SA098S20	SES292	-1.61965	12.4449	14.0646
BLOCK09/SES098/SA098S23	SES127	-1.83035	12.9286	14.7589
BLOCK09/SES098/SA098S23	SES147	-1.45224	13.3067	14.7589
BLOCK09/SES098/SA098S23	SES187	-1.16634	13.5926	14.7589
BLOCK09/SES098/SA098S23	SES292	-1.35973	13.3992	14.7589
BLOCK09/SES098/SA098S27	SES127	-3.34939	10.1543	13.5036
BLOCK09/SES098/SA098S27	SES147	-2.7223	10.7813	13.5036
BLOCK09/SES098/SA098S27	SES148	-3.44061	10.063	13.5036
BLOCK09/SES098/SA098S27	SES292	-1.73544	11.7682	13.5036
BLOCK10/SES102/SA102S13	SES101	-0.661592	12.469	13.1306
BLOCK10/SES102/SA102S13	SES105	-1.06794	12.0626	13.1306
BLOCK10/SES102/SA102S13	SES120	-1.88245	11.2481	13.1306
BLOCK10/SES102/SA102S13	SES158	-3.40798	9.72258	13.1306
BLOCK10/SES102/SA102S14	SES007	-0.83092	14.6403	15.4712
BLOCK10/SES102/SA102S14	SES101	-0.176462	15.2947	15.4712
BLOCK10/SES102/SA102S14	SES105	-0.23882	15.2324	15.4712
BLOCK10/SES102/SA102S14	SES147	-3.20785	12.2633	15.4712
BLOCK10/SES102/SA102S22	SES007	-1.5853	13.4604	15.0457
BLOCK10/SES102/SA102S22	SES101	-0.429845	14.6158	15.0457
BLOCK10/SES102/SA102S22	SES105	-0.716969	14.3287	15.0457
BLOCK10/SES102/SA102S22	SES158	-2.81933	12.2264	15.0457
BLOCK10/SES102/SA102S25	SES007	-0.987766	14.5196	15.5074
BLOCK10/SES102/SA102S25	SES101	-0.455666	15.0517	15.5074
BLOCK10/SES102/SA102S25	SES105	-1.09847	14.4089	15.5074
BLOCK10/SES102/SA102S25	SES147	-3.58153	11.9258	15.5074
BLOCK10/SES102/SA102S27	SES007	-1.19993	13.5709	14.7708
BLOCK10/SES102/SA102S27	SES101	0.0302019	14.801	14.7708
BLOCK10/SES102/SA102S27	SES105	-1.13528	13.6355	14.7708
BLOCK10/SES102/SA102S27	SES147	-2.87436	11.8965	14.7708
BLOCK10/SES103/SA103S14	SES105	-2.95796	10.0753	13.0332
BLOCK10/SES103/SA103S14	SES106	-1.61699	11.4162	13.0332
BLOCK10/SES103/SA103S14	SES120	-2.85987	10.1734	13.0332
BLOCK10/SES103/SA103S14	SES206	-2.47196	10.5613	13.0332
BLOCK10/SES103/SA103S15	SES099	-1.87987	10.1659	12.0458
BLOCK10/SES103/SA103S15	SES101	-4.50878	7.537	12.0458
BLOCK10/SES103/SA103S15	SES104	-2.24612	9.79966	12.0458
BLOCK10/SES103/SA103S15	SES125	-1.87453	10.1713	12.0458
BLOCK10/SES103/SA103S24	SES104	-1.60831	12.9613	14.5696
BLOCK10/SES103/SA103S24	SES125	-2.23666	12.3329	14.5696
BLOCK10/SES103/SA103S24	SES148	-3.72218	10.8474	14.5696
BLOCK10/SES103/SA103S24	SES158	-1.78479	12.7848	14.5696
BLOCK10/SES103/SA103S26	SES104	-2.51815	10.0165	12.5346
BLOCK10/SES103/SA103S26	SES106	-1.7385	10.7961	12.5346
BLOCK10/SES103/SA103S26	SES125	-2.29191	10.2427	12.5346
BLOCK10/SES103/SA103S26	SES148	-4.85225	7.68238	12.5346
BLOCK10/SES103/SA103S28	SES104	-3.19718	8.99358	12.1908
BLOCK10/SES103/SA103S28	SES106	-2.22942	9.96134	12.1908
BLOCK10/SES103/SA103S28	SES125	-3.01102	9.17974	12.1908
BLOCK10/SES103/SA103S28	SES206	-3.56969	8.62108	12.1908
BLOCK12/SES121/SA121S12	SES042	-2.88606	7.9803	10.8664
BLOCK12/SES121/SA121S12	SES087	-2.22906	8.6373	10.8664
BLOCK12/SES121/SA121S12	SES105	-0.511848	10.3545	10.8664
BLOCK12/SES121/SA121S12	SES206	-2.17265	8.69371	10.8664
BLOCK12/SES121/SA121S14	SES007	-2.43827	8.70525	11.1435
BLOCK12/SES121/SA121S14	SES105	-2.25954	8.88398	11.1435
BLOCK12/SES121/SA121S14	SES106	-1.93438	9.20914	11.1435
BLOCK12/SES121/SA121S14	SES206	-2.50441	8.63911	11.1435
BLOCK12/SES121/SA121S23	SES105	-1.96464	9.25729	11.2219
BLOCK12/SES121/SA121S23	SES106	-1.09108	10.1308	11.2219
BLOCK12/SES121/SA121S23	SES120	-1.56292	9.659	11.2219
BLOCK12/SES121/SA121S23	SES206	-1.44291	9.77902	11.2219
BLOCK12/SES121/SA121S25	SES007	-1.82318	7.62287	9.44605
BLOCK12/SES121/SA121S25	SES105	-1.93549	7.51056	9.44605
BLOCK12/SES121/SA121S25	SES106	-2.02003	7.42603	9.44605
BLOCK12/SES121/SA121S25	SES206	-2.67393	6.77212	9.44605
BLOCK12/SES121/SA121S27	SES087	-2.01027	9.52281	11.5331
BLOCK12/SES121/SA121S27	SES105	-3.44493	8.08815	11.5331
BLOCK12/SES121/SA121S27	SES120	-0.456964	11.0761	11.5331
BLOCK12/SES121/SA121S27	SES206	-1.52819	10.0049	11.5331
BLOCK12/SES124/SA124S16	SES042	-0.570169	13.2235	13.7937
BLOCK12/SES124/SA124S16	SES082	-1.76095	12.0328	13.7937
BLOCK12/SES124/SA124S16	SES183	-2.45548	11.3382	13.7937
BLOCK12/SES124/SA124S16	SES206	-2.34489	11.4488	13.7937
BLOCK12/SES124/SA124S17	SES105	-2.4101	9.46492	11.875
BLOCK12/SES124/SA124S17	SES149	-3.33943	8.53559	11.875
BLOCK12/SES124/SA124S17	SES158	-2.7909	9.08412	11.875
BLOCK12/SES124/SA124S17	SES275	-1.57045	10.3046	11.875
BLOCK12/SES124/SA124S23	SES105	-2.85653	12.7026	15.5591
BLOCK12/SES124/SA124S23	SES125	-0.536907	15.0222	15.5591
BLOCK12/SES124/SA124S23	SES129	-2.89323	12.6659	15.5591
BLOCK12/SES124/SA124S23	SES158	-0.904521	14.6546	15.5591
BLOCK12/SES124/SA124S26	SES105	-3.67268	11.1789	14.8516
BLOCK12/SES124/SA124S26	SES125	-1.70474	13.1468	14.8516
BLOCK12/SES124/SA124S26	SES129	-3.28285	11.5687	14.8516
BLOCK12/SES124/SA124S26	SES158	-2.06706	12.7845	14.8516
BLOCK12/SES124/SA124S28	SES104	-1.44343	13.1066	14.55
BLOCK12/SES124/SA124S28	SES106	-1.35095	13.1991	14.55
BLOCK12/SES124/SA124S28	SES125	-0.540058	14.0099	14.55
BLOCK12/SES124/SA124S28	SES275	-2.60617	11.9438	14.55
BLOCK12/SES126/SA126S13	SES007	-1.38499	12.5086	13.8936
BLOCK12/SES126/SA126S13	SES162	-1.65316	12.2404	13.8936
BLOCK12/SES126/SA126S13	SES177	-0.856176	13.0374	13.8936
BLOCK12/SES126/SA126S13	SES180	-1.74643	12.1471	13.8936
BLOCK12/SES126/SA126S14	SES144	-1.15434	14.25	15.4043
BLOCK12/SES126/SA126S14	SES148	-1.71275	13.6916	15.4043
BLOCK12/SES126/SA126S14	SES177	-0.788381	14.616	15.4043
BLOCK12/SES126/SA126S14	SES180	-2.39756	13.0068	15.4043
BLOCK12/SES126/SA126S20	SES007	-1.43366	13.0314	14.465
BLOCK12/SES126/SA126S20	SES162	-1.80736	12.6576	14.465
BLOCK12/SES126/SA126S20	SES172	-2.30922	12.1558	14.465
BLOCK12/SES126/SA126S20	SES180	-1.68637	12.7786	14.465
BLOCK12/SES126/SA126S24	SES120	-0.594395	15.0418	15.6362
BLOCK12/SES126/SA126S24	SES162	-1.83452	13.8017	15.6362
BLOCK12/SES126/SA126S24	SES177	-0.845428	14.7907	15.6362
BLOCK12/SES126/SA126S24	SES180	-1.12478	14.5114	15.6362
BLOCK12/SES126/SA126S26	SES120	-0.659656	14.2641	14.9238
BLOCK12/SES126/SA126S26	SES177	-0.631399	14.2924	14.9238
BLOCK12/SES126/SA126S26	SES180	-1.8592	13.0646	14.9238
BLOCK12/SES126/SA126S26	SES202	-2.09466	12.8291	14.9238
BLOCK12/SES128/SA128S10	SES087	-2.45805	12.6914	15.1495
BLOCK12/SES128/SA128S10	SES206	-1.38194	13.7675	15.1495
BLOCK12/SES128/SA128S10	SES226	-0.792542	14.3569	15.1495
BLOCK12/SES128/SA128S10	SES270	-1.10692	14.0426	15.1495
BLOCK12/SES128/SA128S12	SES120	-1.58678	13.0481	14.6349
BLOCK12/SES128/SA128S12	SES158	-2.48302	12.1519	14.6349
BLOCK12/SES128/SA128S12	SES206	-1.81123	12.8237	14.6349
BLOCK12/SES128/SA128S12	SES226	-2.21456	12.4204	14.6349
BLOCK12/SES128/SA128S21	SES106	-3.24277	10.4123	13.655
BLOCK12/SES128/SA128S21	SES120	-2.53958	11.1155	13.655
BLOCK12/SES128/SA128S21	SES206	-2.37178	11.2833	13.655
BLOCK12/SES128/SA128S21	SES226	-1.49908	12.156	13.655
BLOCK12/SES128/SA128S24	SES087	-2.02877	12.3524	14.3812
BLOCK12/SES128/SA128S24	SES120	-1.37847	13.0027	14.3812
BLOCK12/SES128/SA128S24	SES206	-1.33477	13.0464	14.3812
BLOCK12/SES128/SA128S24	SES226	-2.17903	12.2022	14.3812
BLOCK12/SES128/SA128S27	SES099	-1.24689	14.4112	15.6581
BLOCK12/SES128/SA128S27	SES120	-1.19906	14.4591	15.6581
BLOCK12/SES128/SA128S27	SES206	-1.29018	14.368	15.6581
BLOCK12/SES128/SA128S27	SES226	-1.80417	13.854	15.6581
BLOCK13/SES130/SA130S13	SES143	-1.51475	12.6574	14.1722
BLOCK13/SES130/SA130S13	SES144	-0.603827	13.5683	14.1722
BLOCK13/SES130/SA130S13	SES146	-1.55406	12.6181	14.1722
BLOCK13/SES130/SA130S13	SES275	-2.4665	11.7057	14.1722
BLOCK13/SES130/SA130S15	SES143	-1.98275	13.6386	15.6214
BLOCK13/SES130/SA130S15	SES144	-0.635557	14.9858	15.6214
BLOCK13/SES130/SA130S15	SES146	-0.863901	14.7575	15.6214
BLOCK13/SES130/SA130S15	SES275	-1.53547	14.0859	15.6214
BLOCK13/SES130/SA130S23	SES127	-1.98413	11.8396	13.8238
BLOCK13/SES130/SA130S23	SES144	-1.58906	12.2347	13.8238
BLOCK13/SES130/SA130S23	SES146	-1.08029	12.7435	13.8238
BLOCK13/SES130/SA130S23	SES162	-1.09587	12.7279	13.8238
BLOCK13/SES130/SA130S25	SES127	-0.986075	14.5548	15.5409
BLOCK13/SES130/SA130S25	SES144	-0.5769	14.964	15.5409
BLOCK13/SES130/SA130S25	SES146	-0.498977	15.0419	15.5409
BLOCK13/SES130/SA130S25	SES275	-0.586405	14.9545	15.5409
BLOCK13/SES130/SA130S28	SES127	-1.01111	13.5191	14.5302
BLOCK13/SES130/SA130S28	SES144	-1.0143	13.5159	14.5302
BLOCK13/SES130/SA130S28	SES146	-0.83322	13.697	14.5302
BLOCK13/SES130/SA130S28	SES275	-0.692552	13.8377	14.5302
BLOCK13/SES131/SA131S13	SES002	-2.48405	9.55978	12.0438
BLOCK13/SES131/SA131S13	SES007	-2.99767	9.04615	12.0438
BLOCK13/SES131/SA131S13	SES099	-2.06772	9.97611	12.0438
BLOCK13/SES131/SA131S13	SES105	-2.7454	9.29842	12.0438
BLOCK13/SES131/SA131S14	SES104	-0.563948	12.7501	13.314
BLOCK13/SES131/SA131S14	SES106	-1.85891	11.4551	13.314
BLOCK13/SES131/SA131S14	SES125	-1.46511	11.8489	13.314
BLOCK13/SES131/SA131S14	SES148	-1.70571	11.6083	13.314
BLOCK13/SES131/SA131S20	SES104	-2.77155	8.91993	11.6915
BLOCK13/SES131/SA131S20	SES106	-2.54838	9.1431	11.6915
BLOCK13/SES131/SA131S20	SES125	-3.39189	8.29959	11.6915
BLOCK13/SES131/SA131S20	SES148	-2.38065	9.31083	11.6915
BLOCK13/SES131/SA131S22	SES099	-2.21686	11.2812	13.4981
BLOCK13/SES131/SA131S22	SES104	-2.5617	10.9364	13.4981
BLOCK13/SES131/SA131S22	SES125	-2.47052	11.0276	13.4981
BLOCK13/SES131/SA131S22	SES206	-2.84718	10.6509	13.4981
BLOCK13/SES131/SA131S29	SES087	-2.147	10.134	12.281
BLOCK13/SES131/SA131S29	SES104	-3.15783	9.12319	12.281
BLOCK13/SES131/SA131S29	SES125	-3.30695	8.97407	12.281
BLOCK13/SES131/SA131S29	SES206	-3.2426	9.03842	12.281
BLOCK13/SES132/SA132S11	SES083	-2.57413	13.0331	15.6072
BLOCK13/SES132/SA132S11	SES120	-0.439591	15.1676	15.6072
BLOCK13/SES132/SA132S11	SES127	-2.32173	13.2855	15.6072
BLOCK13/SES132/SA132S11	SES275	-1.71715	13.89	15.6072
BLOCK13/SES132/SA132S12	SES083	-2.54295	13.0774	15.6204
BLOCK13/SES132/SA132S12	SES143	-1.85783	13.7626	15.6204
BLOCK13/SES132/SA132S12	SES144	-1.8222	13.7982	15.6204
BLOCK13/SES132/SA132S12	SES148	-1.31654	14.3038	15.6204
BLOCK13/SES132/SA132S22	SES062	-1.10365	14.4748	15.5785
BLOCK13/SES132/SA132S22	SES083	-1.76933	13.8091	15.5785
BLOCK13/SES132/SA132S22	SES127	-1.42932	14.1491	15.5785
BLOCK13/SES132/SA132S22	SES275	-1.02988	14.5486	15.5785
BLOCK13/SES132/SA132S24	SES007	-1.14185	15.1455	16.2873
BLOCK13/SES132/SA132S24	SES083	-2.44083	13.8465	16.2873
BLOCK13/SES132/SA132S24	SES127	-2.25458	14.0328	16.2873
BLOCK13/SES132/SA132S24	SES275	-1.18233	15.105	16.2873
BLOCK13/SES132/SA132S27	SES083	-2.4696	12.4825	14.9521
BLOCK13/SES132/SA132S27	SES120	-0.321278	14.6308	14.9521
BLOCK13/SES132/SA132S27	SES127	-2.14227	12.8098	14.9521
BLOCK13/SES132/SA132S27	SES275	-2.03961	12.9125	14.9521
BLOCK14/SES141/SA141S09	SES143	-1.31287	13.6317	14.9446
BLOCK14/SES141/SA141S09	SES144	-0.66443	14.2802	14.9446
BLOCK14/SES141/SA141S09	SES162	-1.69619	13.2484	14.9446
BLOCK14/SES141/SA141S09	SES180	-1.30597	13.6386	14.9446
BLOCK14/SES141/SA141S15	SES127	-1.44261	12.9977	14.4404
BLOCK14/SES141/SA141S15	SES144	-1.55816	12.8822	14.4404
BLOCK14/SES141/SA141S15	SES162	-2.01999	12.4204	14.4404
BLOCK14/SES141/SA141S15	SES180	-1.51422	12.9261	14.4404
BLOCK14/SES141/SA141S24	SES127	-1.22045	13.9461	15.1666
BLOCK14/SES141/SA141S24	SES144	-1.6012	13.5654	15.1666
BLOCK14/SES141/SA141S24	SES162	-1.91185	13.2547	15.1666
BLOCK14/SES141/SA141S24	SES183	-1.92699	13.2396	15.1666
BLOCK14/SES141/SA141S26	SES142	-0.913657	14.0444	14.958
BLOCK14/SES141/SA141S26	SES144	-1.35282	13.6052	14.958
BLOCK14/SES141/SA141S26	SES172	-1.0113	13.9467	14.958
BLOCK14/SES141/SA141S26	SES180	-1.74753	13.2105	14.958
BLOCK14/SES141/SA141S29	SES127	-0.702422	14.5459	15.2484
BLOCK14/SES141/SA141S29	SES142	-0.722347	14.526	15.2484
BLOCK14/SES141/SA141S29	SES144	-1.27646	13.9719	15.2484
BLOCK14/SES141/SA141S29	SES180	-1.29974	13.9486	15.2484
BLOCK15/SES157/SA157S08	SES083	-2.6206	12.4518	15.0724
BLOCK15/SES157/SA157S08	SES127	-1.21867	13.8537	15.0724
BLOCK15/SES157/SA157S08	SES148	-2.01595	13.0565	15.0724
BLOCK15/SES157/SA157S08	SES292	-2.65435	12.4181	15.0724
BLOCK15/SES157/SA157S11	SES083	-2.47672	12.7065	15.1832
BLOCK15/SES157/SA157S11	SES127	-1.33704	13.8462	15.1832
BLOCK15/SES157/SA157S11	SES148	-2.39633	12.7869	15.1832
BLOCK15/SES157/SA157S11	SES292	-2.42051	12.7627	15.1832
BLOCK15/SES157/SA157S21	SES127	-0.836456	14.8008	15.6373
BLOCK15/SES157/SA157S21	SES148	-0.832735	14.8046	15.6373
BLOCK15/SES157/SA157S21	SES158	-5.01799	10.6193	15.6373
BLOCK15/SES157/SA157S21	SES292	-1.55103	14.0863	15.6373
BLOCK15/SES157/SA157S24	SES127	-1.10268	14.4472	15.5499
BLOCK15/SES157/SA157S24	SES148	-1.81866	13.7312	15.5499
BLOCK15/SES157/SA157S24	SES183	-2.21303	13.3369	15.5499
BLOCK15/SES157/SA157S24	SES292	-2.28908	13.2608	15.5499
BLOCK15/SES157/SA157S26	SES007	-0.7851	14.5527	15.3378
BLOCK15/SES157/SA157S26	SES127	-0.670735	14.6671	15.3378
BLOCK15/SES157/SA157S26	SES147	-2.27253	13.0653	15.3378
BLOCK15/SES157/SA157S26	SES148	-1.3682	13.9696	15.3378
BLOCK16/SES161/SA161S10	SES007	-2.00702	10.8742	12.8813
BLOCK16/SES161/SA161S10	SES105	-1.60684	11.2744	12.8813
BLOCK16/SES161/SA161S10	SES158	-2.11293	10.7683	12.8813
BLOCK16/SES161/SA161S10	SES275	-1.24299	11.6383	12.8813
BLOCK16/SES161/SA161S12	SES007	-2.33731	10.8852	13.2225
BLOCK16/SES161/SA161S12	SES105	-2.97056	10.2519	13.2225
BLOCK16/SES161/SA161S12	SES158	-2.02678	11.1957	13.2225
BLOCK16/SES161/SA161S12	SES275	-1.62616	11.5963	13.2225
BLOCK16/SES161/SA161S20	SES007	-2.07483	10.0007	12.0756
BLOCK16/SES161/SA161S20	SES105	-3.01503	9.06053	12.0756
BLOCK16/SES161/SA161S20	SES158	-2.14019	9.93538	12.0756
BLOCK16/SES161/SA161S20	SES275	-2.0591	10.0165	12.0756
BLOCK16/SES161/SA161S23	SES007	-2.54943	10.7279	13.2773
BLOCK16/SES161/SA161S23	SES105	-1.82677	11.4506	13.2773
BLOCK16/SES161/SA161S23	SES148	-1.87136	11.406	13.2773
BLOCK16/SES161/SA161S23	SES158	-2.33666	10.9407	13.2773
BLOCK16/SES161/SA161S28	SES007	-2.65129	11.2551	13.9064
BLOCK16/SES161/SA161S28	SES105	-2.90018	11.0062	13.9064
BLOCK16/SES161/SA161S28	SES158	-1.91101	11.9954	13.9064
BLOCK16/SES161/SA161S28	SES206	-1.73102	12.1753	13.9064
BLOCK16/SES164/SA164S11	SES104	-1.7054	13.3484	15.0538
BLOCK16/SES164/SA164S11	SES125	-1.57959	13.4742	15.0538
BLOCK16/SES164/SA164S11	SES158	-1.05147	14.0023	15.0538
BLOCK16/SES164/SA164S11	SES206	-2.30599	12.7478	15.0538
BLOCK16/SES164/SA164S13	SES099	-1.97022	11.7579	13.7281
BLOCK16/SES164/SA164S13	SES104	-1.96307	11.765	13.7281
BLOCK16/SES164/SA164S13	SES125	-2.04074	11.6874	13.7281
BLOCK16/SES164/SA164S13	SES206	-1.81339	11.9147	13.7281
BLOCK16/SES164/SA164S24	SES002	-0.624566	13.8359	14.4605
BLOCK16/SES164/SA164S24	SES099	-1.93	12.5305	14.4605
BLOCK16/SES164/SA164S24	SES125	-2.67024	11.7902	14.4605
BLOCK16/SES164/SA164S24	SES226	-0.672325	13.7881	14.4605
BLOCK16/SES164/SA164S27	SES087	-1.24828	12.8935	14.1418
BLOCK16/SES164/SA164S27	SES125	-2.01316	12.1287	14.1418
BLOCK16/SES164/SA164S27	SES206	-1.87121	12.2706	14.1418
BLOCK16/SES164/SA164S27	SES226	-1.5308	12.611	14.1418
BLOCK16/SES164/SA164S29	SES002	-0.245044	13.2855	13.5306
BLOCK16/SES164/SA164S29	SES019	-2.1028	11.4278	13.5306
BLOCK16/SES164/SA164S29	SES125	-1.70554	11.825	13.5306
BLOCK16/SES164/SA164S29	SES226	-1.97265	11.5579	13.5306
BLOCK16/SES169/SA169S13	SES117	-1.23475	13.0523	14.2871
BLOCK16/SES169/SA169S13	SES144	-1.12933	13.1578	14.2871
BLOCK16/SES169/SA169S13	SES146	-1.08094	13.2061	14.2871
BLOCK16/SES169/SA169S13	SES162	-0.798846	13.4882	14.2871
BLOCK16/SES169/SA169S14	SES144	-1.98353	13.5437	15.5272
BLOCK16/SES169/SA169S14	SES148	-1.7375	13.7897	15.5272
BLOCK16/SES169/SA169S14	SES177	-1.50462	14.0226	15.5272
BLOCK16/SES169/SA169S14	SES180	-2.22861	13.2986	15.5272
BLOCK16/SES169/SA169S24	SES117	-1.13324	12.3365	13.4697
BLOCK16/SES169/SA169S24	SES144	-0.594471	12.8753	13.4697
BLOCK16/SES169/SA169S24	SES146	-0.669749	12.8	13.4697
BLOCK16/SES169/SA169S24	SES162	-0.426065	13.0437	13.4697
BLOCK16/SES169/SA169S27	SES127	-0.89901	13.1509	14.0499
BLOCK16/SES169/SA169S27	SES129	-1.37052	12.6794	14.0499
BLOCK16/SES169/SA169S27	SES144	-1.58739	12.4625	14.0499
BLOCK16/SES169/SA169S27	SES146	-0.0634861	13.9864	14.0499
BLOCK16/SES169/SA169S29	SES144	-1.03983	13.9258	14.9657
BLOCK16/SES169/SA169S29	SES162	-0.40547	14.5602	14.9657
BLOCK16/SES169/SA169S29	SES177	-2.08595	12.8797	14.9657
BLOCK16/SES169/SA169S29	SES180	-1.04347	13.9222	14.9657
BLOCK17/SES171/SA171S12	SES083	-1.30015	12.8684	14.1685
BLOCK17/SES171/SA171S12	SES148	-2.25622	11.9123	14.1685
BLOCK17/SES171/SA171S12	SES172	-1.59676	12.5718	14.1685
BLOCK17/SES171/SA171S12	SES292	-2.35296	11.8156	14.1685
BLOCK17/SES171/SA171S15	SES148	-2.14583	11.3357	13.4815
BLOCK17/SES171/SA171S15	SES177	-1.24435	12.2371	13.4815
BLOCK17/SES171/SA171S15	SES180	-2.71618	10.7653	13.4815
BLOCK17/SES171/SA171S15	SES292	-1.70102	11.7805	13.4815
BLOCK17/SES171/SA171S22	SES007	-1.80505	13.4697	15.2747
BLOCK17/SES171/SA171S22	SES148	-1.61162	13.6631	15.2747
BLOCK17/SES171/SA171S22	SES177	-0.611221	14.6635	15.2747
BLOCK17/SES171/SA171S22	SES180	-2.59644	12.6783	15.2747
BLOCK17/SES171/SA171S25	SES101	-1.9448	11.7252	13.67
BLOCK17/SES171/SA171S25	SES120	-3.05301	10.617	13.67
BLOCK17/SES171/SA171S25	SES177	-0.720468	12.9496	13.67
BLOCK17/SES171/SA171S25	SES180	-2.40853	11.2615	13.67
BLOCK17/SES171/SA171S27	SES177	-1.00036	13.1768	14.1772
BLOCK17/SES171/SA171S27	SES180	-2.56881	11.6084	14.1772
BLOCK17/SES171/SA171S27	SES189	-1.22515	12.952	14.1772
BLOCK17/SES171/SA171S27	SES292	-1.99875	12.1784	14.1772
BLOCK17/SES173/SA173S13	SES162	-3.44699	10.8121	14.2591
BLOCK17/SES173/SA173S13	SES177	-1.56325	12.6959	14.2591
BLOCK17/SES173/SA173S13	SES180	-3.17835	11.0808	14.2591
BLOCK17/SES173/SA173S13	SES292	-0.803653	13.4555	14.2591
BLOCK17/SES173/SA173S14	SES007	-1.93987	11.3169	13.2567
BLOCK17/SES173/SA173S14	SES162	-2.98135	10.2754	13.2567
BLOCK17/SES173/SA173S14	SES177	-1.0577	12.199	13.2567
BLOCK17/SES173/SA173S14	SES180	-2.76343	10.4933	13.2567
BLOCK17/SES173/SA173S24	SES144	-2.4431	10.8457	13.2888
BLOCK17/SES173/SA173S24	SES162	-2.53061	10.7582	13.2888
BLOCK17/SES173/SA173S24	SES177	-0.983941	12.3049	13.2888
BLOCK17/SES173/SA173S24	SES180	-3.00456	10.2842	13.2888
BLOCK17/SES173/SA173S27	SES162	-3.87317	10.2441	14.1173
BLOCK17/SES173/SA173S27	SES177	-1.83286	12.2844	14.1173
BLOCK17/SES173/SA173S27	SES180	-2.19268	11.9246	14.1173
BLOCK17/SES173/SA173S27	SES292	-0.344343	13.773	14.1173
BLOCK17/SES173/SA173S29	SES162	-2.37827	11.7455	14.1237
BLOCK17/SES173/SA173S29	SES175	-1.39782	12.7259	14.1237
BLOCK17/SES173/SA173S29	SES177	-0.951833	13.1719	14.1237
BLOCK17/SES173/SA173S29	SES292	-1.80857	12.3152	14.1237
BLOCK18/SES182/SA182S10	SES144	-1.58189	12.6793	14.2612
BLOCK18/SES182/SA182S10	SES177	-1.50113	12.76	14.2612
BLOCK18/SES182/SA182S10	SES180	-2.80774	11.4534	14.2612
BLOCK18/SES182/SA182S10	SES275	-0.496439	13.7647	14.2612
BLOCK18/SES182/SA182S12	SES144	-0.581573	13.8121	14.3937
BLOCK18/SES182/SA182S12	SES177	-0.704311	13.6894	14.3937
BLOCK18/SES182/SA182S12	SES180	-1.28121	13.1125	14.3937
BLOCK18/SES182/SA182S12	SES275	-0.617554	13.7762	14.3937
BLOCK18/SES182/SA182S21	SES117	-1.49097	12.2405	13.7314
BLOCK18/SES182/SA182S21	SES144	-1.40046	12.331	13.7314
BLOCK18/SES182/SA182S21	SES162	-0.799491	12.932	13.7314
BLOCK18/SES182/SA182S21	SES180	-2.18719	11.5443	13.7314
BLOCK18/SES182/SA182S23	SES117	-1.14992	13.3317	14.4816
BLOCK18/SES182/SA182S23	SES144	-1.75099	12.7306	14.4816
BLOCK18/SES182/SA182S23	SES180	-2.05982	12.4218	14.4816
BLOCK18/SES182/SA182S23	SES275	-0.851068	13.6306	14.4816
BLOCK18/SES182/SA182S25	SES007	0.316851	14.4951	14.1783
BLOCK18/SES182/SA182S25	SES162	-0.504992	13.6733	14.1783
BLOCK18/SES182/SA182S25	SES177	-0.829571	13.3487	14.1783
BLOCK18/SES182/SA182S25	SES180	-1.77436	12.4039	14.1783
BLOCK18/SES184/SA184S12	SES177	-1.60714	13.0324	14.6396
BLOCK18/SES184/SA184S12	SES180	-1.49022	13.1494	14.6396
BLOCK18/SES184/SA184S12	SES189	-1.84753	12.7921	14.6396
BLOCK18/SES184/SA184S12	SES292	-1.59039	13.0492	14.6396
BLOCK18/SES184/SA184S13	SES101	-1.6008	12.8476	14.4484
BLOCK18/SES184/SA184S13	SES177	-1.70765	12.7407	14.4484
BLOCK18/SES184/SA184S13	SES180	-1.97313	12.4752	14.4484
BLOCK18/SES184/SA184S13	SES292	-2.02593	12.4225	14.4484
BLOCK18/SES184/SA184S22	SES177	-1.94238	14.2982	16.2406
BLOCK18/SES184/SA184S22	SES180	-1.93485	14.3058	16.2406
BLOCK18/SES184/SA184S22	SES189	-2.60206	13.6385	16.2406
BLOCK18/SES184/SA184S22	SES292	-1.95668	14.2839	16.2406
BLOCK18/SES184/SA184S25	SES101	-1.41786	15.065	16.4829
BLOCK18/SES184/SA184S25	SES177	-2.47431	14.0086	16.4829
BLOCK18/SES184/SA184S25	SES180	-1.9415	14.5414	16.4829
BLOCK18/SES184/SA184S25	SES292	-1.60538	14.8775	16.4829
BLOCK18/SES184/SA184S27	SES083	-1.38146	12.9039	14.2853
BLOCK18/SES184/SA184S27	SES177	-1.17469	13.1107	14.2853
BLOCK18/SES184/SA184S27	SES202	-1.45358	12.8318	14.2853
BLOCK18/SES184/SA184S27	SES292	-1.4965	12.7888	14.2853
BLOCK20/SES204/SA204S12	SES062	-1.20054	14.9418	16.1423
BLOCK20/SES204/SA204S12	SES083	-3.14192	13.0004	16.1423
BLOCK20/SES204/SA204S12	SES206	-1.67801	14.4643	16.1423
BLOCK20/SES204/SA204S12	SES226	-2.89339	13.2489	16.1423
BLOCK20/SES204/SA204S14	SES068	-1.38832	15.9986	17.387
BLOCK20/SES204/SA204S14	SES087	-0.548447	16.8385	17.387
BLOCK20/SES204/SA204S14	SES206	-2.19557	15.1914	17.387
BLOCK20/SES204/SA204S14	SES226	-3.27969	14.1073	17.387
BLOCK20/SES204/SA204S22	SES068	-1.86221	14.4032	16.2654
BLOCK20/SES204/SA204S22	SES082	-3.41345	12.8519	16.2654
BLOCK20/SES204/SA204S22	SES083	-3.70739	12.558	16.2654
BLOCK20/SES204/SA204S22	SES206	-2.18228	14.0831	16.2654
BLOCK20/SES204/SA204S25	SES062	-2.01348	14.3558	16.3692
BLOCK20/SES204/SA204S25	SES083	-3.01821	13.351	16.3692
BLOCK20/SES204/SA204S25	SES206	-1.29027	15.079	16.3692
BLOCK20/SES204/SA204S25	SES226	-2.8102	13.559	16.3692
BLOCK20/SES204/SA204S27	SES068	-1.89566	13.7989	15.6946
BLOCK20/SES204/SA204S27	SES082	-3.37035	12.3243	15.6946
BLOCK20/SES204/SA204S27	SES087	-1.46733	14.2273	15.6946
BLOCK20/SES204/SA204S27	SES206	-1.99716	13.6975	15.6946
BLOCK20/SES207/SA207S10	SES127	-1.87921	12.4665	14.3457
BLOCK20/SES207/SA207S10	SES183	-2.13585	12.2099	14.3457
BLOCK20/SES207/SA207S10	SES189	-1.93843	12.4073	14.3457
BLOCK20/SES207/SA207S10	SES292	-1.87475	12.471	14.3457
BLOCK20/SES207/SA207S11	SES127	-2.16586	11.252	13.4178
BLOCK20/SES207/SA207S11	SES183	-1.68543	11.7324	13.4178
BLOCK20/SES207/SA207S11	SES187	-2.07275	11.3451	13.4178
BLOCK20/SES207/SA207S11	SES292	-1.32506	12.0928	13.4178
BLOCK20/SES207/SA207S25	SES068	-1.91852	12.1099	14.0284
BLOCK20/SES207/SA207S25	SES083	-2.03369	11.9947	14.0284
BLOCK20/SES207/SA207S25	SES127	-1.04434	12.984	14.0284
BLOCK20/SES207/SA207S25	SES187	-1.26505	12.7633	14.0284
BLOCK20/SES207/SA207S27	SES127	-1.9949	10.804	12.7989
BLOCK20/SES207/SA207S27	SES183	-1.37801	11.4209	12.7989
BLOCK20/SES207/SA207S27	SES187	-1.98438	10.8146	12.7989
BLOCK20/SES207/SA207S27	SES292	-2.29432	10.5046	12.7989
BLOCK20/SES207/SA207S29	SES083	-2.08683	12.7617	14.8485
BLOCK20/SES207/SA207S29	SES085	-1.37615	13.4723	14.8485
BLOCK20/SES207/SA207S29	SES172	-1.37752	13.471	14.8485
BLOCK20/SES207/SA207S29	SES189	-2.38415	12.4643	14.8485
BLOCK22/SES221/SA221S12	SES068	-0.757227	14.7877	15.5449
BLOCK22/SES221/SA221S12	SES143	-1.18856	14.3563	15.5449
BLOCK22/SES221/SA221S12	SES175	-0.77776	14.7671	15.5449
BLOCK22/SES221/SA221S12	SES202	-1.32553	14.2194	15.5449
BLOCK22/SES221/SA221S15	SES085	-0.748484	13.3334	14.0819
BLOCK22/SES221/SA221S15	SES143	-2.15774	11.9241	14.0819
BLOCK22/SES221/SA221S15	SES175	-1.5484	12.5335	14.0819
BLOCK22/SES221/SA221S15	SES187	-1.91839	12.1635	14.0819
BLOCK22/SES221/SA221S23	SES068	-1.45705	13.4249	14.8819
BLOCK22/SES221/SA221S23	SES143	-1.65768	13.2242	14.8819
BLOCK22/SES221/SA221S23	SES175	-0.381958	14.5	14.8819
BLOCK22/SES221/SA221S23	SES189	-0.550056	14.3319	14.8819
BLOCK22/SES221/SA221S27	SES085	0.496143	15.7454	15.2493
BLOCK22/SES221/SA221S27	SES143	-1.47378	13.7755	15.2493
BLOCK22/SES221/SA221S27	SES175	-0.741059	14.5082	15.2493
BLOCK22/SES221/SA221S27	SES189	-0.158943	15.0904	15.2493
BLOCK22/SES221/SA221S29	SES085	-0.280519	13.849	14.1295
BLOCK22/SES221/SA221S29	SES143	-0.942704	13.1868	14.1295
BLOCK22/SES221/SA221S29	SES175	-0.833624	13.2959	14.1295
BLOCK22/SES221/SA221S29	SES187	-1.54425	12.5853	14.1295
BLOCK22/SES223/SA223S11	SES143	-1.01805	11.713	12.731
BLOCK22/SES223/SA223S11	SES144	-3.46879	9.26225	12.731
BLOCK22/SES223/SA223S11	SES175	-0.967703	11.7633	12.731
BLOCK22/SES223/SA223S11	SES187	-2.29157	10.4395	12.731
BLOCK22/SES223/SA223S13	SES068	-1.4941	11.2202	12.7143
BLOCK22/SES223/SA223S13	SES143	-2.32563	10.3886	12.7143
BLOCK22/SES223/SA223S13	SES146	-2.21131	10.503	12.7143
BLOCK22/SES223/SA223S13	SES202	-2.46183	10.2525	12.7143
BLOCK22/SES223/SA223S22	SES143	-0.999164	12.4779	13.4771
BLOCK22/SES223/SA223S22	SES144	-3.12239	10.3547	13.4771
BLOCK22/SES223/SA223S22	SES175	-1.18225	12.2949	13.4771
BLOCK22/SES223/SA223S22	SES187	-1.29662	12.1805	13.4771
BLOCK22/SES223/SA223S25	SES068	-1.26546	13.0161	14.2816
BLOCK22/SES223/SA223S25	SES143	-1.78453	12.4971	14.2816
BLOCK22/SES223/SA223S25	SES175	-1.33537	12.9462	14.2816
BLOCK22/SES223/SA223S25	SES187	-1.58897	12.6926	14.2816
BLOCK22/SES223/SA223S27	SES143	-1.27665	11.8153	13.092
BLOCK22/SES223/SA223S27	SES146	-1.83489	11.2571	13.092
BLOCK22/SES223/SA223S27	SES187	-2.12171	10.9703	13.092
BLOCK22/SES223/SA223S27	SES292	-1.06691	12.0251	13.092
BLOCK27/SES273/SA273S12	SES099	-0.624454	16.5747	17.1991
BLOCK27/SES273/SA273S12	SES104	-1.25631	15.9428	17.1991
BLOCK27/SES273/SA273S12	SES125	-1.6117	15.5874	17.1991
BLOCK27/SES273/SA273S12	SES206	-0.736252	16.4629	17.1991
BLOCK27/SES273/SA273S13	SES099	-0.957958	16.3708	17.3288
BLOCK27/SES273/SA273S13	SES104	-1.53609	15.7927	17.3288
BLOCK27/SES273/SA273S13	SES206	-1.07101	16.2578	17.3288
BLOCK27/SES273/SA273S13	SES292	-1.84865	15.4801	17.3288
BLOCK27/SES273/SA273S21	SES099	-0.202312	16.6752	16.8775
BLOCK27/SES273/SA273S21	SES148	-2.96161	13.9159	16.8775
BLOCK27/SES273/SA273S21	SES149	-1.93661	14.9409	16.8775
BLOCK27/SES273/SA273S21	SES177	-1.95256	14.9249	16.8775
BLOCK27/SES273/SA273S25	SES104	-1.55493	14.9256	16.4805
BLOCK27/SES273/SA273S25	SES125	-1.89048	14.59	16.4805
BLOCK27/SES273/SA273S25	SES158	-0.978896	15.5016	16.4805
BLOCK27/SES273/SA273S25	SES206	-0.59989	15.8806	16.4805
BLOCK27/SES273/SA273S27	SES099	-0.768931	15.5185	16.2874
BLOCK27/SES273/SA273S27	SES104	-1.49951	14.7879	16.2874
BLOCK27/SES273/SA273S27	SES149	-1.34399	14.9434	16.2874
BLOCK27/SES273/SA273S27	SES275	-1.72107	14.5663	16.2874
BLOCK27/SES274/SA274S10	SES105	-2.10477	13.6151	15.7198
BLOCK27/SES274/SA274S10	SES125	-2.75914	12.9607	15.7198
BLOCK27/SES274/SA274S10	SES129	-0.958507	14.7613	15.7198
BLOCK27/SES274/SA274S10	SES158	-3.63894	12.0809	15.7198
BLOCK27/SES274/SA274S11	SES105	-1.36605	14.6858	16.0519
BLOCK27/SES274/SA274S11	SES149	-2.64436	13.4075	16.0519
BLOCK27/SES274/SA274S11	SES158	-2.74608	13.3058	16.0519
BLOCK27/SES274/SA274S11	SES275	-1.04049	15.0114	16.0519
BLOCK27/SES274/SA274S21	SES105	-2.08707	13.4759	15.5629
BLOCK27/SES274/SA274S21	SES129	-0.707154	14.8558	15.5629
BLOCK27/SES274/SA274S21	SES149	-1.83057	13.7324	15.5629
BLOCK27/SES274/SA274S21	SES158	-4.50214	11.0608	15.5629
BLOCK27/SES274/SA274S24	SES105	-1.72577	14.9227	16.6485
BLOCK27/SES274/SA274S24	SES129	-0.731344	15.9171	16.6485
BLOCK27/SES274/SA274S24	SES149	-2.2796	14.3689	16.6485
BLOCK27/SES274/SA274S24	SES158	-4.75693	11.8915	16.6485
BLOCK27/SES274/SA274S29	SES105	-2.28922	13.151	15.4403
BLOCK27/SES274/SA274S29	SES106	-3.8856	11.5547	15.4403
BLOCK27/SES274/SA274S29	SES120	-1.75549	13.6848	15.4403
BLOCK27/SES274/SA274S29	SES275	-1.53638	13.9039	15.4403
BLOCK27/SES276/SA276S16	SES148	-2.18048	12.5427	14.7232
BLOCK27/SES276/SA276S16	SES172	-1.5745	13.1487	14.7232
BLOCK27/SES276/SA276S16	SES180	-2.50094	12.2223	14.7232
BLOCK27/SES276/SA276S16	SES292	-1.49423	13.229	14.7232
BLOCK27/SES276/SA276S17	SES101	-0.985918	14.2034	15.1893
BLOCK27/SES276/SA276S17	SES177	-1.84181	13.3475	15.1893
BLOCK27/SES276/SA276S17	SES180	-1.56712	13.6222	15.1893
BLOCK27/SES276/SA276S17	SES292	-1.5013	13.688	15.1893
BLOCK27/SES276/SA276S24	SES101	-0.879157	14.9699	15.849
BLOCK27/SES276/SA276S24	SES177	-1.12383	14.7252	15.849
BLOCK27/SES276/SA276S24	SES180	-1.94245	13.9066	15.849
BLOCK27/SES276/SA276S24	SES292	-2.38645	13.4626	15.849
BLOCK27/SES276/SA276S26	SES101	-1.95953	14.4008	16.3603
BLOCK27/SES276/SA276S26	SES177	-0.93865	15.4216	16.3603
BLOCK27/SES276/SA276S26	SES180	-0.33075	16.0295	16.3603
BLOCK27/SES276/SA276S26	SES292	-0.269857	16.0904	16.3603
BLOCK27/SES276/SA276S28	SES101	-1.43252	14.2435	15.676
BLOCK27/SES276/SA276S28	SES177	-1.92983	13.7462	15.676
BLOCK27/SES276/SA276S28	SES180	-0.696038	14.98	15.676
BLOCK27/SES276/SA276S28	SES292	-1.40681	14.2692	15.676
BLOCK27/SES277/SA277S12	SES101	-1.21718	12.2204	13.4375
BLOCK27/SES277/SA277S12	SES177	-2.17533	11.2622	13.4375
BLOCK27/SES277/SA277S12	SES180	-2.72727	10.7103	13.4375
BLOCK27/SES277/SA277S12	SES292	-2.94954	10.488	13.4375
BLOCK27/SES277/SA277S14	SES177	-1.35688	11.6129	12.9698
BLOCK27/SES277/SA277S14	SES180	-2.43725	10.5325	12.9698
BLOCK27/SES277/SA277S14	SES189	-0.666181	12.3036	12.9698
BLOCK27/SES277/SA277S14	SES292	-2.5563	10.4135	12.9698
BLOCK27/SES277/SA277S21	SES177	-0.851327	13.7903	14.6416
BLOCK27/SES277/SA277S21	SES180	-2.18512	12.4565	14.6416
BLOCK27/SES277/SA277S21	SES189	-0.8316	13.81	14.6416
BLOCK27/SES277/SA277S21	SES292	-2.28342	12.3582	14.6416
BLOCK27/SES277/SA277S24	SES144	-1.57045	11.1894	12.7598
BLOCK27/SES277/SA277S24	SES177	-1.10421	11.6556	12.7598
BLOCK27/SES277/SA277S24	SES180	-2.59078	10.169	12.7598
BLOCK27/SES277/SA277S24	SES189	-0.870156	11.8896	12.7598
BLOCK27/SES277/SA277S29	SES177	-1.41116	14.2025	15.6136
BLOCK27/SES277/SA277S29	SES180	-2.50945	13.1042	15.6136
BLOCK27/SES277/SA277S29	SES202	-1.85038	13.7632	15.6136
BLOCK27/SES277/SA277S29	SES292	-2.3334	13.2802	15.6136
BLOCK27/SES279/SA279S09	SES120	-2.11917	13.2626	15.3818
BLOCK27/SES279/SA279S09	SES146	-1.85937	13.5224	15.3818
BLOCK27/SES279/SA279S09	SES206	-1.69652	13.6853	15.3818
BLOCK27/SES279/SA279S09	SES226	-2.98528	12.3965	15.3818
BLOCK27/SES279/SA279S10	SES099	-0.648417	15.0774	15.7258
BLOCK27/SES279/SA279S10	SES206	-1.07543	14.6504	15.7258
BLOCK27/SES279/SA279S10	SES226	-2.63513	13.0907	15.7258
BLOCK27/SES279/SA279S10	SES292	-0.815248	14.9106	15.7258
BLOCK27/SES279/SA279S20	SES099	-2.14296	13.5248	15.6677
BLOCK27/SES279/SA279S20	SES206	-0.671225	14.9965	15.6677
BLOCK27/SES279/SA279S20	SES226	-2.67278	12.995	15.6677
BLOCK27/SES279/SA279S20	SES292	-0.861675	14.8061	15.6677
BLOCK27/SES279/SA279S26	SES099	-1.09658	14.3242	15.4208
BLOCK27/SES279/SA279S26	SES206	-0.485179	14.9356	15.4208
BLOCK27/SES279/SA279S26	SES226	-2.69267	12.7281	15.4208
BLOCK27/SES279/SA279S26	SES292	-0.349872	15.0709	15.4208
BLOCK27/SES279/SA279S28	SES099	-1.21912	15.8543	17.0734
BLOCK27/SES279/SA279S28	SES120	-1.44462	15.6288	17.0734
BLOCK27/SES279/SA279S28	SES177	-1.88314	15.1902	17.0734
BLOCK27/SES279/SA279S28	SES206	-1.26518	15.8082	17.0734
BLOCK29/SES290/SA290S12	SES162	-0.932158	13.8674	14.7996
BLOCK29/SES290/SA290S12	SES177	-0.712913	14.0866	14.7996
BLOCK29/SES290/SA290S12	SES180	-1.90302	12.8965	14.7996
BLOCK29/SES290/SA290S12	SES292	-1.64211	13.1574	14.7996
BLOCK29/SES290/SA290S13	SES007	-0.761257	14.0616	14.8229
BLOCK29/SES290/SA290S13	SES162	-2.29143	12.5315	14.8229
BLOCK29/SES290/SA290S13	SES177	-0.543789	14.2791	14.8229
BLOCK29/SES290/SA290S13	SES180	-1.39397	13.4289	14.8229
BLOCK29/SES290/SA290S22	SES177	-0.677835	13.4798	14.1577
BLOCK29/SES290/SA290S22	SES180	-1.53386	12.6238	14.1577
BLOCK29/SES290/SA290S22	SES202	-1.40473	12.7529	14.1577
BLOCK29/SES290/SA290S22	SES292	-1.36139	12.7963	14.1577
BLOCK29/SES290/SA290S25	SES162	-1.06959	14.4483	15.5178
BLOCK29/SES290/SA290S25	SES177	-0.913403	14.6044	15.5178
BLOCK29/SES290/SA290S25	SES180	-1.33013	14.1877	15.5178
BLOCK29/SES290/SA290S25	SES292	-1.16542	14.3524	15.5178
BLOCK29/SES290/SA290S29	SES177	-0.517587	14.0952	14.6128
BLOCK29/SES290/SA290S29	SES180	-0.851488	13.7613	14.6128
BLOCK29/SES290/SA290S29	SES275	-1.34534	13.2674	14.6128
BLOCK29/SES290/SA290S29	SES292	-0.999024	13.6138	14.6128
BLOCK29/SES291/SA291S11	SES105	-3.02396	10.8006	13.8246
BLOCK29/SES291/SA291S11	SES125	-1.39602	12.4286	13.8246
BLOCK29/SES291/SA291S11	SES158	-1.15942	12.6652	13.8246
BLOCK29/SES291/SA291S11	SES275	-2.51058	11.314	13.8246
BLOCK29/SES291/SA291S12	SES158	-0.0630789	14.2273	14.2904
BLOCK29/SES291/SA291S12	SES226	-2.55522	11.7352	14.2904
BLOCK29/SES291/SA291S12	SES270	0.367319	14.6577	14.2904
BLOCK29/SES291/SA291S12	SES275	-3.84363	10.4468	14.2904
BLOCK29/SES291/SA291S22	SES082	-1.52324	13.4048	14.9281
BLOCK29/SES291/SA291S22	SES158	-1.51788	13.4102	14.9281
BLOCK29/SES291/SA291S22	SES259	-2.20821	12.7198	14.9281
BLOCK29/SES291/SA291S22	SES275	-3.21605	11.712	14.9281
BLOCK29/SES291/SA291S24	SES104	-0.00383568	16.0304	16.0342
BLOCK29/SES291/SA291S24	SES125	-1.063	14.9712	16.0342
BLOCK29/SES291/SA291S24	SES158	-0.514825	15.5194	16.0342
BLOCK29/SES291/SA291S24	SES275	-3.06514	12.9691	16.0342
BLOCK29/SES291/SA291S27	SES158	-0.0185556	15.4435	15.4621
BLOCK29/SES291/SA291S27	SES172	-4.38021	11.0819	15.4621
BLOCK29/SES291/SA291S27	SES275	-3.61359	11.8485	15.4621
BLOCK29/SES291/SA291S27	SES292	-2.08339	13.3787	15.4621
Threshold search:
THR	-5.01799934965	9	0(0)	1(1000)
THR	-4.9245027561535	8.991	0(0)	0.999(999)
THR	-4.831006162657	8.982	0(0)	0.998(998)
THR	-4.7375095691605	8.973	0(0)	0.997(997)
THR	-4.644012975664	8.964	0(0)	0.996(996)
THR	-4.5505163821675	8.964	0(0)	0.996(996)
THR	-4.457019788671	8.937	0(0)	0.993(993)
THR	-4.3635231951745	8.91	0(0)	0.99(990)
THR	-4.270026601678	8.91	0(0)	0.99(990)
THR	-4.1765300081815	8.91	0(0)	0.99(990)
THR	-4.083033414685	8.901	0(0)	0.989(989)
THR	-3.9895368211885	8.901	0(0)	0.989(989)
THR	-3.896040227692	8.901	0(0)	0.989(989)
THR	-3.8025436341955	8.847	0(0)	0.983(983)
THR	-3.709047040699	8.82	0(0)	0.98(980)
THR	-3.6155504472025	8.775	0(0)	0.975(975)
THR	-3.522053853706	8.721	0(0)	0.969(969)
THR	-3.4285572602095	8.658	0(0)	0.962(962)
THR	-3.335060666713	8.586	0(0)	0.954(954)
THR	-3.2415640732165	8.523	0(0)	0.947(947)
THR	-3.14806747972	8.46	0(0)	0.94(940)
THR	-3.0545708862235	8.415	0(0)	0.935(935)
THR	-2.961074292727	8.271	0(0)	0.919(919)
THR	-2.8675776992305	8.154	0(0)	0.906(906)
THR	-2.774081105734	7.983	0(0)	0.887(887)
THR	-2.6805845122375	7.83	0(0)	0.87(870)
THR	-2.587087918741	7.623	0(0)	0.847(847)
THR	-2.4935913252445	7.425	0(0)	0.825(825)
THR	-2.400094731748	7.218	0(0)	0.802(802)
THR	-2.3065981382515	6.984	0(0)	0.776(776)
THR	-2.213101544755	6.66	0(0)	0.74(740)
THR	-2.1196049512585	6.273	0(0)	0.697(697)
THR	-2.026108357762	5.949	0(0)	0.661(661)
THR	-1.9326117642655	5.508	0(0)	0.612(612)
THR	-1.839115170769	5.085	0(0)	0.565(565)
THR	-1.7456185772725	4.689	0(0)	0.521(521)
THR	-1.652121983776	4.356	0(0)	0.484(484)
THR	-1.5586253902795	3.96	0(0)	0.44(440)
THR	-1.465128796783	3.555	0(0)	0.395(395)
THR	-1.3716322032865	3.15	0(0)	0.35(350)
THR	-1.27813560979	2.781	0(0)	0.309(309)
THR	-1.1846390162935	2.421	0(0)	0.269(269)
THR	-1.091142422797	2.097	0(0)	0.233(233)
THR	-0.997645829300501	1.701	0(0)	0.189(189)
THR	-0.904149235804002	1.449	0(0)	0.161(161)
THR	-0.810652642307502	1.242	0(0)	0.138(138)
THR	-0.717156048811002	0.999	0(0)	0.111(111)
THR	-0.623659455314502	0.747	0(0)	0.083(83)
THR	-0.530162861818002	0.54	0(0)	0.06(60)
THR	-0.436666268321502	0.396	0(0)	0.044(44)
THR	-0.343169674825002	0.306	0(0)	0.034(34)
THR	-0.249673081328502	0.225	0(0)	0.025(25)
THR	-0.156176487832002	0.162	0(0)	0.018(18)
THR	-0.0626798943355015	0.112	0.004(1)	0.012(12)
THR	0.0308166991609985	0.076	0.004(1)	0.008(8)
THR	0.124313292657498	0.07	0.016(4)	0.006(6)
THR	0.217809886153998	0.06	0.024(6)	0.004(4)
THR	0.311306479650499	0.06	0.024(6)	0.004(4)
THR	0.404803073146999	0.062	0.044(11)	0.002(2)
THR	0.498299666643499	0.073	0.064(16)	0.001(1)
THR	0.591796260139999	0.101	0.092(23)	0.001(1)
THR	0.685292853636499	0.125	0.116(29)	0.001(1)
THR	0.778789447132998	0.165	0.156(39)	0.001(1)
THR	0.872286040629498	0.2	0.2(50)	0(0)
THR	0.965782634125998	0.236	0.236(59)	0(0)
THR	1.0592792276225	0.272	0.272(68)	0(0)
THR	1.152775821119	0.3	0.3(75)	0(0)
THR	1.2462724146155	0.332	0.332(83)	0(0)
THR	1.339769008112	0.38	0.38(95)	0(0)
THR	1.4332656016085	0.432	0.432(108)	0(0)
THR	1.526762195105	0.48	0.48(120)	0(0)
THR	1.6202587886015	0.512	0.512(128)	0(0)
THR	1.713755382098	0.56	0.56(140)	0(0)
THR	1.8072519755945	0.608	0.608(152)	0(0)
THR	1.900748569091	0.664	0.664(166)	0(0)
THR	1.9942451625875	0.708	0.708(177)	0(0)
THR	2.087741756084	0.744	0.744(186)	0(0)
THR	2.1812383495805	0.784	0.784(196)	0(0)
THR	2.274734943077	0.812	0.812(203)	0(0)
THR	2.3682315365735	0.844	0.844(211)	0(0)
THR	2.46172813007	0.868	0.868(217)	0(0)
THR	2.5552247235665	0.9	0.9(225)	0(0)
THR	2.648721317063	0.9	0.9(225)	0(0)
THR	2.7422179105595	0.912	0.912(228)	0(0)
THR	2.835714504056	0.924	0.924(231)	0(0)
THR	2.9292110975525	0.932	0.932(233)	0(0)
THR	3.022707691049	0.948	0.948(237)	0(0)
THR	3.1162042845455	0.952	0.952(238)	0(0)
THR	3.209700878042	0.96	0.96(240)	0(0)
THR	3.3031974715385	0.96	0.96(240)	0(0)
THR	3.396694065035	0.968	0.968(242)	0(0)
THR	3.4901906585315	0.972	0.972(243)	0(0)
THR	3.583687252028	0.98	0.98(245)	0(0)
THR	3.6771838455245	0.984	0.984(246)	0(0)
THR	3.770680439021	0.988	0.988(247)	0(0)
THR	3.8641770325175	0.992	0.992(248)	0(0)
THR	3.957673626014	0.992	0.992(248)	0(0)
THR	4.0511702195105	0.992	0.992(248)	0(0)
THR	4.144666813007	0.996	0.996(249)	0(0)
THR	4.2381634065035	0.996	0.996(249)	0(0)
THR	4.33166	0.996	0.996(249)	0(0)
THR	4.4251565934965	1	1(250)	0(0)


==============================================
THR: 0.217809886153998
Missed:     6/250=0.0240
FalseAlarm: 4/1000=0.0040
----------------------------------------------
==> CostDetection: 6.0
==============================================
