BLOCK00/SES002/SA002S12	SES002	1.27233	-60.6937	-61.966
BLOCK00/SES002/SA002S13	SES002	1.82948	-60.5715	-62.401
BLOCK00/SES002/SA002S23	SES002	1.60798	-60.4465	-62.0545
BLOCK00/SES002/SA002S26	SES002	1.75243	-60.1842	-61.9366
BLOCK00/SES002/SA002S28	SES002	1.2876	-61.6514	-62.939
BLOCK00/SES007/SA007S14	SES007	1.45945	-60.6837	-62.1431
BLOCK00/SES007/SA007S15	SES007	0.874729	-62.4086	-63.2834
BLOCK00/SES007/SA007S24	SES007	1.01376	-62.0188	-63.0326
BLOCK00/SES007/SA007S27	SES007	0.850262	-62.3625	-63.2128
BLOCK00/SES007/SA007S29	SES007	0.66843	-61.6591	-62.3275
BLOCK00/SES008/SA008S11	SES008	1.24744	-62.4177	-63.6652
BLOCK00/SES008/SA008S12	SES008	0.99902	-62.2526	-63.2516
BLOCK00/SES008/SA008S19	SES008	1.5229	-61.4796	-63.0025
BLOCK00/SES008/SA008S22	SES008	1.41919	-62.4246	-63.8438
BLOCK00/SES008/SA008S29	SES008	1.51102	-60.9429	-62.454
BLOCK01/SES014/SA014S10	SES014	2.00626	-61.3508	-63.3571
BLOCK01/SES014/SA014S12	SES014	3.04695	-58.4963	-61.5432
BLOCK01/SES014/SA014S24	SES014	1.3225	-60.6985	-62.021
BLOCK01/SES014/SA014S26	SES014	2.41155	-58.2651	-60.6767
BLOCK01/SES014/SA014S28	SES014	2.79593	-58.5973	-61.3932
BLOCK01/SES016/SA016S12	SES016	1.59144	-64.1316	-65.723
BLOCK01/SES016/SA016S13	SES016	1.49012	-62.7816	-64.2717
BLOCK01/SES016/SA016S22	SES016	1.17126	-63.0147	-64.1859
BLOCK01/SES016/SA016S25	SES016	1.41102	-60.8675	-62.2786
BLOCK01/SES016/SA016S27	SES016	1.58894	-60.576	-62.1649
BLOCK01/SES019/SA019S13	SES019	2.99623	-61.4521	-64.4484
BLOCK01/SES019/SA019S14	SES019	2.21001	-61.2491	-63.4591
BLOCK01/SES019/SA019S22	SES019	2.64977	-61.2798	-63.9296
BLOCK01/SES019/SA019S25	SES019	2.29134	-61.5962	-63.8875
BLOCK01/SES019/SA019S29	SES019	3.39684	-60.7286	-64.1254
BLOCK02/SES029/SA029S11	SES029	1.09186	-62.1734	-63.2653
BLOCK02/SES029/SA029S12	SES029	0.495171	-62.1881	-62.6833
BLOCK02/SES029/SA029S20	SES029	0.634567	-62.9435	-63.578
BLOCK02/SES029/SA029S25	SES029	0.843414	-61.9516	-62.795
BLOCK02/SES029/SA029S28	SES029	0.587452	-62.4409	-63.0283
BLOCK04/SES042/SA042S12	SES042	2.37466	-59.3771	-61.7517
BLOCK04/SES042/SA042S15	SES042	2.07861	-60.265	-62.3436
BLOCK04/SES042/SA042S22	SES042	3.21368	-57.6038	-60.8175
BLOCK04/SES042/SA042S25	SES042	2.32116	-60.5077	-62.8289
BLOCK04/SES042/SA042S27	SES042	2.11583	-58.8983	-61.0142
BLOCK04/SES048/SA048S11	SES048	1.25354	-60.9792	-62.2328
BLOCK04/SES048/SA048S12	SES048	1.15635	-61.1182	-62.2745
BLOCK04/SES048/SA048S20	SES048	0.794762	-61.0498	-61.8445
BLOCK04/SES048/SA048S23	SES048	1.5483	-61.2125	-62.7608
BLOCK04/SES048/SA048S27	SES048	1.28545	-60.2774	-61.5628
BLOCK06/SES060/SA060S11	SES060	1.82463	-61.8704	-63.6951
BLOCK06/SES060/SA060S12	SES060	0.00641251	-63.6198	-63.6262
BLOCK06/SES060/SA060S22	SES060	0.309395	-64.1066	-64.416
BLOCK06/SES060/SA060S24	SES060	1.14906	-61.5767	-62.7257
BLOCK06/SES060/SA060S28	SES060	1.22562	-59.752	-60.9776
BLOCK06/SES062/SA062S10	SES062	1.0594	-61.7454	-62.8048
BLOCK06/SES062/SA062S11	SES062	1.5359	-61.8153	-63.3512
BLOCK06/SES062/SA062S21	SES062	2.28095	-58.4535	-60.7344
BLOCK06/SES062/SA062S26	SES062	0.729412	-61.0835	-61.8129
BLOCK06/SES062/SA062S29	SES062	1.36164	-60.3636	-61.7253
BLOCK06/SES068/SA068S14	SES068	1.07045	-61.8551	-62.9256
BLOCK06/SES068/SA068S15	SES068	1.31971	-60.7958	-62.1155
BLOCK06/SES068/SA068S23	SES068	0.959137	-62.4543	-63.4135
BLOCK06/SES068/SA068S27	SES068	1.89961	-60.6339	-62.5335
BLOCK06/SES068/SA068S29	SES068	1.14459	-61.2551	-62.3997
BLOCK08/SES082/SA082S12	SES082	0.904957	-62.0298	-62.9347
BLOCK08/SES082/SA082S14	SES082	0.635002	-62.8614	-63.4964
BLOCK08/SES082/SA082S21	SES082	0.92614	-62.0257	-62.9518
BLOCK08/SES082/SA082S24	SES082	1.17358	-61.0981	-62.2717
BLOCK08/SES082/SA082S28	SES082	0.811928	-61.9059	-62.7178
BLOCK08/SES083/SA083S14	SES083	0.176758	-62.6808	-62.8576
BLOCK08/SES083/SA083S15	SES083	0.427738	-62.162	-62.5898
BLOCK08/SES083/SA083S24	SES083	0.586678	-62.1974	-62.7841
BLOCK08/SES083/SA083S26	SES083	0.858215	-62.1767	-63.0349
BLOCK08/SES083/SA083S29	SES083	0.37608	-62.1648	-62.5409
BLOCK08/SES085/SA085S10	SES085	0.74052	-61.8697	-62.6102
BLOCK08/SES085/SA085S13	SES085	0.923439	-63.0377	-63.9611
BLOCK08/SES085/SA085S22	SES085	-1.0568	-64.1459	-63.0891
BLOCK08/SES085/SA085S26	SES085	0.327034	-62.5136	-62.8406
BLOCK08/SES085/SA085S28	SES085	1.03957	-61.8949	-62.9345
BLOCK08/SES087/SA087S15	SES087	1.71512	-61.162	-62.8771
BLOCK08/SES087/SA087S16	SES087	1.65158	-61.3774	-63.029
BLOCK08/SES087/SA087S24	SES087	1.56883	-60.571	-62.1398
BLOCK08/SES087/SA087S26	SES087	1.59748	-59.849	-61.4465
BLOCK08/SES087/SA087S29	SES087	1.8574	-60.9991	-62.8565
BLOCK09/SES099/SA099S15	SES099	1.34836	-62.0268	-63.3751
BLOCK09/SES099/SA099S16	SES099	1.2352	-61.532	-62.7672
BLOCK09/SES099/SA099S24	SES099	1.37178	-61.5305	-62.9023
BLOCK09/SES099/SA099S26	SES099	1.47601	-61.2818	-62.7578
BLOCK09/SES099/SA099S29	SES099	1.60211	-61.1824	-62.7845
BLOCK10/SES101/SA101S11	SES101	0.0806046	-62.1704	-62.251
BLOCK10/SES101/SA101S13	SES101	1.26527	-60.6483	-61.9136
BLOCK10/SES101/SA101S22	SES101	0.8284	-62.7952	-63.6236
BLOCK10/SES101/SA101S24	SES101	1.45991	-61.3271	-62.787
BLOCK10/SES101/SA101S28	SES101	0.372814	-63.4107	-63.7835
BLOCK10/SES104/SA104S11	SES104	1.30556	-60.059	-61.3646
BLOCK10/SES104/SA104S12	SES104	1.46415	-60.5082	-61.9723
BLOCK10/SES104/SA104S21	SES104	1.43249	-60.7837	-62.2162
BLOCK10/SES104/SA104S24	SES104	1.24629	-61.092	-62.3383
BLOCK10/SES104/SA104S28	SES104	1.51817	-60.2588	-61.777
BLOCK10/SES105/SA105S12	SES105	0.850159	-62.9456	-63.7958
BLOCK10/SES105/SA105S13	SES105	0.966942	-62.3172	-63.2842
BLOCK10/SES105/SA105S22	SES105	0.595177	-63.2894	-63.8846
BLOCK10/SES105/SA105S26	SES105	1.20718	-62.5684	-63.7756
BLOCK10/SES105/SA105S29	SES105	0.706421	-62.8446	-63.551
BLOCK10/SES106/SA106S09	SES106	1.36946	-61.9278	-63.2973
BLOCK10/SES106/SA106S11	SES106	1.55042	-60.5445	-62.095
BLOCK10/SES106/SA106S22	SES106	2.98524	-60.6997	-63.685
BLOCK10/SES106/SA106S27	SES106	1.50819	-61.6716	-63.1798
BLOCK10/SES106/SA106S29	SES106	1.03957	-61.6953	-62.7349
BLOCK11/SES117/SA117S12	SES117	0.535873	-63.5543	-64.0902
BLOCK11/SES117/SA117S13	SES117	0.323753	-63.0319	-63.3556
BLOCK11/SES117/SA117S23	SES117	1.41036	-64.2747	-65.685
BLOCK11/SES117/SA117S25	SES117	1.1415	-63.3716	-64.5131
BLOCK11/SES117/SA117S28	SES117	1.21586	-63.9623	-65.1781
BLOCK12/SES120/SA120S08	SES120	1.23814	-63.3525	-64.5906
BLOCK12/SES120/SA120S11	SES120	0.803185	-64.4866	-65.2897
BLOCK12/SES120/SA120S22	SES120	0.605206	-62.4829	-63.0881
BLOCK12/SES120/SA120S24	SES120	0.536133	-62.8908	-63.4269
BLOCK12/SES120/SA120S28	SES120	0.890228	-64.1278	-65.0181
BLOCK12/SES125/SA125S13	SES125	2.21987	-60.0642	-62.2841
BLOCK12/SES125/SA125S14	SES125	1.2699	-61.2473	-62.5172
BLOCK12/SES125/SA125S25	SES125	1.85556	-60.5629	-62.4184
BLOCK12/SES125/SA125S27	SES125	1.75672	-59.702	-61.4588
BLOCK12/SES125/SA125S29	SES125	1.70715	-60.7431	-62.4503
BLOCK12/SES127/SA127S11	SES127	0.856052	-62.4546	-63.3107
BLOCK12/SES127/SA127S12	SES127	0.32164	-62.2695	-62.5911
BLOCK12/SES127/SA127S23	SES127	0.940865	-62.1376	-63.0784
BLOCK12/SES127/SA127S25	SES127	0.503548	-62.4157	-62.9193
BLOCK12/SES127/SA127S27	SES127	1.14929	-61.9328	-63.082
BLOCK12/SES129/SA129S11	SES129	1.57404	-61.2323	-62.8063
BLOCK12/SES129/SA129S12	SES129	1.8402	-60.6303	-62.4705
BLOCK12/SES129/SA129S22	SES129	1.32883	-61.5226	-62.8514
BLOCK12/SES129/SA129S27	SES129	1.61847	-60.965	-62.5834
BLOCK12/SES129/SA129S29	SES129	1.9962	-60.391	-62.3872
BLOCK14/SES142/SA142S11	SES142	2.28331	-62.6147	-64.898
BLOCK14/SES142/SA142S12	SES142	1.46914	-63.5868	-65.0559
BLOCK14/SES142/SA142S24	SES142	2.34001	-62.1569	-64.497
BLOCK14/SES142/SA142S27	SES142	2.57113	-62.1027	-64.6738
BLOCK14/SES142/SA142S29	SES142	2.90192	-61.611	-64.5129
BLOCK14/SES143/SA143S12	SES143	0.921791	-63.2248	-64.1466
BLOCK14/SES143/SA143S13	SES143	0.846436	-63.2916	-64.138
BLOCK14/SES143/SA143S23	SES143	1.37507	-63.0193	-64.3944
BLOCK14/SES143/SA143S25	SES143	0.92836	-62.9753	-63.9036
BLOCK14/SES143/SA143S28	SES143	0.828629	-62.6306	-63.4593
BLOCK14/SES144/SA144S09	SES144	0.928959	-62.5682	-63.4971
BLOCK14/SES144/SA144S11	SES144	1.29241	-63.2115	-64.504
BLOCK14/SES144/SA144S21	SES144	0.303967	-63.2803	-63.5843
BLOCK14/SES144/SA144S25	SES144	0.812824	-63.2241	-64.0369
BLOCK14/SES144/SA144S29	SES144	0.122246	-63.1268	-63.249
BLOCK14/SES146/SA146S14	SES146	0.977074	-63.1648	-64.1419
BLOCK14/SES146/SA146S15	SES146	0.682957	-63.2383	-63.9212
BLOCK14/SES146/SA146S24	SES146	0.825626	-62.9011	-63.7267
BLOCK14/SES146/SA146S26	SES146	1.13704	-63.1911	-64.3281
BLOCK14/SES146/SA146S29	SES146	0.664661	-63.7898	-64.4545
BLOCK14/SES147/SA147S11	SES147	1.17422	-63.5048	-64.6791
BLOCK14/SES147/SA147S13	SES147	1.87162	-61.7745	-63.6461
BLOCK14/SES147/SA147S23	SES147	1.33313	-62.8717	-64.2049
BLOCK14/SES147/SA147S26	SES147	1.10255	-62.9754	-64.0779
BLOCK14/SES147/SA147S28	SES147	1.16683	-62.0978	-63.2646
BLOCK14/SES148/SA148S10	SES148	1.2747	-61.8167	-63.0914
BLOCK14/SES148/SA148S12	SES148	0.688141	-62.9896	-63.6778
BLOCK14/SES148/SA148S22	SES148	1.39936	-61.1261	-62.5254
BLOCK14/SES148/SA148S26	SES148	1.03981	-61.9203	-62.9601
BLOCK14/SES148/SA148S29	SES148	0.643288	-62.7421	-63.3853
BLOCK14/SES149/SA149S13	SES149	0.519012	-61.9594	-62.4784
BLOCK14/SES149/SA149S14	SES149	0.770767	-61.5321	-62.3029
BLOCK14/SES149/SA149S24	SES149	1.62113	-61.2223	-62.8434
BLOCK14/SES149/SA149S26	SES149	1.77764	-60.6468	-62.4245
BLOCK14/SES149/SA149S28	SES149	2.41267	-59.7933	-62.2059
BLOCK15/SES158/SA158S13	SES158	1.49178	-61.8362	-63.328
BLOCK15/SES158/SA158S14	SES158	2.3061	-61.4173	-63.7234
BLOCK15/SES158/SA158S23	SES158	1.23989	-61.623	-62.8629
BLOCK15/SES158/SA158S26	SES158	2.01975	-61.5982	-63.618
BLOCK15/SES158/SA158S28	SES158	1.47577	-61.7749	-63.2507
BLOCK16/SES162/SA162S10	SES162	1.28096	-63.5611	-64.842
BLOCK16/SES162/SA162S11	SES162	1.19027	-62.6148	-63.8051
BLOCK16/SES162/SA162S21	SES162	1.61089	-62.6635	-64.2744
BLOCK16/SES162/SA162S24	SES162	1.48481	-62.8061	-64.2909
BLOCK16/SES162/SA162S27	SES162	1.85744	-62.9795	-64.837
BLOCK16/SES167/SA167S14	SES167	1.08958	-61.5718	-62.6614
BLOCK16/SES167/SA167S15	SES167	1.17268	-62.978	-64.1506
BLOCK16/SES167/SA167S21	SES167	1.42826	-61.6422	-63.0705
BLOCK16/SES167/SA167S25	SES167	1.89387	-62.1103	-64.0042
BLOCK16/SES167/SA167S29	SES167	2.12141	-60.7041	-62.8256
BLOCK17/SES172/SA172S12	SES172	1.97701	-62.067	-64.044
BLOCK17/SES172/SA172S13	SES172	1.80521	-63.1275	-64.9327
BLOCK17/SES172/SA172S23	SES172	0.884945	-61.858	-62.743
BLOCK17/SES172/SA172S27	SES172	1.13298	-62.3263	-63.4592
BLOCK17/SES172/SA172S29	SES172	1.90612	-62.0091	-63.9153
BLOCK17/SES175/SA175S11	SES175	1.29598	-62.3044	-63.6004
BLOCK17/SES175/SA175S13	SES175	1.12837	-62.1297	-63.2581
BLOCK17/SES175/SA175S23	SES175	1.87102	-61.8041	-63.6751
BLOCK17/SES175/SA175S25	SES175	0.699875	-64.0783	-64.7782
BLOCK17/SES175/SA175S28	SES175	1.23852	-61.9787	-63.2172
BLOCK17/SES177/SA177S15	SES177	0.65781	-62.7762	-63.434
BLOCK17/SES177/SA177S17	SES177	0.718983	-62.4663	-63.1853
BLOCK17/SES177/SA177S23	SES177	0.450787	-63.0056	-63.4564
BLOCK17/SES177/SA177S26	SES177	0.799931	-60.8014	-61.6014
BLOCK17/SES177/SA177S28	SES177	0.959595	-61.6349	-62.5945
BLOCK18/SES180/SA180S13	SES180	0.946045	-62.4329	-63.379
BLOCK18/SES180/SA180S15	SES180	0.990616	-62.8668	-63.8574
BLOCK18/SES180/SA180S24	SES180	0.836567	-61.6744	-62.511
BLOCK18/SES180/SA180S26	SES180	1.19283	-61.8664	-63.0592
BLOCK18/SES180/SA180S29	SES180	1.16407	-62.8948	-64.0589
BLOCK18/SES183/SA183S13	SES183	1.22464	-63.2777	-64.5024
BLOCK18/SES183/SA183S14	SES183	0.830517	-62.9877	-63.8182
BLOCK18/SES183/SA183S24	SES183	1.48613	-63.32	-64.8061
BLOCK18/SES183/SA183S27	SES183	1.33727	-62.6073	-63.9446
BLOCK18/SES183/SA183S29	SES183	1.26595	-62.2214	-63.4874
BLOCK18/SES187/SA187S13	SES187	0.914719	-63.3771	-64.2918
BLOCK18/SES187/SA187S14	SES187	0.920662	-63.3447	-64.2654
BLOCK18/SES187/SA187S24	SES187	1.70279	-62.3917	-64.0945
BLOCK18/SES187/SA187S27	SES187	1.38599	-62.611	-63.997
BLOCK18/SES187/SA187S29	SES187	1.03207	-63.0271	-64.0592
BLOCK18/SES189/SA189S10	SES189	2.06822	-64.5215	-66.5898
BLOCK18/SES189/SA189S13	SES189	2.64499	-64.705	-67.35
BLOCK18/SES189/SA189S24	SES189	2.86039	-63.9636	-66.824
BLOCK18/SES189/SA189S26	SES189	1.34508	-63.5669	-64.912
BLOCK18/SES189/SA189S29	SES189	2.47124	-63.1505	-65.6218
BLOCK20/SES202/SA202S12	SES202	2.08568	-62.8667	-64.9524
BLOCK20/SES202/SA202S14	SES202	2.9268	-61.392	-64.3188
BLOCK20/SES202/SA202S24	SES202	1.78127	-62.5518	-64.3331
BLOCK20/SES202/SA202S27	SES202	1.95352	-60.9321	-62.8857
BLOCK20/SES202/SA202S29	SES202	2.51583	-60.8291	-63.345
BLOCK20/SES206/SA206S15	SES206	0.434479	-61.2277	-61.6621
BLOCK20/SES206/SA206S17	SES206	1.92151	-59.3317	-61.2532
BLOCK20/SES206/SA206S24	SES206	1.46502	-59.4963	-60.9613
BLOCK20/SES206/SA206S27	SES206	1.39745	-60.2595	-61.6569
BLOCK20/SES206/SA206S29	SES206	1.17634	-59.5248	-60.7012
BLOCK22/SES226/SA226S12	SES226	1.50677	-61.8454	-63.3521
BLOCK22/SES226/SA226S13	SES226	0.229229	-62.4619	-62.6912
BLOCK22/SES226/SA226S20	SES226	1.68827	-61.6486	-63.3369
BLOCK22/SES226/SA226S23	SES226	1.59828	-61.2587	-62.8569
BLOCK22/SES226/SA226S28	SES226	1.90746	-61.1135	-63.0209
BLOCK25/SES259/SA259S13	SES259	3.08295	-59.9786	-63.0616
BLOCK25/SES259/SA259S14	SES259	2.02509	-60.6635	-62.6886
BLOCK25/SES259/SA259S22	SES259	1.75356	-60.8507	-62.6043
BLOCK25/SES259/SA259S24	SES259	2.32222	-59.1176	-61.4398
BLOCK25/SES259/SA259S28	SES259	1.87471	-60.7661	-62.6409
BLOCK27/SES270/SA270S14	SES270	2.14223	-62.2226	-64.3648
BLOCK27/SES270/SA270S16	SES270	1.35236	-62.1249	-63.4772
BLOCK27/SES270/SA270S22	SES270	2.42331	-61.591	-64.0143
BLOCK27/SES270/SA270S26	SES270	1.61311	-62.7552	-64.3683
BLOCK27/SES270/SA270S28	SES270	1.2115	-61.6312	-62.8427
BLOCK27/SES275/SA275S17	SES275	1.07121	-62.8292	-63.9005
BLOCK27/SES275/SA275S18	SES275	0.554333	-63.0226	-63.5769
BLOCK27/SES275/SA275S24	SES275	0.816273	-63.5065	-64.3228
BLOCK27/SES275/SA275S26	SES275	1.20717	-62.2808	-63.488
BLOCK27/SES275/SA275S28	SES275	0.637169	-62.2758	-62.913
BLOCK29/SES292/SA292S10	SES292	0.346767	-63.2125	-63.5592
BLOCK29/SES292/SA292S12	SES292	0.127674	-63.8505	-63.9782
BLOCK29/SES292/SA292S22	SES292	1.17819	-62.1331	-63.3113
BLOCK29/SES292/SA292S24	SES292	0.530712	-62.5392	-63.0699
BLOCK29/SES292/SA292S27	SES292	0.244015	-62.2724	-62.5164
BLOCK00/SES001/SA001S14	SES062	-0.998066	-64.9768	-63.9788
BLOCK00/SES001/SA001S14	SES082	-1.35181	-65.3306	-63.9788
BLOCK00/SES001/SA001S14	SES106	-1.35377	-65.3325	-63.9788
BLOCK00/SES001/SA001S14	SES206	-1.55536	-65.5341	-63.9788
BLOCK00/SES001/SA001S15	SES062	-1.4819	-64.4929	-63.011
BLOCK00/SES001/SA001S15	SES104	-1.70998	-64.721	-63.011
BLOCK00/SES001/SA001S15	SES106	-1.61278	-64.6238	-63.011
BLOCK00/SES001/SA001S15	SES206	-1.67247	-64.6835	-63.011
BLOCK00/SES001/SA001S24	SES062	-2.51955	-66.5388	-64.0193
BLOCK00/SES001/SA001S24	SES082	-1.42712	-65.4464	-64.0193
BLOCK00/SES001/SA001S24	SES087	-2.05629	-66.0755	-64.0193
BLOCK00/SES001/SA001S24	SES206	-1.26735	-65.2866	-64.0193
BLOCK00/SES001/SA001S27	SES062	-1.42094	-63.8015	-62.3805
BLOCK00/SES001/SA001S27	SES082	-1.57512	-63.9556	-62.3805
BLOCK00/SES001/SA001S27	SES087	-1.84628	-64.2268	-62.3805
BLOCK00/SES001/SA001S27	SES206	-1.6498	-64.0303	-62.3805
BLOCK00/SES001/SA001S29	SES062	-2.03121	-66.0844	-64.0532
BLOCK00/SES001/SA001S29	SES082	-1.0023	-65.0555	-64.0532
BLOCK00/SES001/SA001S29	SES158	-0.574654	-64.6279	-64.0532
BLOCK00/SES001/SA001S29	SES206	-2.09435	-66.1476	-64.0532
BLOCK00/SES003/SA003S11	SES002	-0.551601	-63.5437	-62.9921
BLOCK00/SES003/SA003S11	SES019	-1.00236	-63.9945	-62.9921
BLOCK00/SES003/SA003S11	SES082	-0.246853	-63.239	-62.9921
BLOCK00/SES003/SA003S11	SES125	-0.69928	-63.6914	-62.9921
BLOCK00/SES003/SA003S15	SES016	-1.93269	-64.4035	-62.4709
BLOCK00/SES003/SA003S15	SES019	-1.39573	-63.8666	-62.4709
BLOCK00/SES003/SA003S15	SES062	-1.44182	-63.9127	-62.4709
BLOCK00/SES003/SA003S15	SES206	-0.623188	-63.094	-62.4709
BLOCK00/SES003/SA003S22	SES002	-1.03227	-63.5849	-62.5526
BLOCK00/SES003/SA003S22	SES062	-0.802746	-63.3554	-62.5526
BLOCK00/SES003/SA003S22	SES082	-0.61282	-63.1655	-62.5526
BLOCK00/SES003/SA003S22	SES087	-0.989574	-63.5422	-62.5526
BLOCK00/SES003/SA003S25	SES062	-2.36235	-65.3266	-62.9643
BLOCK00/SES003/SA003S25	SES082	-0.260323	-63.2246	-62.9643
BLOCK00/SES003/SA003S25	SES087	-1.29898	-64.2632	-62.9643
BLOCK00/SES003/SA003S25	SES206	-1.22622	-64.1905	-62.9643
BLOCK00/SES003/SA003S29	SES002	-1.11023	-64.0538	-62.9435
BLOCK00/SES003/SA003S29	SES062	-1.63663	-64.5802	-62.9435
BLOCK00/SES003/SA003S29	SES082	-0.466049	-63.4096	-62.9435
BLOCK00/SES003/SA003S29	SES087	-1.33087	-64.2744	-62.9435
BLOCK00/SES004/SA004S12	SES083	-1.21463	-65.7038	-64.4891
BLOCK00/SES004/SA004S12	SES148	-1.49557	-65.9847	-64.4891
BLOCK00/SES004/SA004S12	SES172	-1.07024	-65.5594	-64.4891
BLOCK00/SES004/SA004S12	SES292	-1.38501	-65.8741	-64.4891
BLOCK00/SES004/SA004S17	SES083	-1.09533	-65.4354	-64.34
BLOCK00/SES004/SA004S17	SES162	-0.748489	-65.0885	-64.34
BLOCK00/SES004/SA004S17	SES172	-1.0599	-65.3999	-64.34
BLOCK00/SES004/SA004S17	SES292	-1.18954	-65.5296	-64.34
BLOCK00/SES004/SA004S24	SES083	-1.1173	-65.1123	-63.995
BLOCK00/SES004/SA004S24	SES148	-1.64693	-65.6419	-63.995
BLOCK00/SES004/SA004S24	SES172	-0.720917	-64.7159	-63.995
BLOCK00/SES004/SA004S24	SES292	-1.0059	-65.0009	-63.995
BLOCK00/SES004/SA004S26	SES083	-0.326424	-64.0648	-63.7384
BLOCK00/SES004/SA004S26	SES127	-0.410782	-64.1492	-63.7384
BLOCK00/SES004/SA004S26	SES148	-1.87556	-65.614	-63.7384
BLOCK00/SES004/SA004S26	SES292	-1.37041	-65.1088	-63.7384
BLOCK00/SES004/SA004S28	SES083	-1.06287	-64.0573	-62.9944
BLOCK00/SES004/SA004S28	SES127	-1.03871	-64.0331	-62.9944
BLOCK00/SES004/SA004S28	SES187	-0.765968	-63.7604	-62.9944
BLOCK00/SES004/SA004S28	SES292	-1.44237	-64.4368	-62.9944
BLOCK00/SES006/SA006S10	SES014	-2.2235	-66.977	-64.7535
BLOCK00/SES006/SA006S10	SES158	-0.113197	-64.8667	-64.7535
BLOCK00/SES006/SA006S10	SES226	-2.74854	-67.5021	-64.7535
BLOCK00/SES006/SA006S10	SES270	-0.310791	-65.0643	-64.7535
BLOCK00/SES006/SA006S11	SES158	-0.511658	-65.524	-65.0123
BLOCK00/SES006/SA006S11	SES226	-2.29527	-67.3076	-65.0123
BLOCK00/SES006/SA006S11	SES270	-0.190636	-65.203	-65.0123
BLOCK00/SES006/SA006S11	SES275	-2.22191	-67.2343	-65.0123
BLOCK00/SES006/SA006S23	SES062	-1.4487	-64.6702	-63.2215
BLOCK00/SES006/SA006S23	SES105	-2.09806	-65.3196	-63.2215
BLOCK00/SES006/SA006S23	SES158	-0.711105	-63.9326	-63.2215
BLOCK00/SES006/SA006S23	SES275	-1.7528	-64.9743	-63.2215
BLOCK00/SES006/SA006S26	SES104	-1.78414	-65.7066	-63.9224
BLOCK00/SES006/SA006S26	SES158	-0.166466	-64.0889	-63.9224
BLOCK00/SES006/SA006S26	SES270	0.181492	-63.741	-63.9224
BLOCK00/SES006/SA006S26	SES275	-1.9211	-65.8435	-63.9224
BLOCK00/SES006/SA006S28	SES007	-1.81813	-66.4015	-64.5834
BLOCK00/SES006/SA006S28	SES105	-1.85761	-66.441	-64.5834
BLOCK00/SES006/SA006S28	SES158	-0.985336	-65.5687	-64.5834
BLOCK00/SES006/SA006S28	SES275	-2.32145	-66.9049	-64.5834
BLOCK00/SES009/SA009S12	SES083	-1.39227	-64.16	-62.7677
BLOCK00/SES009/SA009S12	SES148	-1.39075	-64.1585	-62.7677
BLOCK00/SES009/SA009S12	SES177	-1.4501	-64.2178	-62.7677
BLOCK00/SES009/SA009S12	SES292	-0.430573	-63.1983	-62.7677
BLOCK00/SES009/SA009S15	SES007	0.267326	-61.4604	-61.7277
BLOCK00/SES009/SA009S15	SES099	-2.98478	-64.7125	-61.7277
BLOCK00/SES009/SA009S15	SES148	-1.62138	-63.3491	-61.7277
BLOCK00/SES009/SA009S15	SES172	-1.63457	-63.3623	-61.7277
BLOCK00/SES009/SA009S24	SES146	-0.584644	-63.1631	-62.5784
BLOCK00/SES009/SA009S24	SES148	-1.4721	-64.0505	-62.5784
BLOCK00/SES009/SA009S24	SES177	-0.936733	-63.5151	-62.5784
BLOCK00/SES009/SA009S24	SES292	-0.497513	-63.0759	-62.5784
BLOCK00/SES009/SA009S26	SES083	-1.31853	-64.1392	-62.8207
BLOCK00/SES009/SA009S26	SES101	-0.946125	-63.7668	-62.8207
BLOCK00/SES009/SA009S26	SES120	-0.802372	-63.6231	-62.8207
BLOCK00/SES009/SA009S26	SES177	-1.31963	-64.1403	-62.8207
BLOCK00/SES009/SA009S29	SES083	-0.772976	-63.192	-62.419
BLOCK00/SES009/SA009S29	SES101	-0.89323	-63.3122	-62.419
BLOCK00/SES009/SA009S29	SES177	-1.11963	-63.5386	-62.419
BLOCK00/SES009/SA009S29	SES292	-0.38829	-62.8073	-62.419
BLOCK01/SES011/SA011S10	SES019	-0.833252	-63.2761	-62.4428
BLOCK01/SES011/SA011S10	SES042	-0.375278	-62.8181	-62.4428
BLOCK01/SES011/SA011S10	SES082	-1.48557	-63.9284	-62.4428
BLOCK01/SES011/SA011S10	SES206	-0.60931	-63.0521	-62.4428
BLOCK01/SES011/SA011S11	SES019	-0.796387	-64.5742	-63.7778
BLOCK01/SES011/SA011S11	SES042	-0.740654	-64.5184	-63.7778
BLOCK01/SES011/SA011S11	SES082	-1.60706	-65.3848	-63.7778
BLOCK01/SES011/SA011S11	SES206	-0.0445137	-63.8223	-63.7778
BLOCK01/SES011/SA011S22	SES019	-0.188927	-63.4495	-63.2606
BLOCK01/SES011/SA011S22	SES042	0.0648155	-63.1958	-63.2606
BLOCK01/SES011/SA011S22	SES082	-0.769596	-64.0302	-63.2606
BLOCK01/SES011/SA011S22	SES206	-0.3983	-63.6589	-63.2606
BLOCK01/SES011/SA011S24	SES019	-0.621628	-63.0767	-62.4551
BLOCK01/SES011/SA011S24	SES042	-0.0932503	-62.5484	-62.4551
BLOCK01/SES011/SA011S24	SES104	-0.990433	-63.4456	-62.4551
BLOCK01/SES011/SA011S24	SES206	-0.0612183	-62.5163	-62.4551
BLOCK01/SES011/SA011S27	SES082	0.22221	-62.4445	-62.6667
BLOCK01/SES011/SA011S27	SES087	-1.08164	-63.7483	-62.6667
BLOCK01/SES011/SA011S27	SES125	-0.428131	-63.0948	-62.6667
BLOCK01/SES011/SA011S27	SES206	0.0247116	-62.642	-62.6667
BLOCK01/SES012/SA012S11	SES007	-1.04625	-62.0013	-60.9551
BLOCK01/SES012/SA012S11	SES082	-0.920841	-61.8759	-60.9551
BLOCK01/SES012/SA012S11	SES083	-1.54437	-62.4994	-60.9551
BLOCK01/SES012/SA012S11	SES206	-0.285484	-61.2405	-60.9551
BLOCK01/SES012/SA012S14	SES082	-0.882172	-62.6825	-61.8004
BLOCK01/SES012/SA012S14	SES087	-1.10755	-62.9079	-61.8004
BLOCK01/SES012/SA012S14	SES206	-0.166012	-61.9664	-61.8004
BLOCK01/SES012/SA012S14	SES292	-1.55046	-63.3508	-61.8004
BLOCK01/SES012/SA012S24	SES082	0.434536	-62.1442	-62.5788
BLOCK01/SES012/SA012S24	SES087	-0.55859	-63.1374	-62.5788
BLOCK01/SES012/SA012S24	SES120	-2.09145	-64.6702	-62.5788
BLOCK01/SES012/SA012S24	SES206	0.0867119	-62.4921	-62.5788
BLOCK01/SES012/SA012S26	SES019	-1.81434	-63.3084	-61.4941
BLOCK01/SES012/SA012S26	SES082	-1.38354	-62.8776	-61.4941
BLOCK01/SES012/SA012S26	SES206	0.194736	-61.2993	-61.4941
BLOCK01/SES012/SA012S26	SES292	-1.57544	-63.0695	-61.4941
BLOCK01/SES012/SA012S29	SES062	-1.17289	-62.6513	-61.4784
BLOCK01/SES012/SA012S29	SES082	-0.687546	-62.166	-61.4784
BLOCK01/SES012/SA012S29	SES083	-1.9525	-63.4309	-61.4784
BLOCK01/SES012/SA012S29	SES206	-0.363724	-61.8422	-61.4784
BLOCK01/SES013/SA013S16	SES062	-2.7771	-65.3299	-62.5528
BLOCK01/SES013/SA013S16	SES106	-0.651096	-63.2039	-62.5528
BLOCK01/SES013/SA013S16	SES206	-0.930145	-63.4829	-62.5528
BLOCK01/SES013/SA013S16	SES226	-0.277668	-62.8304	-62.5528
BLOCK01/SES013/SA013S17	SES062	-2.07837	-63.5205	-61.4421
BLOCK01/SES013/SA013S17	SES106	-1.16069	-62.6028	-61.4421
BLOCK01/SES013/SA013S17	SES206	-0.236828	-61.6789	-61.4421
BLOCK01/SES013/SA013S17	SES226	-0.160118	-61.6022	-61.4421
BLOCK01/SES013/SA013S23	SES104	-1.01384	-63.5396	-62.5257
BLOCK01/SES013/SA013S23	SES106	-0.314903	-62.8406	-62.5257
BLOCK01/SES013/SA013S23	SES206	-0.807899	-63.3336	-62.5257
BLOCK01/SES013/SA013S23	SES270	0.320297	-62.2054	-62.5257
BLOCK01/SES013/SA013S25	SES042	-1.14521	-62.6158	-61.4706
BLOCK01/SES013/SA013S25	SES104	-0.99744	-62.4681	-61.4706
BLOCK01/SES013/SA013S25	SES106	-0.832722	-62.3033	-61.4706
BLOCK01/SES013/SA013S25	SES206	-0.610184	-62.0808	-61.4706
BLOCK01/SES013/SA013S29	SES062	-2.78218	-65.0244	-62.2422
BLOCK01/SES013/SA013S29	SES104	-1.30296	-63.5452	-62.2422
BLOCK01/SES013/SA013S29	SES106	-0.648239	-62.8904	-62.2422
BLOCK01/SES013/SA013S29	SES206	-0.651451	-62.8937	-62.2422
BLOCK02/SES021/SA021S13	SES016	-1.89501	-63.9148	-62.0198
BLOCK02/SES021/SA021S13	SES029	-1.48912	-63.5089	-62.0198
BLOCK02/SES021/SA021S13	SES087	-1.07562	-63.0954	-62.0198
BLOCK02/SES021/SA021S13	SES206	0.0241318	-61.9957	-62.0198
BLOCK02/SES021/SA021S15	SES087	-0.594063	-61.4889	-60.8948
BLOCK02/SES021/SA021S15	SES125	0.149242	-60.7455	-60.8948
BLOCK02/SES021/SA021S15	SES206	0.434914	-60.4599	-60.8948
BLOCK02/SES021/SA021S15	SES226	-0.677017	-61.5718	-60.8948
BLOCK02/SES021/SA021S23	SES062	-2.71464	-65.7148	-63.0002
BLOCK02/SES021/SA021S23	SES087	-1.07776	-64.078	-63.0002
BLOCK02/SES021/SA021S23	SES206	-0.887203	-63.8874	-63.0002
BLOCK02/SES021/SA021S23	SES226	-0.771564	-63.7718	-63.0002
BLOCK02/SES021/SA021S27	SES002	-0.927364	-62.731	-61.8036
BLOCK02/SES021/SA021S27	SES016	-2.78388	-64.5875	-61.8036
BLOCK02/SES021/SA021S27	SES019	-1.41095	-63.2146	-61.8036
BLOCK02/SES021/SA021S27	SES062	-1.03402	-62.8377	-61.8036
BLOCK02/SES021/SA021S29	SES087	-0.823765	-62.1085	-61.2847
BLOCK02/SES021/SA021S29	SES125	-0.107864	-61.3926	-61.2847
BLOCK02/SES021/SA021S29	SES206	-0.15033	-61.4351	-61.2847
BLOCK02/SES021/SA021S29	SES226	-1.28648	-62.5712	-61.2847
BLOCK04/SES043/SA043S09	SES083	-0.647385	-65.2439	-64.5965
BLOCK04/SES043/SA043S09	SES101	-1.69059	-66.2871	-64.5965
BLOCK04/SES043/SA043S09	SES144	-0.0377884	-64.6343	-64.5965
BLOCK04/SES043/SA043S09	SES172	-2.54261	-67.1391	-64.5965
BLOCK04/SES043/SA043S11	SES083	-0.264435	-63.3916	-63.1272
BLOCK04/SES043/SA043S11	SES101	-0.920998	-64.0482	-63.1272
BLOCK04/SES043/SA043S11	SES144	-0.177704	-63.3049	-63.1272
BLOCK04/SES043/SA043S11	SES172	-1.07318	-64.2003	-63.1272
BLOCK04/SES043/SA043S23	SES083	-0.213223	-63.7756	-63.5624
BLOCK04/SES043/SA043S23	SES144	0.429836	-63.1325	-63.5624
BLOCK04/SES043/SA043S23	SES177	-1.98857	-65.5509	-63.5624
BLOCK04/SES043/SA043S23	SES275	-0.443058	-64.0054	-63.5624
BLOCK04/SES043/SA043S26	SES083	-0.700356	-64.2332	-63.5329
BLOCK04/SES043/SA043S26	SES101	-0.969307	-64.5022	-63.5329
BLOCK04/SES043/SA043S26	SES144	-0.160686	-63.6935	-63.5329
BLOCK04/SES043/SA043S26	SES177	-1.23837	-64.7712	-63.5329
BLOCK04/SES043/SA043S28	SES016	-0.954998	-63.7502	-62.7952
BLOCK04/SES043/SA043S28	SES083	-0.375038	-63.1702	-62.7952
BLOCK04/SES043/SA043S28	SES101	-0.507973	-63.3031	-62.7952
BLOCK04/SES043/SA043S28	SES144	-0.284363	-63.0795	-62.7952
BLOCK04/SES044/SA044S10	SES127	-1.70647	-67.9514	-66.245
BLOCK04/SES044/SA044S10	SES144	-0.385826	-66.6308	-66.245
BLOCK04/SES044/SA044S10	SES147	-1.76876	-68.0137	-66.245
BLOCK04/SES044/SA044S10	SES148	-2.04566	-68.2906	-66.245
BLOCK04/SES044/SA044S11	SES101	-0.935349	-66.1672	-65.2318
BLOCK04/SES044/SA044S11	SES144	0.210625	-65.0212	-65.2318
BLOCK04/SES044/SA044S11	SES147	-1.5936	-66.8254	-65.2318
BLOCK04/SES044/SA044S11	SES177	-1.68947	-66.9213	-65.2318
BLOCK04/SES044/SA044S24	SES007	-1.47806	-66.1155	-64.6375
BLOCK04/SES044/SA044S24	SES101	-0.367966	-65.0054	-64.6375
BLOCK04/SES044/SA044S24	SES147	-2.0218	-66.6593	-64.6375
BLOCK04/SES044/SA044S24	SES177	-1.99825	-66.6357	-64.6375
BLOCK04/SES044/SA044S26	SES007	-1.20626	-65.0611	-63.8549
BLOCK04/SES044/SA044S26	SES016	-0.341904	-64.1968	-63.8549
BLOCK04/SES044/SA044S26	SES101	-0.693558	-64.5484	-63.8549
BLOCK04/SES044/SA044S26	SES147	-1.00992	-64.8648	-63.8549
BLOCK04/SES044/SA044S29	SES007	-1.11692	-64.5016	-63.3847
BLOCK04/SES044/SA044S29	SES101	-0.146523	-63.5313	-63.3847
BLOCK04/SES044/SA044S29	SES147	-0.934956	-64.3197	-63.3847
BLOCK04/SES044/SA044S29	SES177	-1.5854	-64.9701	-63.3847
BLOCK04/SES046/SA046S13	SES101	-2.16783	-66.8358	-64.668
BLOCK04/SES046/SA046S13	SES144	-0.364342	-65.0324	-64.668
BLOCK04/SES046/SA046S13	SES147	-1.67937	-66.3474	-64.668
BLOCK04/SES046/SA046S13	SES177	-0.690826	-65.3588	-64.668
BLOCK04/SES046/SA046S15	SES048	-1.36057	-64.3872	-63.0266
BLOCK04/SES046/SA046S15	SES083	-0.225033	-63.2517	-63.0266
BLOCK04/SES046/SA046S15	SES120	-1.47955	-64.5062	-63.0266
BLOCK04/SES046/SA046S15	SES148	-0.538269	-63.5649	-63.0266
BLOCK04/SES046/SA046S22	SES101	-0.556602	-64.648	-64.0914
BLOCK04/SES046/SA046S22	SES144	-0.136108	-64.2275	-64.0914
BLOCK04/SES046/SA046S22	SES147	-1.40853	-65.4999	-64.0914
BLOCK04/SES046/SA046S22	SES172	-0.999283	-65.0907	-64.0914
BLOCK04/SES046/SA046S25	SES083	-0.809792	-64.3746	-63.5649
BLOCK04/SES046/SA046S25	SES127	-0.654831	-64.2197	-63.5649
BLOCK04/SES046/SA046S25	SES144	-0.81842	-64.3833	-63.5649
BLOCK04/SES046/SA046S25	SES148	-0.731438	-64.2963	-63.5649
BLOCK04/SES046/SA046S28	SES007	-2.63251	-66.5938	-63.9613
BLOCK04/SES046/SA046S28	SES105	-2.09269	-66.054	-63.9613
BLOCK04/SES046/SA046S28	SES147	-1.57664	-65.538	-63.9613
BLOCK04/SES046/SA046S28	SES148	-0.507484	-64.4688	-63.9613
BLOCK04/SES049/SA049S16	SES104	-0.742744	-64.3902	-63.6474
BLOCK04/SES049/SA049S16	SES106	-0.942642	-64.59	-63.6474
BLOCK04/SES049/SA049S16	SES120	-1.70274	-65.3501	-63.6474
BLOCK04/SES049/SA049S16	SES206	-0.503235	-64.1506	-63.6474
BLOCK04/SES049/SA049S18	SES099	-0.0450592	-64.3909	-64.3459
BLOCK04/SES049/SA049S18	SES104	-1.10764	-65.4535	-64.3459
BLOCK04/SES049/SA049S18	SES125	-1.62152	-65.9674	-64.3459
BLOCK04/SES049/SA049S18	SES206	-1.03355	-65.3794	-64.3459
BLOCK04/SES049/SA049S25	SES087	-1.02963	-64.0333	-63.0037
BLOCK04/SES049/SA049S25	SES104	-0.182529	-63.1862	-63.0037
BLOCK04/SES049/SA049S25	SES125	-1.36874	-64.3724	-63.0037
BLOCK04/SES049/SA049S25	SES206	-0.394867	-63.3985	-63.0037
BLOCK04/SES049/SA049S27	SES099	-0.367863	-63.2279	-62.86
BLOCK04/SES049/SA049S27	SES104	-0.104233	-62.9643	-62.86
BLOCK04/SES049/SA049S27	SES125	-0.943359	-63.8034	-62.86
BLOCK04/SES049/SA049S27	SES206	-0.53471	-63.3947	-62.86
BLOCK04/SES049/SA049S29	SES099	-0.297672	-62.4656	-62.1679
BLOCK04/SES049/SA049S29	SES104	0.25338	-61.9145	-62.1679
BLOCK04/SES049/SA049S29	SES125	-0.449558	-62.6175	-62.1679
BLOCK04/SES049/SA049S29	SES206	-0.0747643	-62.2427	-62.1679
BLOCK06/SES063/SA063S09	SES068	-1.27665	-64.5909	-63.3143
BLOCK06/SES063/SA063S09	SES083	-0.072937	-63.3872	-63.3143
BLOCK06/SES063/SA063S09	SES177	-0.559906	-63.8742	-63.3143
BLOCK06/SES063/SA063S09	SES187	-0.914455	-64.2287	-63.3143
BLOCK06/SES063/SA063S10	SES068	-1.50746	-65.5319	-64.0245
BLOCK06/SES063/SA063S10	SES083	-0.125717	-64.1502	-64.0245
BLOCK06/SES063/SA063S10	SES172	-0.125381	-64.1498	-64.0245
BLOCK06/SES063/SA063S10	SES187	-1.07729	-65.1018	-64.0245
BLOCK06/SES063/SA063S20	SES068	-1.94688	-65.8611	-63.9143
BLOCK06/SES063/SA063S20	SES083	-0.159225	-64.0735	-63.9143
BLOCK06/SES063/SA063S20	SES172	-0.855598	-64.7699	-63.9143
BLOCK06/SES063/SA063S20	SES187	-0.158569	-64.0728	-63.9143
BLOCK06/SES063/SA063S24	SES029	-1.50206	-64.7358	-63.2337
BLOCK06/SES063/SA063S24	SES083	0.656742	-62.577	-63.2337
BLOCK06/SES063/SA063S24	SES177	-0.191689	-63.4254	-63.2337
BLOCK06/SES063/SA063S24	SES189	-0.348133	-63.5818	-63.2337
BLOCK06/SES063/SA063S27	SES083	0.724182	-63.6312	-64.3554
BLOCK06/SES063/SA063S27	SES172	-0.733032	-65.0885	-64.3554
BLOCK06/SES063/SA063S27	SES187	-0.962532	-65.318	-64.3554
BLOCK06/SES063/SA063S27	SES292	-1.0054	-65.3608	-64.3554
BLOCK06/SES067/SA067S12	SES083	-0.729195	-63.8237	-63.0945
BLOCK06/SES067/SA067S12	SES172	-2.48036	-65.5748	-63.0945
BLOCK06/SES067/SA067S12	SES202	0.375111	-62.7194	-63.0945
BLOCK06/SES067/SA067S12	SES292	-1.25237	-64.3468	-63.0945
BLOCK06/SES067/SA067S14	SES085	-1.26908	-63.5597	-62.2906
BLOCK06/SES067/SA067S14	SES177	-1.01087	-63.3015	-62.2906
BLOCK06/SES067/SA067S14	SES183	-1.17032	-63.4609	-62.2906
BLOCK06/SES067/SA067S14	SES202	-0.150383	-62.441	-62.2906
BLOCK06/SES067/SA067S21	SES144	-0.475433	-64.7538	-64.2783
BLOCK06/SES067/SA067S21	SES177	-0.46431	-64.7426	-64.2783
BLOCK06/SES067/SA067S21	SES183	-2.04887	-66.3272	-64.2783
BLOCK06/SES067/SA067S21	SES189	-0.0335999	-64.3119	-64.2783
BLOCK06/SES067/SA067S25	SES085	-0.388039	-63.5748	-63.1868
BLOCK06/SES067/SA067S25	SES177	-0.668598	-63.8554	-63.1868
BLOCK06/SES067/SA067S25	SES183	-1.15304	-64.3398	-63.1868
BLOCK06/SES067/SA067S25	SES202	-0.0285759	-63.2153	-63.1868
BLOCK06/SES067/SA067S29	SES085	-0.670082	-64.2497	-63.5796
BLOCK06/SES067/SA067S29	SES177	-0.994591	-64.5742	-63.5796
BLOCK06/SES067/SA067S29	SES183	-1.19255	-64.7721	-63.5796
BLOCK06/SES067/SA067S29	SES202	0.463516	-63.1161	-63.5796
BLOCK06/SES069/SA069S12	SES029	-2.22733	-64.4039	-62.1765
BLOCK06/SES069/SA069S12	SES082	-0.337124	-62.5136	-62.1765
BLOCK06/SES069/SA069S12	SES087	-1.38954	-63.5661	-62.1765
BLOCK06/SES069/SA069S12	SES206	-0.549549	-62.7261	-62.1765
BLOCK06/SES069/SA069S13	SES029	-2.02542	-64.1805	-62.1551
BLOCK06/SES069/SA069S13	SES087	-1.03178	-63.1869	-62.1551
BLOCK06/SES069/SA069S13	SES206	-0.5005	-62.6556	-62.1551
BLOCK06/SES069/SA069S13	SES226	-0.553688	-62.7088	-62.1551
BLOCK06/SES069/SA069S23	SES029	-1.0471	-61.6599	-60.6128
BLOCK06/SES069/SA069S23	SES087	-0.717777	-61.3306	-60.6128
BLOCK06/SES069/SA069S23	SES206	-0.281662	-60.8945	-60.6128
BLOCK06/SES069/SA069S23	SES226	0.0578461	-60.5549	-60.6128
BLOCK06/SES069/SA069S25	SES087	-0.868195	-62.2096	-61.3414
BLOCK06/SES069/SA069S25	SES206	-0.951767	-62.2932	-61.3414
BLOCK06/SES069/SA069S25	SES226	-0.578831	-61.9202	-61.3414
BLOCK06/SES069/SA069S25	SES270	-0.637566	-61.979	-61.3414
BLOCK06/SES069/SA069S27	SES087	-1.71606	-62.9989	-61.2829
BLOCK06/SES069/SA069S27	SES206	-0.218361	-61.5012	-61.2829
BLOCK06/SES069/SA069S27	SES226	-0.129288	-61.4121	-61.2829
BLOCK06/SES069/SA069S27	SES270	-0.489376	-61.7722	-61.2829
BLOCK08/SES081/SA081S11	SES060	-1.05603	-64.5661	-63.51
BLOCK08/SES081/SA081S11	SES062	-2.15614	-65.6662	-63.51
BLOCK08/SES081/SA081S11	SES117	-1.09389	-64.6039	-63.51
BLOCK08/SES081/SA081S11	SES162	-0.866512	-64.3765	-63.51
BLOCK08/SES081/SA081S13	SES016	-0.590168	-63.0276	-62.4375
BLOCK08/SES081/SA081S13	SES060	-0.295647	-62.7331	-62.4375
BLOCK08/SES081/SA081S13	SES068	-0.285969	-62.7234	-62.4375
BLOCK08/SES081/SA081S13	SES129	-1.38205	-63.8195	-62.4375
BLOCK08/SES081/SA081S24	SES060	-0.492626	-63.9698	-63.4772
BLOCK08/SES081/SA081S24	SES068	-0.693024	-64.1702	-63.4772
BLOCK08/SES081/SA081S24	SES117	-1.25111	-64.7283	-63.4772
BLOCK08/SES081/SA081S24	SES275	-1.49924	-64.9764	-63.4772
BLOCK08/SES081/SA081S27	SES007	-1.28647	-64.4226	-63.1361
BLOCK08/SES081/SA081S27	SES060	-1.06633	-64.2024	-63.1361
BLOCK08/SES081/SA081S27	SES117	-0.358608	-63.4947	-63.1361
BLOCK08/SES081/SA081S27	SES275	-1.34894	-64.4851	-63.1361
BLOCK08/SES081/SA081S29	SES007	-0.985886	-63.976	-62.9901
BLOCK08/SES081/SA081S29	SES060	-0.349911	-63.34	-62.9901
BLOCK08/SES081/SA081S29	SES117	-0.568455	-63.5586	-62.9901
BLOCK08/SES081/SA081S29	SES275	-1.64218	-64.6323	-62.9901
BLOCK08/SES086/SA086S11	SES029	-3.40237	-67.6568	-64.2544
BLOCK08/SES086/SA086S11	SES082	-1.28574	-65.5402	-64.2544
BLOCK08/SES086/SA086S11	SES087	-0.550896	-64.8053	-64.2544
BLOCK08/SES086/SA086S11	SES206	-1.48379	-65.7382	-64.2544
BLOCK08/SES086/SA086S12	SES029	-2.60098	-65.9793	-63.3784
BLOCK08/SES086/SA086S12	SES082	-1.3196	-64.698	-63.3784
BLOCK08/SES086/SA086S12	SES087	0.433926	-62.9444	-63.3784
BLOCK08/SES086/SA086S12	SES206	-0.785576	-64.1639	-63.3784
BLOCK08/SES086/SA086S20	SES029	-2.84052	-64.7849	-61.9444
BLOCK08/SES086/SA086S20	SES082	-1.46335	-63.4077	-61.9444
BLOCK08/SES086/SA086S20	SES087	0.225399	-61.719	-61.9444
BLOCK08/SES086/SA086S20	SES206	-0.00421524	-61.9486	-61.9444
BLOCK08/SES086/SA086S24	SES087	0.47216	-62.2995	-62.7716
BLOCK08/SES086/SA086S24	SES104	-0.846935	-63.6186	-62.7716
BLOCK08/SES086/SA086S24	SES120	-1.98542	-64.7571	-62.7716
BLOCK08/SES086/SA086S24	SES206	0.243389	-62.5283	-62.7716
BLOCK08/SES086/SA086S28	SES029	-2.18807	-64.1576	-61.9695
BLOCK08/SES086/SA086S28	SES082	-1.29068	-63.2602	-61.9695
BLOCK08/SES086/SA086S28	SES087	0.141899	-61.8276	-61.9695
BLOCK08/SES086/SA086S28	SES206	-0.176552	-62.1461	-61.9695
BLOCK08/SES089/SA089S13	SES087	-0.957668	-63.9063	-62.9486
BLOCK08/SES089/SA089S13	SES206	-0.780495	-63.7291	-62.9486
BLOCK08/SES089/SA089S13	SES226	-0.960442	-63.9091	-62.9486
BLOCK08/SES089/SA089S13	SES270	-1.509	-64.4576	-62.9486
BLOCK08/SES089/SA089S14	SES062	-1.49878	-64.1542	-62.6554
BLOCK08/SES089/SA089S14	SES087	-0.286449	-62.9418	-62.6554
BLOCK08/SES089/SA089S14	SES206	-0.507969	-63.1634	-62.6554
BLOCK08/SES089/SA089S14	SES226	-0.601707	-63.2571	-62.6554
BLOCK08/SES089/SA089S23	SES087	-0.681908	-64.5347	-63.8528
BLOCK08/SES089/SA089S23	SES206	-0.799263	-64.6521	-63.8528
BLOCK08/SES089/SA089S23	SES226	-0.573425	-64.4263	-63.8528
BLOCK08/SES089/SA089S23	SES270	-1.46547	-65.3183	-63.8528
BLOCK08/SES089/SA089S25	SES062	-1.68701	-64.2814	-62.5944
BLOCK08/SES089/SA089S25	SES087	-0.412273	-63.0067	-62.5944
BLOCK08/SES089/SA089S25	SES206	-0.554562	-63.1489	-62.5944
BLOCK08/SES089/SA089S25	SES226	-0.167221	-62.7616	-62.5944
BLOCK08/SES089/SA089S28	SES062	-1.39383	-64.3238	-62.93
BLOCK08/SES089/SA089S28	SES087	-0.134148	-63.0642	-62.93
BLOCK08/SES089/SA089S28	SES206	-0.431988	-63.362	-62.93
BLOCK08/SES089/SA089S28	SES226	0.0662842	-62.8637	-62.93
BLOCK09/SES097/SA097S11	SES099	0.305882	-63.0002	-63.3061
BLOCK09/SES097/SA097S11	SES125	-1.21707	-64.5231	-63.3061
BLOCK09/SES097/SA097S11	SES206	-1.07438	-64.3805	-63.3061
BLOCK09/SES097/SA097S11	SES226	0.0896492	-63.2164	-63.3061
BLOCK09/SES097/SA097S14	SES062	-1.78284	-64.7435	-62.9607
BLOCK09/SES097/SA097S14	SES099	-0.290539	-63.2512	-62.9607
BLOCK09/SES097/SA097S14	SES104	-0.804272	-63.7649	-62.9607
BLOCK09/SES097/SA097S14	SES206	-1.00027	-63.9609	-62.9607
BLOCK09/SES097/SA097S22	SES099	0.530319	-62.8858	-63.4161
BLOCK09/SES097/SA097S22	SES206	-0.846386	-64.2625	-63.4161
BLOCK09/SES097/SA097S22	SES226	-0.873638	-64.2897	-63.4161
BLOCK09/SES097/SA097S22	SES270	0.370102	-63.046	-63.4161
BLOCK09/SES097/SA097S26	SES099	-0.00249481	-62.6525	-62.65
BLOCK09/SES097/SA097S26	SES120	-1.90515	-64.5551	-62.65
BLOCK09/SES097/SA097S26	SES206	-0.943966	-63.594	-62.65
BLOCK09/SES097/SA097S26	SES226	-1.63154	-64.2815	-62.65
BLOCK09/SES097/SA097S28	SES099	-0.0119667	-62.9336	-62.9216
BLOCK09/SES097/SA097S28	SES120	-1.52672	-64.4484	-62.9216
BLOCK09/SES097/SA097S28	SES206	-1.14964	-64.0713	-62.9216
BLOCK09/SES097/SA097S28	SES226	-1.5439	-64.4655	-62.9216
BLOCK09/SES098/SA098S11	SES127	-1.56597	-66.8323	-65.2663
BLOCK09/SES098/SA098S11	SES144	-0.90287	-66.1692	-65.2663
BLOCK09/SES098/SA098S11	SES147	0.0713654	-65.1949	-65.2663
BLOCK09/SES098/SA098S11	SES148	-2.3145	-67.5808	-65.2663
BLOCK09/SES098/SA098S12	SES127	-2.6964	-68.9202	-66.2238
BLOCK09/SES098/SA098S12	SES144	-1.25878	-67.4826	-66.2238
BLOCK09/SES098/SA098S12	SES147	-0.27282	-66.4966	-66.2238
BLOCK09/SES098/SA098S12	SES189	-0.204453	-66.4282	-66.2238
BLOCK09/SES098/SA098S20	SES127	-2.44706	-67.7457	-65.2987
BLOCK09/SES098/SA098S20	SES147	-0.291275	-65.5899	-65.2987
BLOCK09/SES098/SA098S20	SES148	-2.92518	-68.2238	-65.2987
BLOCK09/SES098/SA098S20	SES292	-2.70559	-68.0042	-65.2987
BLOCK09/SES098/SA098S23	SES127	-1.30192	-65.9358	-64.6339
BLOCK09/SES098/SA098S23	SES147	-0.208961	-64.8429	-64.6339
BLOCK09/SES098/SA098S23	SES187	-0.469299	-65.1032	-64.6339
BLOCK09/SES098/SA098S23	SES292	-1.92789	-66.5618	-64.6339
BLOCK09/SES098/SA098S27	SES127	-1.62068	-66.7737	-65.153
BLOCK09/SES098/SA098S27	SES147	-1.03535	-66.1884	-65.153
BLOCK09/SES098/SA098S27	SES148	-3.04244	-68.1955	-65.153
BLOCK09/SES098/SA098S27	SES292	-1.55705	-66.7101	-65.153
BLOCK10/SES102/SA102S13	SES101	-0.272438	-64.8432	-64.5708
BLOCK10/SES102/SA102S13	SES105	-1.04157	-65.6123	-64.5708
BLOCK10/SES102/SA102S13	SES120	-0.711578	-65.2823	-64.5708
BLOCK10/SES102/SA102S13	SES158	-3.39006	-67.9608	-64.5708
BLOCK10/SES102/SA102S14	SES007	0.140068	-62.2677	-62.4077
BLOCK10/SES102/SA102S14	SES101	-0.00765991	-62.4154	-62.4077
BLOCK10/SES102/SA102S14	SES105	-0.0745735	-62.4823	-62.4077
BLOCK10/SES102/SA102S14	SES147	-1.84483	-64.2526	-62.4077
BLOCK10/SES102/SA102S22	SES007	-0.640656	-63.635	-62.9943
BLOCK10/SES102/SA102S22	SES101	-0.107273	-63.1016	-62.9943
BLOCK10/SES102/SA102S22	SES105	-0.445972	-63.4403	-62.9943
BLOCK10/SES102/SA102S22	SES158	-2.85224	-65.8465	-62.9943
BLOCK10/SES102/SA102S25	SES007	-0.191696	-62.9174	-62.7257
BLOCK10/SES102/SA102S25	SES101	0.0424652	-62.6833	-62.7257
BLOCK10/SES102/SA102S25	SES105	-0.573143	-63.2989	-62.7257
BLOCK10/SES102/SA102S25	SES147	-2.60164	-65.3274	-62.7257
BLOCK10/SES102/SA102S27	SES007	-0.628311	-64.0293	-63.4009
BLOCK10/SES102/SA102S27	SES101	-0.180046	-63.581	-63.4009
BLOCK10/SES102/SA102S27	SES105	-0.686478	-64.0874	-63.4009
BLOCK10/SES102/SA102S27	SES147	-1.50403	-64.905	-63.4009
BLOCK10/SES103/SA103S14	SES105	-2.30504	-66.2235	-63.9184
BLOCK10/SES103/SA103S14	SES106	-0.650696	-64.5691	-63.9184
BLOCK10/SES103/SA103S14	SES120	-2.3191	-66.2375	-63.9184
BLOCK10/SES103/SA103S14	SES206	-1.51983	-65.4383	-63.9184
BLOCK10/SES103/SA103S15	SES099	-0.643265	-65.3425	-64.6992
BLOCK10/SES103/SA103S15	SES101	-3.03586	-67.7351	-64.6992
BLOCK10/SES103/SA103S15	SES104	-1.34269	-66.0419	-64.6992
BLOCK10/SES103/SA103S15	SES125	-0.914017	-65.6132	-64.6992
BLOCK10/SES103/SA103S24	SES104	-1.21703	-64.4468	-63.2298
BLOCK10/SES103/SA103S24	SES125	-1.21279	-64.4426	-63.2298
BLOCK10/SES103/SA103S24	SES148	-2.4332	-65.663	-63.2298
BLOCK10/SES103/SA103S24	SES158	-0.278973	-63.5088	-63.2298
BLOCK10/SES103/SA103S26	SES104	-1.36368	-65.874	-64.5103
BLOCK10/SES103/SA103S26	SES106	-0.871338	-65.3817	-64.5103
BLOCK10/SES103/SA103S26	SES125	-1.29665	-65.807	-64.5103
BLOCK10/SES103/SA103S26	SES148	-2.83963	-67.35	-64.5103
BLOCK10/SES103/SA103S28	SES104	-1.36952	-66.5501	-65.1806
BLOCK10/SES103/SA103S28	SES106	-0.666321	-65.8469	-65.1806
BLOCK10/SES103/SA103S28	SES125	-1.58794	-66.7685	-65.1806
BLOCK10/SES103/SA103S28	SES206	-1.9261	-67.1067	-65.1806
BLOCK12/SES121/SA121S12	SES042	-1.68439	-66.7874	-65.103
BLOCK12/SES121/SA121S12	SES087	-0.840485	-65.9435	-65.103
BLOCK12/SES121/SA121S12	SES105	-1.09839	-66.2014	-65.103
BLOCK12/SES121/SA121S12	SES206	-1.12472	-66.2277	-65.103
BLOCK12/SES121/SA121S14	SES007	-1.75638	-67.1613	-65.4049
BLOCK12/SES121/SA121S14	SES105	-2.13799	-67.5429	-65.4049
BLOCK12/SES121/SA121S14	SES106	-1.31143	-66.7163	-65.4049
BLOCK12/SES121/SA121S14	SES206	-1.27122	-66.6761	-65.4049
BLOCK12/SES121/SA121S23	SES105	-1.76988	-67.1357	-65.3658
BLOCK12/SES121/SA121S23	SES106	-0.670052	-66.0359	-65.3658
BLOCK12/SES121/SA121S23	SES120	-1.81949	-67.1853	-65.3658
BLOCK12/SES121/SA121S23	SES206	-1.02825	-66.3941	-65.3658
BLOCK12/SES121/SA121S25	SES007	-1.85261	-67.9179	-66.0653
BLOCK12/SES121/SA121S25	SES105	-2.14066	-68.206	-66.0653
BLOCK12/SES121/SA121S25	SES106	-1.25194	-67.3172	-66.0653
BLOCK12/SES121/SA121S25	SES206	-1.6351	-67.7004	-66.0653
BLOCK12/SES121/SA121S27	SES087	0.0133667	-64.5921	-64.6054
BLOCK12/SES121/SA121S27	SES105	-2.72605	-67.3315	-64.6054
BLOCK12/SES121/SA121S27	SES120	-1.55521	-66.1606	-64.6054
BLOCK12/SES121/SA121S27	SES206	-1.23579	-65.8412	-64.6054
BLOCK12/SES124/SA124S16	SES042	-0.192127	-63.6349	-63.4428
BLOCK12/SES124/SA124S16	SES082	-0.884869	-64.3277	-63.4428
BLOCK12/SES124/SA124S16	SES183	-2.72329	-66.1661	-63.4428
BLOCK12/SES124/SA124S16	SES206	-1.20207	-64.6449	-63.4428
BLOCK12/SES124/SA124S17	SES105	-1.5782	-65.8937	-64.3155
BLOCK12/SES124/SA124S17	SES149	-1.69176	-66.0073	-64.3155
BLOCK12/SES124/SA124S17	SES158	-1.41148	-65.727	-64.3155
BLOCK12/SES124/SA124S17	SES275	-1.87678	-66.1923	-64.3155
BLOCK12/SES124/SA124S23	SES105	-2.34462	-64.4078	-62.0632
BLOCK12/SES124/SA124S23	SES125	0.108429	-61.9547	-62.0632
BLOCK12/SES124/SA124S23	SES129	-2.4765	-64.5397	-62.0632
BLOCK12/SES124/SA124S23	SES158	-0.289509	-62.3527	-62.0632
BLOCK12/SES124/SA124S26	SES105	-2.90252	-65.6589	-62.7564
BLOCK12/SES124/SA124S26	SES125	-0.0839081	-62.8403	-62.7564
BLOCK12/SES124/SA124S26	SES129	-2.6939	-65.4503	-62.7564
BLOCK12/SES124/SA124S26	SES158	-0.343235	-63.0996	-62.7564
BLOCK12/SES124/SA124S28	SES104	-0.476177	-62.7725	-62.2963
BLOCK12/SES124/SA124S28	SES106	-0.68964	-62.9859	-62.2963
BLOCK12/SES124/SA124S28	SES125	-0.0658913	-62.3622	-62.2963
BLOCK12/SES124/SA124S28	SES275	-2.52739	-64.8237	-62.2963
BLOCK12/SES126/SA126S13	SES007	-1.40306	-67.1378	-65.7347
BLOCK12/SES126/SA126S13	SES162	-0.98774	-66.7224	-65.7347
BLOCK12/SES126/SA126S13	SES177	-0.490486	-66.2252	-65.7347
BLOCK12/SES126/SA126S13	SES180	-1.33067	-67.0654	-65.7347
BLOCK12/SES126/SA126S14	SES144	-1.06862	-64.783	-63.7143
BLOCK12/SES126/SA126S14	SES148	-1.62868	-65.343	-63.7143
BLOCK12/SES126/SA126S14	SES177	-0.281208	-63.9956	-63.7143
BLOCK12/SES126/SA126S14	SES180	-0.702148	-64.4165	-63.7143
BLOCK12/SES126/SA126S20	SES007	-1.58296	-65.6761	-64.0931
BLOCK12/SES126/SA126S20	SES162	-1.34982	-65.4429	-64.0931
BLOCK12/SES126/SA126S20	SES172	-3.74615	-67.8392	-64.0931
BLOCK12/SES126/SA126S20	SES180	-1.52094	-65.614	-64.0931
BLOCK12/SES126/SA126S24	SES120	-0.754906	-64.214	-63.4591
BLOCK12/SES126/SA126S24	SES162	-0.595459	-64.0546	-63.4591
BLOCK12/SES126/SA126S24	SES177	-0.733955	-64.1931	-63.4591
BLOCK12/SES126/SA126S24	SES180	-0.341946	-63.8011	-63.4591
BLOCK12/SES126/SA126S26	SES120	-0.702438	-65.1057	-64.4033
BLOCK12/SES126/SA126S26	SES177	-0.928551	-65.3318	-64.4033
BLOCK12/SES126/SA126S26	SES180	-1.16716	-65.5704	-64.4033
BLOCK12/SES126/SA126S26	SES202	-1.29504	-65.6983	-64.4033
BLOCK12/SES128/SA128S10	SES087	-1.56032	-64.3979	-62.8376
BLOCK12/SES128/SA128S10	SES206	-0.836658	-63.6743	-62.8376
BLOCK12/SES128/SA128S10	SES226	-0.38298	-63.2206	-62.8376
BLOCK12/SES128/SA128S10	SES270	-0.159718	-62.9973	-62.8376
BLOCK12/SES128/SA128S12	SES120	-1.52044	-64.6406	-63.1202
BLOCK12/SES128/SA128S12	SES158	-1.27402	-64.3942	-63.1202
BLOCK12/SES128/SA128S12	SES206	-0.220032	-63.3402	-63.1202
BLOCK12/SES128/SA128S12	SES226	-0.803005	-63.9232	-63.1202
BLOCK12/SES128/SA128S21	SES106	-1.75784	-65.9612	-64.2033
BLOCK12/SES128/SA128S21	SES120	-1.52248	-65.7258	-64.2033
BLOCK12/SES128/SA128S21	SES206	-1.42328	-65.6266	-64.2033
BLOCK12/SES128/SA128S21	SES226	-1.22491	-65.4282	-64.2033
BLOCK12/SES128/SA128S24	SES087	-1.69732	-65.3564	-63.6591
BLOCK12/SES128/SA128S24	SES120	-0.833836	-64.493	-63.6591
BLOCK12/SES128/SA128S24	SES206	-0.918003	-64.5771	-63.6591
BLOCK12/SES128/SA128S24	SES226	-1.25564	-64.9148	-63.6591
BLOCK12/SES128/SA128S27	SES099	-0.522537	-62.9594	-62.4368
BLOCK12/SES128/SA128S27	SES120	-1.26677	-63.7036	-62.4368
BLOCK12/SES128/SA128S27	SES206	-0.904667	-63.3415	-62.4368
BLOCK12/SES128/SA128S27	SES226	-0.611439	-63.0483	-62.4368
BLOCK13/SES130/SA130S13	SES143	-1.11949	-65.6591	-64.5396
BLOCK13/SES130/SA130S13	SES144	-0.279343	-64.8189	-64.5396
BLOCK13/SES130/SA130S13	SES146	-0.26297	-64.8025	-64.5396
BLOCK13/SES130/SA130S13	SES275	-2.3653	-66.9049	-64.5396
BLOCK13/SES130/SA130S15	SES143	-1.13453	-65.184	-64.0495
BLOCK13/SES130/SA130S15	SES144	0.0105438	-64.0389	-64.0495
BLOCK13/SES130/SA130S15	SES146	-0.152863	-64.2023	-64.0495
BLOCK13/SES130/SA130S15	SES275	-0.765907	-64.8154	-64.0495
BLOCK13/SES130/SA130S23	SES127	-1.93027	-67.3194	-65.3892
BLOCK13/SES130/SA130S23	SES144	-0.527107	-65.9163	-65.3892
BLOCK13/SES130/SA130S23	SES146	-0.295097	-65.6843	-65.3892
BLOCK13/SES130/SA130S23	SES162	-0.792633	-66.1818	-65.3892
BLOCK13/SES130/SA130S25	SES127	-1.145	-64.6734	-63.5284
BLOCK13/SES130/SA130S25	SES144	0.0172462	-63.5112	-63.5284
BLOCK13/SES130/SA130S25	SES146	-0.376369	-63.9048	-63.5284
BLOCK13/SES130/SA130S25	SES275	-0.670647	-64.1991	-63.5284
BLOCK13/SES130/SA130S28	SES127	-1.25617	-65.4731	-64.2169
BLOCK13/SES130/SA130S28	SES144	-0.474052	-64.6909	-64.2169
BLOCK13/SES130/SA130S28	SES146	-0.590096	-64.807	-64.2169
BLOCK13/SES130/SA130S28	SES275	-0.445999	-64.6629	-64.2169
BLOCK13/SES131/SA131S13	SES002	-1.84148	-67.2429	-65.4015
BLOCK13/SES131/SA131S13	SES007	-2.35131	-67.7528	-65.4015
BLOCK13/SES131/SA131S13	SES099	-1.29323	-66.6947	-65.4015
BLOCK13/SES131/SA131S13	SES105	-1.9382	-67.3397	-65.4015
BLOCK13/SES131/SA131S14	SES104	-0.831963	-64.1141	-63.2821
BLOCK13/SES131/SA131S14	SES106	-0.704994	-63.9871	-63.2821
BLOCK13/SES131/SA131S14	SES125	-1.01324	-64.2953	-63.2821
BLOCK13/SES131/SA131S14	SES148	-1.49196	-64.7741	-63.2821
BLOCK13/SES131/SA131S20	SES104	-1.08461	-66.1302	-65.0455
BLOCK13/SES131/SA131S20	SES106	-0.83831	-65.8839	-65.0455
BLOCK13/SES131/SA131S20	SES125	-1.64024	-66.6858	-65.0455
BLOCK13/SES131/SA131S20	SES148	-2.04819	-67.0937	-65.0455
BLOCK13/SES131/SA131S22	SES099	-1.25771	-64.8148	-63.5571
BLOCK13/SES131/SA131S22	SES104	-1.23799	-64.7951	-63.5571
BLOCK13/SES131/SA131S22	SES125	-1.51283	-65.07	-63.5571
BLOCK13/SES131/SA131S22	SES206	-1.46589	-65.023	-63.5571
BLOCK13/SES131/SA131S29	SES087	-1.23523	-65.7405	-64.5053
BLOCK13/SES131/SA131S29	SES104	-1.592	-66.0973	-64.5053
BLOCK13/SES131/SA131S29	SES125	-1.65127	-66.1566	-64.5053
BLOCK13/SES131/SA131S29	SES206	-1.63131	-66.1366	-64.5053
BLOCK13/SES132/SA132S11	SES083	-1.06881	-64.2284	-63.1596
BLOCK13/SES132/SA132S11	SES120	-0.00511551	-63.1647	-63.1596
BLOCK13/SES132/SA132S11	SES127	-0.446877	-63.6065	-63.1596
BLOCK13/SES132/SA132S11	SES275	-1.00681	-64.1664	-63.1596
BLOCK13/SES132/SA132S12	SES083	-1.27542	-64.7283	-63.4529
BLOCK13/SES132/SA132S12	SES143	-0.966778	-64.4197	-63.4529
BLOCK13/SES132/SA132S12	SES144	-0.892818	-64.3457	-63.4529
BLOCK13/SES132/SA132S12	SES148	-1.2899	-64.7428	-63.4529
BLOCK13/SES132/SA132S22	SES062	-0.609161	-63.8189	-63.2098
BLOCK13/SES132/SA132S22	SES083	-0.723278	-63.933	-63.2098
BLOCK13/SES132/SA132S22	SES127	-0.501167	-63.7109	-63.2098
BLOCK13/SES132/SA132S22	SES275	-0.6245	-63.8343	-63.2098
BLOCK13/SES132/SA132S24	SES007	-0.559586	-63.6179	-63.0583
BLOCK13/SES132/SA132S24	SES083	-0.93544	-63.9938	-63.0583
BLOCK13/SES132/SA132S24	SES127	-0.817169	-63.8755	-63.0583
BLOCK13/SES132/SA132S24	SES275	-1.03263	-64.091	-63.0583
BLOCK13/SES132/SA132S27	SES083	-1.37023	-64.8229	-63.4527
BLOCK13/SES132/SA132S27	SES120	-0.17173	-63.6244	-63.4527
BLOCK13/SES132/SA132S27	SES127	-1.33802	-64.7907	-63.4527
BLOCK13/SES132/SA132S27	SES275	-1.46731	-64.92	-63.4527
BLOCK14/SES141/SA141S09	SES143	-0.565525	-64.3107	-63.7451
BLOCK14/SES141/SA141S09	SES144	-0.471706	-64.2169	-63.7451
BLOCK14/SES141/SA141S09	SES162	-0.608639	-64.3538	-63.7451
BLOCK14/SES141/SA141S09	SES180	-0.714466	-64.4596	-63.7451
BLOCK14/SES141/SA141S15	SES127	-0.795227	-64.7113	-63.9161
BLOCK14/SES141/SA141S15	SES144	-0.914986	-64.831	-63.9161
BLOCK14/SES141/SA141S15	SES162	-0.968834	-64.8849	-63.9161
BLOCK14/SES141/SA141S15	SES180	-0.371559	-64.2876	-63.9161
BLOCK14/SES141/SA141S24	SES127	-0.435669	-64.4343	-63.9986
BLOCK14/SES141/SA141S24	SES144	-0.983223	-64.9818	-63.9986
BLOCK14/SES141/SA141S24	SES162	-0.274254	-64.2729	-63.9986
BLOCK14/SES141/SA141S24	SES183	-1.43542	-65.4341	-63.9986
BLOCK14/SES141/SA141S26	SES142	-0.807877	-65.2091	-64.4012
BLOCK14/SES141/SA141S26	SES144	-0.975586	-65.3768	-64.4012
BLOCK14/SES141/SA141S26	SES172	-1.10376	-65.505	-64.4012
BLOCK14/SES141/SA141S26	SES180	-0.73185	-65.1331	-64.4012
BLOCK14/SES141/SA141S29	SES127	-0.131123	-63.8798	-63.7486
BLOCK14/SES141/SA141S29	SES142	0.0870361	-63.6616	-63.7486
BLOCK14/SES141/SA141S29	SES144	-0.928791	-64.6774	-63.7486
BLOCK14/SES141/SA141S29	SES180	-0.0878334	-63.8365	-63.7486
BLOCK15/SES157/SA157S08	SES083	-1.67707	-65.5245	-63.8474
BLOCK15/SES157/SA157S08	SES127	-1.1669	-65.0143	-63.8474
BLOCK15/SES157/SA157S08	SES148	-0.715755	-64.5632	-63.8474
BLOCK15/SES157/SA157S08	SES292	-1.23038	-65.0778	-63.8474
BLOCK15/SES157/SA157S11	SES083	-1.4627	-64.893	-63.4302
BLOCK15/SES157/SA157S11	SES127	-1.59669	-65.0269	-63.4302
BLOCK15/SES157/SA157S11	SES148	-0.892902	-64.3232	-63.4302
BLOCK15/SES157/SA157S11	SES292	-1.41868	-64.8489	-63.4302
BLOCK15/SES157/SA157S21	SES127	-1.06484	-64.3681	-63.3032
BLOCK15/SES157/SA157S21	SES148	-0.225063	-63.5283	-63.3032
BLOCK15/SES157/SA157S21	SES158	-3.56881	-66.8721	-63.3032
BLOCK15/SES157/SA157S21	SES292	-0.679935	-63.9832	-63.3032
BLOCK15/SES157/SA157S24	SES127	-1.36086	-64.8843	-63.5235
BLOCK15/SES157/SA157S24	SES148	-0.647427	-64.1709	-63.5235
BLOCK15/SES157/SA157S24	SES183	-1.61262	-65.1361	-63.5235
BLOCK15/SES157/SA157S24	SES292	-1.03955	-64.563	-63.5235
BLOCK15/SES157/SA157S26	SES007	-0.41103	-64.019	-63.6079
BLOCK15/SES157/SA157S26	SES127	-0.487415	-64.0954	-63.6079
BLOCK15/SES157/SA157S26	SES147	-1.94891	-65.5568	-63.6079
BLOCK15/SES157/SA157S26	SES148	-0.545208	-64.1531	-63.6079
BLOCK16/SES161/SA161S10	SES007	-1.59033	-66.3713	-64.781
BLOCK16/SES161/SA161S10	SES105	-1.39927	-66.1802	-64.781
BLOCK16/SES161/SA161S10	SES158	-1.59979	-66.3808	-64.781
BLOCK16/SES161/SA161S10	SES275	-1.62543	-66.4064	-64.781
BLOCK16/SES161/SA161S12	SES007	-1.1403	-65.3137	-64.1734
BLOCK16/SES161/SA161S12	SES105	-1.66615	-65.8395	-64.1734
BLOCK16/SES161/SA161S12	SES158	-1.15915	-65.3325	-64.1734
BLOCK16/SES161/SA161S12	SES275	-1.14924	-65.3226	-64.1734
BLOCK16/SES161/SA161S20	SES007	-1.69264	-67.4622	-65.7696
BLOCK16/SES161/SA161S20	SES105	-1.81625	-67.5858	-65.7696
BLOCK16/SES161/SA161S20	SES158	-1.0388	-66.8084	-65.7696
BLOCK16/SES161/SA161S20	SES275	-2.0556	-67.8252	-65.7696
BLOCK16/SES161/SA161S23	SES007	-1.68622	-65.4614	-63.7751
BLOCK16/SES161/SA161S23	SES105	-0.967472	-64.7426	-63.7751
BLOCK16/SES161/SA161S23	SES148	-2.07593	-65.8511	-63.7751
BLOCK16/SES161/SA161S23	SES158	-0.998875	-64.774	-63.7751
BLOCK16/SES161/SA161S28	SES007	-1.62307	-65.7602	-64.1371
BLOCK16/SES161/SA161S28	SES105	-1.85504	-65.9922	-64.1371
BLOCK16/SES161/SA161S28	SES158	-0.599205	-64.7363	-64.1371
BLOCK16/SES161/SA161S28	SES206	-0.912193	-65.0493	-64.1371
BLOCK16/SES164/SA164S11	SES104	-1.1362	-63.6518	-62.5156
BLOCK16/SES164/SA164S11	SES125	-0.445839	-62.9614	-62.5156
BLOCK16/SES164/SA164S11	SES158	-0.111576	-62.6271	-62.5156
BLOCK16/SES164/SA164S11	SES206	-1.3553	-63.8709	-62.5156
BLOCK16/SES164/SA164S13	SES099	-0.873974	-64.8547	-63.9807
BLOCK16/SES164/SA164S13	SES104	-1.14145	-65.1222	-63.9807
BLOCK16/SES164/SA164S13	SES125	-1.46989	-65.4506	-63.9807
BLOCK16/SES164/SA164S13	SES206	-1.17237	-65.1531	-63.9807
BLOCK16/SES164/SA164S24	SES002	0.290741	-62.9553	-63.246
BLOCK16/SES164/SA164S24	SES099	-0.391235	-63.6373	-63.246
BLOCK16/SES164/SA164S24	SES125	-1.27498	-64.521	-63.246
BLOCK16/SES164/SA164S24	SES226	-0.174389	-63.4204	-63.246
BLOCK16/SES164/SA164S27	SES087	-1.76682	-65.6144	-63.8476
BLOCK16/SES164/SA164S27	SES125	-0.913395	-64.761	-63.8476
BLOCK16/SES164/SA164S27	SES206	-1.1688	-65.0164	-63.8476
BLOCK16/SES164/SA164S27	SES226	-0.726055	-64.5737	-63.8476
BLOCK16/SES164/SA164S29	SES002	0.364971	-63.1003	-63.4653
BLOCK16/SES164/SA164S29	SES019	-0.940582	-64.4059	-63.4653
BLOCK16/SES164/SA164S29	SES125	-0.792236	-64.2575	-63.4653
BLOCK16/SES164/SA164S29	SES226	-0.70118	-64.1665	-63.4653
BLOCK16/SES169/SA169S13	SES117	-1.2528	-65.3638	-64.111
BLOCK16/SES169/SA169S13	SES144	-0.650429	-64.7614	-64.111
BLOCK16/SES169/SA169S13	SES146	-0.849709	-64.9607	-64.111
BLOCK16/SES169/SA169S13	SES162	-1.08955	-65.2005	-64.111
BLOCK16/SES169/SA169S14	SES144	-0.597721	-63.8142	-63.2165
BLOCK16/SES169/SA169S14	SES148	-0.447357	-63.6638	-63.2165
BLOCK16/SES169/SA169S14	SES177	-1.03326	-64.2497	-63.2165
BLOCK16/SES169/SA169S14	SES180	-2.22816	-65.4446	-63.2165
BLOCK16/SES169/SA169S24	SES117	-0.812592	-65.5747	-64.7621
BLOCK16/SES169/SA169S24	SES144	-0.503426	-65.2655	-64.7621
BLOCK16/SES169/SA169S24	SES146	-0.553055	-65.3151	-64.7621
BLOCK16/SES169/SA169S24	SES162	-1.10757	-65.8696	-64.7621
BLOCK16/SES169/SA169S27	SES127	-0.754852	-65.0511	-64.2963
BLOCK16/SES169/SA169S27	SES129	-0.547493	-64.8438	-64.2963
BLOCK16/SES169/SA169S27	SES144	-0.860413	-65.1567	-64.2963
BLOCK16/SES169/SA169S27	SES146	-0.194229	-64.4905	-64.2963
BLOCK16/SES169/SA169S29	SES144	-0.369423	-63.7151	-63.3457
BLOCK16/SES169/SA169S29	SES162	-1.04877	-64.3944	-63.3457
BLOCK16/SES169/SA169S29	SES177	-1.79224	-65.1379	-63.3457
BLOCK16/SES169/SA169S29	SES180	-1.45139	-64.7971	-63.3457
BLOCK17/SES171/SA171S12	SES083	-0.684586	-65.2205	-64.5359
BLOCK17/SES171/SA171S12	SES148	-1.33512	-65.871	-64.5359
BLOCK17/SES171/SA171S12	SES172	-1.07929	-65.6152	-64.5359
BLOCK17/SES171/SA171S12	SES292	-1.70798	-66.2439	-64.5359
BLOCK17/SES171/SA171S15	SES148	-1.04296	-65.8475	-64.8045
BLOCK17/SES171/SA171S15	SES177	-1.07388	-65.8784	-64.8045
BLOCK17/SES171/SA171S15	SES180	-2.32694	-67.1315	-64.8045
BLOCK17/SES171/SA171S15	SES292	-2.08289	-66.8874	-64.8045
BLOCK17/SES171/SA171S22	SES007	-1.09282	-64.5212	-63.4284
BLOCK17/SES171/SA171S22	SES148	-1.07627	-64.5047	-63.4284
BLOCK17/SES171/SA171S22	SES177	-0.686729	-64.1151	-63.4284
BLOCK17/SES171/SA171S22	SES180	-1.77092	-65.1993	-63.4284
BLOCK17/SES171/SA171S25	SES101	-1.99937	-67.121	-65.1217
BLOCK17/SES171/SA171S25	SES120	-2.4623	-67.584	-65.1217
BLOCK17/SES171/SA171S25	SES177	-0.395943	-65.5176	-65.1217
BLOCK17/SES171/SA171S25	SES180	-1.4036	-66.5253	-65.1217
BLOCK17/SES171/SA171S27	SES177	-0.348343	-64.6601	-64.3117
BLOCK17/SES171/SA171S27	SES180	-1.3644	-65.6761	-64.3117
BLOCK17/SES171/SA171S27	SES189	-0.450974	-64.7627	-64.3117
BLOCK17/SES171/SA171S27	SES292	-1.9174	-66.2291	-64.3117
BLOCK17/SES173/SA173S13	SES162	-1.65632	-66.943	-65.2867
BLOCK17/SES173/SA173S13	SES177	-1.66563	-66.9523	-65.2867
BLOCK17/SES173/SA173S13	SES180	-1.75425	-67.041	-65.2867
BLOCK17/SES173/SA173S13	SES292	-1.41449	-66.7012	-65.2867
BLOCK17/SES173/SA173S14	SES007	-2.09145	-67.7253	-65.6339
BLOCK17/SES173/SA173S14	SES162	-1.3112	-66.9451	-65.6339
BLOCK17/SES173/SA173S14	SES177	-1.1573	-66.7912	-65.6339
BLOCK17/SES173/SA173S14	SES180	-1.85799	-67.4919	-65.6339
BLOCK17/SES173/SA173S24	SES144	-0.722786	-66.7949	-66.0721
BLOCK17/SES173/SA173S24	SES162	-1.21872	-67.2909	-66.0721
BLOCK17/SES173/SA173S24	SES177	-1.33675	-67.4089	-66.0721
BLOCK17/SES173/SA173S24	SES180	-1.79328	-67.8654	-66.0721
BLOCK17/SES173/SA173S27	SES162	-1.74611	-66.8128	-65.0667
BLOCK17/SES173/SA173S27	SES177	-1.33772	-66.4044	-65.0667
BLOCK17/SES173/SA173S27	SES180	-1.51044	-66.5771	-65.0667
BLOCK17/SES173/SA173S27	SES292	-1.95122	-67.0179	-65.0667
BLOCK17/SES173/SA173S29	SES162	-1.11804	-66.4177	-65.2996
BLOCK17/SES173/SA173S29	SES175	-0.377724	-65.6774	-65.2996
BLOCK17/SES173/SA173S29	SES177	-1.05598	-66.3556	-65.2996
BLOCK17/SES173/SA173S29	SES292	-2.19282	-67.4925	-65.2996
BLOCK18/SES182/SA182S10	SES144	-0.590336	-64.5393	-63.949
BLOCK18/SES182/SA182S10	SES177	-0.546879	-64.4959	-63.949
BLOCK18/SES182/SA182S10	SES180	-1.83228	-65.7813	-63.949
BLOCK18/SES182/SA182S10	SES275	-1.14313	-65.0921	-63.949
BLOCK18/SES182/SA182S12	SES144	-0.352772	-63.9682	-63.6154
BLOCK18/SES182/SA182S12	SES177	-0.709862	-64.3253	-63.6154
BLOCK18/SES182/SA182S12	SES180	-0.92601	-64.5415	-63.6154
BLOCK18/SES182/SA182S12	SES275	-1.0685	-64.684	-63.6154
BLOCK18/SES182/SA182S21	SES117	-0.6297	-65.4631	-64.8334
BLOCK18/SES182/SA182S21	SES144	-1.10105	-65.9344	-64.8334
BLOCK18/SES182/SA182S21	SES162	-0.487656	-65.321	-64.8334
BLOCK18/SES182/SA182S21	SES180	-1.26833	-66.1017	-64.8334
BLOCK18/SES182/SA182S23	SES117	-0.82991	-64.8387	-64.0088
BLOCK18/SES182/SA182S23	SES144	-1.10671	-65.1155	-64.0088
BLOCK18/SES182/SA182S23	SES180	-1.49023	-65.499	-64.0088
BLOCK18/SES182/SA182S23	SES275	-1.34336	-65.3522	-64.0088
BLOCK18/SES182/SA182S25	SES007	-0.456718	-64.7707	-64.314
BLOCK18/SES182/SA182S25	SES162	-0.124878	-64.4389	-64.314
BLOCK18/SES182/SA182S25	SES177	-0.33622	-64.6502	-64.314
BLOCK18/SES182/SA182S25	SES180	-0.831841	-65.1458	-64.314
BLOCK18/SES184/SA184S12	SES177	-0.662109	-64.9337	-64.2716
BLOCK18/SES184/SA184S12	SES180	-0.849823	-65.1214	-64.2716
BLOCK18/SES184/SA184S12	SES189	-1.55333	-65.8249	-64.2716
BLOCK18/SES184/SA184S12	SES292	-1.17237	-65.4439	-64.2716
BLOCK18/SES184/SA184S13	SES101	-0.881409	-64.9013	-64.0199
BLOCK18/SES184/SA184S13	SES177	-0.612892	-64.6328	-64.0199
BLOCK18/SES184/SA184S13	SES180	-0.825157	-64.8451	-64.0199
BLOCK18/SES184/SA184S13	SES292	-0.87075	-64.8907	-64.0199
BLOCK18/SES184/SA184S22	SES177	-1.18153	-64.094	-62.9125
BLOCK18/SES184/SA184S22	SES180	-0.916687	-63.8291	-62.9125
BLOCK18/SES184/SA184S22	SES189	-1.88374	-64.7962	-62.9125
BLOCK18/SES184/SA184S22	SES292	-0.997974	-63.9104	-62.9125
BLOCK18/SES184/SA184S25	SES101	-0.405964	-63.1875	-62.7815
BLOCK18/SES184/SA184S25	SES177	-0.88913	-63.6707	-62.7815
BLOCK18/SES184/SA184S25	SES180	-0.861191	-63.6427	-62.7815
BLOCK18/SES184/SA184S25	SES292	-0.555527	-63.3371	-62.7815
BLOCK18/SES184/SA184S27	SES083	-0.882053	-64.2729	-63.3908
BLOCK18/SES184/SA184S27	SES177	-0.846348	-64.2372	-63.3908
BLOCK18/SES184/SA184S27	SES202	-1.62628	-65.0171	-63.3908
BLOCK18/SES184/SA184S27	SES292	-0.851765	-64.2426	-63.3908
BLOCK20/SES204/SA204S12	SES062	-1.34229	-63.6299	-62.2876
BLOCK20/SES204/SA204S12	SES083	-2.05932	-64.3469	-62.2876
BLOCK20/SES204/SA204S12	SES206	-0.309692	-62.5973	-62.2876
BLOCK20/SES204/SA204S12	SES226	-1.28071	-63.5683	-62.2876
BLOCK20/SES204/SA204S14	SES068	-2.30532	-63.4994	-61.1941
BLOCK20/SES204/SA204S14	SES087	-0.224789	-61.4189	-61.1941
BLOCK20/SES204/SA204S14	SES206	-0.545307	-61.7394	-61.1941
BLOCK20/SES204/SA204S14	SES226	-1.52644	-62.7206	-61.1941
BLOCK20/SES204/SA204S22	SES068	-2.82974	-65.1031	-62.2734
BLOCK20/SES204/SA204S22	SES082	-2.25444	-64.5278	-62.2734
BLOCK20/SES204/SA204S22	SES083	-2.82039	-65.0938	-62.2734
BLOCK20/SES204/SA204S22	SES206	-0.441265	-62.7146	-62.2734
BLOCK20/SES204/SA204S25	SES062	-2.18782	-64.7287	-62.5409
BLOCK20/SES204/SA204S25	SES083	-2.52221	-65.0631	-62.5409
BLOCK20/SES204/SA204S25	SES206	-0.49168	-63.0325	-62.5409
BLOCK20/SES204/SA204S25	SES226	-1.57044	-64.1113	-62.5409
BLOCK20/SES204/SA204S27	SES068	-2.57579	-65.5935	-63.0177
BLOCK20/SES204/SA204S27	SES082	-1.95432	-64.972	-63.0177
BLOCK20/SES204/SA204S27	SES087	-0.629482	-63.6472	-63.0177
BLOCK20/SES204/SA204S27	SES206	-0.57806	-63.5957	-63.0177
BLOCK20/SES207/SA207S10	SES127	-0.606857	-64.6568	-64.05
BLOCK20/SES207/SA207S10	SES183	-1.20559	-65.2556	-64.05
BLOCK20/SES207/SA207S10	SES189	-0.947899	-64.9979	-64.05
BLOCK20/SES207/SA207S10	SES292	-1.28708	-65.3371	-64.05
BLOCK20/SES207/SA207S11	SES127	-1.42047	-65.0852	-63.6647
BLOCK20/SES207/SA207S11	SES183	-1.23475	-64.8995	-63.6647
BLOCK20/SES207/SA207S11	SES187	-0.745525	-64.4103	-63.6647
BLOCK20/SES207/SA207S11	SES292	-1.16764	-64.8324	-63.6647
BLOCK20/SES207/SA207S25	SES068	-1.37907	-65.5797	-64.2006
BLOCK20/SES207/SA207S25	SES083	-1.19579	-65.3964	-64.2006
BLOCK20/SES207/SA207S25	SES127	-0.724556	-64.9251	-64.2006
BLOCK20/SES207/SA207S25	SES187	-0.211296	-64.4119	-64.2006
BLOCK20/SES207/SA207S27	SES127	-0.880661	-65.4433	-64.5627
BLOCK20/SES207/SA207S27	SES183	-0.41584	-64.9785	-64.5627
BLOCK20/SES207/SA207S27	SES187	-0.48613	-65.0488	-64.5627
BLOCK20/SES207/SA207S27	SES292	-1.36986	-65.9325	-64.5627
BLOCK20/SES207/SA207S29	SES083	-1.14331	-64.9317	-63.7884
BLOCK20/SES207/SA207S29	SES085	-0.782696	-64.5711	-63.7884
BLOCK20/SES207/SA207S29	SES172	-1.15332	-64.9418	-63.7884
BLOCK20/SES207/SA207S29	SES189	-1.22493	-65.0134	-63.7884
BLOCK22/SES221/SA221S12	SES068	-0.553326	-64.4948	-63.9415
BLOCK22/SES221/SA221S12	SES143	-1.37558	-65.317	-63.9415
BLOCK22/SES221/SA221S12	SES175	-0.766903	-64.7084	-63.9415
BLOCK22/SES221/SA221S12	SES202	0.0613174	-63.8802	-63.9415
BLOCK22/SES221/SA221S15	SES085	-2.21259	-67.5005	-65.2879
BLOCK22/SES221/SA221S15	SES143	-1.71105	-66.9989	-65.2879
BLOCK22/SES221/SA221S15	SES175	-0.827942	-66.1158	-65.2879
BLOCK22/SES221/SA221S15	SES187	-0.60083	-65.8887	-65.2879
BLOCK22/SES221/SA221S23	SES068	-1.29793	-65.4665	-64.1686
BLOCK22/SES221/SA221S23	SES143	-1.41821	-65.5868	-64.1686
BLOCK22/SES221/SA221S23	SES175	-0.0039978	-64.1726	-64.1686
BLOCK22/SES221/SA221S23	SES189	0.46246	-63.7061	-64.1686
BLOCK22/SES221/SA221S27	SES085	-3.1942	-67.2086	-64.0144
BLOCK22/SES221/SA221S27	SES143	-0.969948	-64.9844	-64.0144
BLOCK22/SES221/SA221S27	SES175	-0.301567	-64.316	-64.0144
BLOCK22/SES221/SA221S27	SES189	1.01965	-62.9948	-64.0144
BLOCK22/SES221/SA221S29	SES085	-3.07355	-68.8546	-65.781
BLOCK22/SES221/SA221S29	SES143	-1.12025	-66.9013	-65.781
BLOCK22/SES221/SA221S29	SES175	-0.339851	-66.1209	-65.781
BLOCK22/SES221/SA221S29	SES187	-0.182014	-65.963	-65.781
BLOCK22/SES223/SA223S11	SES143	-0.51545	-65.1957	-64.6803
BLOCK22/SES223/SA223S11	SES144	-1.67573	-66.356	-64.6803
BLOCK22/SES223/SA223S11	SES175	-0.369652	-65.0499	-64.6803
BLOCK22/SES223/SA223S11	SES187	-0.784096	-65.4644	-64.6803
BLOCK22/SES223/SA223S13	SES068	-0.847847	-66.3128	-65.465
BLOCK22/SES223/SA223S13	SES143	-1.46549	-66.9304	-65.465
BLOCK22/SES223/SA223S13	SES146	-1.87543	-67.3404	-65.465
BLOCK22/SES223/SA223S13	SES202	-0.761047	-66.226	-65.465
BLOCK22/SES223/SA223S22	SES143	-0.768089	-65.5863	-64.8182
BLOCK22/SES223/SA223S22	SES144	-1.74857	-66.5667	-64.8182
BLOCK22/SES223/SA223S22	SES175	-0.463669	-65.2819	-64.8182
BLOCK22/SES223/SA223S22	SES187	-0.291847	-65.11	-64.8182
BLOCK22/SES223/SA223S25	SES068	-1.33423	-66.0695	-64.7352
BLOCK22/SES223/SA223S25	SES143	-1.14896	-65.8842	-64.7352
BLOCK22/SES223/SA223S25	SES175	-0.59008	-65.3253	-64.7352
BLOCK22/SES223/SA223S25	SES187	-0.708321	-65.4436	-64.7352
BLOCK22/SES223/SA223S27	SES143	-0.987877	-66.1668	-65.1789
BLOCK22/SES223/SA223S27	SES146	-1.33477	-66.5137	-65.1789
BLOCK22/SES223/SA223S27	SES187	-0.679947	-65.8588	-65.1789
BLOCK22/SES223/SA223S27	SES292	-1.8401	-67.019	-65.1789
BLOCK27/SES273/SA273S12	SES099	-0.071682	-60.8206	-60.7489
BLOCK27/SES273/SA273S12	SES104	0.154572	-60.5943	-60.7489
BLOCK27/SES273/SA273S12	SES125	-0.643963	-61.3929	-60.7489
BLOCK27/SES273/SA273S12	SES206	0.153622	-60.5953	-60.7489
BLOCK27/SES273/SA273S13	SES099	-0.350372	-61.2639	-60.9135
BLOCK27/SES273/SA273S13	SES104	-0.267994	-61.1815	-60.9135
BLOCK27/SES273/SA273S13	SES206	-0.181141	-61.0946	-60.9135
BLOCK27/SES273/SA273S13	SES292	-1.77046	-62.684	-60.9135
BLOCK27/SES273/SA273S21	SES099	0.166218	-61.0136	-61.1798
BLOCK27/SES273/SA273S21	SES148	-2.44354	-63.6233	-61.1798
BLOCK27/SES273/SA273S21	SES149	-0.734692	-61.9145	-61.1798
BLOCK27/SES273/SA273S21	SES177	-1.99154	-63.1713	-61.1798
BLOCK27/SES273/SA273S25	SES104	-0.159161	-61.6248	-61.4657
BLOCK27/SES273/SA273S25	SES125	-0.654259	-62.1199	-61.4657
BLOCK27/SES273/SA273S25	SES158	-0.397942	-61.8636	-61.4657
BLOCK27/SES273/SA273S25	SES206	0.340572	-61.1251	-61.4657
BLOCK27/SES273/SA273S27	SES099	-0.245571	-62.0207	-61.7752
BLOCK27/SES273/SA273S27	SES104	-0.474205	-62.2494	-61.7752
BLOCK27/SES273/SA273S27	SES149	-0.5896	-62.3648	-61.7752
BLOCK27/SES273/SA273S27	SES275	-1.38071	-63.1559	-61.7752
BLOCK27/SES274/SA274S10	SES105	-1.70329	-63.8944	-62.1911
BLOCK27/SES274/SA274S10	SES125	-1.43943	-63.6305	-62.1911
BLOCK27/SES274/SA274S10	SES129	-1.13947	-63.3306	-62.1911
BLOCK27/SES274/SA274S10	SES158	-1.59771	-63.7888	-62.1911
BLOCK27/SES274/SA274S11	SES105	-1.65028	-63.9673	-62.317
BLOCK27/SES274/SA274S11	SES149	-1.10474	-63.4218	-62.317
BLOCK27/SES274/SA274S11	SES158	-1.1927	-63.5097	-62.317
BLOCK27/SES274/SA274S11	SES275	-1.4978	-63.8148	-62.317
BLOCK27/SES274/SA274S21	SES105	-1.49726	-64.1341	-62.6368
BLOCK27/SES274/SA274S21	SES129	-1.16389	-63.8007	-62.6368
BLOCK27/SES274/SA274S21	SES149	-1.27615	-63.913	-62.6368
BLOCK27/SES274/SA274S21	SES158	-1.78326	-64.4201	-62.6368
BLOCK27/SES274/SA274S24	SES105	-1.2292	-63.2096	-61.9804
BLOCK27/SES274/SA274S24	SES129	-1.28168	-63.2621	-61.9804
BLOCK27/SES274/SA274S24	SES149	-1.54906	-63.5295	-61.9804
BLOCK27/SES274/SA274S24	SES158	-1.77307	-63.7535	-61.9804
BLOCK27/SES274/SA274S29	SES105	-1.71931	-63.9974	-62.2781
BLOCK27/SES274/SA274S29	SES106	-1.3702	-63.6483	-62.2781
BLOCK27/SES274/SA274S29	SES120	-1.31696	-63.595	-62.2781
BLOCK27/SES274/SA274S29	SES275	-1.33559	-63.6136	-62.2781
BLOCK27/SES276/SA276S16	SES148	-1.33863	-65.2701	-63.9315
BLOCK27/SES276/SA276S16	SES172	-1.16206	-65.0935	-63.9315
BLOCK27/SES276/SA276S16	SES180	-2.42699	-66.3585	-63.9315
BLOCK27/SES276/SA276S16	SES292	-0.550407	-64.4819	-63.9315
BLOCK27/SES276/SA276S17	SES101	-0.836124	-64.696	-63.8599
BLOCK27/SES276/SA276S17	SES177	-1.03975	-64.8996	-63.8599
BLOCK27/SES276/SA276S17	SES180	-1.46803	-65.3279	-63.8599
BLOCK27/SES276/SA276S17	SES292	-1.12901	-64.9889	-63.8599
BLOCK27/SES276/SA276S24	SES101	-0.364643	-63.0885	-62.7238
BLOCK27/SES276/SA276S24	SES177	-1.18476	-63.9086	-62.7238
BLOCK27/SES276/SA276S24	SES180	-1.42244	-64.1463	-62.7238
BLOCK27/SES276/SA276S24	SES292	-1.26252	-63.9864	-62.7238
BLOCK27/SES276/SA276S26	SES101	-1.45977	-64.5525	-63.0927
BLOCK27/SES276/SA276S26	SES177	-0.69656	-63.7893	-63.0927
BLOCK27/SES276/SA276S26	SES180	-0.548183	-63.6409	-63.0927
BLOCK27/SES276/SA276S26	SES292	-0.521458	-63.6142	-63.0927
BLOCK27/SES276/SA276S28	SES101	-0.676186	-64.0872	-63.4111
BLOCK27/SES276/SA276S28	SES177	-0.930054	-64.3411	-63.4111
BLOCK27/SES276/SA276S28	SES180	-0.694923	-64.106	-63.4111
BLOCK27/SES276/SA276S28	SES292	-1.07991	-64.491	-63.4111
BLOCK27/SES277/SA277S12	SES101	-0.965141	-65.244	-64.2788
BLOCK27/SES277/SA277S12	SES177	-0.981522	-65.2603	-64.2788
BLOCK27/SES277/SA277S12	SES180	-1.26083	-65.5397	-64.2788
BLOCK27/SES277/SA277S12	SES292	-1.96069	-66.2395	-64.2788
BLOCK27/SES277/SA277S14	SES177	-0.563271	-65.556	-64.9927
BLOCK27/SES277/SA277S14	SES180	-0.945869	-65.9386	-64.9927
BLOCK27/SES277/SA277S14	SES189	-0.0867081	-65.0795	-64.9927
BLOCK27/SES277/SA277S14	SES292	-2.06873	-67.0615	-64.9927
BLOCK27/SES277/SA277S21	SES177	-0.514183	-64.1079	-63.5937
BLOCK27/SES277/SA277S21	SES180	-1.68842	-65.2821	-63.5937
BLOCK27/SES277/SA277S21	SES189	-0.550522	-64.1442	-63.5937
BLOCK27/SES277/SA277S21	SES292	-2.08768	-65.6814	-63.5937
BLOCK27/SES277/SA277S24	SES144	-0.728951	-65.7614	-65.0325
BLOCK27/SES277/SA277S24	SES177	-0.796524	-65.829	-65.0325
BLOCK27/SES277/SA277S24	SES180	-1.39194	-66.4244	-65.0325
BLOCK27/SES277/SA277S24	SES189	-0.488808	-65.5213	-65.0325
BLOCK27/SES277/SA277S29	SES177	-0.595795	-63.5748	-62.979
BLOCK27/SES277/SA277S29	SES180	-0.810009	-63.789	-62.979
BLOCK27/SES277/SA277S29	SES202	-0.977898	-63.9569	-62.979
BLOCK27/SES277/SA277S29	SES292	-1.26076	-64.2397	-62.979
BLOCK27/SES279/SA279S09	SES120	-1.14006	-63.7357	-62.5956
BLOCK27/SES279/SA279S09	SES146	-1.26571	-63.8613	-62.5956
BLOCK27/SES279/SA279S09	SES206	-0.750561	-63.3462	-62.5956
BLOCK27/SES279/SA279S09	SES226	-1.48603	-64.0817	-62.5956
BLOCK27/SES279/SA279S10	SES099	-0.346455	-62.9027	-62.5563
BLOCK27/SES279/SA279S10	SES206	-0.571041	-63.1273	-62.5563
BLOCK27/SES279/SA279S10	SES226	-1.40913	-63.9654	-62.5563
BLOCK27/SES279/SA279S10	SES292	-0.685631	-63.2419	-62.5563
BLOCK27/SES279/SA279S20	SES099	-1.43344	-64.495	-63.0615
BLOCK27/SES279/SA279S20	SES206	-0.393936	-63.4555	-63.0615
BLOCK27/SES279/SA279S20	SES226	-1.51241	-64.5739	-63.0615
BLOCK27/SES279/SA279S20	SES292	-0.326885	-63.3884	-63.0615
BLOCK27/SES279/SA279S26	SES099	-0.851757	-63.4325	-62.5808
BLOCK27/SES279/SA279S26	SES206	-0.208786	-62.7896	-62.5808
BLOCK27/SES279/SA279S26	SES226	-1.15666	-63.7374	-62.5808
BLOCK27/SES279/SA279S26	SES292	-0.83437	-63.4151	-62.5808
BLOCK27/SES279/SA279S28	SES099	-1.09402	-62.4694	-61.3754
BLOCK27/SES279/SA279S28	SES120	-1.37623	-62.7516	-61.3754
BLOCK27/SES279/SA279S28	SES177	-2.39301	-63.7684	-61.3754
BLOCK27/SES279/SA279S28	SES206	-0.930634	-62.306	-61.3754
BLOCK29/SES290/SA290S12	SES162	-0.912239	-64.9655	-64.0532
BLOCK29/SES290/SA290S12	SES177	-0.973152	-65.0264	-64.0532
BLOCK29/SES290/SA290S12	SES180	-1.32694	-65.3802	-64.0532
BLOCK29/SES290/SA290S12	SES292	-2.21939	-66.2726	-64.0532
BLOCK29/SES290/SA290S13	SES007	-2.31269	-66.3923	-64.0796
BLOCK29/SES290/SA290S13	SES162	-1.77086	-65.8505	-64.0796
BLOCK29/SES290/SA290S13	SES177	-0.664703	-64.7443	-64.0796
BLOCK29/SES290/SA290S13	SES180	-1.05158	-65.1312	-64.0796
BLOCK29/SES290/SA290S22	SES177	-0.656075	-64.4443	-63.7882
BLOCK29/SES290/SA290S22	SES180	-0.42289	-64.2111	-63.7882
BLOCK29/SES290/SA290S22	SES202	-0.703606	-64.4918	-63.7882
BLOCK29/SES290/SA290S22	SES292	-1.74544	-65.5337	-63.7882
BLOCK29/SES290/SA290S25	SES162	-0.723328	-64.3435	-63.6201
BLOCK29/SES290/SA290S25	SES177	-0.772583	-64.3927	-63.6201
BLOCK29/SES290/SA290S25	SES180	-1.03308	-64.6532	-63.6201
BLOCK29/SES290/SA290S25	SES292	-1.63687	-65.257	-63.6201
BLOCK29/SES290/SA290S29	SES177	-0.048111	-63.7497	-63.7016
BLOCK29/SES290/SA290S29	SES180	0.0360603	-63.6656	-63.7016
BLOCK29/SES290/SA290S29	SES275	-1.68204	-65.3837	-63.7016
BLOCK29/SES290/SA290S29	SES292	-1.20816	-64.9098	-63.7016
BLOCK29/SES291/SA291S11	SES105	-2.68126	-65.787	-63.1057
BLOCK29/SES291/SA291S11	SES125	-0.785847	-63.8916	-63.1057
BLOCK29/SES291/SA291S11	SES158	-0.869286	-63.975	-63.1057
BLOCK29/SES291/SA291S11	SES275	-2.88217	-65.9879	-63.1057
BLOCK29/SES291/SA291S12	SES158	0.333145	-62.0617	-62.3948
BLOCK29/SES291/SA291S12	SES226	-1.01632	-63.4112	-62.3948
BLOCK29/SES291/SA291S12	SES270	0.323528	-62.0713	-62.3948
BLOCK29/SES291/SA291S12	SES275	-3.79397	-66.1888	-62.3948
BLOCK29/SES291/SA291S22	SES082	-0.563179	-63.0445	-62.4813
BLOCK29/SES291/SA291S22	SES158	-0.57584	-63.0571	-62.4813
BLOCK29/SES291/SA291S22	SES259	-0.725258	-63.2066	-62.4813
BLOCK29/SES291/SA291S22	SES275	-2.78279	-65.2641	-62.4813
BLOCK29/SES291/SA291S24	SES104	0.0843391	-61.6155	-61.6999
BLOCK29/SES291/SA291S24	SES125	-0.301819	-62.0017	-61.6999
BLOCK29/SES291/SA291S24	SES158	-0.216728	-61.9166	-61.6999
BLOCK29/SES291/SA291S24	SES275	-3.00872	-64.7086	-61.6999
BLOCK29/SES291/SA291S27	SES158	0.0766296	-62.022	-62.0986
BLOCK29/SES291/SA291S27	SES172	-3.65749	-65.7561	-62.0986
BLOCK29/SES291/SA291S27	SES275	-3.29743	-65.3961	-62.0986
BLOCK29/SES291/SA291S27	SES292	-2.43594	-64.5346	-62.0986
Threshold search:
THR	-3.79397719081	9	0(0)	1(1000)
THR	-3.7220690189019	8.982	0(0)	0.998(998)
THR	-3.6501608469938	8.973	0(0)	0.997(997)
THR	-3.5782526750857	8.973	0(0)	0.997(997)
THR	-3.5063445031776	8.964	0(0)	0.996(996)
THR	-3.4344363312695	8.964	0(0)	0.996(996)
THR	-3.3625281593614	8.946	0(0)	0.994(994)
THR	-3.2906199874533	8.937	0(0)	0.993(993)
THR	-3.2187118155452	8.937	0(0)	0.993(993)
THR	-3.1468036436371	8.928	0(0)	0.992(992)
THR	-3.074895471729	8.928	0(0)	0.992(992)
THR	-3.0029872998209	8.892	0(0)	0.988(988)
THR	-2.9310791279128	8.883	0(0)	0.987(987)
THR	-2.8591709560047	8.856	0(0)	0.984(984)
THR	-2.7872627840966	8.811	0(0)	0.979(979)
THR	-2.7153546121885	8.748	0(0)	0.972(972)
THR	-2.6434464402804	8.703	0(0)	0.967(967)
THR	-2.5715382683723	8.667	0(0)	0.963(963)
THR	-2.4996300964642	8.631	0(0)	0.959(959)
THR	-2.4277219245561	8.568	0(0)	0.952(952)
THR	-2.355813752648	8.532	0(0)	0.948(948)
THR	-2.2839055807399	8.442	0(0)	0.938(938)
THR	-2.2119974088318	8.379	0(0)	0.931(931)
THR	-2.1400892369237	8.325	0(0)	0.925(925)
THR	-2.0681810650156	8.226	0(0)	0.914(914)
THR	-1.9962728931075	8.127	0(0)	0.903(903)
THR	-1.9243647211994	8.001	0(0)	0.889(889)
THR	-1.8524565492913	7.893	0(0)	0.877(877)
THR	-1.7805483773832	7.767	0(0)	0.863(863)
THR	-1.7086402054751	7.605	0(0)	0.845(845)
THR	-1.636732033567	7.353	0(0)	0.817(817)
THR	-1.5648238616589	7.083	0(0)	0.787(787)
THR	-1.4929156897508	6.84	0(0)	0.76(760)
THR	-1.4210075178427	6.57	0(0)	0.73(730)
THR	-1.3490993459346	6.219	0(0)	0.691(691)
THR	-1.2771911740265	5.895	0(0)	0.655(655)
THR	-1.2052830021184	5.535	0(0)	0.615(615)
THR	-1.1333748302103	5.211	0(0)	0.579(579)
THR	-1.0614666583022	4.851	0(0)	0.539(539)
THR	-0.989558486394103	4.477	0.004(1)	0.497(497)
THR	-0.917650314486003	4.108	0.004(1)	0.456(456)
THR	-0.845742142577903	3.775	0.004(1)	0.419(419)
THR	-0.773833970669803	3.451	0.004(1)	0.383(383)
THR	-0.701925798761702	3.082	0.004(1)	0.342(342)
THR	-0.630017626853602	2.722	0.004(1)	0.302(302)
THR	-0.558109454945502	2.353	0.004(1)	0.261(261)
THR	-0.486201283037402	2.002	0.004(1)	0.222(222)
THR	-0.414293111129302	1.768	0.004(1)	0.196(196)
THR	-0.342384939221202	1.462	0.004(1)	0.162(162)
THR	-0.270476767313102	1.183	0.004(1)	0.131(131)
THR	-0.198568595405002	1.021	0.004(1)	0.113(113)
THR	-0.126660423496902	0.742	0.004(1)	0.082(82)
THR	-0.0547522515888023	0.58	0.004(1)	0.064(64)
THR	0.0171559203192977	0.458	0.008(2)	0.05(50)
THR	0.0890640922273977	0.336	0.012(3)	0.036(36)
THR	0.160972264135498	0.281	0.02(5)	0.029(29)
THR	0.232880436043598	0.235	0.028(7)	0.023(23)
THR	0.304788607951698	0.207	0.036(9)	0.019(19)
THR	0.376696779859798	0.163	0.064(16)	0.011(11)
THR	0.448604951767898	0.135	0.072(18)	0.007(7)
THR	0.520513123675998	0.124	0.088(22)	0.004(4)
THR	0.592421295584098	0.139	0.112(28)	0.003(3)
THR	0.664329467492198	0.158	0.14(35)	0.002(2)
THR	0.736237639400298	0.181	0.172(43)	0.001(1)
THR	0.808145811308398	0.201	0.192(48)	0.001(1)
THR	0.880053983216498	0.261	0.252(63)	0.001(1)
THR	0.951962155124598	0.309	0.3(75)	0.001(1)
THR	1.0238703270327	0.328	0.328(82)	0(0)
THR	1.0957784989408	0.364	0.364(91)	0(0)
THR	1.1676866708489	0.408	0.408(102)	0(0)
THR	1.239594842757	0.476	0.476(119)	0(0)
THR	1.3115030146651	0.536	0.536(134)	0(0)
THR	1.3834111865732	0.584	0.584(146)	0(0)
THR	1.4553193584813	0.616	0.616(154)	0(0)
THR	1.5272275303894	0.68	0.68(170)	0(0)
THR	1.5991357022975	0.716	0.716(179)	0(0)
THR	1.6710438742056	0.744	0.744(186)	0(0)
THR	1.7429520461137	0.76	0.76(190)	0(0)
THR	1.8148602180218	0.784	0.784(196)	0(0)
THR	1.8867683899299	0.82	0.82(205)	0(0)
THR	1.958676561838	0.844	0.844(211)	0(0)
THR	2.0305847337461	0.864	0.864(216)	0(0)
THR	2.1024929056542	0.876	0.876(219)	0(0)
THR	2.1744010775623	0.888	0.888(222)	0(0)
THR	2.2463092494704	0.896	0.896(224)	0(0)
THR	2.3182174213785	0.912	0.912(228)	0(0)
THR	2.3901255932866	0.928	0.928(232)	0(0)
THR	2.4620337651947	0.94	0.94(235)	0(0)
THR	2.5339419371028	0.948	0.948(237)	0(0)
THR	2.6058501090109	0.952	0.952(238)	0(0)
THR	2.677758280919	0.96	0.96(240)	0(0)
THR	2.7496664528271	0.96	0.96(240)	0(0)
THR	2.8215746247352	0.964	0.964(241)	0(0)
THR	2.8934827966433	0.968	0.968(242)	0(0)
THR	2.9653909685514	0.976	0.976(244)	0(0)
THR	3.0372991404595	0.984	0.984(246)	0(0)
THR	3.1092073123676	0.992	0.992(248)	0(0)
THR	3.1811154842757	0.992	0.992(248)	0(0)
THR	3.2530236561838	0.996	0.996(249)	0(0)
THR	3.3249318280919	0.996	0.996(249)	0(0)
THR	3.39684	0.996	0.996(249)	0(0)
THR	3.4687481719081	1	1(250)	0(0)


==============================================
THR: 0.520513123675998
Missed:     22/250=0.0880
FalseAlarm: 4/1000=0.0040
----------------------------------------------
==> CostDetection: 12.4
==============================================
