BLOCK00/SES002/SA002S12	SES002	1.15439	-53.253	-54.4074
BLOCK00/SES002/SA002S13	SES002	1.61976	-53.2662	-54.8859
BLOCK00/SES002/SA002S23	SES002	1.55089	-52.826	-54.3769
BLOCK00/SES002/SA002S26	SES002	1.57373	-52.9089	-54.4826
BLOCK00/SES002/SA002S28	SES002	1.21833	-53.885	-55.1034
BLOCK00/SES007/SA007S14	SES007	1.6316	-52.7445	-54.3761
BLOCK00/SES007/SA007S15	SES007	0.785709	-54.7035	-55.4892
BLOCK00/SES007/SA007S24	SES007	1.22332	-54.0835	-55.3068
BLOCK00/SES007/SA007S27	SES007	0.792229	-54.6458	-55.438
BLOCK00/SES007/SA007S29	SES007	0.646378	-53.7995	-54.4459
BLOCK00/SES008/SA008S11	SES008	1.19989	-54.4956	-55.6955
BLOCK00/SES008/SA008S12	SES008	0.896732	-54.5224	-55.4192
BLOCK00/SES008/SA008S19	SES008	1.59816	-53.4358	-55.034
BLOCK00/SES008/SA008S22	SES008	1.51163	-54.4767	-55.9884
BLOCK00/SES008/SA008S29	SES008	1.49224	-53.2267	-54.7189
BLOCK01/SES014/SA014S10	SES014	2.19862	-53.3341	-55.5327
BLOCK01/SES014/SA014S12	SES014	2.86791	-51.07	-53.9379
BLOCK01/SES014/SA014S24	SES014	1.49993	-52.965	-54.4649
BLOCK01/SES014/SA014S26	SES014	2.22459	-50.9265	-53.1511
BLOCK01/SES014/SA014S28	SES014	2.58701	-51.1053	-53.6923
BLOCK01/SES016/SA016S12	SES016	1.42826	-55.9433	-57.3716
BLOCK01/SES016/SA016S13	SES016	1.53936	-54.9386	-56.478
BLOCK01/SES016/SA016S22	SES016	1.1223	-55.3455	-56.4678
BLOCK01/SES016/SA016S25	SES016	1.39107	-53.1153	-54.5064
BLOCK01/SES016/SA016S27	SES016	1.36509	-52.9121	-54.2772
BLOCK01/SES019/SA019S13	SES019	2.94586	-53.7161	-56.6619
BLOCK01/SES019/SA019S14	SES019	2.22639	-53.5744	-55.8008
BLOCK01/SES019/SA019S22	SES019	2.73127	-53.4203	-56.1516
BLOCK01/SES019/SA019S25	SES019	1.99326	-54.2004	-56.1937
BLOCK01/SES019/SA019S29	SES019	3.55769	-53.167	-56.7247
BLOCK02/SES029/SA029S11	SES029	1.17683	-54.2083	-55.3851
BLOCK02/SES029/SA029S12	SES029	0.773422	-54.2116	-54.985
BLOCK02/SES029/SA029S20	SES029	0.72644	-55.2278	-55.9542
BLOCK02/SES029/SA029S25	SES029	0.610748	-54.3066	-54.9173
BLOCK02/SES029/SA029S28	SES029	0.867653	-54.3307	-55.1984
BLOCK04/SES042/SA042S12	SES042	2.28392	-51.7671	-54.051
BLOCK04/SES042/SA042S15	SES042	2.03241	-52.5263	-54.5587
BLOCK04/SES042/SA042S22	SES042	3.16689	-50.1552	-53.3221
BLOCK04/SES042/SA042S25	SES042	2.20991	-52.7442	-54.9541
BLOCK04/SES042/SA042S27	SES042	2.00975	-51.3306	-53.3404
BLOCK04/SES048/SA048S11	SES048	1.18147	-53.1185	-54.2999
BLOCK04/SES048/SA048S12	SES048	1.0054	-53.2647	-54.2701
BLOCK04/SES048/SA048S20	SES048	0.792793	-53.2427	-54.0355
BLOCK04/SES048/SA048S23	SES048	1.33816	-53.4518	-54.79
BLOCK04/SES048/SA048S27	SES048	1.49675	-52.3164	-53.8132
BLOCK06/SES060/SA060S11	SES060	1.33688	-54.1317	-55.4686
BLOCK06/SES060/SA060S12	SES060	-0.0660515	-55.6828	-55.6168
BLOCK06/SES060/SA060S22	SES060	0.0579033	-56.1261	-56.184
BLOCK06/SES060/SA060S24	SES060	1.02447	-53.7933	-54.8177
BLOCK06/SES060/SA060S28	SES060	1.06183	-51.8558	-52.9176
BLOCK06/SES062/SA062S10	SES062	0.722095	-53.8227	-54.5448
BLOCK06/SES062/SA062S11	SES062	1.4324	-54.0416	-55.474
BLOCK06/SES062/SA062S21	SES062	2.20148	-50.7421	-52.9436
BLOCK06/SES062/SA062S26	SES062	0.843693	-53.0931	-53.9368
BLOCK06/SES062/SA062S29	SES062	1.48626	-52.4977	-53.9839
BLOCK06/SES068/SA068S14	SES068	0.838463	-54.0397	-54.8782
BLOCK06/SES068/SA068S15	SES068	1.2856	-52.978	-54.2636
BLOCK06/SES068/SA068S23	SES068	1.11229	-54.5879	-55.7001
BLOCK06/SES068/SA068S27	SES068	1.75444	-52.8797	-54.6342
BLOCK06/SES068/SA068S29	SES068	0.947033	-53.6067	-54.5537
BLOCK08/SES082/SA082S12	SES082	0.955177	-54.2543	-55.2095
BLOCK08/SES082/SA082S14	SES082	0.625469	-54.9892	-55.6147
BLOCK08/SES082/SA082S21	SES082	0.766823	-54.4155	-55.1824
BLOCK08/SES082/SA082S24	SES082	1.13767	-53.4919	-54.6296
BLOCK08/SES082/SA082S28	SES082	0.75135	-54.2942	-55.0455
BLOCK08/SES083/SA083S14	SES083	0.0746613	-54.8682	-54.9429
BLOCK08/SES083/SA083S15	SES083	0.392197	-54.3531	-54.7453
BLOCK08/SES083/SA083S24	SES083	0.498512	-54.5609	-55.0594
BLOCK08/SES083/SA083S26	SES083	0.809074	-54.331	-55.14
BLOCK08/SES083/SA083S29	SES083	0.413742	-54.2221	-54.6358
BLOCK08/SES085/SA085S10	SES085	0.652466	-54.1744	-54.8269
BLOCK08/SES085/SA085S13	SES085	0.822838	-55.0727	-55.8955
BLOCK08/SES085/SA085S22	SES085	-0.825291	-55.9213	-55.096
BLOCK08/SES085/SA085S26	SES085	0.407856	-54.6072	-55.015
BLOCK08/SES085/SA085S28	SES085	0.926449	-54.1854	-55.1119
BLOCK08/SES087/SA087S15	SES087	1.68792	-53.3449	-55.0329
BLOCK08/SES087/SA087S16	SES087	1.57673	-53.6748	-55.2515
BLOCK08/SES087/SA087S24	SES087	1.45427	-53.1559	-54.6101
BLOCK08/SES087/SA087S26	SES087	1.25445	-52.4775	-53.732
BLOCK08/SES087/SA087S29	SES087	1.63511	-53.5641	-55.1992
BLOCK09/SES099/SA099S15	SES099	1.44872	-54.3761	-55.8249
BLOCK09/SES099/SA099S16	SES099	1.26495	-53.8961	-55.161
BLOCK09/SES099/SA099S24	SES099	1.2961	-53.6535	-54.9496
BLOCK09/SES099/SA099S26	SES099	1.24408	-53.6852	-54.9293
BLOCK09/SES099/SA099S29	SES099	1.42448	-53.7288	-55.1533
BLOCK10/SES101/SA101S11	SES101	0.522186	-53.6854	-54.2076
BLOCK10/SES101/SA101S13	SES101	1.27172	-52.8668	-54.1385
BLOCK10/SES101/SA101S22	SES101	0.956188	-54.6507	-55.6069
BLOCK10/SES101/SA101S24	SES101	1.28704	-53.716	-55.0031
BLOCK10/SES101/SA101S28	SES101	0.409367	-55.3993	-55.8087
BLOCK10/SES104/SA104S11	SES104	1.26052	-52.575	-53.8355
BLOCK10/SES104/SA104S12	SES104	1.37928	-52.656	-54.0352
BLOCK10/SES104/SA104S21	SES104	1.45042	-53.1068	-54.5572
BLOCK10/SES104/SA104S24	SES104	0.913311	-53.5828	-54.4961
BLOCK10/SES104/SA104S28	SES104	1.39635	-52.7048	-54.1012
BLOCK10/SES105/SA105S12	SES105	1.1092	-54.8072	-55.9164
BLOCK10/SES105/SA105S13	SES105	0.982067	-54.5289	-55.5109
BLOCK10/SES105/SA105S22	SES105	0.552982	-55.323	-55.876
BLOCK10/SES105/SA105S26	SES105	1.20879	-54.5484	-55.7572
BLOCK10/SES105/SA105S29	SES105	0.767635	-54.9505	-55.7181
BLOCK10/SES106/SA106S09	SES106	1.29921	-54.196	-55.4952
BLOCK10/SES106/SA106S11	SES106	1.52482	-52.9	-54.4249
BLOCK10/SES106/SA106S22	SES106	2.88435	-52.884	-55.7684
BLOCK10/SES106/SA106S27	SES106	1.31317	-54.0609	-55.374
BLOCK10/SES106/SA106S29	SES106	0.989979	-53.9549	-54.9449
BLOCK11/SES117/SA117S12	SES117	0.348938	-55.8105	-56.1595
BLOCK11/SES117/SA117S13	SES117	0.362297	-55.2467	-55.609
BLOCK11/SES117/SA117S23	SES117	1.43055	-56.2565	-57.687
BLOCK11/SES117/SA117S25	SES117	1.20758	-55.4042	-56.6118
BLOCK11/SES117/SA117S28	SES117	1.35908	-55.754	-57.113
BLOCK12/SES120/SA120S08	SES120	1.01492	-55.4035	-56.4184
BLOCK12/SES120/SA120S11	SES120	0.678585	-56.7047	-57.3833
BLOCK12/SES120/SA120S22	SES120	0.557922	-54.605	-55.1629
BLOCK12/SES120/SA120S24	SES120	0.313477	-55.118	-55.4315
BLOCK12/SES120/SA120S28	SES120	0.643547	-56.1241	-56.7677
BLOCK12/SES125/SA125S13	SES125	2.23831	-52.2617	-54.5
BLOCK12/SES125/SA125S14	SES125	1.42292	-53.4898	-54.9128
BLOCK12/SES125/SA125S25	SES125	1.89682	-52.8809	-54.7777
BLOCK12/SES125/SA125S27	SES125	1.69798	-51.9972	-53.6951
BLOCK12/SES125/SA125S29	SES125	1.56311	-53.1356	-54.6987
BLOCK12/SES127/SA127S11	SES127	0.812302	-54.4918	-55.3041
BLOCK12/SES127/SA127S12	SES127	0.0931816	-54.5898	-54.683
BLOCK12/SES127/SA127S23	SES127	0.613422	-54.5161	-55.1296
BLOCK12/SES127/SA127S25	SES127	0.214359	-54.8892	-55.1036
BLOCK12/SES127/SA127S27	SES127	1.16926	-53.9932	-55.1625
BLOCK12/SES129/SA129S11	SES129	1.55931	-53.3146	-54.8739
BLOCK12/SES129/SA129S12	SES129	1.78558	-52.8173	-54.6029
BLOCK12/SES129/SA129S22	SES129	1.43053	-53.4762	-54.9067
BLOCK12/SES129/SA129S27	SES129	1.52839	-52.9966	-54.525
BLOCK12/SES129/SA129S29	SES129	1.9355	-52.5081	-54.4436
BLOCK14/SES142/SA142S11	SES142	2.33811	-54.8654	-57.2035
BLOCK14/SES142/SA142S12	SES142	1.89426	-55.3551	-57.2494
BLOCK14/SES142/SA142S24	SES142	2.45912	-54.4274	-56.8865
BLOCK14/SES142/SA142S27	SES142	2.45659	-54.3633	-56.8199
BLOCK14/SES142/SA142S29	SES142	2.92241	-53.6525	-56.5749
BLOCK14/SES143/SA143S12	SES143	0.99828	-55.3063	-56.3046
BLOCK14/SES143/SA143S13	SES143	0.818523	-55.3695	-56.188
BLOCK14/SES143/SA143S23	SES143	1.14777	-55.5125	-56.6603
BLOCK14/SES143/SA143S25	SES143	0.714115	-55.3623	-56.0764
BLOCK14/SES143/SA143S28	SES143	0.964546	-54.6887	-55.6533
BLOCK14/SES144/SA144S09	SES144	1.06139	-54.3918	-55.4532
BLOCK14/SES144/SA144S11	SES144	1.06465	-55.2876	-56.3522
BLOCK14/SES144/SA144S21	SES144	0.421478	-55.1329	-55.5543
BLOCK14/SES144/SA144S25	SES144	0.752407	-55.2581	-56.0105
BLOCK14/SES144/SA144S29	SES144	0.111664	-55.2774	-55.3891
BLOCK14/SES146/SA146S14	SES146	0.961353	-55.1748	-56.1362
BLOCK14/SES146/SA146S15	SES146	0.624664	-55.2249	-55.8496
BLOCK14/SES146/SA146S24	SES146	1.00193	-54.8209	-55.8228
BLOCK14/SES146/SA146S26	SES146	1.23116	-55.031	-56.2622
BLOCK14/SES146/SA146S29	SES146	0.744965	-55.5586	-56.3035
BLOCK14/SES147/SA147S11	SES147	1.36639	-55.3907	-56.7571
BLOCK14/SES147/SA147S13	SES147	1.43759	-54.1358	-55.5734
BLOCK14/SES147/SA147S23	SES147	1.21545	-55.189	-56.4045
BLOCK14/SES147/SA147S26	SES147	1.04053	-55.1049	-56.1454
BLOCK14/SES147/SA147S28	SES147	1.19131	-54.1984	-55.3897
BLOCK14/SES148/SA148S10	SES148	1.31289	-53.8282	-55.1411
BLOCK14/SES148/SA148S12	SES148	1.02324	-54.824	-55.8473
BLOCK14/SES148/SA148S22	SES148	1.10841	-53.3826	-54.491
BLOCK14/SES148/SA148S26	SES148	0.979465	-54.1002	-55.0797
BLOCK14/SES148/SA148S29	SES148	0.705059	-54.7184	-55.4235
BLOCK14/SES149/SA149S13	SES149	0.572495	-54.2174	-54.7899
BLOCK14/SES149/SA149S14	SES149	0.516876	-53.7671	-54.284
BLOCK14/SES149/SA149S24	SES149	1.47017	-53.4593	-54.9295
BLOCK14/SES149/SA149S26	SES149	1.67946	-52.9204	-54.5998
BLOCK14/SES149/SA149S28	SES149	2.11946	-52.1283	-54.2477
BLOCK15/SES158/SA158S13	SES158	1.47366	-54.1322	-55.6059
BLOCK15/SES158/SA158S14	SES158	2.4019	-53.3555	-55.7574
BLOCK15/SES158/SA158S23	SES158	1.16421	-53.8907	-55.0549
BLOCK15/SES158/SA158S26	SES158	2.00309	-53.5689	-55.572
BLOCK15/SES158/SA158S28	SES158	1.13537	-54.075	-55.2104
BLOCK16/SES162/SA162S10	SES162	1.19846	-55.6968	-56.8953
BLOCK16/SES162/SA162S11	SES162	1.25963	-54.7129	-55.9725
BLOCK16/SES162/SA162S21	SES162	1.65546	-54.6132	-56.2686
BLOCK16/SES162/SA162S24	SES162	1.22154	-55.1806	-56.4021
BLOCK16/SES162/SA162S27	SES162	1.54881	-55.1032	-56.652
BLOCK16/SES167/SA167S14	SES167	1.11631	-53.7601	-54.8764
BLOCK16/SES167/SA167S15	SES167	1.43643	-54.8572	-56.2936
BLOCK16/SES167/SA167S21	SES167	1.46696	-53.7787	-55.2456
BLOCK16/SES167/SA167S25	SES167	1.64806	-54.6405	-56.2886
BLOCK16/SES167/SA167S29	SES167	2.04754	-53.0182	-55.0657
BLOCK17/SES172/SA172S12	SES172	1.31029	-54.6789	-55.9891
BLOCK17/SES172/SA172S13	SES172	1.49314	-55.1753	-56.6684
BLOCK17/SES172/SA172S23	SES172	0.731895	-53.8704	-54.6023
BLOCK17/SES172/SA172S27	SES172	1.14307	-54.4022	-55.5453
BLOCK17/SES172/SA172S29	SES172	1.67727	-53.9419	-55.6192
BLOCK17/SES175/SA175S11	SES175	1.32806	-54.4972	-55.8252
BLOCK17/SES175/SA175S13	SES175	1.09374	-54.4966	-55.5904
BLOCK17/SES175/SA175S23	SES175	1.70137	-54.3096	-56.011
BLOCK17/SES175/SA175S25	SES175	0.757542	-55.9828	-56.7403
BLOCK17/SES175/SA175S28	SES175	1.20928	-54.3187	-55.528
BLOCK17/SES177/SA177S15	SES177	0.745979	-54.7547	-55.5007
BLOCK17/SES177/SA177S17	SES177	0.80608	-54.5317	-55.3378
BLOCK17/SES177/SA177S23	SES177	0.183151	-55.3863	-55.5694
BLOCK17/SES177/SA177S26	SES177	0.884335	-53.0535	-53.9378
BLOCK17/SES177/SA177S28	SES177	0.96841	-53.8793	-54.8477
BLOCK18/SES180/SA180S13	SES180	0.93158	-54.6538	-55.5854
BLOCK18/SES180/SA180S15	SES180	0.857563	-55.175	-56.0325
BLOCK18/SES180/SA180S24	SES180	1.13845	-53.4251	-54.5635
BLOCK18/SES180/SA180S26	SES180	1.32586	-53.6832	-55.009
BLOCK18/SES180/SA180S29	SES180	1.21144	-54.8947	-56.1061
BLOCK18/SES183/SA183S13	SES183	1.07641	-55.3698	-56.4462
BLOCK18/SES183/SA183S14	SES183	0.826679	-55.0852	-55.9119
BLOCK18/SES183/SA183S24	SES183	1.28498	-55.5101	-56.7951
BLOCK18/SES183/SA183S27	SES183	1.28365	-54.793	-56.0766
BLOCK18/SES183/SA183S29	SES183	1.2093	-54.4834	-55.6927
BLOCK18/SES187/SA187S13	SES187	0.880199	-55.7596	-56.6398
BLOCK18/SES187/SA187S14	SES187	1.33581	-55.3038	-56.6396
BLOCK18/SES187/SA187S24	SES187	1.45749	-54.968	-56.4255
BLOCK18/SES187/SA187S27	SES187	1.26083	-54.9641	-56.2249
BLOCK18/SES187/SA187S29	SES187	0.992252	-55.0734	-56.0657
BLOCK18/SES189/SA189S10	SES189	2.17289	-56.7062	-58.8791
BLOCK18/SES189/SA189S13	SES189	2.9725	-56.7768	-59.7493
BLOCK18/SES189/SA189S24	SES189	3.00638	-56.1441	-59.1505
BLOCK18/SES189/SA189S26	SES189	1.47318	-55.8359	-57.3091
BLOCK18/SES189/SA189S29	SES189	2.7558	-55.4423	-58.1981
BLOCK20/SES202/SA202S12	SES202	1.8141	-55.4749	-57.289
BLOCK20/SES202/SA202S14	SES202	2.74444	-53.813	-56.5575
BLOCK20/SES202/SA202S24	SES202	1.71582	-54.8612	-56.5771
BLOCK20/SES202/SA202S27	SES202	1.95641	-53.3382	-55.2947
BLOCK20/SES202/SA202S29	SES202	2.40717	-53.3275	-55.7346
BLOCK20/SES206/SA206S15	SES206	0.314735	-53.8255	-54.1402
BLOCK20/SES206/SA206S17	SES206	1.78346	-51.9712	-53.7546
BLOCK20/SES206/SA206S24	SES206	1.59389	-51.883	-53.4768
BLOCK20/SES206/SA206S27	SES206	1.41664	-52.9076	-54.3243
BLOCK20/SES206/SA206S29	SES206	1.1504	-52.0721	-53.2225
BLOCK22/SES226/SA226S12	SES226	1.39059	-54.1853	-55.5759
BLOCK22/SES226/SA226S13	SES226	0.252499	-54.8214	-55.0739
BLOCK22/SES226/SA226S20	SES226	1.2596	-54.2959	-55.5555
BLOCK22/SES226/SA226S23	SES226	1.45319	-53.6415	-55.0947
BLOCK22/SES226/SA226S28	SES226	1.7965	-53.2953	-55.0918
BLOCK25/SES259/SA259S13	SES259	2.95607	-52.3077	-55.2637
BLOCK25/SES259/SA259S14	SES259	1.73564	-53.1256	-54.8612
BLOCK25/SES259/SA259S22	SES259	1.40748	-53.2422	-54.6496
BLOCK25/SES259/SA259S24	SES259	2.01163	-51.7963	-53.808
BLOCK25/SES259/SA259S28	SES259	1.66639	-53.0033	-54.6697
BLOCK27/SES270/SA270S14	SES270	1.8865	-54.4839	-56.3704
BLOCK27/SES270/SA270S16	SES270	0.827564	-54.7902	-55.6178
BLOCK27/SES270/SA270S22	SES270	2.31772	-53.7973	-56.115
BLOCK27/SES270/SA270S26	SES270	1.44801	-54.9945	-56.4425
BLOCK27/SES270/SA270S28	SES270	0.91066	-54.2311	-55.1417
BLOCK27/SES275/SA275S17	SES275	1.09936	-54.8457	-55.9451
BLOCK27/SES275/SA275S18	SES275	0.801914	-54.6037	-55.4056
BLOCK27/SES275/SA275S24	SES275	0.845997	-55.5786	-56.4246
BLOCK27/SES275/SA275S26	SES275	1.19027	-54.0099	-55.2002
BLOCK27/SES275/SA275S28	SES275	0.442024	-54.3356	-54.7776
BLOCK29/SES292/SA292S10	SES292	0.49015	-55.2951	-55.7852
BLOCK29/SES292/SA292S12	SES292	0.0915527	-55.9476	-56.0391
BLOCK29/SES292/SA292S22	SES292	0.95953	-54.2917	-55.2513
BLOCK29/SES292/SA292S24	SES292	0.273594	-54.8065	-55.0801
BLOCK29/SES292/SA292S27	SES292	0.48576	-54.2628	-54.7486
BLOCK00/SES001/SA001S14	SES062	-1.21427	-56.8213	-55.6071
BLOCK00/SES001/SA001S14	SES082	-1.63362	-57.2407	-55.6071
BLOCK00/SES001/SA001S14	SES106	-1.26244	-56.8695	-55.6071
BLOCK00/SES001/SA001S14	SES206	-1.64462	-57.2517	-55.6071
BLOCK00/SES001/SA001S15	SES062	-1.43119	-56.346	-54.9148
BLOCK00/SES001/SA001S15	SES104	-1.87846	-56.7933	-54.9148
BLOCK00/SES001/SA001S15	SES106	-1.38316	-56.298	-54.9148
BLOCK00/SES001/SA001S15	SES206	-1.33873	-56.2536	-54.9148
BLOCK00/SES001/SA001S24	SES062	-2.56525	-58.7223	-56.157
BLOCK00/SES001/SA001S24	SES082	-1.87115	-58.0282	-56.157
BLOCK00/SES001/SA001S24	SES087	-1.72685	-57.8839	-56.157
BLOCK00/SES001/SA001S24	SES206	-0.658855	-56.8159	-56.157
BLOCK00/SES001/SA001S27	SES062	-1.48978	-55.9159	-54.4262
BLOCK00/SES001/SA001S27	SES082	-1.58435	-56.0105	-54.4262
BLOCK00/SES001/SA001S27	SES087	-1.57738	-56.0035	-54.4262
BLOCK00/SES001/SA001S27	SES206	-1.37977	-55.8059	-54.4262
BLOCK00/SES001/SA001S29	SES062	-2.31683	-58.2517	-55.9349
BLOCK00/SES001/SA001S29	SES082	-1.22261	-57.1575	-55.9349
BLOCK00/SES001/SA001S29	SES158	-0.612431	-56.5473	-55.9349
BLOCK00/SES001/SA001S29	SES206	-1.94186	-57.8767	-55.9349
BLOCK00/SES003/SA003S11	SES002	-0.23571	-55.2739	-55.0382
BLOCK00/SES003/SA003S11	SES019	-0.98362	-56.0218	-55.0382
BLOCK00/SES003/SA003S11	SES082	0.117287	-54.9209	-55.0382
BLOCK00/SES003/SA003S11	SES125	-0.693913	-55.7321	-55.0382
BLOCK00/SES003/SA003S15	SES016	-1.60551	-55.941	-54.3354
BLOCK00/SES003/SA003S15	SES019	-0.952255	-55.2877	-54.3354
BLOCK00/SES003/SA003S15	SES062	-1.23036	-55.5658	-54.3354
BLOCK00/SES003/SA003S15	SES206	-0.654606	-54.99	-54.3354
BLOCK00/SES003/SA003S22	SES002	-0.832478	-55.3273	-54.4948
BLOCK00/SES003/SA003S22	SES062	-0.592014	-55.0868	-54.4948
BLOCK00/SES003/SA003S22	SES082	-0.729111	-55.2239	-54.4948
BLOCK00/SES003/SA003S22	SES087	-1.11811	-55.6129	-54.4948
BLOCK00/SES003/SA003S25	SES062	-1.94035	-56.9397	-54.9994
BLOCK00/SES003/SA003S25	SES082	-0.21521	-55.2146	-54.9994
BLOCK00/SES003/SA003S25	SES087	-1.0156	-56.015	-54.9994
BLOCK00/SES003/SA003S25	SES206	-0.968697	-55.9681	-54.9994
BLOCK00/SES003/SA003S29	SES002	-0.96875	-55.9357	-54.967
BLOCK00/SES003/SA003S29	SES062	-1.67796	-56.6449	-54.967
BLOCK00/SES003/SA003S29	SES082	-0.488438	-55.4554	-54.967
BLOCK00/SES003/SA003S29	SES087	-1.43125	-56.3982	-54.967
BLOCK00/SES004/SA004S12	SES083	-1.22512	-57.878	-56.6529
BLOCK00/SES004/SA004S12	SES148	-1.33327	-57.9861	-56.6529
BLOCK00/SES004/SA004S12	SES172	-1.209	-57.8618	-56.6529
BLOCK00/SES004/SA004S12	SES292	-1.85938	-58.5122	-56.6529
BLOCK00/SES004/SA004S17	SES083	-1.02487	-57.3398	-56.3149
BLOCK00/SES004/SA004S17	SES162	-0.617996	-56.9329	-56.3149
BLOCK00/SES004/SA004S17	SES172	-1.03625	-57.3512	-56.3149
BLOCK00/SES004/SA004S17	SES292	-1.52094	-57.8359	-56.3149
BLOCK00/SES004/SA004S24	SES083	-1.11541	-57.1644	-56.0489
BLOCK00/SES004/SA004S24	SES148	-1.54088	-57.5898	-56.0489
BLOCK00/SES004/SA004S24	SES172	-0.522625	-56.5716	-56.0489
BLOCK00/SES004/SA004S24	SES292	-1.20727	-57.2562	-56.0489
BLOCK00/SES004/SA004S26	SES083	-0.596725	-56.4274	-55.8307
BLOCK00/SES004/SA004S26	SES127	-0.401775	-56.2325	-55.8307
BLOCK00/SES004/SA004S26	SES148	-1.81124	-57.6419	-55.8307
BLOCK00/SES004/SA004S26	SES292	-1.04278	-56.8735	-55.8307
BLOCK00/SES004/SA004S28	SES083	-1.07446	-56.2761	-55.2016
BLOCK00/SES004/SA004S28	SES127	-0.43531	-55.6369	-55.2016
BLOCK00/SES004/SA004S28	SES187	-0.708401	-55.91	-55.2016
BLOCK00/SES004/SA004S28	SES292	-2.19518	-57.3968	-55.2016
BLOCK00/SES006/SA006S10	SES014	-2.43512	-59.4704	-57.0353
BLOCK00/SES006/SA006S10	SES158	-0.13229	-57.1676	-57.0353
BLOCK00/SES006/SA006S10	SES226	-2.55881	-59.5941	-57.0353
BLOCK00/SES006/SA006S10	SES270	-0.0820007	-57.1173	-57.0353
BLOCK00/SES006/SA006S11	SES158	-0.44072	-57.6136	-57.1729
BLOCK00/SES006/SA006S11	SES226	-2.1694	-59.3423	-57.1729
BLOCK00/SES006/SA006S11	SES270	-0.192287	-57.3652	-57.1729
BLOCK00/SES006/SA006S11	SES275	-2.00665	-59.1795	-57.1729
BLOCK00/SES006/SA006S23	SES062	-1.54745	-57.0668	-55.5193
BLOCK00/SES006/SA006S23	SES105	-2.19496	-57.7143	-55.5193
BLOCK00/SES006/SA006S23	SES158	-0.623772	-56.1431	-55.5193
BLOCK00/SES006/SA006S23	SES275	-1.38016	-56.8995	-55.5193
BLOCK00/SES006/SA006S26	SES104	-2.04077	-57.7482	-55.7075
BLOCK00/SES006/SA006S26	SES158	-0.32021	-56.0277	-55.7075
BLOCK00/SES006/SA006S26	SES270	0.221684	-55.4858	-55.7075
BLOCK00/SES006/SA006S26	SES275	-1.94905	-57.6565	-55.7075
BLOCK00/SES006/SA006S28	SES007	-1.91774	-58.8548	-56.9371
BLOCK00/SES006/SA006S28	SES105	-1.82979	-58.7669	-56.9371
BLOCK00/SES006/SA006S28	SES158	-0.631805	-57.5689	-56.9371
BLOCK00/SES006/SA006S28	SES275	-2.11776	-59.0548	-56.9371
BLOCK00/SES009/SA009S12	SES083	-1.4747	-56.2999	-54.8252
BLOCK00/SES009/SA009S12	SES148	-1.24056	-56.0658	-54.8252
BLOCK00/SES009/SA009S12	SES177	-1.01264	-55.8379	-54.8252
BLOCK00/SES009/SA009S12	SES292	-0.679054	-55.5043	-54.8252
BLOCK00/SES009/SA009S15	SES007	0.480335	-53.4144	-53.8947
BLOCK00/SES009/SA009S15	SES099	-2.80006	-56.6948	-53.8947
BLOCK00/SES009/SA009S15	SES148	-1.47445	-55.3692	-53.8947
BLOCK00/SES009/SA009S15	SES172	-1.26926	-55.164	-53.8947
BLOCK00/SES009/SA009S24	SES146	-0.492317	-55.2133	-54.721
BLOCK00/SES009/SA009S24	SES148	-1.38952	-56.1105	-54.721
BLOCK00/SES009/SA009S24	SES177	-0.600697	-55.3217	-54.721
BLOCK00/SES009/SA009S24	SES292	-0.584602	-55.3056	-54.721
BLOCK00/SES009/SA009S26	SES083	-1.31455	-56.2925	-54.978
BLOCK00/SES009/SA009S26	SES101	-0.944496	-55.9225	-54.978
BLOCK00/SES009/SA009S26	SES120	-0.930248	-55.9082	-54.978
BLOCK00/SES009/SA009S26	SES177	-1.22171	-56.1997	-54.978
BLOCK00/SES009/SA009S29	SES083	-0.816013	-55.1572	-54.3412
BLOCK00/SES009/SA009S29	SES101	-0.720634	-55.0619	-54.3412
BLOCK00/SES009/SA009S29	SES177	-0.920925	-55.2621	-54.3412
BLOCK00/SES009/SA009S29	SES292	-0.603706	-54.9449	-54.3412
BLOCK01/SES011/SA011S10	SES019	-0.973598	-55.81	-54.8364
BLOCK01/SES011/SA011S10	SES042	-0.471725	-55.3081	-54.8364
BLOCK01/SES011/SA011S10	SES082	-1.8112	-56.6476	-54.8364
BLOCK01/SES011/SA011S10	SES206	-0.496918	-55.3333	-54.8364
BLOCK01/SES011/SA011S11	SES019	-1.08303	-56.9121	-55.8291
BLOCK01/SES011/SA011S11	SES042	-0.939434	-56.7685	-55.8291
BLOCK01/SES011/SA011S11	SES082	-2.22015	-58.0492	-55.8291
BLOCK01/SES011/SA011S11	SES206	-0.200745	-56.0298	-55.8291
BLOCK01/SES011/SA011S22	SES019	-0.487679	-55.8458	-55.3581
BLOCK01/SES011/SA011S22	SES042	-0.0528679	-55.411	-55.3581
BLOCK01/SES011/SA011S22	SES082	-1.08463	-56.4427	-55.3581
BLOCK01/SES011/SA011S22	SES206	-0.475151	-55.8333	-55.3581
BLOCK01/SES011/SA011S24	SES019	-0.805676	-55.5076	-54.702
BLOCK01/SES011/SA011S24	SES042	-0.367046	-55.069	-54.702
BLOCK01/SES011/SA011S24	SES104	-1.16938	-55.8714	-54.702
BLOCK01/SES011/SA011S24	SES206	-0.000686646	-54.7027	-54.702
BLOCK01/SES011/SA011S27	SES082	0.215813	-54.5655	-54.7813
BLOCK01/SES011/SA011S27	SES087	-1.11333	-55.8946	-54.7813
BLOCK01/SES011/SA011S27	SES125	-0.480133	-55.2614	-54.7813
BLOCK01/SES011/SA011S27	SES206	-0.13427	-54.9156	-54.7813
BLOCK01/SES012/SA012S11	SES007	-0.960415	-54.2949	-53.3345
BLOCK01/SES012/SA012S11	SES082	-1.19286	-54.5274	-53.3345
BLOCK01/SES012/SA012S11	SES083	-1.62589	-54.9604	-53.3345
BLOCK01/SES012/SA012S11	SES206	-0.469997	-53.8045	-53.3345
BLOCK01/SES012/SA012S14	SES082	-0.851582	-54.9905	-54.139
BLOCK01/SES012/SA012S14	SES087	-1.14828	-55.2872	-54.139
BLOCK01/SES012/SA012S14	SES206	-0.27705	-54.416	-54.139
BLOCK01/SES012/SA012S14	SES292	-1.24616	-55.3851	-54.139
BLOCK01/SES012/SA012S24	SES082	0.192856	-54.7029	-54.8957
BLOCK01/SES012/SA012S24	SES087	-0.62141	-55.5172	-54.8957
BLOCK01/SES012/SA012S24	SES120	-2.16322	-57.059	-54.8957
BLOCK01/SES012/SA012S24	SES206	-0.25621	-55.152	-54.8957
BLOCK01/SES012/SA012S26	SES019	-2.10448	-55.9685	-53.864
BLOCK01/SES012/SA012S26	SES082	-1.37909	-55.2431	-53.864
BLOCK01/SES012/SA012S26	SES206	-0.00865936	-53.8727	-53.864
BLOCK01/SES012/SA012S26	SES292	-1.43671	-55.3007	-53.864
BLOCK01/SES012/SA012S29	SES062	-1.4329	-55.3273	-53.8944
BLOCK01/SES012/SA012S29	SES082	-0.874619	-54.769	-53.8944
BLOCK01/SES012/SA012S29	SES083	-1.94691	-55.8413	-53.8944
BLOCK01/SES012/SA012S29	SES206	-0.568783	-54.4631	-53.8944
BLOCK01/SES013/SA013S16	SES062	-2.74654	-57.6208	-54.8742
BLOCK01/SES013/SA013S16	SES106	-0.800846	-55.6751	-54.8742
BLOCK01/SES013/SA013S16	SES206	-1.1393	-56.0135	-54.8742
BLOCK01/SES013/SA013S16	SES226	-0.360901	-55.2351	-54.8742
BLOCK01/SES013/SA013S17	SES062	-2.24171	-55.9198	-53.6781
BLOCK01/SES013/SA013S17	SES106	-1.21174	-54.8899	-53.6781
BLOCK01/SES013/SA013S17	SES206	-0.546829	-54.225	-53.6781
BLOCK01/SES013/SA013S17	SES226	-0.171684	-53.8498	-53.6781
BLOCK01/SES013/SA013S23	SES104	-1.30761	-56.2365	-54.9289
BLOCK01/SES013/SA013S23	SES106	-0.390186	-55.3191	-54.9289
BLOCK01/SES013/SA013S23	SES206	-0.885509	-55.8144	-54.9289
BLOCK01/SES013/SA013S23	SES270	0.316551	-54.6123	-54.9289
BLOCK01/SES013/SA013S25	SES042	-1.18458	-55.2933	-54.1087
BLOCK01/SES013/SA013S25	SES104	-1.04189	-55.1506	-54.1087
BLOCK01/SES013/SA013S25	SES106	-0.573704	-54.6824	-54.1087
BLOCK01/SES013/SA013S25	SES206	-0.599937	-54.7087	-54.1087
BLOCK01/SES013/SA013S29	SES062	-2.70617	-57.36	-54.6539
BLOCK01/SES013/SA013S29	SES104	-1.38061	-56.0345	-54.6539
BLOCK01/SES013/SA013S29	SES106	-0.748859	-55.4027	-54.6539
BLOCK01/SES013/SA013S29	SES206	-0.674442	-55.3283	-54.6539
BLOCK02/SES021/SA021S13	SES016	-1.65844	-55.8961	-54.2377
BLOCK02/SES021/SA021S13	SES029	-1.33782	-55.5755	-54.2377
BLOCK02/SES021/SA021S13	SES087	-1.06878	-55.3065	-54.2377
BLOCK02/SES021/SA021S13	SES206	-0.0528641	-54.2906	-54.2377
BLOCK02/SES021/SA021S15	SES087	-0.633858	-53.8941	-53.2603
BLOCK02/SES021/SA021S15	SES125	0.664043	-52.5962	-53.2603
BLOCK02/SES021/SA021S15	SES206	0.232121	-53.0282	-53.2603
BLOCK02/SES021/SA021S15	SES226	-0.883484	-54.1438	-53.2603
BLOCK02/SES021/SA021S23	SES062	-2.88171	-57.9958	-55.1141
BLOCK02/SES021/SA021S23	SES087	-1.19591	-56.31	-55.1141
BLOCK02/SES021/SA021S23	SES206	-1.0247	-56.1388	-55.1141
BLOCK02/SES021/SA021S23	SES226	-0.85218	-55.9663	-55.1141
BLOCK02/SES021/SA021S27	SES002	-0.655628	-54.4818	-53.8261
BLOCK02/SES021/SA021S27	SES016	-2.63739	-56.4635	-53.8261
BLOCK02/SES021/SA021S27	SES019	-1.60775	-55.4339	-53.8261
BLOCK02/SES021/SA021S27	SES062	-1.22923	-55.0554	-53.8261
BLOCK02/SES021/SA021S29	SES087	-0.827805	-54.3106	-53.4828
BLOCK02/SES021/SA021S29	SES125	0.00558472	-53.4772	-53.4828
BLOCK02/SES021/SA021S29	SES206	-0.113373	-53.5961	-53.4828
BLOCK02/SES021/SA021S29	SES226	-0.986012	-54.4688	-53.4828
BLOCK04/SES043/SA043S09	SES083	-0.465965	-56.9357	-56.4697
BLOCK04/SES043/SA043S09	SES101	-1.32645	-57.7962	-56.4697
BLOCK04/SES043/SA043S09	SES144	0.0466118	-56.4231	-56.4697
BLOCK04/SES043/SA043S09	SES172	-1.62511	-58.0948	-56.4697
BLOCK04/SES043/SA043S11	SES083	-0.374638	-55.4412	-55.0665
BLOCK04/SES043/SA043S11	SES101	-0.661236	-55.7278	-55.0665
BLOCK04/SES043/SA043S11	SES144	-0.214134	-55.2807	-55.0665
BLOCK04/SES043/SA043S11	SES172	-0.945045	-56.0116	-55.0665
BLOCK04/SES043/SA043S23	SES083	-0.268456	-55.9636	-55.6952
BLOCK04/SES043/SA043S23	SES144	0.564766	-55.1304	-55.6952
BLOCK04/SES043/SA043S23	SES177	-1.43378	-57.1289	-55.6952
BLOCK04/SES043/SA043S23	SES275	-0.395451	-56.0906	-55.6952
BLOCK04/SES043/SA043S26	SES083	-0.518509	-56.2543	-55.7358
BLOCK04/SES043/SA043S26	SES101	-0.921223	-56.657	-55.7358
BLOCK04/SES043/SA043S26	SES144	-0.0597878	-55.7956	-55.7358
BLOCK04/SES043/SA043S26	SES177	-0.972916	-56.7087	-55.7358
BLOCK04/SES043/SA043S28	SES016	-0.784935	-55.6997	-54.9147
BLOCK04/SES043/SA043S28	SES083	-0.282494	-55.1972	-54.9147
BLOCK04/SES043/SA043S28	SES101	-0.347546	-55.2623	-54.9147
BLOCK04/SES043/SA043S28	SES144	-0.253319	-55.168	-54.9147
BLOCK04/SES044/SA044S10	SES127	-1.89894	-60.2342	-58.3352
BLOCK04/SES044/SA044S10	SES144	-0.118065	-58.4533	-58.3352
BLOCK04/SES044/SA044S10	SES147	-1.89579	-60.231	-58.3352
BLOCK04/SES044/SA044S10	SES148	-2.09616	-60.4314	-58.3352
BLOCK04/SES044/SA044S11	SES101	-1.06827	-58.392	-57.3237
BLOCK04/SES044/SA044S11	SES144	0.376629	-56.9471	-57.3237
BLOCK04/SES044/SA044S11	SES147	-1.34194	-58.6657	-57.3237
BLOCK04/SES044/SA044S11	SES177	-1.57256	-58.8963	-57.3237
BLOCK04/SES044/SA044S24	SES007	-1.84037	-58.2725	-56.4321
BLOCK04/SES044/SA044S24	SES101	-0.850983	-57.2831	-56.4321
BLOCK04/SES044/SA044S24	SES147	-1.66919	-58.1013	-56.4321
BLOCK04/SES044/SA044S24	SES177	-1.70083	-58.1329	-56.4321
BLOCK04/SES044/SA044S26	SES007	-1.17458	-57.0533	-55.8788
BLOCK04/SES044/SA044S26	SES016	-0.359852	-56.2386	-55.8788
BLOCK04/SES044/SA044S26	SES101	-0.494759	-56.3735	-55.8788
BLOCK04/SES044/SA044S26	SES147	-0.680538	-56.5593	-55.8788
BLOCK04/SES044/SA044S29	SES007	-1.48685	-56.7349	-55.2481
BLOCK04/SES044/SA044S29	SES101	-0.280159	-55.5282	-55.2481
BLOCK04/SES044/SA044S29	SES147	-0.852566	-56.1006	-55.2481
BLOCK04/SES044/SA044S29	SES177	-1.38835	-56.6364	-55.2481
BLOCK04/SES046/SA046S13	SES101	-1.75403	-58.7169	-56.9629
BLOCK04/SES046/SA046S13	SES144	-0.174778	-57.1377	-56.9629
BLOCK04/SES046/SA046S13	SES147	-1.20016	-58.163	-56.9629
BLOCK04/SES046/SA046S13	SES177	-0.68977	-57.6526	-56.9629
BLOCK04/SES046/SA046S15	SES048	-1.52325	-56.5693	-55.0461
BLOCK04/SES046/SA046S15	SES083	-0.285759	-55.3318	-55.0461
BLOCK04/SES046/SA046S15	SES120	-1.84232	-56.8884	-55.0461
BLOCK04/SES046/SA046S15	SES148	-0.54974	-55.5958	-55.0461
BLOCK04/SES046/SA046S22	SES101	-0.532883	-56.8121	-56.2792
BLOCK04/SES046/SA046S22	SES144	0.0341339	-56.2451	-56.2792
BLOCK04/SES046/SA046S22	SES147	-1.30216	-57.5813	-56.2792
BLOCK04/SES046/SA046S22	SES172	-0.641724	-56.9209	-56.2792
BLOCK04/SES046/SA046S25	SES083	-0.937992	-56.6334	-55.6954
BLOCK04/SES046/SA046S25	SES127	-0.519249	-56.2146	-55.6954
BLOCK04/SES046/SA046S25	SES144	-0.586369	-56.2818	-55.6954
BLOCK04/SES046/SA046S25	SES148	-0.755295	-56.4507	-55.6954
BLOCK04/SES046/SA046S28	SES007	-2.30712	-58.6331	-56.326
BLOCK04/SES046/SA046S28	SES105	-1.78009	-58.1061	-56.326
BLOCK04/SES046/SA046S28	SES147	-1.02602	-57.352	-56.326
BLOCK04/SES046/SA046S28	SES148	-0.336613	-56.6626	-56.326
BLOCK04/SES049/SA049S16	SES104	-1.00263	-56.8681	-55.8655
BLOCK04/SES049/SA049S16	SES106	-0.863998	-56.7295	-55.8655
BLOCK04/SES049/SA049S16	SES120	-1.43731	-57.3028	-55.8655
BLOCK04/SES049/SA049S16	SES206	-0.456608	-56.3221	-55.8655
BLOCK04/SES049/SA049S18	SES099	0.163071	-56.6205	-56.7836
BLOCK04/SES049/SA049S18	SES104	-1.24569	-58.0293	-56.7836
BLOCK04/SES049/SA049S18	SES125	-1.71628	-58.4999	-56.7836
BLOCK04/SES049/SA049S18	SES206	-0.905746	-57.6893	-56.7836
BLOCK04/SES049/SA049S25	SES087	-0.800377	-56.1931	-55.3927
BLOCK04/SES049/SA049S25	SES104	-0.446194	-55.8389	-55.3927
BLOCK04/SES049/SA049S25	SES125	-0.959984	-56.3527	-55.3927
BLOCK04/SES049/SA049S25	SES206	-0.0213661	-55.4141	-55.3927
BLOCK04/SES049/SA049S27	SES099	-0.146687	-55.4716	-55.3249
BLOCK04/SES049/SA049S27	SES104	-0.112339	-55.4372	-55.3249
BLOCK04/SES049/SA049S27	SES125	-0.729866	-56.0548	-55.3249
BLOCK04/SES049/SA049S27	SES206	-0.380074	-55.705	-55.3249
BLOCK04/SES049/SA049S29	SES099	-0.154858	-54.485	-54.3301
BLOCK04/SES049/SA049S29	SES104	0.134838	-54.1953	-54.3301
BLOCK04/SES049/SA049S29	SES125	-0.715317	-55.0455	-54.3301
BLOCK04/SES049/SA049S29	SES206	0.00232697	-54.3278	-54.3301
BLOCK06/SES063/SA063S09	SES068	-1.22151	-56.7409	-55.5193
BLOCK06/SES063/SA063S09	SES083	0.0430756	-55.4763	-55.5193
BLOCK06/SES063/SA063S09	SES177	-0.463245	-55.9826	-55.5193
BLOCK06/SES063/SA063S09	SES187	-0.778271	-56.2976	-55.5193
BLOCK06/SES063/SA063S10	SES068	-1.75409	-57.6912	-55.9371
BLOCK06/SES063/SA063S10	SES083	-0.301105	-56.2382	-55.9371
BLOCK06/SES063/SA063S10	SES172	-0.248096	-56.1852	-55.9371
BLOCK06/SES063/SA063S10	SES187	-1.18804	-57.1251	-55.9371
BLOCK06/SES063/SA063S20	SES068	-1.84766	-58.0596	-56.2119
BLOCK06/SES063/SA063S20	SES083	-0.1021	-56.314	-56.2119
BLOCK06/SES063/SA063S20	SES172	-0.801529	-57.0135	-56.2119
BLOCK06/SES063/SA063S20	SES187	-0.200306	-56.4123	-56.2119
BLOCK06/SES063/SA063S24	SES029	-1.52282	-56.8557	-55.3329
BLOCK06/SES063/SA063S24	SES083	0.495697	-54.8372	-55.3329
BLOCK06/SES063/SA063S24	SES177	0.061264	-55.2716	-55.3329
BLOCK06/SES063/SA063S24	SES189	-0.486504	-55.8194	-55.3329
BLOCK06/SES063/SA063S27	SES083	0.493561	-55.8261	-56.3197
BLOCK06/SES063/SA063S27	SES172	-0.626846	-56.9465	-56.3197
BLOCK06/SES063/SA063S27	SES187	-0.851109	-57.1708	-56.3197
BLOCK06/SES063/SA063S27	SES292	-1.8073	-58.127	-56.3197
BLOCK06/SES067/SA067S12	SES083	-0.936054	-56.3657	-55.4296
BLOCK06/SES067/SA067S12	SES172	-2.28253	-57.7122	-55.4296
BLOCK06/SES067/SA067S12	SES202	0.15971	-55.2699	-55.4296
BLOCK06/SES067/SA067S12	SES292	-2.05807	-57.4877	-55.4296
BLOCK06/SES067/SA067S14	SES085	-0.992439	-55.7026	-54.7102
BLOCK06/SES067/SA067S14	SES177	-1.01551	-55.7257	-54.7102
BLOCK06/SES067/SA067S14	SES183	-0.864738	-55.5749	-54.7102
BLOCK06/SES067/SA067S14	SES202	-0.0298843	-54.7401	-54.7102
BLOCK06/SES067/SA067S21	SES144	-0.425903	-56.846	-56.4201
BLOCK06/SES067/SA067S21	SES177	-0.323643	-56.7437	-56.4201
BLOCK06/SES067/SA067S21	SES183	-1.91905	-58.3391	-56.4201
BLOCK06/SES067/SA067S21	SES189	0.201427	-56.2186	-56.4201
BLOCK06/SES067/SA067S25	SES085	-0.597198	-56.0894	-55.4922
BLOCK06/SES067/SA067S25	SES177	-0.504856	-55.9971	-55.4922
BLOCK06/SES067/SA067S25	SES183	-1.04096	-56.5332	-55.4922
BLOCK06/SES067/SA067S25	SES202	-0.203812	-55.696	-55.4922
BLOCK06/SES067/SA067S29	SES085	-0.43259	-56.4389	-56.0063
BLOCK06/SES067/SA067S29	SES177	-0.397827	-56.4042	-56.0063
BLOCK06/SES067/SA067S29	SES183	-0.71693	-56.7233	-56.0063
BLOCK06/SES067/SA067S29	SES202	0.296371	-55.71	-56.0063
BLOCK06/SES069/SA069S12	SES029	-2.05127	-56.542	-54.4907
BLOCK06/SES069/SA069S12	SES082	-0.474594	-54.9653	-54.4907
BLOCK06/SES069/SA069S12	SES087	-1.19706	-55.6878	-54.4907
BLOCK06/SES069/SA069S12	SES206	-0.526989	-55.0177	-54.4907
BLOCK06/SES069/SA069S13	SES029	-1.82696	-56.3293	-54.5023
BLOCK06/SES069/SA069S13	SES087	-0.981945	-55.4843	-54.5023
BLOCK06/SES069/SA069S13	SES206	-0.53933	-55.0416	-54.5023
BLOCK06/SES069/SA069S13	SES226	-0.503387	-55.0057	-54.5023
BLOCK06/SES069/SA069S23	SES029	-0.70108	-53.7227	-53.0217
BLOCK06/SES069/SA069S23	SES087	-0.818497	-53.8402	-53.0217
BLOCK06/SES069/SA069S23	SES206	-0.602097	-53.6238	-53.0217
BLOCK06/SES069/SA069S23	SES226	-0.136288	-53.1579	-53.0217
BLOCK06/SES069/SA069S25	SES087	-0.853344	-54.4471	-53.5938
BLOCK06/SES069/SA069S25	SES206	-1.08457	-54.6783	-53.5938
BLOCK06/SES069/SA069S25	SES226	-0.626743	-54.2205	-53.5938
BLOCK06/SES069/SA069S25	SES270	-0.503807	-54.0976	-53.5938
BLOCK06/SES069/SA069S27	SES087	-1.4902	-55.1358	-53.6455
BLOCK06/SES069/SA069S27	SES206	-0.229256	-53.8748	-53.6455
BLOCK06/SES069/SA069S27	SES226	-0.274403	-53.92	-53.6455
BLOCK06/SES069/SA069S27	SES270	-0.4342	-54.0798	-53.6455
BLOCK08/SES081/SA081S11	SES060	-0.89035	-56.5728	-55.6825
BLOCK08/SES081/SA081S11	SES062	-2.08201	-57.7645	-55.6825
BLOCK08/SES081/SA081S11	SES117	-1.26154	-56.944	-55.6825
BLOCK08/SES081/SA081S11	SES162	-0.928177	-56.6107	-55.6825
BLOCK08/SES081/SA081S13	SES016	-0.551167	-55.2151	-54.6639
BLOCK08/SES081/SA081S13	SES060	-0.085453	-54.7493	-54.6639
BLOCK08/SES081/SA081S13	SES068	-0.222916	-54.8868	-54.6639
BLOCK08/SES081/SA081S13	SES129	-1.00553	-55.6694	-54.6639
BLOCK08/SES081/SA081S24	SES060	-0.197426	-55.5712	-55.3738
BLOCK08/SES081/SA081S24	SES068	-0.653473	-56.0273	-55.3738
BLOCK08/SES081/SA081S24	SES117	-1.34177	-56.7156	-55.3738
BLOCK08/SES081/SA081S24	SES275	-1.61403	-56.9878	-55.3738
BLOCK08/SES081/SA081S27	SES007	-1.33389	-56.6178	-55.2839
BLOCK08/SES081/SA081S27	SES060	-1.02825	-56.3121	-55.2839
BLOCK08/SES081/SA081S27	SES117	-0.234859	-55.5187	-55.2839
BLOCK08/SES081/SA081S27	SES275	-1.46835	-56.7522	-55.2839
BLOCK08/SES081/SA081S29	SES007	-0.983421	-55.9046	-54.9212
BLOCK08/SES081/SA081S29	SES060	-0.278786	-55.2	-54.9212
BLOCK08/SES081/SA081S29	SES117	-0.786995	-55.7082	-54.9212
BLOCK08/SES081/SA081S29	SES275	-1.54065	-56.4618	-54.9212
BLOCK08/SES086/SA086S11	SES029	-3.3263	-59.7617	-56.4354
BLOCK08/SES086/SA086S11	SES082	-1.27954	-57.7149	-56.4354
BLOCK08/SES086/SA086S11	SES087	-0.7593	-57.1947	-56.4354
BLOCK08/SES086/SA086S11	SES206	-1.32885	-57.7642	-56.4354
BLOCK08/SES086/SA086S12	SES029	-2.37089	-57.848	-55.4771
BLOCK08/SES086/SA086S12	SES082	-1.46809	-56.9452	-55.4771
BLOCK08/SES086/SA086S12	SES087	0.0925865	-55.3845	-55.4771
BLOCK08/SES086/SA086S12	SES206	-0.731224	-56.2084	-55.4771
BLOCK08/SES086/SA086S20	SES029	-2.86541	-57.2966	-54.4311
BLOCK08/SES086/SA086S20	SES082	-1.26819	-55.6993	-54.4311
BLOCK08/SES086/SA086S20	SES087	0.105518	-54.3256	-54.4311
BLOCK08/SES086/SA086S20	SES206	0.180038	-54.2511	-54.4311
BLOCK08/SES086/SA086S24	SES087	0.412735	-54.7937	-55.2064
BLOCK08/SES086/SA086S24	SES104	-1.06716	-56.2736	-55.2064
BLOCK08/SES086/SA086S24	SES120	-1.68011	-56.8866	-55.2064
BLOCK08/SES086/SA086S24	SES206	0.298759	-54.9077	-55.2064
BLOCK08/SES086/SA086S28	SES029	-2.1175	-56.407	-54.2895
BLOCK08/SES086/SA086S28	SES082	-1.36966	-55.6592	-54.2895
BLOCK08/SES086/SA086S28	SES087	0.232456	-54.0571	-54.2895
BLOCK08/SES086/SA086S28	SES206	-0.359379	-54.6489	-54.2895
BLOCK08/SES089/SA089S13	SES087	-1.08982	-55.9959	-54.9061
BLOCK08/SES089/SA089S13	SES206	-0.916805	-55.8229	-54.9061
BLOCK08/SES089/SA089S13	SES226	-0.828979	-55.7351	-54.9061
BLOCK08/SES089/SA089S13	SES270	-1.15951	-56.0656	-54.9061
BLOCK08/SES089/SA089S14	SES062	-1.45364	-56.0178	-54.5642
BLOCK08/SES089/SA089S14	SES087	-0.439316	-55.0035	-54.5642
BLOCK08/SES089/SA089S14	SES206	-0.446346	-55.0105	-54.5642
BLOCK08/SES089/SA089S14	SES226	-0.495701	-55.0599	-54.5642
BLOCK08/SES089/SA089S23	SES087	-0.25478	-55.9669	-55.7122
BLOCK08/SES089/SA089S23	SES206	-0.255623	-55.9678	-55.7122
BLOCK08/SES089/SA089S23	SES226	-0.715702	-56.4279	-55.7122
BLOCK08/SES089/SA089S23	SES270	-1.14772	-56.8599	-55.7122
BLOCK08/SES089/SA089S25	SES062	-1.90152	-56.4447	-54.5432
BLOCK08/SES089/SA089S25	SES087	-0.407192	-54.9504	-54.5432
BLOCK08/SES089/SA089S25	SES206	-0.82822	-55.3714	-54.5432
BLOCK08/SES089/SA089S25	SES226	-0.240585	-54.7838	-54.5432
BLOCK08/SES089/SA089S28	SES062	-1.48384	-56.2729	-54.789
BLOCK08/SES089/SA089S28	SES087	-0.37796	-55.167	-54.789
BLOCK08/SES089/SA089S28	SES206	-0.206623	-54.9957	-54.789
BLOCK08/SES089/SA089S28	SES226	-0.193104	-54.9821	-54.789
BLOCK09/SES097/SA097S11	SES099	0.386345	-55.1619	-55.5483
BLOCK09/SES097/SA097S11	SES125	-1.44479	-56.9931	-55.5483
BLOCK09/SES097/SA097S11	SES206	-0.64325	-56.1915	-55.5483
BLOCK09/SES097/SA097S11	SES226	0.0868301	-55.4614	-55.5483
BLOCK09/SES097/SA097S14	SES062	-1.41996	-56.6607	-55.2407
BLOCK09/SES097/SA097S14	SES099	-0.350475	-55.5912	-55.2407
BLOCK09/SES097/SA097S14	SES104	-0.808918	-56.0497	-55.2407
BLOCK09/SES097/SA097S14	SES206	-0.911259	-56.152	-55.2407
BLOCK09/SES097/SA097S22	SES099	0.430096	-54.9654	-55.3955
BLOCK09/SES097/SA097S22	SES206	-0.494118	-55.8896	-55.3955
BLOCK09/SES097/SA097S22	SES226	-0.96373	-56.3592	-55.3955
BLOCK09/SES097/SA097S22	SES270	0.341564	-55.0539	-55.3955
BLOCK09/SES097/SA097S26	SES099	-0.0217781	-54.9553	-54.9335
BLOCK09/SES097/SA097S26	SES120	-1.87722	-56.8107	-54.9335
BLOCK09/SES097/SA097S26	SES206	-0.708687	-55.6422	-54.9335
BLOCK09/SES097/SA097S26	SES226	-1.49608	-56.4296	-54.9335
BLOCK09/SES097/SA097S28	SES099	-0.0212517	-55.1594	-55.1381
BLOCK09/SES097/SA097S28	SES120	-1.29902	-56.4372	-55.1381
BLOCK09/SES097/SA097S28	SES206	-0.853355	-55.9915	-55.1381
BLOCK09/SES097/SA097S28	SES226	-1.54339	-56.6815	-55.1381
BLOCK09/SES098/SA098S11	SES127	-1.69998	-59.1612	-57.4612
BLOCK09/SES098/SA098S11	SES144	-0.753517	-58.2148	-57.4612
BLOCK09/SES098/SA098S11	SES147	-0.0334969	-57.4947	-57.4612
BLOCK09/SES098/SA098S11	SES148	-2.22718	-59.6884	-57.4612
BLOCK09/SES098/SA098S12	SES127	-2.53319	-60.8839	-58.3507
BLOCK09/SES098/SA098S12	SES144	-0.799412	-59.1501	-58.3507
BLOCK09/SES098/SA098S12	SES147	-0.295414	-58.6461	-58.3507
BLOCK09/SES098/SA098S12	SES189	-0.497753	-58.8484	-58.3507
BLOCK09/SES098/SA098S20	SES127	-2.15368	-59.9268	-57.7731
BLOCK09/SES098/SA098S20	SES147	-0.3554	-58.1285	-57.7731
BLOCK09/SES098/SA098S20	SES148	-2.26384	-60.0369	-57.7731
BLOCK09/SES098/SA098S20	SES292	-2.90259	-60.6757	-57.7731
BLOCK09/SES098/SA098S23	SES127	-1.35319	-58.297	-56.9438
BLOCK09/SES098/SA098S23	SES147	-0.286751	-57.2306	-56.9438
BLOCK09/SES098/SA098S23	SES187	-0.580082	-57.5239	-56.9438
BLOCK09/SES098/SA098S23	SES292	-2.39041	-59.3343	-56.9438
BLOCK09/SES098/SA098S27	SES127	-1.82576	-58.9009	-57.0751
BLOCK09/SES098/SA098S27	SES147	-0.907673	-57.9828	-57.0751
BLOCK09/SES098/SA098S27	SES148	-2.86637	-59.9415	-57.0751
BLOCK09/SES098/SA098S27	SES292	-2.72614	-59.8013	-57.0751
BLOCK10/SES102/SA102S13	SES101	-0.524509	-57.3041	-56.7796
BLOCK10/SES102/SA102S13	SES105	-0.970284	-57.7499	-56.7796
BLOCK10/SES102/SA102S13	SES120	-0.931606	-57.7112	-56.7796
BLOCK10/SES102/SA102S13	SES158	-2.74279	-59.5224	-56.7796
BLOCK10/SES102/SA102S14	SES007	-0.0442467	-54.74	-54.6957
BLOCK10/SES102/SA102S14	SES101	-0.130928	-54.8266	-54.6957
BLOCK10/SES102/SA102S14	SES105	-0.0884476	-54.7842	-54.6957
BLOCK10/SES102/SA102S14	SES147	-1.56505	-56.2608	-54.6957
BLOCK10/SES102/SA102S22	SES007	-1.06013	-56.2126	-55.1525
BLOCK10/SES102/SA102S22	SES101	-0.0493546	-55.2018	-55.1525
BLOCK10/SES102/SA102S22	SES105	-0.368778	-55.5213	-55.1525
BLOCK10/SES102/SA102S22	SES158	-2.56339	-57.7159	-55.1525
BLOCK10/SES102/SA102S25	SES007	-0.20462	-54.9257	-54.7211
BLOCK10/SES102/SA102S25	SES101	0.333698	-54.3874	-54.7211
BLOCK10/SES102/SA102S25	SES105	-0.618046	-55.3391	-54.7211
BLOCK10/SES102/SA102S25	SES147	-2.19266	-56.9137	-54.7211
BLOCK10/SES102/SA102S27	SES007	-0.846127	-56.2558	-55.4097
BLOCK10/SES102/SA102S27	SES101	-0.246571	-55.6562	-55.4097
BLOCK10/SES102/SA102S27	SES105	-0.806847	-56.2165	-55.4097
BLOCK10/SES102/SA102S27	SES147	-1.59047	-57.0001	-55.4097
BLOCK10/SES103/SA103S14	SES105	-2.38709	-58.6277	-56.2407
BLOCK10/SES103/SA103S14	SES106	-0.862305	-57.103	-56.2407
BLOCK10/SES103/SA103S14	SES120	-2.43009	-58.6707	-56.2407
BLOCK10/SES103/SA103S14	SES206	-1.47519	-57.7158	-56.2407
BLOCK10/SES103/SA103S15	SES099	-0.63031	-57.3131	-56.6828
BLOCK10/SES103/SA103S15	SES101	-2.80095	-59.4837	-56.6828
BLOCK10/SES103/SA103S15	SES104	-1.42546	-58.1083	-56.6828
BLOCK10/SES103/SA103S15	SES125	-0.958038	-57.6408	-56.6828
BLOCK10/SES103/SA103S24	SES104	-1.40304	-56.9002	-55.4972
BLOCK10/SES103/SA103S24	SES125	-1.12806	-56.6253	-55.4972
BLOCK10/SES103/SA103S24	SES148	-2.24447	-57.7417	-55.4972
BLOCK10/SES103/SA103S24	SES158	-0.26965	-55.7668	-55.4972
BLOCK10/SES103/SA103S26	SES104	-1.40262	-57.7424	-56.3397
BLOCK10/SES103/SA103S26	SES106	-1.15322	-57.493	-56.3397
BLOCK10/SES103/SA103S26	SES125	-1.33702	-57.6768	-56.3397
BLOCK10/SES103/SA103S26	SES148	-2.54831	-58.8881	-56.3397
BLOCK10/SES103/SA103S28	SES104	-1.51844	-58.5811	-57.0626
BLOCK10/SES103/SA103S28	SES106	-1.06649	-58.1291	-57.0626
BLOCK10/SES103/SA103S28	SES125	-1.83942	-58.902	-57.0626
BLOCK10/SES103/SA103S28	SES206	-1.86346	-58.9261	-57.0626
BLOCK12/SES121/SA121S12	SES042	-1.5084	-58.66	-57.1516
BLOCK12/SES121/SA121S12	SES087	-0.928837	-58.0805	-57.1516
BLOCK12/SES121/SA121S12	SES105	-1.37034	-58.522	-57.1516
BLOCK12/SES121/SA121S12	SES206	-1.39898	-58.5506	-57.1516
BLOCK12/SES121/SA121S14	SES007	-1.82162	-59.4173	-57.5957
BLOCK12/SES121/SA121S14	SES105	-1.78616	-59.3818	-57.5957
BLOCK12/SES121/SA121S14	SES106	-1.2052	-58.8009	-57.5957
BLOCK12/SES121/SA121S14	SES206	-0.99992	-58.5956	-57.5957
BLOCK12/SES121/SA121S23	SES105	-2.09035	-59.3271	-57.2368
BLOCK12/SES121/SA121S23	SES106	-0.744667	-57.9814	-57.2368
BLOCK12/SES121/SA121S23	SES120	-2.04733	-59.2841	-57.2368
BLOCK12/SES121/SA121S23	SES206	-0.867344	-58.1041	-57.2368
BLOCK12/SES121/SA121S25	SES007	-1.81656	-60.0214	-58.2049
BLOCK12/SES121/SA121S25	SES105	-2.18491	-60.3898	-58.2049
BLOCK12/SES121/SA121S25	SES106	-1.33454	-59.5394	-58.2049
BLOCK12/SES121/SA121S25	SES206	-1.4215	-59.6264	-58.2049
BLOCK12/SES121/SA121S27	SES087	-0.178761	-56.7537	-56.5749
BLOCK12/SES121/SA121S27	SES105	-3.02169	-59.5966	-56.5749
BLOCK12/SES121/SA121S27	SES120	-1.59304	-58.168	-56.5749
BLOCK12/SES121/SA121S27	SES206	-1.06692	-57.6418	-56.5749
BLOCK12/SES124/SA124S16	SES042	-0.49015	-55.7767	-55.2866
BLOCK12/SES124/SA124S16	SES082	-0.822548	-56.1091	-55.2866
BLOCK12/SES124/SA124S16	SES183	-2.29883	-57.5854	-55.2866
BLOCK12/SES124/SA124S16	SES206	-1.07535	-56.3619	-55.2866
BLOCK12/SES124/SA124S17	SES105	-1.70951	-58.0021	-56.2926
BLOCK12/SES124/SA124S17	SES149	-1.84057	-58.1331	-56.2926
BLOCK12/SES124/SA124S17	SES158	-1.18389	-57.4764	-56.2926
BLOCK12/SES124/SA124S17	SES275	-1.76274	-58.0553	-56.2926
BLOCK12/SES124/SA124S23	SES105	-2.43064	-56.6116	-54.1809
BLOCK12/SES124/SA124S23	SES125	-0.0697632	-54.2507	-54.1809
BLOCK12/SES124/SA124S23	SES129	-2.7756	-56.9565	-54.1809
BLOCK12/SES124/SA124S23	SES158	-0.118332	-54.2993	-54.1809
BLOCK12/SES124/SA124S26	SES105	-2.94634	-57.8158	-54.8695
BLOCK12/SES124/SA124S26	SES125	-0.331383	-55.2009	-54.8695
BLOCK12/SES124/SA124S26	SES129	-2.84949	-57.719	-54.8695
BLOCK12/SES124/SA124S26	SES158	-0.193474	-55.063	-54.8695
BLOCK12/SES124/SA124S28	SES104	-0.411541	-54.9048	-54.4933
BLOCK12/SES124/SA124S28	SES106	-0.599155	-55.0924	-54.4933
BLOCK12/SES124/SA124S28	SES125	0.0123978	-54.4809	-54.4933
BLOCK12/SES124/SA124S28	SES275	-2.09002	-56.5833	-54.4933
BLOCK12/SES126/SA126S13	SES007	-1.42435	-59.1801	-57.7557
BLOCK12/SES126/SA126S13	SES162	-1.00436	-58.7601	-57.7557
BLOCK12/SES126/SA126S13	SES177	-0.314808	-58.0705	-57.7557
BLOCK12/SES126/SA126S13	SES180	-1.09282	-58.8485	-57.7557
BLOCK12/SES126/SA126S14	SES144	-0.510269	-56.4129	-55.9026
BLOCK12/SES126/SA126S14	SES148	-1.40484	-57.3074	-55.9026
BLOCK12/SES126/SA126S14	SES177	0.104881	-55.7977	-55.9026
BLOCK12/SES126/SA126S14	SES180	-0.894295	-56.7969	-55.9026
BLOCK12/SES126/SA126S20	SES007	-1.62477	-57.9042	-56.2794
BLOCK12/SES126/SA126S20	SES162	-1.49888	-57.7783	-56.2794
BLOCK12/SES126/SA126S20	SES172	-2.58393	-58.8633	-56.2794
BLOCK12/SES126/SA126S20	SES180	-1.75735	-58.0367	-56.2794
BLOCK12/SES126/SA126S24	SES120	-0.756367	-56.3528	-55.5964
BLOCK12/SES126/SA126S24	SES162	-0.833107	-56.4295	-55.5964
BLOCK12/SES126/SA126S24	SES177	-0.527245	-56.1237	-55.5964
BLOCK12/SES126/SA126S24	SES180	-0.320324	-55.9168	-55.5964
BLOCK12/SES126/SA126S26	SES120	-0.664433	-57.5633	-56.8989
BLOCK12/SES126/SA126S26	SES177	-0.497536	-57.3964	-56.8989
BLOCK12/SES126/SA126S26	SES180	-0.95739	-57.8562	-56.8989
BLOCK12/SES126/SA126S26	SES202	-0.948563	-57.8474	-56.8989
BLOCK12/SES128/SA128S10	SES087	-1.65814	-56.7559	-55.0977
BLOCK12/SES128/SA128S10	SES206	-0.907597	-56.0053	-55.0977
BLOCK12/SES128/SA128S10	SES226	-0.508556	-55.6063	-55.0977
BLOCK12/SES128/SA128S10	SES270	-0.157742	-55.2555	-55.0977
BLOCK12/SES128/SA128S12	SES120	-1.60166	-56.6557	-55.054
BLOCK12/SES128/SA128S12	SES158	-1.24127	-56.2953	-55.054
BLOCK12/SES128/SA128S12	SES206	-0.48365	-55.5377	-55.054
BLOCK12/SES128/SA128S12	SES226	-0.901409	-55.9554	-55.054
BLOCK12/SES128/SA128S21	SES106	-1.64629	-57.7305	-56.0842
BLOCK12/SES128/SA128S21	SES120	-1.57304	-57.6572	-56.0842
BLOCK12/SES128/SA128S21	SES206	-1.13857	-57.2227	-56.0842
BLOCK12/SES128/SA128S21	SES226	-0.90559	-56.9898	-56.0842
BLOCK12/SES128/SA128S24	SES087	-1.62562	-57.2407	-55.6151
BLOCK12/SES128/SA128S24	SES120	-0.743286	-56.3583	-55.6151
BLOCK12/SES128/SA128S24	SES206	-0.840202	-56.4553	-55.6151
BLOCK12/SES128/SA128S24	SES226	-1.1649	-56.78	-55.6151
BLOCK12/SES128/SA128S27	SES099	-0.320019	-54.8098	-54.4897
BLOCK12/SES128/SA128S27	SES120	-0.981274	-55.471	-54.4897
BLOCK12/SES128/SA128S27	SES206	-0.695774	-55.1855	-54.4897
BLOCK12/SES128/SA128S27	SES226	-0.675507	-55.1653	-54.4897
BLOCK13/SES130/SA130S13	SES143	-0.60881	-57.4784	-56.8696
BLOCK13/SES130/SA130S13	SES144	-0.0795708	-56.9492	-56.8696
BLOCK13/SES130/SA130S13	SES146	-0.19368	-57.0633	-56.8696
BLOCK13/SES130/SA130S13	SES275	-1.81287	-58.6824	-56.8696
BLOCK13/SES130/SA130S15	SES143	-1.16895	-57.2085	-56.0396
BLOCK13/SES130/SA130S15	SES144	-0.190502	-56.2301	-56.0396
BLOCK13/SES130/SA130S15	SES146	-0.12381	-56.1634	-56.0396
BLOCK13/SES130/SA130S15	SES275	-0.695831	-56.7354	-56.0396
BLOCK13/SES130/SA130S23	SES127	-1.5599	-59.0055	-57.4456
BLOCK13/SES130/SA130S23	SES144	-0.756031	-58.2016	-57.4456
BLOCK13/SES130/SA130S23	SES146	-0.242603	-57.6882	-57.4456
BLOCK13/SES130/SA130S23	SES162	-0.536133	-57.9817	-57.4456
BLOCK13/SES130/SA130S25	SES127	-0.91431	-56.4686	-55.5543
BLOCK13/SES130/SA130S25	SES144	-0.0611305	-55.6155	-55.5543
BLOCK13/SES130/SA130S25	SES146	-0.399597	-55.9539	-55.5543
BLOCK13/SES130/SA130S25	SES275	-0.607388	-56.1617	-55.5543
BLOCK13/SES130/SA130S28	SES127	-1.11325	-57.2859	-56.1726
BLOCK13/SES130/SA130S28	SES144	-0.366367	-56.539	-56.1726
BLOCK13/SES130/SA130S28	SES146	-0.445831	-56.6184	-56.1726
BLOCK13/SES130/SA130S28	SES275	-0.432384	-56.605	-56.1726
BLOCK13/SES131/SA131S13	SES002	-1.57513	-59.2572	-57.6821
BLOCK13/SES131/SA131S13	SES007	-2.24237	-59.9245	-57.6821
BLOCK13/SES131/SA131S13	SES099	-1.36556	-59.0477	-57.6821
BLOCK13/SES131/SA131S13	SES105	-2.00325	-59.6854	-57.6821
BLOCK13/SES131/SA131S14	SES104	-0.864891	-56.4702	-55.6053
BLOCK13/SES131/SA131S14	SES106	-0.608582	-56.2139	-55.6053
BLOCK13/SES131/SA131S14	SES125	-1.16619	-56.7715	-55.6053
BLOCK13/SES131/SA131S14	SES148	-1.41533	-57.0207	-55.6053
BLOCK13/SES131/SA131S20	SES104	-1.31638	-58.5059	-57.1895
BLOCK13/SES131/SA131S20	SES106	-0.841995	-58.0315	-57.1895
BLOCK13/SES131/SA131S20	SES125	-1.69851	-58.888	-57.1895
BLOCK13/SES131/SA131S20	SES148	-1.91744	-59.107	-57.1895
BLOCK13/SES131/SA131S22	SES099	-1.12074	-56.9233	-55.8026
BLOCK13/SES131/SA131S22	SES104	-1.20084	-57.0034	-55.8026
BLOCK13/SES131/SA131S22	SES125	-1.58002	-57.3826	-55.8026
BLOCK13/SES131/SA131S22	SES206	-1.2256	-57.0282	-55.8026
BLOCK13/SES131/SA131S29	SES087	-1.29083	-57.981	-56.6901
BLOCK13/SES131/SA131S29	SES104	-1.69326	-58.3834	-56.6901
BLOCK13/SES131/SA131S29	SES125	-1.74366	-58.4338	-56.6901
BLOCK13/SES131/SA131S29	SES206	-1.61464	-58.3048	-56.6901
BLOCK13/SES132/SA132S11	SES083	-1.32249	-56.3173	-54.9948
BLOCK13/SES132/SA132S11	SES120	-0.111572	-55.1064	-54.9948
BLOCK13/SES132/SA132S11	SES127	-0.488159	-55.483	-54.9948
BLOCK13/SES132/SA132S11	SES275	-0.880116	-55.8749	-54.9948
BLOCK13/SES132/SA132S12	SES083	-1.31282	-56.7759	-55.4631
BLOCK13/SES132/SA132S12	SES143	-0.977058	-56.4401	-55.4631
BLOCK13/SES132/SA132S12	SES144	-0.866364	-56.3294	-55.4631
BLOCK13/SES132/SA132S12	SES148	-1.40171	-56.8648	-55.4631
BLOCK13/SES132/SA132S22	SES062	-0.838055	-55.9806	-55.1426
BLOCK13/SES132/SA132S22	SES083	-0.869549	-56.0121	-55.1426
BLOCK13/SES132/SA132S22	SES127	-0.579823	-55.7224	-55.1426
BLOCK13/SES132/SA132S22	SES275	-0.596107	-55.7387	-55.1426
BLOCK13/SES132/SA132S24	SES007	-0.617691	-55.9241	-55.3064
BLOCK13/SES132/SA132S24	SES083	-1.28423	-56.5906	-55.3064
BLOCK13/SES132/SA132S24	SES127	-0.935349	-56.2417	-55.3064
BLOCK13/SES132/SA132S24	SES275	-0.878914	-56.1853	-55.3064
BLOCK13/SES132/SA132S27	SES083	-1.2668	-56.7819	-55.5151
BLOCK13/SES132/SA132S27	SES120	-0.271965	-55.7871	-55.5151
BLOCK13/SES132/SA132S27	SES127	-1.15218	-56.6673	-55.5151
BLOCK13/SES132/SA132S27	SES275	-1.31518	-56.8303	-55.5151
BLOCK14/SES141/SA141S09	SES143	-0.68853	-56.6847	-55.9962
BLOCK14/SES141/SA141S09	SES144	-0.692665	-56.6889	-55.9962
BLOCK14/SES141/SA141S09	SES162	-0.790699	-56.7869	-55.9962
BLOCK14/SES141/SA141S09	SES180	-0.689865	-56.6861	-55.9962
BLOCK14/SES141/SA141S15	SES127	-0.876575	-56.9249	-56.0483
BLOCK14/SES141/SA141S15	SES144	-1.01186	-57.0602	-56.0483
BLOCK14/SES141/SA141S15	SES162	-0.972034	-57.0203	-56.0483
BLOCK14/SES141/SA141S15	SES180	-0.246372	-56.2947	-56.0483
BLOCK14/SES141/SA141S24	SES127	-0.476879	-56.7479	-56.271
BLOCK14/SES141/SA141S24	SES144	-1.03093	-57.302	-56.271
BLOCK14/SES141/SA141S24	SES162	-0.345238	-56.6163	-56.271
BLOCK14/SES141/SA141S24	SES183	-1.09469	-57.3657	-56.271
BLOCK14/SES141/SA141S26	SES142	-0.533447	-57.2232	-56.6898
BLOCK14/SES141/SA141S26	SES144	-1.05969	-57.7494	-56.6898
BLOCK14/SES141/SA141S26	SES172	-0.952023	-57.6418	-56.6898
BLOCK14/SES141/SA141S26	SES180	-0.471214	-57.161	-56.6898
BLOCK14/SES141/SA141S29	SES127	-0.2253	-56.3179	-56.0926
BLOCK14/SES141/SA141S29	SES142	0.227634	-55.8649	-56.0926
BLOCK14/SES141/SA141S29	SES144	-0.989178	-57.0817	-56.0926
BLOCK14/SES141/SA141S29	SES180	0.0811005	-56.0115	-56.0926
BLOCK15/SES157/SA157S08	SES083	-1.49871	-57.5278	-56.0291
BLOCK15/SES157/SA157S08	SES127	-0.967613	-56.9967	-56.0291
BLOCK15/SES157/SA157S08	SES148	-0.829403	-56.8585	-56.0291
BLOCK15/SES157/SA157S08	SES292	-1.52439	-57.5535	-56.0291
BLOCK15/SES157/SA157S11	SES083	-1.38543	-56.9411	-55.5556
BLOCK15/SES157/SA157S11	SES127	-1.11823	-56.6739	-55.5556
BLOCK15/SES157/SA157S11	SES148	-0.886902	-56.4425	-55.5556
BLOCK15/SES157/SA157S11	SES292	-1.95733	-57.513	-55.5556
BLOCK15/SES157/SA157S21	SES127	-0.979889	-56.1915	-55.2116
BLOCK15/SES157/SA157S21	SES148	-0.414589	-55.6262	-55.2116
BLOCK15/SES157/SA157S21	SES158	-3.32311	-58.5347	-55.2116
BLOCK15/SES157/SA157S21	SES292	-0.964024	-56.1756	-55.2116
BLOCK15/SES157/SA157S24	SES127	-0.864548	-56.5906	-55.726
BLOCK15/SES157/SA157S24	SES148	-0.780365	-56.5064	-55.726
BLOCK15/SES157/SA157S24	SES183	-1.47945	-57.2055	-55.726
BLOCK15/SES157/SA157S24	SES292	-1.26559	-56.9916	-55.726
BLOCK15/SES157/SA157S26	SES007	-0.479141	-55.8933	-55.4142
BLOCK15/SES157/SA157S26	SES127	-0.627178	-56.0414	-55.4142
BLOCK15/SES157/SA157S26	SES147	-2.11522	-57.5294	-55.4142
BLOCK15/SES157/SA157S26	SES148	-0.665134	-56.0793	-55.4142
BLOCK16/SES161/SA161S10	SES007	-1.51409	-58.358	-56.8439
BLOCK16/SES161/SA161S10	SES105	-1.40665	-58.2505	-56.8439
BLOCK16/SES161/SA161S10	SES158	-1.31881	-58.1627	-56.8439
BLOCK16/SES161/SA161S10	SES275	-1.26414	-58.108	-56.8439
BLOCK16/SES161/SA161S12	SES007	-1.22037	-57.3514	-56.131
BLOCK16/SES161/SA161S12	SES105	-1.72961	-57.8606	-56.131
BLOCK16/SES161/SA161S12	SES158	-1.16065	-57.2916	-56.131
BLOCK16/SES161/SA161S12	SES275	-1.26358	-57.3946	-56.131
BLOCK16/SES161/SA161S20	SES007	-1.54968	-59.1015	-57.5518
BLOCK16/SES161/SA161S20	SES105	-1.70993	-59.2617	-57.5518
BLOCK16/SES161/SA161S20	SES158	-1.01456	-58.5664	-57.5518
BLOCK16/SES161/SA161S20	SES275	-1.61042	-59.1622	-57.5518
BLOCK16/SES161/SA161S23	SES007	-1.49129	-57.2284	-55.7371
BLOCK16/SES161/SA161S23	SES105	-0.997185	-56.7343	-55.7371
BLOCK16/SES161/SA161S23	SES148	-1.65583	-57.3929	-55.7371
BLOCK16/SES161/SA161S23	SES158	-1.00396	-56.7411	-55.7371
BLOCK16/SES161/SA161S28	SES007	-1.92033	-58.1072	-56.1869
BLOCK16/SES161/SA161S28	SES105	-1.88257	-58.0695	-56.1869
BLOCK16/SES161/SA161S28	SES158	-0.667896	-56.8548	-56.1869
BLOCK16/SES161/SA161S28	SES206	-1.00349	-57.1904	-56.1869
BLOCK16/SES164/SA164S11	SES104	-1.44757	-56.3154	-54.8678
BLOCK16/SES164/SA164S11	SES125	-0.697254	-55.565	-54.8678
BLOCK16/SES164/SA164S11	SES158	-0.102467	-54.9703	-54.8678
BLOCK16/SES164/SA164S11	SES206	-1.34093	-56.2087	-54.8678
BLOCK16/SES164/SA164S13	SES099	-0.926422	-57.2756	-56.3492
BLOCK16/SES164/SA164S13	SES104	-1.3122	-57.6614	-56.3492
BLOCK16/SES164/SA164S13	SES125	-1.94319	-58.2924	-56.3492
BLOCK16/SES164/SA164S13	SES206	-1.58847	-57.9376	-56.3492
BLOCK16/SES164/SA164S24	SES002	0.151291	-55.4199	-55.5712
BLOCK16/SES164/SA164S24	SES099	-0.55302	-56.1242	-55.5712
BLOCK16/SES164/SA164S24	SES125	-1.60616	-57.1774	-55.5712
BLOCK16/SES164/SA164S24	SES226	-0.209446	-55.7807	-55.5712
BLOCK16/SES164/SA164S27	SES087	-1.90314	-57.7533	-55.8501
BLOCK16/SES164/SA164S27	SES125	-1.52249	-57.3726	-55.8501
BLOCK16/SES164/SA164S27	SES206	-1.38611	-57.2362	-55.8501
BLOCK16/SES164/SA164S27	SES226	-0.949326	-56.7994	-55.8501
BLOCK16/SES164/SA164S29	SES002	0.13327	-55.6772	-55.8105
BLOCK16/SES164/SA164S29	SES019	-0.96014	-56.7706	-55.8105
BLOCK16/SES164/SA164S29	SES125	-1.00006	-56.8106	-55.8105
BLOCK16/SES164/SA164S29	SES226	-0.658211	-56.4687	-55.8105
BLOCK16/SES169/SA169S13	SES117	-1.00329	-57.2048	-56.2015
BLOCK16/SES169/SA169S13	SES144	-0.725025	-56.9265	-56.2015
BLOCK16/SES169/SA169S13	SES146	-0.759865	-56.9614	-56.2015
BLOCK16/SES169/SA169S13	SES162	-1.16639	-57.3679	-56.2015
BLOCK16/SES169/SA169S14	SES144	-0.692867	-55.8766	-55.1837
BLOCK16/SES169/SA169S14	SES148	-0.553593	-55.7373	-55.1837
BLOCK16/SES169/SA169S14	SES177	-0.83696	-56.0207	-55.1837
BLOCK16/SES169/SA169S14	SES180	-1.88213	-57.0658	-55.1837
BLOCK16/SES169/SA169S24	SES117	-0.790577	-57.588	-56.7974
BLOCK16/SES169/SA169S24	SES144	-0.428867	-57.2263	-56.7974
BLOCK16/SES169/SA169S24	SES146	-0.612038	-57.4094	-56.7974
BLOCK16/SES169/SA169S24	SES162	-1.05661	-57.854	-56.7974
BLOCK16/SES169/SA169S27	SES127	-0.334984	-56.7849	-56.45
BLOCK16/SES169/SA169S27	SES129	-0.807163	-57.2571	-56.45
BLOCK16/SES169/SA169S27	SES144	-0.900875	-57.3508	-56.45
BLOCK16/SES169/SA169S27	SES146	-0.0873375	-56.5373	-56.45
BLOCK16/SES169/SA169S29	SES144	-0.410122	-55.7454	-55.3353
BLOCK16/SES169/SA169S29	SES162	-0.881104	-56.2164	-55.3353
BLOCK16/SES169/SA169S29	SES177	-1.4006	-56.7359	-55.3353
BLOCK16/SES169/SA169S29	SES180	-1.62971	-56.965	-55.3353
BLOCK17/SES171/SA171S12	SES083	-0.716629	-57.4619	-56.7453
BLOCK17/SES171/SA171S12	SES148	-1.30681	-58.0521	-56.7453
BLOCK17/SES171/SA171S12	SES172	-0.990597	-57.7359	-56.7453
BLOCK17/SES171/SA171S12	SES292	-2.12719	-58.8725	-56.7453
BLOCK17/SES171/SA171S15	SES148	-0.943642	-57.8345	-56.8908
BLOCK17/SES171/SA171S15	SES177	-0.750355	-57.6412	-56.8908
BLOCK17/SES171/SA171S15	SES180	-2.24339	-59.1342	-56.8908
BLOCK17/SES171/SA171S15	SES292	-3.39839	-60.2892	-56.8908
BLOCK17/SES171/SA171S22	SES007	-1.53035	-57.4273	-55.897
BLOCK17/SES171/SA171S22	SES148	-0.976776	-56.8738	-55.897
BLOCK17/SES171/SA171S22	SES177	-0.499043	-56.396	-55.897
BLOCK17/SES171/SA171S22	SES180	-1.45397	-57.3509	-55.897
BLOCK17/SES171/SA171S25	SES101	-1.77547	-59.1319	-57.3565
BLOCK17/SES171/SA171S25	SES120	-1.86877	-59.2252	-57.3565
BLOCK17/SES171/SA171S25	SES177	-0.381168	-57.7376	-57.3565
BLOCK17/SES171/SA171S25	SES180	-1.6029	-58.9594	-57.3565
BLOCK17/SES171/SA171S27	SES177	-0.416149	-56.8189	-56.4028
BLOCK17/SES171/SA171S27	SES180	-1.51967	-57.9224	-56.4028
BLOCK17/SES171/SA171S27	SES189	-0.560246	-56.963	-56.4028
BLOCK17/SES171/SA171S27	SES292	-1.90864	-58.3114	-56.4028
BLOCK17/SES173/SA173S13	SES162	-1.76398	-59.315	-57.551
BLOCK17/SES173/SA173S13	SES177	-1.18233	-58.7334	-57.551
BLOCK17/SES173/SA173S13	SES180	-1.93261	-59.4836	-57.551
BLOCK17/SES173/SA173S13	SES292	-3.64494	-61.196	-57.551
BLOCK17/SES173/SA173S14	SES007	-2.67237	-60.5522	-57.8798
BLOCK17/SES173/SA173S14	SES162	-1.55874	-59.4386	-57.8798
BLOCK17/SES173/SA173S14	SES177	-0.949604	-58.8294	-57.8798
BLOCK17/SES173/SA173S14	SES180	-2.117	-59.9968	-57.8798
BLOCK17/SES173/SA173S24	SES144	-0.847031	-59.0009	-58.1539
BLOCK17/SES173/SA173S24	SES162	-1.72228	-59.8762	-58.1539
BLOCK17/SES173/SA173S24	SES177	-0.675823	-58.8297	-58.1539
BLOCK17/SES173/SA173S24	SES180	-1.83242	-59.9863	-58.1539
BLOCK17/SES173/SA173S27	SES162	-2.02266	-59.3289	-57.3063
BLOCK17/SES173/SA173S27	SES177	-0.927952	-58.2342	-57.3063
BLOCK17/SES173/SA173S27	SES180	-1.3254	-58.6317	-57.3063
BLOCK17/SES173/SA173S27	SES292	-3.44981	-60.7561	-57.3063
BLOCK17/SES173/SA173S29	SES162	-1.45848	-59.186	-57.7275
BLOCK17/SES173/SA173S29	SES175	-0.298164	-58.0257	-57.7275
BLOCK17/SES173/SA173S29	SES177	-0.566071	-58.2936	-57.7275
BLOCK17/SES173/SA173S29	SES292	-5.05552	-62.7831	-57.7275
BLOCK18/SES182/SA182S10	SES144	-0.710995	-56.8411	-56.1301
BLOCK18/SES182/SA182S10	SES177	-0.582966	-56.713	-56.1301
BLOCK18/SES182/SA182S10	SES180	-1.84985	-57.9799	-56.1301
BLOCK18/SES182/SA182S10	SES275	-1.075	-57.2051	-56.1301
BLOCK18/SES182/SA182S12	SES144	-0.368015	-56.2836	-55.9156
BLOCK18/SES182/SA182S12	SES177	-0.643822	-56.5594	-55.9156
BLOCK18/SES182/SA182S12	SES180	-1.20506	-57.1207	-55.9156
BLOCK18/SES182/SA182S12	SES275	-1.07162	-56.9872	-55.9156
BLOCK18/SES182/SA182S21	SES117	-0.737621	-57.7476	-57.01
BLOCK18/SES182/SA182S21	SES144	-1.00487	-58.0148	-57.01
BLOCK18/SES182/SA182S21	SES162	-0.352909	-57.3629	-57.01
BLOCK18/SES182/SA182S21	SES180	-0.979343	-57.9893	-57.01
BLOCK18/SES182/SA182S23	SES117	-0.669243	-56.8329	-56.1637
BLOCK18/SES182/SA182S23	SES144	-0.961792	-57.1255	-56.1637
BLOCK18/SES182/SA182S23	SES180	-1.17533	-57.339	-56.1637
BLOCK18/SES182/SA182S23	SES275	-1.20543	-57.3691	-56.1637
BLOCK18/SES182/SA182S25	SES007	-0.652809	-57.1691	-56.5163
BLOCK18/SES182/SA182S25	SES162	-0.194859	-56.7112	-56.5163
BLOCK18/SES182/SA182S25	SES177	-0.281143	-56.7975	-56.5163
BLOCK18/SES182/SA182S25	SES180	-0.817753	-57.3341	-56.5163
BLOCK18/SES184/SA184S12	SES177	-0.690464	-57.0288	-56.3384
BLOCK18/SES184/SA184S12	SES180	-1.14379	-57.4822	-56.3384
BLOCK18/SES184/SA184S12	SES189	-1.77088	-58.1093	-56.3384
BLOCK18/SES184/SA184S12	SES292	-1.2641	-57.6025	-56.3384
BLOCK18/SES184/SA184S13	SES101	-0.921207	-56.9997	-56.0785
BLOCK18/SES184/SA184S13	SES177	-0.608593	-56.6871	-56.0785
BLOCK18/SES184/SA184S13	SES180	-0.809772	-56.8883	-56.0785
BLOCK18/SES184/SA184S13	SES292	-1.23574	-57.3143	-56.0785
BLOCK18/SES184/SA184S22	SES177	-0.854122	-55.8176	-54.9635
BLOCK18/SES184/SA184S22	SES180	-0.560177	-55.5236	-54.9635
BLOCK18/SES184/SA184S22	SES189	-2.10825	-57.0717	-54.9635
BLOCK18/SES184/SA184S22	SES292	-1.08194	-56.0454	-54.9635
BLOCK18/SES184/SA184S25	SES101	-0.578808	-55.5386	-54.9598
BLOCK18/SES184/SA184S25	SES177	-0.912106	-55.8719	-54.9598
BLOCK18/SES184/SA184S25	SES180	-0.850365	-55.8102	-54.9598
BLOCK18/SES184/SA184S25	SES292	-0.837818	-55.7976	-54.9598
BLOCK18/SES184/SA184S27	SES083	-0.714268	-56.2478	-55.5335
BLOCK18/SES184/SA184S27	SES177	-0.740395	-56.2739	-55.5335
BLOCK18/SES184/SA184S27	SES202	-1.67844	-57.212	-55.5335
BLOCK18/SES184/SA184S27	SES292	-1.27667	-56.8102	-55.5335
BLOCK20/SES204/SA204S12	SES062	-1.43526	-55.9653	-54.53
BLOCK20/SES204/SA204S12	SES083	-1.89804	-56.4281	-54.53
BLOCK20/SES204/SA204S12	SES206	-0.212971	-54.743	-54.53
BLOCK20/SES204/SA204S12	SES226	-1.04208	-55.5721	-54.53
BLOCK20/SES204/SA204S14	SES068	-1.73914	-55.2678	-53.5287
BLOCK20/SES204/SA204S14	SES087	-0.290585	-53.8193	-53.5287
BLOCK20/SES204/SA204S14	SES206	-0.557983	-54.0867	-53.5287
BLOCK20/SES204/SA204S14	SES226	-1.50463	-55.0333	-53.5287
BLOCK20/SES204/SA204S22	SES068	-2.28074	-56.7689	-54.4881
BLOCK20/SES204/SA204S22	SES082	-2.02768	-56.5158	-54.4881
BLOCK20/SES204/SA204S22	SES083	-2.27047	-56.7586	-54.4881
BLOCK20/SES204/SA204S22	SES206	-0.701031	-55.1891	-54.4881
BLOCK20/SES204/SA204S25	SES062	-2.39024	-57.1542	-54.7639
BLOCK20/SES204/SA204S25	SES083	-2.20076	-56.9647	-54.7639
BLOCK20/SES204/SA204S25	SES206	-0.674847	-55.4388	-54.7639
BLOCK20/SES204/SA204S25	SES226	-1.22858	-55.9925	-54.7639
BLOCK20/SES204/SA204S27	SES068	-2.41466	-57.676	-55.2614
BLOCK20/SES204/SA204S27	SES082	-1.84079	-57.1022	-55.2614
BLOCK20/SES204/SA204S27	SES087	-0.911926	-56.1733	-55.2614
BLOCK20/SES204/SA204S27	SES206	-0.801758	-56.0631	-55.2614
BLOCK20/SES207/SA207S10	SES127	-0.647022	-57.0399	-56.3928
BLOCK20/SES207/SA207S10	SES183	-0.946461	-57.3393	-56.3928
BLOCK20/SES207/SA207S10	SES189	-1.17028	-57.5631	-56.3928
BLOCK20/SES207/SA207S10	SES292	-1.46621	-57.859	-56.3928
BLOCK20/SES207/SA207S11	SES127	-1.62528	-57.402	-55.7767
BLOCK20/SES207/SA207S11	SES183	-1.26208	-57.0388	-55.7767
BLOCK20/SES207/SA207S11	SES187	-1.1251	-56.9018	-55.7767
BLOCK20/SES207/SA207S11	SES292	-1.44569	-57.2224	-55.7767
BLOCK20/SES207/SA207S25	SES068	-1.12703	-57.6126	-56.4856
BLOCK20/SES207/SA207S25	SES083	-1.08287	-57.5685	-56.4856
BLOCK20/SES207/SA207S25	SES127	-0.499416	-56.985	-56.4856
BLOCK20/SES207/SA207S25	SES187	-0.214462	-56.7	-56.4856
BLOCK20/SES207/SA207S27	SES127	-0.774143	-57.6586	-56.8845
BLOCK20/SES207/SA207S27	SES183	-0.25592	-57.1404	-56.8845
BLOCK20/SES207/SA207S27	SES187	-0.5173	-57.4018	-56.8845
BLOCK20/SES207/SA207S27	SES292	-1.7583	-58.6428	-56.8845
BLOCK20/SES207/SA207S29	SES083	-1.23575	-57.3345	-56.0988
BLOCK20/SES207/SA207S29	SES085	-0.578434	-56.6772	-56.0988
BLOCK20/SES207/SA207S29	SES172	-1.31312	-57.4119	-56.0988
BLOCK20/SES207/SA207S29	SES189	-1.4656	-57.5644	-56.0988
BLOCK22/SES221/SA221S12	SES068	-0.68327	-56.9334	-56.2501
BLOCK22/SES221/SA221S12	SES143	-1.14672	-57.3969	-56.2501
BLOCK22/SES221/SA221S12	SES175	-0.589363	-56.8395	-56.2501
BLOCK22/SES221/SA221S12	SES202	0.000164032	-56.25	-56.2501
BLOCK22/SES221/SA221S15	SES085	-1.67687	-59.2007	-57.5238
BLOCK22/SES221/SA221S15	SES143	-1.79201	-59.3159	-57.5238
BLOCK22/SES221/SA221S15	SES175	-0.75288	-58.2767	-57.5238
BLOCK22/SES221/SA221S15	SES187	-0.604763	-58.1286	-57.5238
BLOCK22/SES221/SA221S23	SES068	-1.27758	-57.9684	-56.6908
BLOCK22/SES221/SA221S23	SES143	-1.00911	-57.6999	-56.6908
BLOCK22/SES221/SA221S23	SES175	0.102921	-56.5879	-56.6908
BLOCK22/SES221/SA221S23	SES189	0.462051	-56.2287	-56.6908
BLOCK22/SES221/SA221S27	SES085	-1.58434	-58.2007	-56.6163
BLOCK22/SES221/SA221S27	SES143	-0.717346	-57.3337	-56.6163
BLOCK22/SES221/SA221S27	SES175	0.0240135	-56.5923	-56.6163
BLOCK22/SES221/SA221S27	SES189	0.995537	-55.6208	-56.6163
BLOCK22/SES221/SA221S29	SES085	-2.14352	-60.0607	-57.9172
BLOCK22/SES221/SA221S29	SES143	-0.954697	-58.8719	-57.9172
BLOCK22/SES221/SA221S29	SES175	-0.370117	-58.2873	-57.9172
BLOCK22/SES221/SA221S29	SES187	0.194763	-57.7224	-57.9172
BLOCK22/SES223/SA223S11	SES143	-0.68047	-57.618	-56.9375
BLOCK22/SES223/SA223S11	SES144	-1.69234	-58.6298	-56.9375
BLOCK22/SES223/SA223S11	SES175	-0.322906	-57.2604	-56.9375
BLOCK22/SES223/SA223S11	SES187	-0.811047	-57.7486	-56.9375
BLOCK22/SES223/SA223S13	SES068	-0.905338	-58.5909	-57.6856
BLOCK22/SES223/SA223S13	SES143	-1.14935	-58.8349	-57.6856
BLOCK22/SES223/SA223S13	SES146	-1.72439	-59.41	-57.6856
BLOCK22/SES223/SA223S13	SES202	-0.867943	-58.5535	-57.6856
BLOCK22/SES223/SA223S22	SES143	-0.787518	-57.9873	-57.1998
BLOCK22/SES223/SA223S22	SES144	-1.23522	-58.4351	-57.1998
BLOCK22/SES223/SA223S22	SES175	-0.524837	-57.7247	-57.1998
BLOCK22/SES223/SA223S22	SES187	-0.279575	-57.4794	-57.1998
BLOCK22/SES223/SA223S25	SES068	-0.969357	-58.0597	-57.0904
BLOCK22/SES223/SA223S25	SES143	-1.09138	-58.1818	-57.0904
BLOCK22/SES223/SA223S25	SES175	-0.204124	-57.2945	-57.0904
BLOCK22/SES223/SA223S25	SES187	-0.35463	-57.445	-57.0904
BLOCK22/SES223/SA223S27	SES143	-0.554203	-57.7851	-57.2309
BLOCK22/SES223/SA223S27	SES146	-1.11346	-58.3444	-57.2309
BLOCK22/SES223/SA223S27	SES187	-0.670261	-57.9012	-57.2309
BLOCK22/SES223/SA223S27	SES292	-2.48672	-59.7176	-57.2309
BLOCK27/SES273/SA273S12	SES099	-0.310005	-53.5084	-53.1984
BLOCK27/SES273/SA273S12	SES104	-0.0243874	-53.2228	-53.1984
BLOCK27/SES273/SA273S12	SES125	-0.67252	-53.8709	-53.1984
BLOCK27/SES273/SA273S12	SES206	0.0507736	-53.1476	-53.1984
BLOCK27/SES273/SA273S13	SES099	-0.595501	-53.9462	-53.3507
BLOCK27/SES273/SA273S13	SES104	-0.487877	-53.8386	-53.3507
BLOCK27/SES273/SA273S13	SES206	-0.422001	-53.7727	-53.3507
BLOCK27/SES273/SA273S13	SES292	-1.59225	-54.943	-53.3507
BLOCK27/SES273/SA273S21	SES099	-0.0582314	-53.5636	-53.5054
BLOCK27/SES273/SA273S21	SES148	-2.13952	-55.6449	-53.5054
BLOCK27/SES273/SA273S21	SES149	-0.751934	-54.2573	-53.5054
BLOCK27/SES273/SA273S21	SES177	-1.70412	-55.2095	-53.5054
BLOCK27/SES273/SA273S25	SES104	-0.537434	-54.4445	-53.9071
BLOCK27/SES273/SA273S25	SES125	-0.622456	-54.5295	-53.9071
BLOCK27/SES273/SA273S25	SES158	-0.361729	-54.2688	-53.9071
BLOCK27/SES273/SA273S25	SES206	0.0922318	-53.8148	-53.9071
BLOCK27/SES273/SA273S27	SES099	-0.345047	-54.4593	-54.1143
BLOCK27/SES273/SA273S27	SES104	-0.469654	-54.5839	-54.1143
BLOCK27/SES273/SA273S27	SES149	-0.599144	-54.7134	-54.1143
BLOCK27/SES273/SA273S27	SES275	-1.16124	-55.2755	-54.1143
BLOCK27/SES274/SA274S10	SES105	-1.75455	-55.9002	-54.1457
BLOCK27/SES274/SA274S10	SES125	-1.45253	-55.5982	-54.1457
BLOCK27/SES274/SA274S10	SES129	-0.932865	-55.0785	-54.1457
BLOCK27/SES274/SA274S10	SES158	-1.59296	-55.7386	-54.1457
BLOCK27/SES274/SA274S11	SES105	-1.81774	-56.1159	-54.2981
BLOCK27/SES274/SA274S11	SES149	-1.06243	-55.3605	-54.2981
BLOCK27/SES274/SA274S11	SES158	-1.00684	-55.305	-54.2981
BLOCK27/SES274/SA274S11	SES275	-1.02193	-55.3201	-54.2981
BLOCK27/SES274/SA274S21	SES105	-1.58541	-56.2995	-54.7141
BLOCK27/SES274/SA274S21	SES129	-1.13303	-55.8471	-54.7141
BLOCK27/SES274/SA274S21	SES149	-1.38563	-56.0997	-54.7141
BLOCK27/SES274/SA274S21	SES158	-1.92657	-56.6407	-54.7141
BLOCK27/SES274/SA274S24	SES105	-1.18985	-55.4531	-54.2632
BLOCK27/SES274/SA274S24	SES129	-1.1896	-55.4528	-54.2632
BLOCK27/SES274/SA274S24	SES149	-1.39077	-55.654	-54.2632
BLOCK27/SES274/SA274S24	SES158	-1.73584	-55.9991	-54.2632
BLOCK27/SES274/SA274S29	SES105	-1.54522	-56.0211	-54.4759
BLOCK27/SES274/SA274S29	SES106	-1.34913	-55.825	-54.4759
BLOCK27/SES274/SA274S29	SES120	-1.13271	-55.6086	-54.4759
BLOCK27/SES274/SA274S29	SES275	-1.10079	-55.5767	-54.4759
BLOCK27/SES276/SA276S16	SES148	-1.31357	-57.1283	-55.8148
BLOCK27/SES276/SA276S16	SES172	-1.14826	-56.963	-55.8148
BLOCK27/SES276/SA276S16	SES180	-2.10396	-57.9187	-55.8148
BLOCK27/SES276/SA276S16	SES292	-0.853298	-56.6681	-55.8148
BLOCK27/SES276/SA276S17	SES101	-0.903522	-56.6917	-55.7882
BLOCK27/SES276/SA276S17	SES177	-0.984638	-56.7728	-55.7882
BLOCK27/SES276/SA276S17	SES180	-1.39309	-57.1812	-55.7882
BLOCK27/SES276/SA276S17	SES292	-1.45247	-57.2406	-55.7882
BLOCK27/SES276/SA276S24	SES101	-0.218987	-55.0023	-54.7833
BLOCK27/SES276/SA276S24	SES177	-0.984787	-55.7681	-54.7833
BLOCK27/SES276/SA276S24	SES180	-1.16467	-55.948	-54.7833
BLOCK27/SES276/SA276S24	SES292	-1.53802	-56.3214	-54.7833
BLOCK27/SES276/SA276S26	SES101	-1.29267	-56.5224	-55.2297
BLOCK27/SES276/SA276S26	SES177	-0.594765	-55.8245	-55.2297
BLOCK27/SES276/SA276S26	SES180	-0.468517	-55.6983	-55.2297
BLOCK27/SES276/SA276S26	SES292	-0.942043	-56.1718	-55.2297
BLOCK27/SES276/SA276S28	SES101	-0.912395	-56.2321	-55.3197
BLOCK27/SES276/SA276S28	SES177	-1.04786	-56.3676	-55.3197
BLOCK27/SES276/SA276S28	SES180	-0.866802	-56.1866	-55.3197
BLOCK27/SES276/SA276S28	SES292	-1.26317	-56.5829	-55.3197
BLOCK27/SES277/SA277S12	SES101	-0.983936	-57.54	-56.556
BLOCK27/SES277/SA277S12	SES177	-0.937725	-57.4938	-56.556
BLOCK27/SES277/SA277S12	SES180	-1.50842	-58.0645	-56.556
BLOCK27/SES277/SA277S12	SES292	-2.11873	-58.6748	-56.556
BLOCK27/SES277/SA277S14	SES177	-0.508263	-57.6994	-57.1912
BLOCK27/SES277/SA277S14	SES180	-1.15554	-58.3467	-57.1912
BLOCK27/SES277/SA277S14	SES189	-0.20636	-57.3975	-57.1912
BLOCK27/SES277/SA277S14	SES292	-2.39015	-59.5813	-57.1912
BLOCK27/SES277/SA277S21	SES177	-0.561386	-56.4209	-55.8595
BLOCK27/SES277/SA277S21	SES180	-1.51065	-57.3702	-55.8595
BLOCK27/SES277/SA277S21	SES189	-0.503902	-56.3634	-55.8595
BLOCK27/SES277/SA277S21	SES292	-2.18179	-58.0413	-55.8595
BLOCK27/SES277/SA277S24	SES144	-0.583813	-57.928	-57.3442
BLOCK27/SES277/SA277S24	SES177	-0.878025	-58.2223	-57.3442
BLOCK27/SES277/SA277S24	SES180	-1.50975	-58.854	-57.3442
BLOCK27/SES277/SA277S24	SES189	-0.535618	-57.8798	-57.3442
BLOCK27/SES277/SA277S29	SES177	-0.478531	-55.7148	-55.2363
BLOCK27/SES277/SA277S29	SES180	-0.670849	-55.9072	-55.2363
BLOCK27/SES277/SA277S29	SES202	-0.851948	-56.0883	-55.2363
BLOCK27/SES277/SA277S29	SES292	-1.80521	-57.0415	-55.2363
BLOCK27/SES279/SA279S09	SES120	-0.843815	-55.728	-54.8842
BLOCK27/SES279/SA279S09	SES146	-1.08084	-55.9651	-54.8842
BLOCK27/SES279/SA279S09	SES206	-0.816433	-55.7007	-54.8842
BLOCK27/SES279/SA279S09	SES226	-1.11759	-56.0018	-54.8842
BLOCK27/SES279/SA279S10	SES099	-0.339897	-54.8666	-54.5267
BLOCK27/SES279/SA279S10	SES206	-0.514614	-55.0414	-54.5267
BLOCK27/SES279/SA279S10	SES226	-1.26116	-55.7879	-54.5267
BLOCK27/SES279/SA279S10	SES292	-0.533047	-55.0598	-54.5267
BLOCK27/SES279/SA279S20	SES099	-1.2642	-56.1491	-54.8849
BLOCK27/SES279/SA279S20	SES206	-0.429501	-55.3144	-54.8849
BLOCK27/SES279/SA279S20	SES226	-1.35971	-56.2446	-54.8849
BLOCK27/SES279/SA279S20	SES292	-0.308353	-55.1932	-54.8849
BLOCK27/SES279/SA279S26	SES099	-0.893299	-55.5766	-54.6833
BLOCK27/SES279/SA279S26	SES206	-0.330959	-55.0143	-54.6833
BLOCK27/SES279/SA279S26	SES226	-1.19078	-55.8741	-54.6833
BLOCK27/SES279/SA279S26	SES292	-0.758404	-55.4417	-54.6833
BLOCK27/SES279/SA279S28	SES099	-0.86615	-54.5069	-53.6407
BLOCK27/SES279/SA279S28	SES120	-1.21467	-54.8554	-53.6407
BLOCK27/SES279/SA279S28	SES177	-1.71083	-55.3516	-53.6407
BLOCK27/SES279/SA279S28	SES206	-0.800262	-54.441	-53.6407
BLOCK29/SES290/SA290S12	SES162	-1.26753	-57.5894	-56.3219
BLOCK29/SES290/SA290S12	SES177	-0.716576	-57.0385	-56.3219
BLOCK29/SES290/SA290S12	SES180	-1.77079	-58.0927	-56.3219
BLOCK29/SES290/SA290S12	SES292	-3.4906	-59.8125	-56.3219
BLOCK29/SES290/SA290S13	SES007	-2.29392	-58.5214	-56.2275
BLOCK29/SES290/SA290S13	SES162	-1.83907	-58.0666	-56.2275
BLOCK29/SES290/SA290S13	SES177	-0.522881	-56.7504	-56.2275
BLOCK29/SES290/SA290S13	SES180	-1.16866	-57.3961	-56.2275
BLOCK29/SES290/SA290S22	SES177	-0.193062	-56.4812	-56.2882
BLOCK29/SES290/SA290S22	SES180	-0.250698	-56.5389	-56.2882
BLOCK29/SES290/SA290S22	SES202	-0.43726	-56.7254	-56.2882
BLOCK29/SES290/SA290S22	SES292	-1.96416	-58.2523	-56.2882
BLOCK29/SES290/SA290S25	SES162	-0.911861	-56.7229	-55.811
BLOCK29/SES290/SA290S25	SES177	-0.488331	-56.2994	-55.811
BLOCK29/SES290/SA290S25	SES180	-0.851357	-56.6624	-55.811
BLOCK29/SES290/SA290S25	SES292	-1.86041	-57.6714	-55.811
BLOCK29/SES290/SA290S29	SES177	0.126511	-55.6827	-55.8092
BLOCK29/SES290/SA290S29	SES180	-0.185268	-55.9944	-55.8092
BLOCK29/SES290/SA290S29	SES275	-1.60732	-57.4165	-55.8092
BLOCK29/SES290/SA290S29	SES292	-1.48676	-57.2959	-55.8092
BLOCK29/SES291/SA291S11	SES105	-2.64204	-58.02	-55.3779
BLOCK29/SES291/SA291S11	SES125	-0.866241	-56.2442	-55.3779
BLOCK29/SES291/SA291S11	SES158	-0.690792	-56.0687	-55.3779
BLOCK29/SES291/SA291S11	SES275	-2.54694	-57.9249	-55.3779
BLOCK29/SES291/SA291S12	SES158	0.40427	-54.468	-54.8722
BLOCK29/SES291/SA291S12	SES226	-1.21589	-56.0881	-54.8722
BLOCK29/SES291/SA291S12	SES270	0.224167	-54.6481	-54.8722
BLOCK29/SES291/SA291S12	SES275	-3.19983	-58.072	-54.8722
BLOCK29/SES291/SA291S22	SES082	-0.588612	-55.2994	-54.7107
BLOCK29/SES291/SA291S22	SES158	-0.479931	-55.1907	-54.7107
BLOCK29/SES291/SA291S22	SES259	-0.728333	-55.4391	-54.7107
BLOCK29/SES291/SA291S22	SES275	-2.40022	-57.111	-54.7107
BLOCK29/SES291/SA291S24	SES104	-0.013485	-53.9831	-53.9696
BLOCK29/SES291/SA291S24	SES125	-0.0727119	-54.0424	-53.9696
BLOCK29/SES291/SA291S24	SES158	-0.0736046	-54.0433	-53.9696
BLOCK29/SES291/SA291S24	SES275	-2.51234	-56.482	-53.9696
BLOCK29/SES291/SA291S27	SES158	0.241577	-54.3256	-54.5672
BLOCK29/SES291/SA291S27	SES172	-3.1114	-57.6786	-54.5672
BLOCK29/SES291/SA291S27	SES275	-2.7222	-57.2894	-54.5672
BLOCK29/SES291/SA291S27	SES292	-1.80306	-56.3702	-54.5672
Threshold search:
THR	-5.05552861321	9	0(0)	1(1000)
THR	-4.9693964270779	8.991	0(0)	0.999(999)
THR	-4.8832642409458	8.991	0(0)	0.999(999)
THR	-4.7971320548137	8.991	0(0)	0.999(999)
THR	-4.7109998686816	8.991	0(0)	0.999(999)
THR	-4.6248676825495	8.991	0(0)	0.999(999)
THR	-4.5387354964174	8.991	0(0)	0.999(999)
THR	-4.4526033102853	8.991	0(0)	0.999(999)
THR	-4.3664711241532	8.991	0(0)	0.999(999)
THR	-4.2803389380211	8.991	0(0)	0.999(999)
THR	-4.194206751889	8.991	0(0)	0.999(999)
THR	-4.1080745657569	8.991	0(0)	0.999(999)
THR	-4.0219423796248	8.991	0(0)	0.999(999)
THR	-3.9358101934927	8.991	0(0)	0.999(999)
THR	-3.8496780073606	8.991	0(0)	0.999(999)
THR	-3.7635458212285	8.991	0(0)	0.999(999)
THR	-3.6774136350964	8.991	0(0)	0.999(999)
THR	-3.5912814489643	8.982	0(0)	0.998(998)
THR	-3.5051492628322	8.982	0(0)	0.998(998)
THR	-3.4190170767001	8.964	0(0)	0.996(996)
THR	-3.332884890568	8.955	0(0)	0.995(995)
THR	-3.2467527044359	8.937	0(0)	0.993(993)
THR	-3.1606205183038	8.928	0(0)	0.992(992)
THR	-3.0744883321717	8.919	0(0)	0.991(991)
THR	-2.9883561460396	8.91	0(0)	0.99(990)
THR	-2.9022239599075	8.892	0(0)	0.988(988)
THR	-2.8160917737754	8.856	0(0)	0.984(984)
THR	-2.7299595876433	8.811	0(0)	0.979(979)
THR	-2.6438274015112	8.775	0(0)	0.975(975)
THR	-2.5576952153791	8.721	0(0)	0.969(969)
THR	-2.471563029247	8.676	0(0)	0.964(964)
THR	-2.3854308431149	8.595	0(0)	0.955(955)
THR	-2.2992986569828	8.568	0(0)	0.952(952)
THR	-2.2131664708507	8.46	0(0)	0.94(940)
THR	-2.1270342847186	8.352	0(0)	0.928(928)
THR	-2.0409020985865	8.217	0(0)	0.913(913)
THR	-1.9547699124544	8.154	0(0)	0.906(906)
THR	-1.8686377263223	7.947	0(0)	0.883(883)
THR	-1.7825055401902	7.713	0(0)	0.857(857)
THR	-1.6963733540581	7.479	0(0)	0.831(831)
THR	-1.610241167926	7.281	0(0)	0.809(809)
THR	-1.5241089817939	7.002	0(0)	0.778(778)
THR	-1.4379767956618	6.669	0(0)	0.741(741)
THR	-1.3518446095297	6.345	0(0)	0.705(705)
THR	-1.2657124233976	6.021	0(0)	0.669(669)
THR	-1.1795802372655	5.598	0(0)	0.622(622)
THR	-1.0934480511334	5.247	0(0)	0.583(583)
THR	-1.0073158650013	4.887	0(0)	0.543(543)
THR	-0.921183678869197	4.284	0(0)	0.476(476)
THR	-0.835051492737097	3.744	0(0)	0.416(416)
THR	-0.748919306604997	3.379	0.004(1)	0.375(375)
THR	-0.662787120472897	2.938	0.004(1)	0.326(326)
THR	-0.576654934340797	2.47	0.004(1)	0.274(274)
THR	-0.490522748208697	2.056	0.004(1)	0.228(228)
THR	-0.404390562076597	1.678	0.004(1)	0.186(186)
THR	-0.318258375944497	1.363	0.004(1)	0.151(151)
THR	-0.232126189812397	1.075	0.004(1)	0.119(119)
THR	-0.145994003680297	0.796	0.004(1)	0.088(88)
THR	-0.0598618175481972	0.611	0.008(2)	0.067(67)
THR	0.0262703685839028	0.431	0.008(2)	0.047(47)
THR	0.112402554716003	0.343	0.028(7)	0.035(35)
THR	0.198534740848103	0.257	0.032(8)	0.025(25)
THR	0.284666926980203	0.197	0.044(11)	0.017(17)
THR	0.370799113112303	0.168	0.06(15)	0.012(12)
THR	0.456931299244403	0.147	0.084(21)	0.007(7)
THR	0.543063485376503	0.131	0.104(26)	0.003(3)
THR	0.629195671508603	0.15	0.132(33)	0.002(2)
THR	0.715327857640703	0.165	0.156(39)	0.001(1)
THR	0.801460043772803	0.221	0.212(53)	0.001(1)
THR	0.887592229904903	0.281	0.272(68)	0.001(1)
THR	0.973724416037003	0.329	0.32(80)	0.001(1)
THR	1.0598566021691	0.364	0.364(91)	0(0)
THR	1.1459887883012	0.424	0.424(106)	0(0)
THR	1.2321209744333	0.508	0.508(127)	0(0)
THR	1.3182531605654	0.576	0.576(144)	0(0)
THR	1.4043853466975	0.624	0.624(156)	0(0)
THR	1.4905175328296	0.708	0.708(177)	0(0)
THR	1.5766497189617	0.76	0.76(190)	0(0)
THR	1.6627819050938	0.792	0.792(198)	0(0)
THR	1.7489140912259	0.824	0.824(206)	0(0)
THR	1.835046277358	0.844	0.844(211)	0(0)
THR	1.9211784634901	0.856	0.856(214)	0(0)
THR	2.0073106496222	0.872	0.872(218)	0(0)
THR	2.0934428357543	0.888	0.888(222)	0(0)
THR	2.1795750218864	0.896	0.896(224)	0(0)
THR	2.2657072080185	0.92	0.92(230)	0(0)
THR	2.3518393941506	0.932	0.932(233)	0(0)
THR	2.4379715802827	0.94	0.94(235)	0(0)
THR	2.5241037664148	0.948	0.948(237)	0(0)
THR	2.6102359525469	0.952	0.952(238)	0(0)
THR	2.696368138679	0.952	0.952(238)	0(0)
THR	2.7825003248111	0.964	0.964(241)	0(0)
THR	2.8686325109432	0.968	0.968(242)	0(0)
THR	2.9547646970753	0.98	0.98(245)	0(0)
THR	3.0408968832074	0.992	0.992(248)	0(0)
THR	3.1270290693395	0.992	0.992(248)	0(0)
THR	3.2131612554716	0.996	0.996(249)	0(0)
THR	3.2992934416037	0.996	0.996(249)	0(0)
THR	3.3854256277358	0.996	0.996(249)	0(0)
THR	3.4715578138679	0.996	0.996(249)	0(0)
THR	3.55769	1	1(250)	0(0)


==============================================
THR: 0.543063485376503
Missed:     26/250=0.1040
FalseAlarm: 3/1000=0.0030
----------------------------------------------
==> CostDetection: 13.1
==============================================
